ARM GAS  C:\Users\ajink\AppData\Local\Temp\ccMZiH07.s 			page 1


   1              		.syntax unified
   2              		.cpu cortex-m3
   3              		.fpu softvfp
   4              		.eabi_attribute 20, 1
   5              		.eabi_attribute 21, 1
   6              		.eabi_attribute 23, 3
   7              		.eabi_attribute 24, 1
   8              		.eabi_attribute 25, 1
   9              		.eabi_attribute 26, 1
  10              		.eabi_attribute 30, 2
  11              		.eabi_attribute 34, 1
  12              		.eabi_attribute 18, 4
  13              		.thumb
  14              		.file	"adcif.c"
  15              		.text
  16              	.Ltext0:
  17              		.section	.gnu.lto_.profile.ac90520d,"",%progbits
  18 0000 789C6366 		.ascii	"x\234cf```a\200\000F\006Sq\000\000\365\000U"
  18      60606061 
  18      80004606 
  18      53710000 
  18      F50055
  19              		.text
  20              		.section	.gnu.lto_.jmpfuncs.ac90520d,"",%progbits
  21 0000 789C758D 		.ascii	"x\234u\215\275\012\302@\020\006\367\333\273\213\261"
  21      BD0AC240 
  21      1006F7DB 
  21      BB8BB1
  22 000f D2DA770D 		.ascii	"\322\332w\015^\021A-\222N\004AR\210\377\306N|\013\021"
  22      5E11412D 
  22      924E0441 
  22      5288FFC6 
  22      4E7C0B11 
  23 0023 6DD5C6C2 		.ascii	"m\325\306\302V\304\"J\300=\270F\320m\026f\230]E\277"
  23      56C4224A 
  23      C03DB846 
  23      D06D1666 
  23      985D45BF 
  24 0037 E7E9B722 		.ascii	"\347\351\267\"\005 \240fS3 \300\020i\2763\206\207$\347"
  24      0520A066 
  24      533320C0 
  24      1069BE33 
  24      868724E7 
  25 004b E86DDB36 		.ascii	"\350m\3336,\230J\026\205\011\"r\256\227\036\267J\\\337"
  25      2C984A16 
  25      85092272 
  25      AE971EB7 
  25      4A5CDF
  26 005e 39942C1D 		.ascii	"9\224,\035\246\336}u\\\262\204\230y7>\265^\325\033\027"
  26      A6DE7D75 
  26      5CB28498 
  26      79373EB5 
  26      5ED51B17 
  27 0072 ACEA8439 		.ascii	"\254\352\2049\032\304\377>-|q\271\356\366\241+\264\300"
  27      1AC4FF3E 
  27      2D7C71B9 
  27      EEF6A12B 
ARM GAS  C:\Users\ajink\AppData\Local\Temp\ccMZiH07.s 			page 2


  27      B4C0
  28 0084 A514CAD1 		.ascii	"\245\024\312\321ng\220\031G\215\315b\253\011+wKD\222"
  28      6E679019 
  28      478DCD62 
  28      AB092B77 
  28      4B4492
  29 0097 8F1E3527 		.ascii	"\217\0365'\002E\310=L\343\3159p\260b\010k\201\364\001"
  29      0245C83D 
  29      4CE3CD39 
  29      70B06208 
  29      6B81F401 
  30 00ab 45044C56 		.ascii	"E\004LV"
  31              		.text
  32              		.section	.gnu.lto_.inline.ac90520d,"",%progbits
  33 0000 789C6366 		.ascii	"x\234cf\300\016\272\200\230\023\210\231\031\030\270"
  33      C00EBA80 
  33      98138899 
  33      1918B8
  34 000f D9199919 		.ascii	"\331\031\231\0313>21\316\273\334\267\216\251\366wCG"
  34      333E3231 
  34      CEBBDCB7 
  34      8EA9F677 
  34      4347
  35 0021 C387C6A7 		.ascii	"\303\207\306\247\214?\231\230\37621100.g\254e`\314\204"
  35      8C3F9998 
  35      FE323131 
  35      30302E67 
  35      AC6560CC 
  36 0036 508C0C0C 		.ascii	"P\214\014\014\254@]l\013\344\231\030X\026\310\0130\260"
  36      AC405D6C 
  36      0BE49918 
  36      5816C80B 
  36      30B0
  37 0048 F5687130 		.ascii	"\365hq0\260\335ca\001\031\312\302\300\314\304\310\300"
  37      B0DD6361 
  37      0119CAC2 
  37      C0CCC4C8 
  37      C0
  38 0059 0453C000 		.ascii	"\004S\300\000R\314\257\211&\302\007R\007\262\231\207"
  38      52CCAF89 
  38      26C20752 
  38      07B29987 
  39 0069 0124C1C2 		.ascii	"\001$\301\302\013v\004\003\003GbJrf\232^2\003\000\310"
  39      0B760403 
  39      0347624A 
  39      72669A5E 
  39      320300C8 
  40 007d 6716BE   		.ascii	"g\026\276"
  41              		.text
  42              		.section	.gnu.lto_.pureconst.ac90520d,"",%progbits
  43 0000 789C6366 		.ascii	"x\234cf```g\200\000f\006\011\026\006V\011\000\001t\000"
  43      60606067 
  43      80006606 
  43      09160656 
  43      09000174 
  44 0015 47       		.ascii	"G"
  45              		.text
ARM GAS  C:\Users\ajink\AppData\Local\Temp\ccMZiH07.s 			page 3


  46              		.section	.gnu.lto_adccallback.ac90520d,"",%progbits
  47 0000 789C8552 		.ascii	"x\234\205RMk\023Q\024\275\347\2757\037q\004\213\013"
  47      4D6B1351 
  47      14BDE7BD 
  47      371F7104 
  47      8B0B
  48 0012 0D5DB909 		.ascii	"\015]\271\011\335\011\202kq\351?p\255\325\200 \"\202"
  48      DD09826B 
  48      71E93F70 
  48      ADD58020 
  48      2282
  49 0024 CBD09736 		.ascii	"\313\320\2276\212\212\224\032\\\024\2776Ci\265\232\326"
  49      8A8A941A 
  49      5C14BF36 
  49      4369B59A 
  49      D6
  50 0035 6AD5568B 		.ascii	"j\325V\213\021\244\270\250\212_\264\026\242\213\244"
  50      11A4B8A8 
  50      8A5FB416 
  50      A28BA4
  51 0044 5041D0A0 		.ascii	"PA\320\2404\244\022\352\2753\030\350\030q`\336\273\367"
  51      34A412EA 
  51      BD3318E8 
  51      187160DE 
  51      BBF7
  52 0056 CE3DE7DC 		.ascii	"\316=\347\334w\336h\372\373\331\307\357^M\224\346\035"
  52      77DE68FA 
  52      FBD9C7EF 
  52      5E4D94E6 
  52      1D
  53 0067 2E410DBD 		.ascii	".A\015\275\"\312\373J\3515\217\354\026se\236\310n\325"
  53      22CAFB4A 
  53      E9358FEC 
  53      1673659E 
  53      C86ED5
  54 007a 70E2BAF9 		.ascii	"p\342\272\371\0238\200\004\004\352S\3328\350\303\027"
  54      13388004 
  54      04EA53DA 
  54      38E8C317 
  55 008a 5557182A 		.ascii	"UW\030*\217\017\007=#\326\332\357oC\357L\272\251\210"
  55      8F0F073D 
  55      23D6DAEF 
  55      6F43EF4C 
  55      BAA988
  56 009d 7EA8580A 		.ascii	"~\250X\012\243\350\341\226\217\341\327\013\256\016@"
  56      A3E8E196 
  56      8FE1D70B 
  56      AE0E40
  57 00ac 1CCF947E 		.ascii	"\034\317\224~\276\014VUSa\227\244\263\305\027\303\256"
  57      BE0C5655 
  57      536197A4 
  57      B3C517C3 
  57      AE
  58 00bd A4CA481A 		.ascii	"\244\312H\032\216>?\236\011\255\355//L\331\375\246\251"
  58      8E3E3F9E 
  58      09ADED2F 
  58      2F4CD9FD 
ARM GAS  C:\Users\ajink\AppData\Local\Temp\ccMZiH07.s 			page 4


  58      A6A9
  59 00cf 34C6A099 		.ascii	"4\306\240\231\0167\321\215[\350&.\021\306\221\341\346"
  59      0E37D18D 
  59      5BE8262E 
  59      11C691E1 
  59      E6
  60 00e0 EAD3C9F5 		.ascii	"\352\323\311\365@wE\264\213\347/\256z1\362[\2144\270"
  60      407745B4 
  60      8BE72FAE 
  60      7A31F25B 
  60      8C34B8
  61 00f3 9D441AC2 		.ascii	"\235D\032\302\235\010\371~\251z\326\350\235\021rz\256"
  61      9D08F97E 
  61      A97AD6E8 
  61      9D11727A 
  61      AE
  62 0104 34BF2D46 		.ascii	"4\277-F\016\206\356\201\246rPJ\002\035\302\0042\322"
  62      0E86EE81 
  62      A672504A 
  62      021DC204 
  62      32D2
  63 0116 5D2FB416 		.ascii	"]/\264\026\003\267\300\247\355\212O\211I\270\340}b{"
  63      03B7C0A7 
  63      ED8A4F89 
  63      49B8E07D 
  63      627B
  64 0128 D96E6C54 		.ascii	"\331nlT\027\236UL\240 :\206\201.\233\306HWB_\226\224"
  64      179E554C 
  64      A0203A86 
  64      812E9BC6 
  64      4857425F 
  65 013e 2C443586 		.ascii	",D5\206\212\231+J\311\256?\240\2604\020\356\021\262"
  65      8A992B4A 
  65      C9AE3FA0 
  65      B03410EE 
  65      11B2
  66 0150 8612576F 		.ascii	"\206\022Wo\274\033,\251\334/{\316\372M\345\265D\211"
  66      BC1B2CA9 
  66      DC2F7BCE 
  66      FA4DE5B5 
  66      4489
  67 0162 AB9F6BAF 		.ascii	"\253\237k\257\337\370\342\226\027\245c\371\3025\\\307"
  67      DFF8E296 
  67      17A563F9 
  67      C2355CC7 
  68 0172 D5BC952E 		.ascii	"\325\274\225.\037w\221\303\024\017,\337*\265\365\203"
  68      1F7791C3 
  68      140F2CDF 
  68      2AB5F583 
  69 0182 11BEEC71 		.ascii	"\021\276\354q;\356q\037\017{\037\271\350bV\330\3055"
  69      3BEE711F 
  69      0F7B1FB9 
  69      E86256D8 
  69      C535
  70 0194 4F2FA3BF 		.ascii	"O/\243\277X\277\234\216eMR6\325R\330,\233\352 \353`"
  70      58BF9C8E 
  70      654D5236 
ARM GAS  C:\Users\ajink\AppData\Local\Temp\ccMZiH07.s 			page 5


  70      D552D82C 
  70      9BEA20EB 
  71 01a9 9A651F88 		.ascii	"\232e\037\210,\036\212\3122\006\212nL)\254\015vOt \245"
  71      2C1E8ACA 
  71      32068A6E 
  71      4C29AC0D 
  71      764F7420 
  72 01be 7F4A2439 		.ascii	"\177J$9\037\2659g\270\334\020\317xhC\374sFS_\332\021"
  72      1FB53967 
  72      B8DC10CF 
  72      786843FC 
  72      7346535F 
  73 01d4 2BF81D18 		.ascii	"+\370\035\030UG\306\3316\343\343\304\224)\246\371\337"
  73      5547C6D9 
  73      36E3E3C4 
  73      9429A6F9 
  73      DF
  74 01e5 949D399F 		.ascii	"\224\2359\237\2649\347\242)S\321\224Nt\245\237\220/"
  74      B439E7A2 
  74      2953D194 
  74      4E74A59F 
  74      902F
  75 01f7 578CD089 		.ascii	"W\214\320\211\3415>'W\231\306?t\244\367Xvw/\031\016"
  75      E1353E27 
  75      5799C63F 
  75      74A4F758 
  75      76772F19 
  76 020c 4EBA874F 		.ascii	"N\272\207Og\263GO\341\304o#\266\"m"
  76      67B3474F 
  76      E1C46F23 
  76      B6226D
  77              		.text
  78              		.section	.gnu.lto_adcerrorcallback.ac90520d,"",%progbits
  79 0000 789C6550 		.ascii	"x\234eP\261J\003Q\020\334\331\3678\003'\030\264\221"
  79      B14A0351 
  79      10DCD9F7 
  79      38032718 
  79      B491
  80 0012 AB6C8E43 		.ascii	"\253l\216C\020\277!\277\"QA\260\220\374@\236!6V\301"
  80      10BF21BF 
  80      225141B0 
  80      90FC409E 
  80      213656C1 
  81 0026 2A8DD529 		.ascii	"*\215\325)\247FOL\247\215WXXDK%\215\215\021\024D<\024"
  81      A7464F4C 
  81      A78D5758 
  81      58444B25 
  81      8D8D1114 
  82 003d E10489BB 		.ascii	"\341\004\211\273^\351\203ew\207\231a\347\031\372\377"
  82      5EE98365 
  82      77879961 
  82      E719FAFF 
  83 004d 022906D1 		.ascii	"\002)\006\321\214t\030\002wn\2116+\014\350@\240&\243"
  83      8C741802 
  83      776E8936 
  83      2B0CE840 
  83      A026A3
ARM GAS  C:\Users\ajink\AppData\Local\Temp\ccMZiH07.s 			page 6


  84 0060 8917CE19 		.ascii	"\211\027\316\031\235\254\327\365\243}\347\334{+\231"
  84      9DACD7F5 
  84      A37DE7DC 
  84      7B2B99
  85 006f D89A2D98 		.ascii	"\330\232-\230\350\203K\033$\210\2042\214_\267=\343\203"
  85      E8834B1B 
  85      24888432 
  85      8C5FB73D 
  85      E383
  86 0081 643E4F3F 		.ascii	"d>O?o\374g.\030s\272^\354\\w=]\331\352\032'W\353a\354"
  86      6FFC672E 
  86      1873BA5E 
  86      EC5C773D 
  86      5DD9EA1A 
  87 009a 5C2B1BF6 		.ascii	"\\+\033\366]\315\026lp\000#v8D\200#\004$\020\241\207"
  87      5DCD166C 
  87      70002376 
  87      38448023 
  87      042410A1 
  88 00af 50C86FF9 		.ascii	"P\310o\371\331\335\244\251\376\331~\355\356\365\247"
  88      D9DDA4A9 
  88      FED97EED 
  88      EEF5A7
  89 00be 4AE577EA 		.ascii	"J\345w\352j(\330\342\270T.\004\230W\235%\234 Tr\336"
  89      6A28D8E2 
  89      B8542E04 
  89      98579D25 
  89      9C205472 
  90 00d3 FEB9F7BD 		.ascii	"\376\271\367\275\266\234\\-OE\012O\322\322\351t\346"
  90      B69C5C2D 
  90      4F450A4F 
  90      D2D2E974 
  90      E6
  91 00e4 C6E3C7CB 		.ascii	"\306\343\307\313A$\350HJ\323>1k7\017\200\3624\327H\376"
  91      4124E848 
  91      4AD33E31 
  91      6B370F80 
  91      F234D748 
  92 00f9 46202154 		.ascii	"F !T\226\226\353k\253\213u\2622l\230\225F\343\027T\364"
  92      9696EB6B 
  92      AB8B75B2 
  92      326C9895 
  92      46E31754 
  93 010e 5EAB     		.ascii	"^\253"
  94              		.text
  95              		.section	.gnu.lto_InitAdc.ac90520d,"",%progbits
  96 0000 789C7D92 		.ascii	"x\234}\222\313K\033Q\024\306\317w\306\304\321\370\210"
  96      CB4B1B51 
  96      14C6CF77 
  96      C6C4D1F8 
  96      88
  97 0011 AE4AFE01 		.ascii	"\256J\376\001w\3753\\w\347\242+Q\004\377\210\340\035"
  97      77FD335C 
  97      77E7A22B 
  97      5104FF88 
  97      E01D
  98 0023 181F2DC5 		.ascii	"\030\037-\305\244 \022\320V\301W\3246\326\372\212\366"
ARM GAS  C:\Users\ajink\AppData\Local\Temp\ccMZiH07.s 			page 7


  98      A42012D0 
  98      56C157D4 
  98      36D6FA8A 
  98      F6
  99 0034 3574DF96 		.ascii	"5t\337\226\322B7j7)\264;\343\254\222\022\365\234\033"
  99      D242376A 
  99      3729B43B 
  99      E3AC9212 
  99      F59C1B
 100 0047 09894607 		.ascii	"\011\211F\007\206;\367|\337\371\235\357^\306\241\333"
 100      863BF77C 
 100      DFF99DEF 
 100      5EC6A1DB 
 101 0057 4F42DECF 		.ascii	"OB\336\317L\324.+\034\002\247\277\022y.\003\372A\240"
 101      4CD42E2B 
 101      1C02A7BF 
 101      12792E03 
 101      FA41A0
 102 006a 31C618FE 		.ascii	"1\306\030\376q\221\221\01663\261\276\025c\314\331\371"
 102      7191910E 
 102      3633B1BE 
 102      1563CCD9 
 102      F9
 103 007b 17EF5180 		.ascii	"\027\357Q\200\222\364\205\\\345`\015}$\246\242_\371"
 103      92F4855C 
 103      E5600D7D 
 103      24A6A25F 
 103      F9
 104 008c 158BFA62 		.ascii	"\025\213\372b\212W5d\021\205\254[\275\201\271\274\\"
 104      8A573564 
 104      1185AC5B 
 104      BD81B9BC 
 104      5C
 105 009d 9A7DB6DD 		.ascii	"\232}\266\335\022!*\210\244\003\3760\353\352\034c\""
 105      12212A88 
 105      A403FE30 
 105      EBEA1C63 
 105      22
 106 00ae 2876AA57 		.ascii	"(v\252W!/\177L\3478\371\337L\031\267\304\010Y\372\261"
 106      212F7F4C 
 106      E738F9DF 
 106      4C19B7C4 
 106      0859FAB1 
 107 00c2 8EA44A4F 		.ascii	"\216\244JO\237\314-F\376r\211\331,\372\246\205\260\201"
 107      9FCC2D46 
 107      FE7289D9 
 107      2CFAA685 
 107      B081
 108 00d4 8494A773 		.ascii	"\204\224\247s\313a\267\226\0359\303\246-\245\374\375"
 108      CB61B796 
 108      1D39C3A6 
 108      2DA5FCFD 
 109 00e4 D3A89664 		.ascii	"\323\250\226d\036^!Q\342\010\035c<(\243\351\230h(Q\010"
 109      1E5E2151 
 109      E2081D63 
 109      3C28A3E9 
 109      98682851 
ARM GAS  C:\Users\ajink\AppData\Local\Temp\ccMZiH07.s 			page 8


 110 00f9 AFAB631A 		.ascii	"\257\253c\032\244\326\212\036D\252\277\013\337\276\273"
 110      A4D68A1E 
 110      44AABF0B 
 110      DFBEBB
 111 0108 8A6CB5DB 		.ascii	"\212l\265\333\254\347\317\343\005\346<\243.\0279$\261"
 111      ACE7CFE3 
 111      05E63CA3 
 111      2E173924 
 111      B1
 112 0119 8584D54E 		.ascii	"\205\204\325N\012\345\001\351\327n\274\021\223\235\211"
 112      0AE501E9 
 112      D76EBC11 
 112      939D89
 113 0128 6D24EB31 		.ascii	"m$\3531m2\360\255&k\227d\223\301E\363d\261\220\0351"
 113      6D32F0AD 
 113      266B9764 
 113      93C145F3 
 113      64B1901D 
 114 013d EEDC97EC 		.ascii	"\356\334\227\354f\224\335;\242\354\325\242\354\333("
 114      6694DD3B 
 114      A2ECD5A2 
 114      ECDB28
 115 014c B3A99F79 		.ascii	"\263\251\237yG\304\214\312\035\025\275\351\372\200\035"
 115      47C48CCA 
 115      1D15BDE9 
 115      FA801D
 116 015b 76BB9E9A 		.ascii	"v\273\236\232\311[xZ]\2358\020x\376\032\276P\310fb\002"
 116      C95B785A 
 116      5D9D3810 
 116      78FE1ABE 
 116      50C86662 
 117 0170 7820661C 		.ascii	"x f\034\326\350G\226\336\220\265\253\242\027\\O\357"
 117      D6E84796 
 117      DE90B5AB 
 117      A2175C4F 
 117      EF
 118 0181 6A12BD1B 		.ascii	"j\022\275\033\357\204\376\2761\372\224\011\036\213\035"
 118      EF84FEBE 
 118      31FA9409 
 118      1E8B1D
 119 0190 1F6AFC8F 		.ascii	"\037j\374\217\226\277z2^nSR<N\370\244\027\331C\247\360"
 119      96BF7A32 
 119      5E6E5352 
 119      3C4EF8A4 
 119      17D943A7 
 120 01a5 82E7FDD6 		.ascii	"\202\347\375\326E\372\237A\377/\031\354\016\016\017"
 120      45FA9F41 
 120      FF2F19EC 
 120      0E0E0F
 121 01b4 8D8E3C1C 		.ascii	"\215\216<\034\242+[\032\002\317"
 121      A22B5B1A 
 121      02CF
 122              		.text
 123              		.section	.gnu.lto_.symbol_nodes.ac90520d,"",%progbits
 124 0000 789C558C 		.ascii	"x\234U\214;\012\302`\020\204gv\263\360'Xx\343Ii\351"
 124      3B0AC260 
 124      10846776 
ARM GAS  C:\Users\ajink\AppData\Local\Temp\ccMZiH07.s 			page 9


 124      B3F02758 
 124      78E34969 
 125 0015 01242410 		.ascii	"\001$$\020\202\007\261\324\370\266\266\360\034b\342"
 125      8207B1D4 
 125      F8B6B6F0 
 125      1C62E2
 126 0024 03E2361F 		.ascii	"\003\3426\037\337\314\356:\200\016\337\261=\005,{@\302"
 126      DFCCEE3A 
 126      800EDFB1 
 126      3D052C7B 
 126      40C2
 127 0036 6ABD9821 		.ascii	"j\275\230!\266\264\332\344\261\2437&D\317l\244\035("
 127      B6B4DAE4 
 127      B1A33726 
 127      44CF6CA4 
 127      1D28
 128 0048 FE6DDA89 		.ascii	"\376m\332\211\262_R\325\011q%\346\303\305\221\034?\360"
 128      B25F52D5 
 128      097125E6 
 128      C3C5911C 
 128      3FF0
 129 005a 46F9A747 		.ascii	"F\371\247GY&\360BeS?S1q\217\002\355\375I\217\034\233"
 129      5926F042 
 129      65533F53 
 129      31718F02 
 129      EDFD498F 
 130 0070 37131E03 		.ascii	"7\023\036\003\361\002A\323.\325"
 130      F10241D3 
 130      2ED5
 131              		.text
 132              		.section	.gnu.lto_.refs.ac90520d,"",%progbits
 133 0000 789C25C9 		.ascii	"x\234%\311\301\015\0000\010\303\300\304\201\262I\367"
 133      C10D0030 
 133      08C3C0C4 
 133      81B249F7 
 134 0010 1FB148F5 		.ascii	"\037\261H\365\343>\216\244\253_\013[`Jig\2529p\302\004"
 134      E33E8EA4 
 134      AB5F0B5B 
 134      604A6967 
 134      AA3970C2 
 135 0025 AF68CF03 		.ascii	"\257h\317\003\017\023\000\222"
 135      0F130092 
 136              		.text
 137              		.section	.gnu.lto_.decls.ac90520d,"",%progbits
 138 0000 789CB53B 		.ascii	"x\234\265;\013T\024W\226\375\352U\323MSBVf\2229\236"
 138      0B541457 
 138      96FDEA55 
 138      D34D5342 
 138      56669239 
 139 0015 EC8EE364 		.ascii	"\354\216\343d\330\314l\242Q\263\231\314\236=;\343h&"
 139      D8CC6CA2 
 139      51B399CC 
 139      9E3D3BE3 
 139      6826
 140 0027 26938C0E 		.ascii	"&\223\214\016:{\316\236\361l/B\253\314\362K\323F\263"
 140      3A7BCE9E 
 140      F16C2F42 
ARM GAS  C:\Users\ajink\AppData\Local\Temp\ccMZiH07.s 			page 10


 140      ABCCF24B 
 140      D346B3
 141 003a 7B66B704 		.ascii	"{f\267\004D~\002\"\"\240H\203 \342\027\374#\037\021"
 141      447E0222 
 141      22A04883 
 141      20E217FC 
 141      231F11
 142 004d 1441048D 		.ascii	"\024A\004\215\037T\020iD\344#**\012(\237\275\357\275"
 142      1F541069 
 142      44E4232A 
 142      2A0A289F 
 142      BDEFBD
 143 0060 EAAEEAA6 		.ascii	"\352\256\352\246\320\354\257\017\267\253\356\253\373"
 143      D0ECAF0F 
 143      B7ABEEAB 
 143      FB
 144 006d EEEFDD77 		.ascii	"\356\357\335w\337}\257\013\254\321h\242\220F3\016\037"
 144      DF7DAF0B 
 144      ACD168A2 
 144      9046330E 
 144      1F
 145 007e EF7FD068 		.ascii	"\357\177\320h\262\365\032\015\017m\213\001\340V\363"
 145      B2F51A0D 
 145      0F6D8B01 
 145      E056F3
 146 008d 0F9C4633 		.ascii	"\017\234F3\023\340\367\000=\200_\005X\011\367?\202\353"
 146      13E0F700 
 146      3D805F05 
 146      5809F73F 
 146      82EB
 147 009f 9FE04A3E 		.ascii	"\237\340J>n\000Ap\037\002\360\025\300Z\200?\003\304"
 147      6E004170 
 147      1F02F015 
 147      C05A803F 
 147      03C4
 148 00b1 0268E159 		.ascii	"\002h\341Y<\\\323\000\322\001\266\003\354\220\372\331"
 148      3C5CD300 
 148      D201B603 
 148      EC90FAD9 
 149 00c1 3FA4AF41 		.ascii	"?\244\257A\222\351\011 Hr;4L\346B\015\223\277\030 ["
 149      92E90920 
 149      48723B34 
 149      4CE6420D 
 149      93BF1820 
 150 00d6 EA8BA47E 		.ascii	"\352\213\244~X39\337\020I\276+_\016\311<B\\\372\220"
 150      583339DF 
 150      1049BE2B 
 150      5F0EC93C 
 150      425CFA90 
 151 00ea 0FB161AA 		.ascii	"\017\261a\252\324\317\3129\333\273\001 \207c|>\346\230"
 151      D4CFCA39 
 151      DBBB0120 
 151      87637C3E 
 151      E698
 152 00fc 3FFE1DAE 		.ascii	"?\376\035\256\271\222\237>\345d]\211\356_K\374y\211"
 152      B9929F3E 
 152      E5645D89 
ARM GAS  C:\Users\ajink\AppData\Local\Temp\ccMZiH07.s 			page 11


 152      EE5F4BFC 
 152      7989
 153 010e 6FACE49B 		.ascii	"o\254\344\233\265\222\356J\337(?\2179t!#/O\350\346\220"
 153      B592EE4A 
 153      DF283F8F 
 153      39742123 
 153      2F4FE8E6 
 154 0123 A7C18A09 		.ascii	"\247\301\212\011>~\354z;\002\\0|H\320\334\272\027\027"
 154      3E7EEC7A 
 154      3B025C30 
 154      7C48D0DC 
 154      BA1717
 155 0136 DD30D802 		.ascii	"\3350\330\002\367;\323\333\257\032\336\333#\212b\214"
 155      F73BD3DB 
 155      AF1ADEDB 
 155      238A628C 
 156 0146 58694332 		.ascii	"XiC2\217\376G\3676xboJ\264\256\376\376\250\200\377\212"
 156      8FFE47F7 
 156      3678626F 
 156      4AB4AEFE 
 156      FEA880FF 
 157 015b DEF7141F 		.ascii	"\336\367\024\037\333+\340\237\322\373sE\003cz<\207\336"
 157      DB2BE09F 
 157      D2FB7345 
 157      03637A3C 
 157      87DE
 158 016d 675EEF1C 		.ascii	"g^\357\034\300 \343s\003G\311\"n\035\025\360\337\263"
 158      C020E373 
 158      0347C922 
 158      6E1D15F0 
 158      DFB3
 159 017f 4789970A 		.ascii	"G\211\227\012\020\376\224\336\237L\251Mw\243d<A\257"
 159      10FE94DE 
 159      9F4CA94D 
 159      77A3643C 
 159      41AF
 160 0191 1DBC9DEB 		.ascii	"\035\274\235\353\211\227\322G}W\266\235\024\350#-Ao"
 160      8997D247 
 160      7D57B69D 
 160      14E8232D 
 160      416F
 161 01a3 5E886F75 		.ascii	"^\210ou\3439\015:\2140:\202\246Q\255\"\306\323\232\274"
 161      E3390D3A 
 161      8C303A82 
 161      A651AD22 
 161      C6D39ABC 
 162 01b7 48633134 		.ascii	"Hc14\036B\323\320QD\371l\251n\213B\244\275\010\332\177"
 162      1E42D3D0 
 162      5144F96C 
 162      A96E8B42 
 162      A4BD08DA 
 163 01cc 320D1D63 		.ascii	"2\015\035c\315G\363^\370\223\326\003\320z\020\250\217"
 163      CD47F35E 
 163      F893D603 
 163      D07A10A8 
 163      8F
 164 01dd B3E607A5 		.ascii	"\263\346\007\245\266gz\322\276\037\332\337\231\206N"
ARM GAS  C:\Users\ajink\AppData\Local\Temp\ccMZiH07.s 			page 12


 164      B6677AD2 
 164      BE1FDADF 
 164      99864E
 165 01ec B066EB91 		.ascii	"\260f\353\221\235Y\036\244y\0374\377x\032*a\315\353"
 165      9D591EA4 
 165      791F34FF 
 165      781A2A61 
 165      CDEB
 166 01fe 769526E8 		.ascii	"v\225&\350@\2577\015T\205\304\372\314\323\230\242\343"
 166      40AF370D 
 166      5485C4FA 
 166      CCD398A2 
 166      E3
 167 020f 446DAE26 		.ascii	"Dm\256&\355\\\252\200\364>\321\242\030!\366G\254\303"
 167      ED5CAA80 
 167      F43ED1A2 
 167      1821F647 
 167      ACC3
 168 0221 E99E1AF4 		.ascii	"\351\236\032\364\3364\364S\320\030\225#=\332\203\336"
 168      DE34F453 
 168      D0189523 
 168      3DDA83DE 
 169 0231 4315C807 		.ascii	"C\025\310\007\235D<*\005%\312\300\226<px\177EuG\330"
 169      9D443C2A 
 169      0525CAC0 
 169      963C7078 
 169      7F457547 
 170 0246 3AF15784 		.ascii	":\361W\204HC\250\224c\310u4\234-\230\202|\364\204\322"
 170      4843A894 
 170      63C87534 
 170      9C2D9882 
 170      7CF484D2 
 171 025a 96E5AF47 		.ascii	"\226\345\257G\225\300j/(\306\010i'\372Q\221\213N\201"
 171      95C06A2F 
 171      28C60869 
 171      27FA5191 
 171      8B4E81
 172 026d B8C94483 		.ascii	"\270\311D\203\011Qy\317Gy\034\211\250\333K\016\0144"
 172      095179CF 
 172      47791C89 
 172      A8DB4B0E 
 172      0C34
 173 027f 78D06099 		.ascii	"x\320`\231\256\034 \201\015\320\251\212\241\032\003"
 173      AE1C2081 
 173      0DD0A98A 
 173      A11A03
 174 028e 8E65A409 		.ascii	"\216e\244\0111\266:\003Na\210\335-?bni\3336\234\347"
 174      31B63A03 
 174      4E6188DD 
 174      2D3F626E 
 174      69DB369C 
 175 02a3 4E519210 		.ascii	"NQ\222\020\274\210\011\265\367\304\235\236\310\307@"
 175      BC8809B5 
 175      F7C49D9E 
 175      C8C740
 176 02b2 8D2DCFBF 		.ascii	"\215-\317\277\2630\022\214\255C\006tV6\203\364&\237"
 176      B330128C 
ARM GAS  C:\Users\ajink\AppData\Local\Temp\ccMZiH07.s 			page 13


 176      AD430674 
 176      563683F4 
 176      269F
 177 02c4 18624572 		.ascii	"\030bEr\244\350^\013VT\201\252\325\240*\252\005\335"
 177      A4E85E0B 
 177      565481AA 
 177      D5A02AAA 
 177      05DD
 178 02d6 7F64A0B4 		.ascii	"\177d\240\264\250\006\032\317Q\375\271\263#\025QZd\360"
 178      A8061ACF 
 178      51FDB9B3 
 178      2315515A 
 178      64F0
 179 02e8 51EF54AF 		.ascii	"Q\357T\257\322\211\252\220\020\233\362\246(\362\350"
 179      D289AA90 
 179      109BF2A6 
 179      28F2E8
 180 02f7 3CA87046 		.ascii	"<\250pFV\0014rD\375\301\223\266\036\204mtn\340}\247"
 180      56013472 
 180      44FDC193 
 180      B61E846D 
 180      746EE07D 
 181 030c AADB3C90 		.ascii	"\252\333<\220\367\014\237M\320\233\310\371\225E\026"
 181      F70C9F4D 
 181      D09BC8F9 
 181      954516
 182 031b A3410DC8 		.ascii	"\243A\015\310\233:\370\"\310kD3(\013+h\324\337\030?"
 182      9B3AF822 
 182      C86B4433 
 182      280B2B68 
 182      D4DF183F 
 183 032f 16B83952 		.ascii	"\026\2709R\314\373\001\225t\001$\021R\207~\357\222\316"
 183      CCFB0195 
 183      74012411 
 183      52877EEF 
 183      92CE
 184 0341 3F832FAA 		.ascii	"?\203/\252\225\355Q\201\233\210\010\305\204\030@\375"
 184      95ED5181 
 184      9B8808C5 
 184      841840FD 
 185 0351 CF36BD8F 		.ascii	"\3176\275\217\2630\015\2632q\375B\344\255\252\012\272"
 185      B3300DB3 
 185      3271FD42 
 185      E4ADAA0A 
 185      BA
 186 0362 0C1AA869 		.ascii	"\014\032\250iC\371\017\257\324\243o\341\341%\331b\""
 186      43F90FAF 
 186      D4A36FE1 
 186      E125D962 
 186      22
 187 0373 CC2E23E7 		.ascii	"\314.#\347\270u\320\315[bk\235\214\255\306\301\023\272"
 187      B875D0CD 
 187      5B626B9D 
 187      8CADC6C1 
 187      13BA
 188 0385 543744DC 		.ascii	"T7D\334\364\020\342d\347\243+\012\3734\350*\022$\312"
 188      F410E264 
ARM GAS  C:\Users\ajink\AppData\Local\Temp\ccMZiH07.s 			page 14


 188      E7A32B0A 
 188      FB34E82A 
 188      1224CA
 189 0398 E87DADE7 		.ascii	"\350}\255\347x\\@-@\365w\206\236\262\254\364\2062a\010"
 189      785C402D 
 189      40F57786 
 189      9EB2ACF4 
 189      86326108 
 190 03ac 2C61DC4A 		.ascii	",a\334J\030\234\201\0170\312-\347\267%i\361I\206$\267"
 190      189C810F 
 190      30CA2DE7 
 190      B72569F1 
 190      498624B7 
 191 03c0 A75CE171 		.ascii	"\247\\\341q5v\012\272\351,\350\266\336\037:\242\247"
 191      35760ABA 
 191      E92CE8B6 
 191      DE1F3AA2 
 191      A7
 192 03d1 E8F838C9 		.ascii	"\350\3708\311t\\n\353\245vwG\310u6\275M\306\3736\214"
 192      745C6EEB 
 192      A5767747 
 192      C87536BD 
 192      4DC6FB36 
 193 03e6 42B36CFD 		.ascii	"B\263l\375te\310\211\221\242v7DO\023h\177\235\030\335"
 193      7465C889 
 193      91A27637 
 193      444F1368 
 193      7F9D18DD 
 194 03fa 0A464F97 		.ascii	"\012FO\227\242\247\005\032o\261\220;|\347a\274\301\316"
 194      A2A7051A 
 194      6FB1903B 
 194      7CE761BC 
 194      C1CE
 195 040c 38A12E91 		.ascii	"8\241.\221\006\222\015\030\337\224\031\337F\257\344"
 195      06920D18 
 195      DF9419DF 
 195      46AFE4
 196 041b DCA6CE39 		.ascii	"\334\246\3169\343\314\226w\355\214\033\357\357\374}"
 196      E3CC9677 
 196      ED8C1BEF 
 196      EFFC7D
 197 042a 044C923B 		.ascii	"\004L\222;\300\370\206\314\330\366j\306\355\252\214"
 197      C0F886CC 
 197      D8F66AC6 
 197      EDAA8C
 198 0439 D1A1F2CA 		.ascii	"\321\241\362\312\"\301i\230\010[y\230:\034\303\324r"
 198      22C16998 
 198      085B7998 
 198      3A1CC3D4 
 198      72
 199 044a 6C73A601 		.ascii	"ls\246\00172\027\347mI\333\247\245\343\242'h\331\256"
 199      373217E7 
 199      6D49DBA7 
 199      A5E3A227 
 199      68D9AE
 200 045d 622D6E72 		.ascii	"b-nr\366\376B\347)\277P\236\362\027\367\036n\027&\235"
 200      F6FE42E7 
ARM GAS  C:\Users\ajink\AppData\Local\Temp\ccMZiH07.s 			page 15


 200      29BF509E 
 200      F217F71E 
 200      6E17269D 
 201 0471 99BDA0E8 		.ascii	"\231\275\240\350BI\321.h\354\266\317\314\362\244\373"
 201      4249D12E 
 201      68ECB6CF 
 201      CCF2A4FB 
 202 0481 DF10BB7B 		.ascii	"\337\020\273{@\301{\262\335\013\345\211Y\324\265\277"
 202      40C17BB2 
 202      DD0BE589 
 202      59D4B5BF 
 203 0491 87C7553C 		.ascii	"\207\307U<\325\343\305\372+\321\034\215\244J\032;\273"
 203      D5E3C5FA 
 203      2BD11C8D 
 203      A44A1A3B 
 203      BB
 204 04a2 EF34A64C 		.ascii	"\3574\246L\241*\277K\243\"\255~\273\016\327RZ\376\356"
 204      A12ABF4B 
 204      A322AD7E 
 204      BB0ED752 
 204      5AFEEE
 205 04b5 F0ED411D 		.ascii	"\360\355A\035\232\346\3563-]\324\243~\344\256\331\300"
 205      9AE6EE33 
 205      2D5DD4A3 
 205      7EE4AED9 
 205      C0
 206 04c6 1266F21B 		.ascii	"\022f\362\033_9\362\345cP\214<\322\240G\240\326\023"
 206      5F39F2E5 
 206      63508C3C 
 206      D2A047A0 
 206      D613
 207 04d8 49AD18D0 		.ascii	"I\255\030\320\010Z\321C\204\025\353k:\2643F \352yiG"
 207      085AD143 
 207      8415EB6B 
 207      3AB43346 
 207      20EA7969 
 208 04ed 0B78CEAE 		.ascii	"\013x\316\256\326\206\223Z|\235\"\334\372\206\261H\336"
 208      D686935A 
 208      7C9D22DC 
 208      FA86B148 
 208      DE
 209 04fe EE890943 		.ascii	"\356\211\011C\366\\e\310X\004\304\027\320\010x\006\236"
 209      F65C65C8 
 209      5804C417 
 209      D0087806 
 209      9E
 210 050f 18508900 		.ascii	"\030P\211\000\020\323\3712\347k\334\313D\366\015\347"
 210      10D3F932 
 210      E76BDCCB 
 210      44F60DE7 
 211 051f 3C1260C9 		.ascii	"<\022`\311\322P\327\375\221\246\354\375\325q\227\334"
 211      D250D7FD 
 211      91A6ECFD 
 211      D57197DC 
 212 052f 681B8C30 		.ascii	"h\033\2140\032b\213\330\343g\233N\353\361 \353\365\354"
 212      1A628BD8 
 212      E3679B4E 
ARM GAS  C:\Users\ajink\AppData\Local\Temp\ccMZiH07.s 			page 16


 212      EBF120EB 
 212      F5EC
 213 0541 4AC35677 		.ascii	"J\303Vw\274^K\221\316\253'D\214\023\030r\374\345}Q\300"
 213      BC5E4B91 
 213      CEAB2744 
 213      8C131872 
 213      FCE57D51 
 214 0556 5B1932D0 		.ascii	"[\0312\320\364b?&\353\341(]\017\351\262\324}\244l\237"
 214      F4623F26 
 214      EBE1285D 
 214      0FE9B2D4 
 214      7DA46C9F 
 215 056a DB64ABDD 		.ascii	"\333d\253\335\270\264\344\210\234\017\032sY\355l{\317"
 215      B8B4E488 
 215      9C0F1A73 
 215      59ED6C7B 
 215      CF
 216 057b EA20CF8D 		.ascii	"\352 \317\215\253\255u}\003\217F=\355k\335~\223\036"
 216      ABAD757D 
 216      038F463D 
 216      ED6BDD7E 
 216      931E
 217 058d 45707A34 		.ascii	"Epz4\"[?\376\252\265n\035\010\233L0\030Q0\234{\217y"
 217      225B3FFE 
 217      AAB56E1D 
 217      089B4C30 
 217      1851309C 
 218 05a4 8330651E 		.ascii	"\2030e\036\332\261\343h\254\027\336\303\254\314\275"
 218      DAB1E368 
 218      AC17DEC3 
 218      ACCCBD
 219 05b3 5DDAE585 		.ascii	"]\332\345\205\313\031R\363\254*\201\3035\014\371\266"
 219      CB1952F3 
 219      AC2A81C3 
 219      350CF9B6 
 220 05c3 E8412487 		.ascii	"\350A$\207\317k\235\262\227\300\262\327\335\221\316"
 220      CF6B9DB2 
 220      97C0B2D7 
 220      DD91CE
 221 05d2 6C841BD9 		.ascii	"l\204\033\331\263\215]\227Dw|\225!\031\203\027j\274"
 221      B38D5D97 
 221      44777C95 
 221      21198317 
 221      6ABC
 222 05e4 28E10F08 		.ascii	"(\341\017\010:zt\307=\035nf\317.\227\225\247#\334\246"
 222      3A7A74C7 
 222      3D1D6E66 
 222      CF2E9795 
 222      A723DCA6 
 223 05f8 755A7805 		.ascii	"uZx\005\266\360\326d\226%z\340\273\022\223\343\245\377"
 223      B6F0D664 
 223      96257AE0 
 223      BB1293E3 
 223      A5FF
 224 060a 8C7BD8FD 		.ascii	"\214{\330\375\241\252\322\203^x\204!\371\225\203\361"
 224      A1AAD283 
 224      5E788421 
ARM GAS  C:\Users\ajink\AppData\Local\Temp\ccMZiH07.s 			page 17


 224      F99583F1 
 225 061a 2CF4ADD4 		.ascii	",\364\255\324\224='\342^\352)\223\005\004-<\264\377"
 225      943D27E2 
 225      5EEA2993 
 225      05042D3C 
 225      B4FF
 226 062c 2187D7B9 		.ascii	"!\207\327\271Q\332\216\354\372{^8\216![\272\366?q\307"
 226      51DA8EEC 
 226      FA7B5E38 
 226      8E215BBA 
 226      F63F71C7 
 227 0640 A90CB999 		.ascii	"\251\014\271\231\3704Y\217\2671\244)\351\376U\001\347"
 227      F834598F 
 227      B731A429 
 227      E9FE5501 
 227      E7
 228 0651 5284CBEB 		.ascii	"R\204\313\353\211\330\253\265\247\243\346\222~\241\\"
 228      89D8ABB5 
 228      A7A3E692 
 228      7EA15C
 229 0660 8468CFE4 		.ascii	"\204h\317\344\014(\235s\214\307y\364\312U;\203S[\265"
 229      0C289D73 
 229      8CC779F4 
 229      CA553B83 
 229      535BB5
 230 0673 51F69967 		.ascii	"Q\366\231g9\036\270\223\011\275r\267\277O\217\373\030"
 230      391EB893 
 230      09BD72B7 
 230      BF4F8FFB 
 230      18
 231 0684 52D3F0ED 		.ascii	"R\323\360\355]\304\214\242\3639\247\343|=\363\314;t"
 231      5DC48CA2 
 231      F339A7E3 
 231      7C3DF3CC 
 231      3B74
 232 0696 0528A8AC 		.ascii	"\005(\250\254\361\300\003\214\366\362\223\022Q\207E"
 232      F1C0038C 
 232      F6F29312 
 232      518745
 233 06a5 1DD576E3 		.ascii	"\035\325v\343\267mc<\362\021\250\266\031\345G<\263\211"
 233      B76D633C 
 233      F211A8B6 
 233      19E5473C 
 233      B389
 234 06b7 B6B99C80 		.ascii	"\266\271\234\200\254\262\266\213\004\246\2542\023.~"
 234      ACB2B68B 
 234      04A6AC32 
 234      132E7E
 235 06c6 53563707 		.ascii	"SV7\007\324]$H\324dN\2135q^\370(\225\200\342\236F\235"
 235      D45D2448 
 235      D4644E8B 
 235      35715EF8 
 235      289580E2 
 236 06dd 16F00986 		.ascii	"\026\360\011\206<*\257\313\362\302\245\014\351~\334"
 236      3C2AAFCB 
 236      F2C2A50C 
 236      E97EDC
ARM GAS  C:\Users\ajink\AppData\Local\Temp\ccMZiH07.s 			page 18


 237 06ec DDE4892B 		.ascii	"\335\344\211+\030\262\271\267\362\216'>\315\220\334"
 237      18B2B9B7 
 237      F28E273E 
 237      CD90DC
 238 06fb 531D9102 		.ascii	"S\035\221\002>\303\220\226\344\350\335\356\370\034C"
 238      3EC39096 
 238      E4E8DDEE 
 238      F81C43
 239 070a F6E5641C 		.ascii	"\366\345d\034s\307\365\014yX\267\357\016\207/R\304c"
 239      73C7F50C 
 239      7958B7EF 
 239      0E872F52 
 239      C463
 240 071c A0B03447 		.ascii	"\240\2604G@3\330\007J\216\031\264\222\330s\312\366N"
 240      4033D807 
 240      4A8E19B4 
 240      92D873CA 
 240      F64E
 241 072e E121B132 		.ascii	"\341!\2612\012S\243\362\300\250\303\234k)QE\2629\255"
 241      0A53A3F2 
 241      C0A8C39C 
 241      6B295145 
 241      B239AD
 242 0741 3CACDB0B 		.ascii	"<\254\333\013\335j?\240\244\273]Ic8\027\332,\007m\241"
 242      DD6A3FA0 
 242      A4BB5D49 
 242      633817DA 
 242      2C076DA1 
 243 0755 2B6D3CE7 		.ascii	"+m<\347(Q(i\246\203t\227+i'ra\233\341\240\315W\247\225"
 243      28512869 
 243      A6837497 
 243      2B692772 
 243      619BE1A0 
 244 076d D9663B48 		.ascii	"\331f;H\367\272\222&\272h\220\344 \335\251\352\003J"
 244      F7BA9226 
 244      BA6890E4 
 244      20DDA9EA 
 244      034A
 245 077f C98A1891 		.ascii	"\311\212\030\221\326FY\3344\264\003\230\240l\211\236"
 245      D64659DC 
 245      34B40398 
 245      A06C899E 
 246 078f A487A330 		.ascii	"\244\207\2430\322\207\270\031h\037@\021\300A\200c\000"
 246      D287B819 
 246      681F4011 
 246      C0418063 
 246      00
 247 07a0 FB010E00 		.ascii	"\373\001\016\000\034\001(\346\344J\316\272\303!v\217"
 247      1C0128E6 
 247      E44ACEBA 
 247      C321768F 
 248 07b0 BA8F98E1 		.ascii	"\272\217\230\3414o\365m u\034\320\270\3447\302\310\266"
 248      346FF56D 
 248      20751CD0 
 248      B8E437C2 
 248      C8B6
 249 07c2 ADF0BC20 		.ascii	"\255\360\274 J\254\012\324\207\206\232\000a\321"
ARM GAS  C:\Users\ajink\AppData\Local\Temp\ccMZiH07.s 			page 19


 249      4AAC0AD4 
 249      87869A00 
 249      61D1
 250 07d0 B53E264F 		.ascii	"\265>&O\353\264l+\2115\3508g_\266{6\254\377\034G\350"
 250      EBB46C2B 
 250      8935E838 
 250      675FB67B 
 250      36ACFF1C 
 251 07e6 69AD7A3A 		.ascii	"i\255z:~\323\232\311JU\264\035$\226H>(\005\037\234T"
 251      7ED39AC9 
 251      4A55B41D 
 251      2496483E 
 251      28051F9C 
 252 07fb D808D3A6 		.ascii	"\330\010\323\246\373{\007Y\214\001ktB\242\235\254\\"
 252      FB7B0759 
 252      8C016B74 
 252      42A29DAC 
 252      5C
 253 080c CD584FCC 		.ascii	"\315XO\314,\231`&\3503\262\245#Z\217\243\251B\250\355"
 253      2C996026 
 253      E833B2A5 
 253      235A8FA3 
 253      A942A8ED 
 254 0820 D8D9A7EE 		.ascii	"\330\331\247\3568\201!\231EC\203\006\234\312\220\332"
 254      38812199 
 254      45438306 
 254      9CCA90DA 
 255 0830 BD59FF82 		.ascii	"\275Y\377\202\267\323{\276c{\3211/\3443m\232\301\276"
 255      B7D37BBE 
 255      637BD131 
 255      2FE4336D 
 255      9AC1BE
 256 0843 E05643AA 		.ascii	"\340VC\2529\305\271.\270C\277$\0174d\011'W\232w\372"
 256      39C5B92E 
 256      B843BF24 
 256      0F346409 
 256      27579A77 
 257 0858 5344FC03 		.ascii	"SD\374\003\3072P\011v\221G`6\014\375i\216\246\234;\233"
 257      C7325009 
 257      76914760 
 257      360CFD69 
 257      8EA69C3B 
 258 086d 1FC76A0D 		.ascii	"\037\307j\015\022u\314\353\250\323\343\322c\234\013"
 258      1275CCEB 
 258      A8D3E3D2 
 258      639C0B
 259 087c A6339CB2 		.ascii	"\2463\234\262`:\353\360\374\265\216M\247\021\316a\366"
 259      603AEBF0 
 259      FCB58E4D 
 259      A711CE61 
 259      F6
 260 088d 8C8C466D 		.ascii	"\214\214Fm\365\302\273\031\262\365\333\033\307y\\\314"
 260      F5C2BB19 
 260      B2F5DB1B 
 260      C7795CCC 
 261 089d 90B896C2 		.ascii	"\220\270\226\302\013:\\B\021.\245c \037\331\013\002"
 261      0B3A5C42 
ARM GAS  C:\Users\ajink\AppData\Local\Temp\ccMZiH07.s 			page 20


 261      112EA563 
 261      201FD90B 
 261      02
 262 08ae 67DDEB41 		.ascii	"g\335\353A\2337\245\204\351\264C,\317O\242\025\354y"
 262      9B37A584 
 262      E9B4432C 
 262      CF4FA215 
 262      EC79
 263 08c0 D0A34ECE 		.ascii	"\320\243N\316ho:\212\001\316v=\377\367\352L\033&c\232"
 263      686F3A8A 
 263      01CE763D 
 263      FFF7EA4C 
 263      1B26639A 
 264 08d4 105BFF7D 		.ascii	"\020[\377}\302\364\0020\255U$uN\3015gp\245:\327\213"
 264      C2F40230 
 264      AD552475 
 264      4EC13567 
 264      70A53AD7 
 265 08e9 93716D2E 		.ascii	"\223qm.\271\313\326\212F`{Nf{Af\213\232\367]?\203q5"
 265      B9CBD68A 
 265      46607B4E 
 265      667B4166 
 265      8B9AF75D 
 266 0901 734EC3B5 		.ascii	"sN\303\265\364\365Sp=s\316\265\321hou\201W&\021hM\307"
 266      F4F55370 
 266      3D73CEB5 
 266      D1686F75 
 266      81572611 
 267 0918 085D0659 		.ascii	"\010]\006Y\337\252\313\352x\322\274[\300W\230,{\201"
 267      DFAACBEA 
 267      78D2BC5B 
 267      C057982C 
 267      7B81
 268 092a E8C90AC4 		.ascii	"\350\311\012\304\355\033\006^\360\270\205\211>\262\261"
 268      ED1B065E 
 268      F0B88589 
 268      3EB2B1
 269 0939 6D3D5697 		.ascii	"m=V\227}c2\331\231 \373:\310nR\227\335\336[\261\213"
 269      7D6332D9 
 269      9920FB3A 
 269      C86E5297 
 269      DDDE5BB1 
 270 094e C71DD244 		.ascii	"\307\035\322D\030l\253\322Q\331\037\020\364HM[\303\024"
 270      186CABD2 
 270      51D91F10 
 270      F4484D5B 
 270      C314
 271 0960 DCCB9E95 		.ascii	"\334\313\236\225vE\334\324\341~\206\014\365v\365!<\304"
 271      7645DCD4 
 271      E17E860C 
 271      F576F521 
 271      3CC4
 272 0972 9003ADD5 		.ascii	"\220\003\255\325k\240\223\233\201\314\347!R_\243\377"
 272      6BA0939B 
 272      81CCE721 
 272      525FA3FF 
 273 0982 84E6BA2B 		.ascii	"\204\346\272+\027/ii;i\322\021\375\207\317\2348\350"
ARM GAS  C:\Users\ajink\AppData\Local\Temp\ccMZiH07.s 			page 21


 273      172F6969 
 273      3B69D211 
 273      FD87CF9C 
 273      38E8
 274 0994 C6F41727 		.ascii	"\306\364\027'\256\305\355`\202\233d\302m\010\3656\316"
 274      AEC5ED60 
 274      829B64C2 
 274      6D08F536 
 274      CE
 275 09a5 1E5A9DD9 		.ascii	"\036Z\235\3314\264l`F\253l\206\233\034\0047\217\346"
 275      34B46C60 
 275      46AB6C86 
 275      9B1C0437 
 275      8FE6
 276 09b7 9C746CDF 		.ascii	"\234tl\337\023z.\322\240\351\000\362[2\271\215\223+"
 276      137A2ED2 
 276      A0E900F2 
 276      5B32B98D 
 276      932B
 277 09c9 0115E977 		.ascii	"\001\025\351wT\244\223]\332\345\2168$\027\031\003,p"
 277      54A4935D 
 277      DAE58E38 
 277      24171903 
 277      2C70
 278 09db 3A81758B 		.ascii	":\201u\213\314\272\343\325\254\357\252\262F\311\327"
 278      CCBAE3D5 
 278      ACEFAAB2 
 278      46C9D7
 279 09ea 6F8EE971 		.ascii	"o\216\351q\204;u\342\325\302KV/\034\313\220\0337\317"
 279      843B75E2 
 279      D5C24B56 
 279      2F1CCB90 
 279      1B37CF
 280 09fd 64E9700A 		.ascii	"d\351p\012C\252\017\227~\2023\330}\321\251\275\261\356"
 280      43AA0F97 
 280      7E8233D8 
 280      7DD1A9BD 
 280      B1EE
 281 0a0f 7480FE85 		.ascii	"t\200\376\205\240\203\353\373c\015\264\370\020h\335"
 281      A083EBFB 
 281      630DB4F8 
 281      1068DD
 282 0a1e 57D77B5B 		.ascii	"W\327{[\207\263\031\351\241\235\371\307\030\351\257"
 282      87B319E9 
 282      A19DF9C7 
 282      18E9AF
 283 0a2d E80ABE61 		.ascii	"\350\012\276a\3535\016\357c\3172\353Z\274p\031\273?"
 283      EB350EEF 
 283      63CF32EB 
 283      5ABC7019 
 283      BB3F
 284 0a3f 17BFF3B2 		.ascii	"\027\277\363\262\033n`\310\361\007\371iZ|\215\"\334"
 284      1B6E60C8 
 284      F107F969 
 284      5A7C8D22 
 284      DC
 285 0a50 A1ACB319 		.ascii	"\241\254\263\031\366\015\252\265\020\302\350)X\375\370"
ARM GAS  C:\Users\ajink\AppData\Local\Temp\ccMZiH07.s 			page 22


 285      F60DAAB5 
 285      10C2E829 
 285      58FDF8
 286 0a5f 3B5BFD44 		.ascii	";[\375D\335\352\365\367N\244a\334\302\344\0155\336\335"
 286      DDEAF5F7 
 286      4EA461DC 
 286      C2E40D35 
 286      DEDD
 287 0a71 A3C3ED0C 		.ascii	"\243\303\355\014\331R\266=\205i,R\274\377v\362\213)"
 287      D952B63D 
 287      85692C52 
 287      BCFF76F2 
 287      8B29
 288 0a83 B89B3D8C 		.ascii	"\270\233=\214\350\315\260\"\374\230!\235\321\207\262"
 288      E8CDB022 
 288      FC98219D 
 288      D187B2
 289 0a92 783CCC90 		.ascii	"x<\314\220\264\275Y/\334\360:\003+n\022o\037\025p,C"
 289      B4BD592F 
 289      DCF03A03 
 289      2B6E126F 
 289      1F15702C 
 290 0aa7 0EF43E4E 		.ascii	"\016\364>N\325\342d\206\024\3674\277\217\267\322{.c"
 290      D5E26486 
 290      14F734BF 
 290      8FB7D27B 
 290      2E63
 291 0ab9 A0F33C9A 		.ascii	"\240\363<\232t\3537\256R\023R\037d\203\017\306\300\007"
 291      74EB37AE 
 291      5213521F 
 291      64830FC6 
 291      C007
 292 0acb A32AE525 		.ascii	"\243*\345%H\310\272\265+[\300;\231\270\035\353\256o"
 292      48C8BAB5 
 292      2B5BC03B 
 292      99B81DEB 
 292      AE6F
 293 0add D6E23D0C 		.ascii	"\326\342=\014\031\333\231P\212\360\001\206\264\037\354"
 293      19DB9950 
 293      8AF00186 
 293      B41FEC
 294 0aec EAE17039 		.ascii	"\352\341p9C\322\0337^\021p\003C6V\331.\303\246\214!"
 294      43D21B37 
 294      5E117003 
 294      433656D9 
 294      2EC3A68C 
 295 0b01 85379BCE 		.ascii	"\2057\233\316\351\360\035\203\323\304\024\330\304\314"
 295      E9F01D83 
 295      D3C414D8 
 295      C4CC
 296 0b0f B20DB4BB 		.ascii	"\262\015\264\273\343n\366\354\366\231\210&\036?e\310"
 296      E36EF6EC 
 296      F6998826 
 296      1E3F65C8 
 297 0b1f BACAFD57 		.ascii	"\272\312\375W\030\341\307\2646?\273e\300\003\217\262"
 297      18E1C7B4 
 297      363FBB65 
ARM GAS  C:\Users\ajink\AppData\Local\Temp\ccMZiH07.s 			page 23


 297      C0038FB2 
 298 0b2f 67919115 		.ascii	"g\221\221\0255Z\034\343\341\024\036\002\013\217\222"
 298      355A1CE3 
 298      E1141E02 
 298      0B8F92
 299 0b3e D4DD6705 		.ascii	"\324\335g\005\234L\237\375\375\355\366\235Q\366\002"
 299      9C4C9FFD 
 299      FDEDF69D 
 299      51F602
 300 0b4d CF4798E1 		.ascii	"\317G\230\341\355C\256\336\264\330\363\366\026\004r"
 300      ED43AEDE 
 300      B4D8F3F6 
 300      160472
 301 0b5c E7436B3F 		.ascii	"\347Ck?\322(|\217\325\201\002\371\026|\350\207T\204"
 301      D2287C8F 
 301      D58102F9 
 301      167CE887 
 301      5484
 302 0b6e 627F7DAB 		.ascii	"b\177}\253\355\235\022\266Z\223\371\322\005^;\216\277"
 302      ED9D12B6 
 302      5A93F9D2 
 302      055E3B8E 
 302      BF
 303 0b7f A7B65AD3 		.ascii	"\247\266Z\323\002&q/)`\210\177c0T\035X\261\256o\300"
 303      0226712F 
 303      2960887F 
 303      6330541D 
 303      58B1AE6F 
 304 0b94 CE955B7F 		.ascii	"\316\225[\177f[\377\022vl\265\013\013h\0308\347\343"
 304      665BFF12 
 304      766CB50B 
 304      0B681838 
 304      E7E3
 305 0ba6 C9ABB7A2 		.ascii	"\311\253\267\242\372\326\023?\311\020\255U\010\245\001"
 305      FAD6133F 
 305      C910AD55 
 305      08A501
 306 0bb5 79CF2B15 		.ascii	"y\317+\025\021m\261\205\215\264\000\"J\337{\215\322"
 306      116DB185 
 306      8DB40022 
 306      4ADF7B8D 
 306      D2
 307 0bc6 755DDAF4 		.ascii	"u]\332\364\017hn\277\3121\245\245|\314j\256k\234\275"
 307      0F686EBF 
 307      CA31A5A5 
 307      7CCC6AAE 
 307      6B9CBD
 308 0bd9 18E9EF6E 		.ascii	"\030\351\357n\263N\251#\271c7\020=\224#(\027{O\254\371"
 308      B34EA923 
 308      B9633710 
 308      3D942328 
 308      177B4FAC 
 309 0bee 0B404D79 		.ascii	"\013@My1\007\245\035%P}k\231\317I\346\324\012 \032\231"
 309      3107A51D 
 309      25507D6B 
 309      99CF49E6 
 309      D40A201A 
ARM GAS  C:\Users\ajink\AppData\Local\Temp\ccMZiH07.s 			page 24


 310 0c03 5C3F6589 		.ascii	"\\?e\211\231\002\363o3)13\260\017\325\222\224Wup\237"
 310      9902F36F 
 310      33293133 
 310      B00FD592 
 310      94577570 
 311 0c18 8967A03D 		.ascii	"\211g\240=\000E\000\205\000\007\000J\001\366\003\224"
 311      00450085 
 311      0007004A 
 311      01F60394 
 312 0c28 00A4029C 		.ascii	"\000\244\002\234\002\310\001\310\0068\011p\032 \031"
 312      02C801C8 
 312      06380970 
 312      1A2019
 313 0c37 E0204015 		.ascii	"\340 @\025\300\021,\037\341\025u\267\215`\222|\323A"
 313      C0112C1F 
 313      E11575B7 
 313      8D60927C 
 313      D341
 314 0c49 48AA6CE5 		.ascii	"H\252l\345a\273\225\322x\354{\233\215\007\031\2764\316"
 314      61BB95D2 
 314      78EC7B9B 
 314      8D0719BE 
 314      34CE
 315 0c5b 65B85D7C 		.ascii	"e\270]|\334\223O\002\303NY\376\012\312!'\312\\uJ:\032"
 315      DC934F02 
 315      C34E59FE 
 315      0ACA2127 
 315      CA5C754A 
 316 0c71 996D45BF 		.ascii	"\231mE\277%G\274\305@\363BV3\337\256\246jm\272\017\034"
 316      2547BCC5 
 316      40F34256 
 316      33DFAEA6 
 316      6A6DBA0F 
 317 0c86 562E39EF 		.ascii	"V.9\357\014\334o\303\216\332T$1\366\327\314\246\035"
 317      0CDC6FC3 
 317      8EDA5424 
 317      31F6D7CC 
 317      A61D
 318 0c98 4012E51A 		.ascii	"@\022\345\032\302\211\316{\032\261\250\364\361\021\274"
 318      C289CE7B 
 318      1AB1A8F4 
 318      F111BC
 319 0ca7 8ED29380 		.ascii	"\216\322\223\200\350\007\035\362\340\372\000\006\252"
 319      E8071DF2 
 319      E0FA0006 
 319      AA
 320 0cb4 73624C02 		.ascii	"sbL\002\367<\211;\031\355u\352\334\025\303n\245\232"
 320      F73C893B 
 320      19ED75EA 
 320      DC15C36E 
 320      A59A
 321 0cc6 3BB83D92 		.ascii	";\270=\222\334A4\257\001\315\267\303\260\355\305\212"
 321      DC4134AF 
 321      01CDB7C3 
 321      B0EDC58A 
 322 0cd6 CA3AB36D 		.ascii	"\312:\263mH\232P\307\300{/\325'\024\323^\031W\275 \340"
 322      489A50C7 
ARM GAS  C:\Users\ajink\AppData\Local\Temp\ccMZiH07.s 			page 25


 322      C07B2FD5 
 322      2714D35E 
 322      1957BD20 
 323 0ceb 3E89AB3E 		.ascii	">\211\253>I\177\"\340\034\010\260\202\200\363\222\000"
 323      497F22E0 
 323      1C08B082 
 323      80F39200 
 324 0cfb 6587E7D0 		.ascii	"e\207\347\320\201\354!\320\240$\202t8\013\035*\241\303"
 324      81EC21D0 
 324      A0248274 
 324      380B1D2A 
 324      A1C3
 325 0d0d 26809D52 		.ascii	"&\200\235R'\345lH\307\312M\005\031^6\\\223\321\240C"
 325      27E56C48 
 325      C7CA4D05 
 325      195E365C 
 325      93D1A043 
 326 0d21 C0502653 		.ascii	"\300P&S\312wxd\013\220\274\302#4{\275-e/\262\307(s\015"
 326      CA777864 
 326      0B90BCC2 
 326      23347BBD 
 326      2D652FB2 
 327 0d39 52D7DDA4 		.ascii	"R\327\335\244m\3439\2266\210\340\255\252!\255\330z\016"
 327      6DE33996 
 327      3688E0AD 
 327      AA21ADD8 
 327      7A0E
 328 0d4b 3B2275AB 		.ascii	";\"u\253j\244\312\2335H\034w\205Z\2228H\\E`\371W\025"
 328      6AA4CA9B 
 328      35481C77 
 328      855A9238 
 328      485C4560 
 329 0d62 E5940275 		.ascii	"\345\224\002uw\377\245\224\027\240\366G5\256\012L\330"
 329      77FFA594 
 329      17A0F647 
 329      35AE0A4C 
 329      D8
 330 0d73 2717D815 		.ascii	"'\027\330\025(w%\215q!\315\242\211\231d\233X\327\270"
 330      2877258D 
 330      7121CDA2 
 330      8999649B 
 330      58D7B8
 331 0d86 8BC34EA4 		.ascii	"\213\303N\244\266\244\002\346\003r\010\263M\335c\023"
 331      B6A402E6 
 331      037208B3 
 331      4DDD6313 
 332 0d96 72932324 		.ascii	"r\223#$\262`\030^\025\022\2227\212\204}\304\033$E&\312"
 332      B260185E 
 332      15129237 
 332      8A847DC4 
 332      1B244526 
 333 0dab DED88505 		.ascii	"\336\330\205\005\315\204hs\244\275-\222.\377\037iOr"
 333      CD846873 
 333      A4BD2D92 
 333      2EFF1F69 
 333      4F72
 334 0dbd BFED7DC9 		.ascii	"\277\355}\311\375\213\004\224\340\352\247\215\316~\262"
ARM GAS  C:\Users\ajink\AppData\Local\Temp\ccMZiH07.s 			page 26


 334      FD8B0494 
 334      E0EAA78D 
 334      CE7EB2
 335 0dcc 56D0CD7A 		.ascii	"V\320\315z5\230\360l\362\004\256\014\357b\247)p\214"
 335      3598F06C 
 335      F204AE0C 
 335      EF62A729 
 335      708C
 336 0dde 199BA2FA 		.ascii	"\031\233\242\372[\017\341F\354\254\005;7\203\236I\000"
 336      5B0FE146 
 336      ECAC053B 
 336      37839E49 
 336      00
 337 0def 65002900 		.ascii	"e\000)\000G\001\266\002\234P\350nk\223\326;\262\364"
 337      4701B602 
 337      9C50E86E 
 337      6B93D63B 
 337      B2F4
 338 0e01 8AF8D5EB 		.ascii	"\212\370\325\353]9]\357\310\276\351\222\332z'\3477\353"
 338      5D395DEF 
 338      C8BEE992 
 338      DA7A27E7 
 338      37EB
 339 0e13 C84F8125 		.ascii	"\310O\201%Im\353%g8\246\336\003\347\325\331\266M1q*"
 339      496DEB25 
 339      6738A6DE 
 339      03E7D5D9 
 339      B64D3171 
 340 0e28 D4835131 		.ascii	"\324\203Q1s\330I\0148\271\373uK\237K\366\216\304X5{"
 340      73D8490C 
 340      38B9FB75 
 340      4B9F4BF6 
 340      8EC45835 
 341 0e3d 2BDD9CEF 		.ascii	"+\335\234\357\344\346\012y\335\2655\0264z\210`:\331"
 341      E4E60A79 
 341      DDB53516 
 341      347A8860 
 341      3AD9
 342 0e4f 4ADD5433 		.ascii	"J\335T3\275\231s$\353\314\266nEj\037\2222\335\344\251"
 342      BD997324 
 342      EBCCB66E 
 342      456A1F92 
 342      32DDE4A9 
 343 0e63 DDFA1E4B 		.ascii	"\335\372\036K\355\244\340\210V\257}\344\021(\244\263"
 343      EDA4E088 
 343      56AF7DE4 
 343      1128A4B3 
 344 0e73 914CB078 		.ascii	"\221L\260x\365\331\310|\245\264*\317\311\252jf\025="
 344      F5D9C87C 
 344      A5B42ACF 
 344      C9AA6A66 
 344      153D
 345 0e85 21E9A627 		.ascii	"!\351\246'$$\2238\237\220\34413\356\322\245<_\3751T"
 345      24249338 
 345      9F90E431 
 345      33EED2A5 
 345      3C5FFD31 
ARM GAS  C:\Users\ajink\AppData\Local\Temp\ccMZiH07.s 			page 27


 346 0e9a 226F91C7 		.ascii	"\"o\221\307\271\252\217\373K\037\027\315'\277\016\344"
 346      B9AA8FFB 
 346      4B1F17CD 
 346      27BF0EE4 
 347 0eaa A93FAE6F 		.ascii	"\251?\256o\355\376!Y\200a\004U\036\333\342\330\011\325"
 347      EDFE2159 
 347      80610455 
 347      1EDBE2D8 
 347      09D5
 348 0ebc 84BE56C6 		.ascii	"\204\276V\306\272\354\267l\261\";\222\001i\351Q\313"
 348      BAECB76C 
 348      B1223B92 
 348      0169E951 
 348      CB
 349 0ecd 33A43CCE 		.ascii	"3\244<\316j|\210\361i\201V\275\025G\252\316\273\343"
 349      6A7C88F1 
 349      698156BD 
 349      1547AACE 
 349      BBE3
 350 0edf 5A865C6B 		.ascii	"Z\206\\k/Oa\273]\221\376\212\337U\321'r\264$^L\320\341"
 350      2F4F61BB 
 350      5D91FE8A 
 350      DF55D127 
 350      72B4245E 
 351 0ef6 A3CD564F 		.ascii	"\243\315VO\334\310h\037T\345\255%\2073\221\337\3557"
 351      DCC8681F 
 351      54E5AD25 
 351      873391DF 
 351      ED37
 352 0f08 5CE8B12B 		.ascii	"\\\350\261+u0\326\0137\263\356Q\031\343\3170neH\346"
 352      7530D60B 
 352      37B3EE51 
 352      19E3CF30 
 352      6E6548E6 
 353 0f1c F0C1420F 		.ascii	"\360\301B\017\334\316\220\313\275\247D\016w2$\341\370"
 353      DCCE90CB 
 353      BDA7440E 
 353      773224E1 
 353      F8
 354 0f2d C96D5EF8 		.ascii	"\311m^\370>C\332\357D>\020\360c\206\324\237{as\303\203"
 354      3E43DAEF 
 354      443E10F0 
 354      6386D49F 
 354      7B6173C3 
 355 0f42 0C49EC6D 		.ascii	"\014I\354m\276(\340Q\206\324\325vT\272\341\310)\024"
 355      BE28E051 
 355      86D4D576 
 355      54BAE1C8 
 355      2914
 356 0f54 896F2DAA 		.ascii	"\211o-\2524\340X\206d\224?\030\344\361F\2064E\346\346"
 356      34E05886 
 356      64943F18 
 356      E4F14686 
 356      3445E6E6 
 357 0f68 7AE24D0C 		.ascii	"z\342M\014\271\373p\340m\234\306\356\237\027to\324\342"
 357      B9FB70E0 
 357      6D9CC6EE 
ARM GAS  C:\Users\ajink\AppData\Local\Temp\ccMZiH07.s 			page 28


 357      9F17746F 
 357      D4E2
 358 0f7a 6D0C39D9 		.ascii	"m\0149\331_\277\325\035[\0312tx{\254\007\316gHD\343"
 358      5FBFD51D 
 358      5B193274 
 358      787BAC07 
 358      CE674844 
 359 0f8f 6E28E7F6 		.ascii	"n(\347\3660d\177\306\360\230\027>\310\220\332\222\274"
 359      30647FC6 
 359      F098173E 
 359      C890DA92 
 359      BC
 360 0fa0 548C8F30 		.ascii	"T\214\2170\244\2448y\330\223\372p!=^\356\032\037\022"
 360      A4A43879 
 360      D893FA70 
 360      213D5EEE 
 360      1A1F12
 361 0fb3 70097DF6 		.ascii	"p\011}\366f\342\231c\300y\206\374\361\226\256\260\231"
 361      66E29963 
 361      C07986FC 
 361      F196AEB0 
 361      99
 362 0fc4 B08A5191 		.ascii	"\260\212Q\221\375#\317\366}\272)?\232\344\202K\330\200"
 362      FD23CFF6 
 362      7DBA293F 
 362      9AE4824B 
 362      D880
 363 0fd6 EE407C3F 		.ascii	"\356@|?\236\230E\355\271 *\322\332P\034@2.!\276\352"
 363      9E9845ED 
 363      B9202AD2 
 363      DA501C40 
 363      322E21BE 
 364 0feb 4AECBC3E 		.ascii	"J\354\274>\003\361\005\231\370\212:\361\317\034\264"
 364      03F10599 
 364      F88A3AF1 
 364      CF1CB4
 365 0ffa 6D32ED6D 		.ascii	"m2\355mW\332"
 365      57DA
 366 1000 0DAE5AD4 		.ascii	"\015\256Z\324\313\304\227]\211\337u\241\275-\323\266"
 366      CBC4975D 
 366      89DF75A1 
 366      BD2DD3B6 
 367 1010 AA339695 		.ascii	"\2523\226\225\350\223i;\\i\357\272\3206\313\2647]i\235"
 367      E893693B 
 367      5C69EFBA 
 367      D036CBB4 
 367      375D699D 
 368 1024 0EA881B6 		.ascii	"\016\250\201\266U\246\275\345J\373\300\325k\017d\342"
 368      55A6BDE5 
 368      4AFBC0D5 
 368      6B0F64E2 
 369 1034 4E752514 		.ascii	"Nu%\024\304\347e\342oU=1a\361o\300\323P#e\363XJ\315"
 369      C4E765E2 
 369      6F553D31 
 369      61F16FC0 
 369      D3502365 
 370 104c C3909AFB 		.ascii	"\303\220\232\373a\211\352\005\350\006\350\002x\011\360"
ARM GAS  C:\Users\ajink\AppData\Local\Temp\ccMZiH07.s 			page 29


 370      6189EA05 
 370      E806E802 
 370      7809F0
 371 105b 02E009C0 		.ascii	"\002\340\011\3003\200\007\000\203\000C\000\017\001\356"
 371      33800700 
 371      83004300 
 371      0F01EE
 372 106a 03F4003C 		.ascii	"\003\364\000<\005\030\000x\016p\017\240\017\340\221"
 372      05180078 
 372      0E700FA0 
 372      0FE091
 373 1079 63A90305 		.ascii	"c\251\003\005o\310\012^wU0\336\305M\3352m\233+m\234"
 373      6FC80A5E 
 373      775530DE 
 373      C54DDD32 
 373      6D9B2B6D 
 374 108e 8BFB7B64 		.ascii	"\213\373{dZ\233:\255\302K7e\342\033\352J(\210{e\342"
 374      5A9B3AAD 
 374      C24B3765 
 374      E21BEA4A 
 374      28887B65 
 375 10a3 76F5F920 		.ascii	"v\365\371 k\321\"\3236\253\007\201\202\361-\231\270"
 375      6BD122D3 
 375      36AB0781 
 375      82F12D99 
 375      B8
 376 10b4 453D0AE4 		.ascii	"E=\012\344\203\364\332\342\000\222\351\037\253\244\343"
 376      83F4DAE2 
 376      0092E91F 
 376      ABA4E3
 377 10c3 A848DBC5 		.ascii	"\250H\333\305\342<\304\0260\302\254\311\225Y\214\253"
 377      E23CC416 
 377      30C2ACC9 
 377      95598CAB 
 378 10d3 E44659F2 		.ascii	"\344FY\3625ub)ws\207\312[\222x\344\343M\225xX,\300\222"
 378      35756229 
 378      777387CA 
 378      5B9278E4 
 378      E34D9578 
 379 10eb 300AD417 		.ascii	"0\012\324\027\345\262\357\261\363\206\3159\250\320\010"
 379      E5B2EFB1 
 379      F386CD39 
 379      A8D008
 380 10fa C4D2FF77 		.ascii	"\304\322\377w\\\221\337\332FSZ\235\177\006\031uZq\307"
 380      5C91DFDA 
 380      46535A9D 
 380      7F061975 
 380      5A71C7
 381 110d B0FD30FE 		.ascii	"\260\3750\376\311\375\033\035^\270\233\345\312\264}"
 381      C9FD1B1D 
 381      5EB89BE5 
 381      CAB47D
 382 111c 9DA302EE 		.ascii	"\235\243\002\356cH\\Zj\015\302\242'[\024\216\214F\352"
 382      63485C5A 
 382      6A0DC2A2 
 382      275B148E 
 382      8C46EA
ARM GAS  C:\Users\ajink\AppData\Local\Temp\ccMZiH07.s 			page 30


 383 112f 711443B2 		.ascii	"q\024C\262cRZ\3648\216!\207\237\367W\031p\022E\334b"
 383      63525AF4 
 383      388E2187 
 383      9FF75719 
 383      701245DC 
 384 1144 9F679F43 		.ascii	"\237g\237C\210\346Q\037:\022\015%\312\221\210\3421\332"
 384      88E6511F 
 384      3A120D25 
 384      CA9188E2 
 384      31DA
 385 1156 C0BF3225 		.ascii	"\300\2772%\2268F\"R\235x\322j]C\251\211c\343x\037\024"
 385      96384622 
 385      529D78D2 
 385      6A5D43A9 
 385      8963E378 
 386 116c CBCF4031 		.ascii	"\313\317@1\000\321\000\353y\305\204\253\227%D\270Jp"
 386      00D100EB 
 386      79C584AB 
 386      972544B8 
 386      4A70
 387 117e CD8DE765 		.ascii	"\315\215\347e\332u\252\264\212\200,\241\001\011$\023"
 387      DA75AAB4 
 387      8A802CA1 
 387      01092413 
 388 118e 7FA18F3E 		.ascii	"\177\241\217>x0\321\315\361\372\221\313\036#\001\224"
 388      7830D1CD 
 388      F1FA91CB 
 388      1E230194 
 389 119e 7D9DE254 		.ascii	"}\235\342TBc\011\211\266x \025yG\264\021y\366A\357I"
 389      42630989 
 389      B6782015 
 389      7947B411 
 389      79F641EF 
 390 11b3 EE6998E2 		.ascii	"\356i\230\3424\350\361\274r\3207\362\366A\177\332w\324"
 390      34E8F1BC 
 390      72D037F2 
 390      F6417FDA 
 390      77D4
 391 11c5 8453D9F8 		.ascii	"\204S\331\370\335\260\035\337\341\356\324\213\230+\367"
 391      DDB01DDF 
 391      E1EED48B 
 391      982BF7
 392 11d4 4A72F4EA 		.ascii	"Jr\364\352\216\030\212Ex;\353\226\236\227sh\012\316"
 392      8E188A45 
 392      783BEB96 
 392      9E977368 
 392      0ACE
 393 11e6 61486C62 		.ascii	"aHlb\3671=\336\315\020\333X\326K\035>D\021]\2535\367"
 393      F7313DDE 
 393      CD10DB58 
 393      D64B1D3E 
 393      44115DAB 
 394 11fc 853B62CB 		.ascii	"\205;b\313\252\217\332>]\203R%\3433\301\370t0z+@\006"
 394      AA8FDA3E 
 394      5D835225 
 394      E333C1F8 
 394      74307A2B 
ARM GAS  C:\Users\ajink\AppData\Local\Temp\ccMZiH07.s 			page 31


 395 1212 401AC016 		.ascii	"@\032\300\026^\261\243\031\036.{\273\344\200X\271\016"
 395      5EB1A319 
 395      1E2E7BBB 
 395      E48058B9 
 395      0E
 396 1223 D35F5F36 		.ascii	"\323__6\203\027H_\251\346e\321\321$\227\345\211tc@("
 396      8317485F 
 396      A9E665D1 
 396      D12497E5 
 396      89746340 
 397 1238 53D428DF 		.ascii	"S\324(\337sT\373\361R\265\017\226\242d\211t\322mr\034"
 397      7354FBF1 
 397      52B50F96 
 397      A2648974 
 397      D26D721C 
 398 124c DDA5822B 		.ascii	"\335\245\202+Q\242*\251\274\211H\220\352s\242\301&5"
 398      51A22AA9 
 398      BC894890 
 398      EA73A2C1 
 398      2635
 399 125e 0DE4E089 		.ascii	"\015\344\340\211\245o\261\245\252\304\016\272u\344\331"
 399      A56FB1A5 
 399      AAC40EBA 
 399      75E4D9
 400 126d 650E3FA1 		.ascii	"e\016?\241\336\344\2541\251\365\356\366\354\223\276"
 400      DEE4AC31 
 400      A9F5EEF6 
 400      EC93BE
 401 127c 528FB280 		.ascii	"R\217\262\200\34769\032Ry\225\334\3438\021\331\016\016"
 401      E736391A 
 401      527995DC 
 401      E33811D9 
 401      0E0E
 402 128e FE2ECE26 		.ascii	"\376.\316&\323\275;&g\212\364^\233h\235\214\213\346"
 402      D3BD3B26 
 402      678AF45E 
 402      9B689D8C 
 402      8BE6
 403 12a0 552C9E9F 		.ascii	"U,\236\237\214\270\300;\305\325\016\247h\314v\304\325"
 403      8CB8C03B 
 403      C5D50EA7 
 403      68CC76C4 
 403      D5
 404 12b1 40E6A638 		.ascii	"@\346\2468\035^\357\305J\321\210\246\014\017\234@\221"
 404      1D5EEFC5 
 404      4AD188A6 
 404      0C0F9C40 
 404      91
 405 12c2 9F75ED8F 		.ascii	"\237u\355\217\031\340h}\346\015!\304CY&\314\340\275"
 405      19E0687D 
 405      E60D21C4 
 405      435926CC 
 405      E0BD
 406 12d4 5981E63D 		.ascii	"Y\201\346=\343\255\267\350\361.|\011\344\010\330G\372"
 406      E3ADB7E8 
 406      F12E7C09 
 406      E408D847 
ARM GAS  C:\Users\ajink\AppData\Local\Temp\ccMZiH07.s 			page 32


 406      FA
 407 12e5 D9BFB13E 		.ascii	"\331\277\261>\367OO#\304\204\037\320\227>O#\214\212"
 407      F74F4F23 
 407      C4841FD0 
 407      973E4F23 
 407      8C8A
 408 12f7 65CFBB8C 		.ascii	"e\317\273\214Qs\335E:\364\240\014\262\362\214r\222\312"
 408      5173DD45 
 408      3AF4A00C 
 408      B2F28C72 
 408      92CA
 409 1309 03A86F17 		.ascii	"\003\250o\0272j\362bb\216+\265\353\256\250\224\006\012"
 409      326AF262 
 409      628E2BB5 
 409      EBAEA894 
 409      060A
 410 131b 218D85ED 		.ascii	"!\215\205\355\300.~\222\365G9R}@\300\204\356\222\206"
 410      C02E7E92 
 410      F5473952 
 410      7D40C084 
 410      EE9286
 411 132e A90E9C5D 		.ascii	"\251\016\234]\013~=\016\260\033\240\012\240\034\240"
 411      0B7E3D0E 
 411      B01BA00A 
 411      A01CA0
 412 133d 1E201FE0 		.ascii	"\036 \037\3400@\031\300~\200#\374\304\303-;Gt\012\030"
 412      304019C0 
 412      7E8023FC 
 412      C4C32D3B 
 412      47740A18 
 413 1351 FD6F9852 		.ascii	"\375o\230R\223\342\251Ig\301W/\221\213I\316\323D\264"
 413      93E2A949 
 413      67C1572F 
 413      918B49CE 
 413      D344B4
 414 1364 9693BD36 		.ascii	"\226\223\27569\"\270\200\231\237\034\371NQ\324\220\367"
 414      3922B880 
 414      999F1CF9 
 414      4E51D490 
 414      F7
 415 1375 8A2A805B 		.ascii	"\212*\200[$\307+\337\030 /c\335G.\356U\256\0244\374"
 415      24C72BDF 
 415      18202F63 
 415      DD472EEE 
 415      55AE1434 
 416 138a 2FAC37C0 		.ascii	"/\2547\300\234!\312\274\220\337u\252\341\005\307\256"
 416      9C21CABC 
 416      90DF75AA 
 416      E105C7AE 
 417 139a 2CC2D652 		.ascii	",\302\326R \217\327F\327AP\324\240\312 =\347\024\244"
 417      208FD746 
 417      D74150D4 
 417      A0CA203D 
 417      E714A4
 418 13ad 077879BF 		.ascii	"\007xy\277\235(\305\312U$\240k\256\352)\354\267[5\214"
 418      9D28C5CA 
 418      5524A06B 
ARM GAS  C:\Users\ajink\AppData\Local\Temp\ccMZiH07.s 			page 33


 418      AEEA29EC 
 418      B75B358C 
 419 13c1 78A7B128 		.ascii	"x\247\261(\000\332\335\204\266P\352L\306\342<\214E."
 419      00DADD84 
 419      B650EA4C 
 419      C6E23C8C 
 419      452E
 420 13d3 F8F920C0 		.ascii	"\370\371 \300!\200\275\000%\000\247\001\012\001\216"
 420      2180BD00 
 420      2500A701 
 420      0A018E
 421 13e2 02EC04C8 		.ascii	"\002\354\004\310S\216\003{\243\204\274\237vW\335Mr\200"
 421      538E037B 
 421      A384BC9F 
 421      7657DD4D 
 421      7280
 422 13f4 D7295C10 		.ascii	"\327)\\\020\347\352\002\327\023\270nG\310&\251{K1\027"
 422      E7EA02D7 
 422      13B86E47 
 422      C826A97B 
 422      4B3117
 423 1407 1A256F40 		.ascii	"\032%o@%\201\306\261\352\314\221\363\333\311\263\236"
 423      2581C6B1 
 423      EACC91F3 
 423      DBC9B39E 
 424 1417 30562780 		.ascii	"0V'\200\244P\036\253b^qZh\033\317O\022\304\335\037\320"
 424      A4501EAB 
 424      625E715A 
 424      681BCF4F 
 424      12C4DD1F 
 425 142c 57F706A5 		.ascii	"W\367\006\245\350r\274\360\367\256\234\332U=z\014\274"
 425      E872BCF0 
 425      F7AE9CDA 
 425      553D7A0C 
 425      BC
 426 143d F8BFF1A8 		.ascii	"\370\277\361\250m\217d\015\2147\332\304\271X\243\250"
 426      6D8F640D 
 426      8C37DAC4 
 426      B958A3A8 
 427 144d 00B748C7 		.ascii	"\000\267H\3078o\360\312\227\2404\350$\377\026|\357\341"
 427      386FF0CA 
 427      97A034E8 
 427      24FF167C 
 427      EFE1
 428 145f F957D094 		.ascii	"\371W\320\224R\232\"J#\035\340\310c\223\240>6\212\205"
 428      529A224A 
 428      231DE0C8 
 428      6393A03E 
 428      368A85
 429 1472 67876370 		.ascii	"g\207cp\242]i\225sC\031\313'\234b\271\202\227OYz`\355"
 429      A25D6995 
 429      734319CB 
 429      279C62B9 
 429      82974F59 
 430 1489 2880A7C9 		.ascii	"(\200\247\311\362\017\015\273\354\303A\011Z\351\354"
 430      F20F0DBB 
 430      ECC34109 
ARM GAS  C:\Users\ajink\AppData\Local\Temp\ccMZiH07.s 			page 34


 430      5AE9EC
 431 1498 AA067744 		.ascii	"\252\006wD\311$g\234f\327A)\033\222c\317z\327\010\230"
 431      C924679C 
 431      66D74129 
 431      1B9263CF 
 431      7AD70898 
 432 14ac 70489644 		.ascii	"pH\226D\325'\014\327\253\253?a&\202Oe\232J\030U\020"
 432      D5270CD7 
 432      ABAB3F61 
 432      26824F65 
 432      9A4A1855 
 433 14c1 AF72CCAE 		.ascii	"\257r\314\256$\323LBS\252d\265\017X\325\274\226L\243"
 433      24D34C42 
 433      53AA64B5 
 433      0F58D5BC 
 433      964CA3
 434 14d4 A051AE83 		.ascii	"\240Q\256\203j\031U\363?K\247/;I\201B\336\221}*\005"
 434      6A1955F3 
 434      3F4BA72F 
 434      3B498142 
 434      DE917D2A 
 435 14e9 FC84458A 		.ascii	"\374\204E\212\275\343\236O\252\203]\023\252\003\372"
 435      BDE39E4F 
 435      AA835D13 
 435      AA03FA
 436 14f8 708C1E4B 		.ascii	"p\214\036K\025OxH\207h\277\"\3026\250\257BT\014\211"
 436      154F7848 
 436      8768BF22 
 436      C236A8AF 
 436      42540C89 
 437 150c 0D52B99D 		.ascii	"\015R\271\235\274\220\255g\307O\3645\315\322\013\205"
 437      BC90AD67 
 437      C74FF435 
 437      CDD20B85 
 438 151c 07D9F193 		.ascii	"\007\331\361\223H\337,\2742\326X\315\376\023\346?\351"
 438      48DF2CBC 
 438      32D658CD 
 438      FE13E63F 
 438      E9
 439 152d AB3B874F 		.ascii	"\253;\207O]\026\014\212\237\332\341\201\302\177\027"
 439      5D160C8A 
 439      9FDAE181 
 439      C27F17
 440 153c 79F286D0 		.ascii	"y\362\206\320\273\260\361\341\351\361\223\255\2410\225"
 440      BBB0F1E1 
 440      E9F193AD 
 440      A13095
 441 154b 9B9A2CCD 		.ascii	"\233\232,\315\337\351f\372B\365\005~\032j\340\011\371"
 441      DFE966FA 
 441      42F5057E 
 441      1A6AE009 
 441      F9
 442 155c 257EAABD 		.ascii	"%~\252\275\023=\320IK\274\355\345\\\226\362S\025\334"
 442      133DD049 
 442      4BBCEDE5 
 442      5C96F253 
 442      15DC
ARM GAS  C:\Users\ajink\AppData\Local\Temp\ccMZiH07.s 			page 35


 443 156e BF65B148 		.ascii	"\277e\261H\256D\323\241c\005\236Ts\033\373-\271\254"
 443      AE44D3A1 
 443      63059E54 
 443      731BFB2D 
 443      B9AC
 444 1580 FB197B8D 		.ascii	"\373\031{\215\364m\202\2664=\030\322\341TVaT5\017Fh"
 444      F46D82B6 
 444      343D18D2 
 444      E1545661 
 444      54350F46 
 445 1595 710E4312 		.ascii	"q\016C\022\257\335<\344\201\363\031r\252n]\203\001\027"
 445      AFDD3CE4 
 445      81F31972 
 445      AA6E5D83 
 445      0117
 446 15a7 32A42525 		.ascii	"2\244%%\247\300\023\357g\310\346\033\271c\006\\\314"
 446      A7C013EF 
 446      67C8E61B 
 446      B963065C 
 446      CC
 447 15b8 90C31531 		.ascii	"\220\303\0251\233\015\370\030C\212\317TDz\340\223\024"
 447      9B0DF818 
 447      438ACF54 
 447      447AE093 
 447      14
 448 15c9 712F4EDE 		.ascii	"q/N\336^\346\356x\017\321G:B\032\371\017\305\021\322"
 448      5EE6EE78 
 448      0FD1473A 
 448      421AF90F 
 448      C511D2
 449 15dc 75A81B3A 		.ascii	"u\250\033:&\315\330d\343~J>7q\245\215q9\020\270/\323"
 449      26CDD864 
 449      E37E4A3E 
 449      3771A58D 
 449      713910B8 
 450 15f2 B6B8D24E 		.ascii	"\266\270\322N8<\220io\250\353\240<\024\222\211\233\\"
 450      383C9069 
 450      6FA8EBA0 
 450      3C149289 
 450      9B5C
 451 1604 895D3749 		.ascii	"\211]7I\2752m\263\272\302\012\342V\231\370\232*\343"
 451      BD326DB3 
 451      BAC20AE2 
 451      5699F89A 
 451      2AE3
 452 1616 09DBBBCB 		.ascii	"\011\333\273\313\020!Wh\204tH\031\376.\314\274;0\231"
 452      10215768 
 452      84744819 
 452      FE2ECCBC 
 452      3B3099
 453 1629 6C00B700 		.ascii	"l\000\267\000\332\000Z\001\332\001n+wL-\247\350\236"
 453      DA005A01 
 453      DA016E2B 
 453      774C2DA7 
 453      E89E
 454 163b AC436D4F 		.ascii	"\254CmO\226\231\235\330\211\354\245t\337)\262\265\272"
 454      96999DD8 
ARM GAS  C:\Users\ajink\AppData\Local\Temp\ccMZiH07.s 			page 36


 454      89ECA574 
 454      DF29B2B5 
 454      BA
 455 164c 07FCAFCA 		.ascii	"\007\374\257\312\305t\207Z1m\327\006u\202\022\377\035"
 455      C574875A 
 455      316DD706 
 455      758212FF 
 455      1D
 456 165d 85C8AB32 		.ascii	"\205\310\2532\233c\263\2357\345\367\234\022t\227#\341"
 456      9B63B39D 
 456      37E5F79C 
 456      12749723 
 456      E1
 457 166e 905BD2A1 		.ascii	"\220[\322\241\252\352\373\370\024\015-.:g\244p\212\375"
 457      AAEAFBF8 
 457      140D2D2E 
 457      3A67A470 
 457      8AFD
 458 1680 AD9FF4F1 		.ascii	"\255\237\364\361\335^{\310ON\275\274\001u\363\337\365"
 458      DD5E7BC8 
 458      4F4EBDBC 
 458      0175F3DF 
 458      F5
 459 1691 D5E21E7E 		.ascii	"\325\342\036~\342\2710aA&\314\3453g0\026\337`\257I\237"
 459      E2B93061 
 459      4126CCE5 
 459      33673016 
 459      DF60AF49 
 460 16a6 B136784C 		.ascii	"\2616xL\337!V\026\365o\337\364l\325\246H1O\264\215\217"
 460      DF215616 
 460      F56FDFF4 
 460      6CD5A648 
 460      314FB48D 
 461 16bb FF90AE61 		.ascii	"\377\220\256a\350\276C\236\206\334Sy\250\217\237N\212"
 461      E8BE439E 
 461      86DC5379 
 461      A88F9F4E 
 461      8A
 462 16cc F79AA673 		.ascii	"\367\232\246s\030oa\\*\032\032\027\000\223KE\326\023"
 462      186F615C 
 462      2A1A1A17 
 462      00934B45 
 462      D613
 463 16de 87C45F45 		.ascii	"\207\304_E\211#\343\343\230f\353\007\012\006\017\354"
 463      8923E3E3 
 463      9866EB07 
 463      0A060FEC 
 464 16ee 0C1E5206 		.ascii	"\014\036R\006\245/\357\\\345\337\232l\005}DW\320?\362"
 464      A52FEF5C 
 464      E5DF9A6C 
 464      057D4457 
 464      D03FF2
 465 1701 1AE9FF7B 		.ascii	"\032\351\377{R\263ux\027\023\226\373\344Q>Q\331Zd{\264"
 465      52B37578 
 465      171396FB 
 465      E4513E51 
 465      D95A647B 
ARM GAS  C:\Users\ajink\AppData\Local\Temp\ccMZiH07.s 			page 37


 466 1716 CFAD56AC 		.ascii	"\317\255V\254\034\037\377%\241G\375\012a\375va\217\251"
 466      1C1FFF25 
 466      A147FD0A 
 466      61FD7661 
 466      8FA9
 467 1728 B0D7BFFE 		.ascii	"\260\327\277\376\377\204\247\215\305\371\027\366\"\332"
 467      FF84A78D 
 467      C5F917F6 
 467      22DA
 468 1736 48EA83A7 		.ascii	"H\352\203\247\254qo\326\0033o\257\365\006X\333\310\272"
 468      AC716FD6 
 468      03336FAF 
 468      F50658DB 
 468      C8BA
 469 1748 8D89EE93 		.ascii	"\215\211\356\223\252\377\234\252\377\214\227\364\217"
 469      AAFF9CAA 
 469      FF8C97F4 
 469      8F
 470 1755 88C9DBE0 		.ascii	"\210\311\333\340\211\0170\375\033\306\253\"\005\320"
 470      890F30FD 
 470      1BC6AB22 
 470      05D0
 471 1763 DF46FEB1 		.ascii	"\337F\376\261ml\336\246\310d\273\313\241\027\032T\030"
 471      6D6CDEA6 
 471      C864BBCB 
 471      A1171A54 
 471      18
 472 1774 31683762 		.ascii	"1h7b\210\032\321\266+o/O\365 u)3\"o\270\272k\212C\267"
 472      881AD1B6 
 472      2B6F2F4F 
 472      F5207529 
 472      33226FB8 
 473 178d 61A6DB45 		.ascii	"a\246\333E\361n\352\344\256}Iu{a\327\255\272:\001\222"
 473      F16EEAE4 
 473      AE7D4975 
 473      7B61D7AD 
 473      BA3A0192 
 474 17a1 DF69A6DB 		.ascii	"\337i\246\333\265\232\254\353L7\353PA\364t\311\271\320"
 474      B59AACEB 
 474      4C37EB50 
 474      41F474C9 
 474      B9D0
 475 17b3 038D28F4 		.ascii	"\003\215(\364\032\261\3535J\365\032>\037\275a\012>O"
 475      1AB1EB35 
 475      4AF51A3E 
 475      1FBD610A 
 475      3E4F
 476 17c5 39703B1F 		.ascii	"9p;\037W\375\302\376\242y\372"
 476      57FDC2FE 
 476      A279FA
 477 17d0 78B7D709 		.ascii	"x\267\327\011\022\273\242V@cr\354v\331\213\213\311&"
 477      12BBA256 
 477      406372EC 
 477      76D98B8B 
 477      C926
 478 17e2 081A87F0 		.ascii	"\010\032\207\360\225\347\010\310H\271|\341\260\007\276"
 478      95E708C8 
ARM GAS  C:\Users\ajink\AppData\Local\Temp\ccMZiH07.s 			page 38


 478      48B97CE1 
 478      B007BE
 479 17f1 C6641C38 		.ascii	"\306d\0348\321\366H/M\020[k5)_\"\265\006\264N\373]g"
 479      D1F6482F 
 479      4D105B6B 
 479      35295F22 
 479      B506B44E 
 480 1808 478456F5 		.ascii	"G\204V\365W\223\253W_Tc\352L2\331\230\203\223\222\036"
 480      5793AB57 
 480      5F5463EA 
 480      4C32D998 
 480      8393921E 
 481 181c 96EB681B 		.ascii	"\226\353h\033\021\021\245\245\215\015\011O\032Y#\261"
 481      1111A5A5 
 481      8D0D094F 
 481      1A5923B1 
 482 182c 6C3D6B2C 		.ascii	"l=k,)k\037\325O\352\365\015Z\342\365h\255\344\365\213"
 482      296B1FD5 
 482      4FEAF50D 
 482      5AE2F568 
 482      ADE4F58B 
 483 1840 A7CBB678 		.ascii	"\247\313\266x\341;\314\353O\033\3733\265\324\353\266"
 483      E13BCCEB 
 483      4F1BFB33 
 483      B5D4EBB6 
 484 1850 F8F81AC1 		.ascii	"\370\370\032\301\312\334N\373\240\030\255\354w\270g"
 484      CADC4EFB 
 484      A018ADEC 
 484      77B867
 485 185f 7E8FD512 		.ascii	"~\217\325\022\277_\214L\177&\340!\306\343PfV\023\367"
 485      BF5F8C4C 
 485      7F26E021 
 485      C6E35066 
 485      5613F7
 486 1872 E31C1255 		.ascii	"\343\034\022U\215\365/|SD\210*\261\177\374\227?\244"
 486      8DF52F7C 
 486      5344882A 
 486      B17FFC97 
 486      3FA4
 487 1884 A5611CE3 		.ascii	"\245a\034\343\342(\2435\244\205\262\212\327\376\030"
 487      E228A335 
 487      A485B28A 
 487      D7FE18
 488 1893 7A473FEA 		.ascii	"zG?\352\3556\3401\306\312\376\217M\323\331?6\3256d\236"
 488      ED36E031 
 488      C6CAFE8F 
 488      4DD3D93F 
 488      36D53664 
 489 18a8 77FBF34B 		.ascii	"w\373\363K1F\204\024Q2\215\026K\220\003\250\031\275"
 489      31468414 
 489      51328D16 
 489      4B9003A8 
 489      19BD
 490 18ba F72E8D7A 		.ascii	"\367.\215z\322g\326E\264 {(=x0r{?G\377\313\021\334A"
 490      D267D645 
 490      B4207B28 
 490      3D783072 
ARM GAS  C:\Users\ajink\AppData\Local\Temp\ccMZiH07.s 			page 39


 490      7B3F47FF 
 491 18d2 DD9376A6 		.ascii	"\335\223v\246\257\216\247-yb\277\216\312\031j\210\304"
 491      AF8EA72D 
 491      7962BF8E 
 491      CA196A88 
 491      C4
 492 18e3 124D25FD 		.ascii	"\022M%\375\377\333\324\244\326\235n\264e\023\355\323"
 492      FFDBD4A4 
 492      D69D6EB4 
 492      6513EDD3 
 493 18f3 5B78602B 		.ascii	"[x`+\242x\357\345\264\243T9\353\235\007\333\321GG\304"
 493      A278EFE5 
 493      B4A35439 
 493      EB9D07DB 
 493      D14747C4 
 494 1907 18EB0D44 		.ascii	"\030\353\015Dwp\244\036{\002f\221\232l\243v\032\255"
 494      7770A41E 
 494      7B026691 
 494      9A6CA376 
 494      1AAD
 495 1919 CB12B57F 		.ascii	"\313\022\265\177\246\265Y\022\\I}F\306\230\324h\311"
 495      A6B55912 
 495      5C497D46 
 495      C698D468 
 495      C9
 496 192a F09CD469 		.ascii	"\360\234\324i\233\340zXj'\365Z\012\340\244f\333\014"
 496      9BE07A58 
 496      6A27F55A 
 496      0AE0A466 
 496      DB0C
 497 193c 57A8DB50 		.ascii	"W\250\333P\252\226\306C\345\340\275\035\002\370\364"
 497      AA96C643 
 497      E5E0BD1D 
 497      02F8F4
 498 194b 92D5569F 		.ascii	"\222\325V\237\242\255\214\022\305\261\361q&5Ar\250\274"
 498      A2AD8C12 
 498      C5B1F171 
 498      26354172 
 498      A8BC
 499 195d 8F4F200E 		.ascii	"\217O \016E[\264\037iP\032\365i\311\245\303e\010\307"
 499      455BB41F 
 499      69501AF5 
 499      69C9A5C3 
 499      6508C7
 500 1970 FE05FB6D 		.ascii	"\376\005\373m\353`\355FO`Ui\265\235\373I\255H'<-s\266"
 500      EB60ED46 
 500      4F605569 
 500      B59DFB49 
 500      AD48273C 
 501 1987 4A8CE4EA 		.ascii	"J\214\344\352h\25342\351\224\313\341+\3616w\234\302"
 501      68AB3432 
 501      E994CBE1 
 501      2BF13677 
 501      9CC2
 502 1999 B8543777 		.ascii	"\270T7w'\350~\270\345/\262D=\365rR\331\261f\362\012"
 502      27E87EB8 
 502      E52FB244 
ARM GAS  C:\Users\ajink\AppData\Local\Temp\ccMZiH07.s 			page 40


 502      3DF57252 
 502      D9B166F2 
 503 19ae 660F62FF 		.ascii	"f\017b\377hv\366t\314a\003H\261\346\332\266\027\005"
 503      6876F674 
 503      CC610348 
 503      B1E6DAB6 
 503      1705
 504 19c0 38142639 		.ascii	"8\024&9/C\222#G$i\311\324B\332\331\246%g=T\332.\261"
 504      2F439223 
 504      472469C9 
 504      D442DAD9 
 504      A625673D 
 505 19d8 6280C359 		.ascii	"b\200\303YL\332X\321\300&-\345V\271\233\246u\231[\326"
 505      4CDA58D1 
 505      C0262DE5 
 505      56B99BA6 
 505      75995BD6 
 506 19ec 046E59D4 		.ascii	"\004nY\324|\312j\007e\025?|\375\264\336i\011\354q\372"
 506      7CCA6A07 
 506      65153F7C 
 506      FDB4DE69 
 506      09EC71FA 
 507 1a00 AF3A581F 		.ascii	"\257:X\037\251\231p\005\352\361\003{V:\021\223\330\227"
 507      A9997005 
 507      EAF1037B 
 507      563A1193 
 507      D897
 508 1a12 89AD12B1 		.ascii	"\211\255\022\261\225\022\347\365\0358\3169Q\277t*\347"
 508      9512E7F5 
 508      1D38CE39 
 508      51BF742A 
 508      E7
 509 1a23 7324EA1C 		.ascii	"s$\352\034J\235\362\304\366\320\371t\352\271\023u\256"
 509      4A9DF2C4 
 509      F6D0F974 
 509      EAB91375 
 509      AE
 510 1a34 444DAEEE 		.ascii	"DM\256\356\363\026\314_`\016\374\332dv\373\364w\177"
 510      F316CC5F 
 510      600EFCDA 
 510      6476FBF4 
 510      777F
 511 1a46 983E5F63 		.ascii	"\230>_c\360\013\360\017\267\370YLF\213\001\236\031\377"
 511      F00BF00F 
 511      B7F8594C 
 511      468B019E 
 511      19FF
 512 1a58 F0BBCF7E 		.ascii	"\360\273\317~\367\331R=\271]\262t\321bBo\364\375d\336"
 512      F7D9523D 
 512      B95DB274 
 512      D162426F 
 512      F4FD64DE 
 513 1a6c 827FA24F 		.ascii	"\202\177\242O\347\315_\372\331?~\"\220\333\371\213\276"
 513      E7CD5FFA 
 513      D93F7E22 
 513      90DBF98B 
 513      BE
ARM GAS  C:\Users\ajink\AppData\Local\Temp\ccMZiH07.s 			page 41


 514 1a7d 5CFCC527 		.ascii	"\\\374\305'K?\241\024\237\370\372.\362}g\346\314Y\360"
 514      4B3FA114 
 514      9FF8FA2E 
 514      F27D67E6 
 514      CC59F0
 515 1a90 E7BF2A70 		.ascii	"\347\277*py`h\370\334Y\241\341\263V\371\005\315\012"
 515      796068F8 
 515      DC59A1E1 
 515      B356F905 
 515      CD0A
 516 1aa2 0CF10F5A 		.ascii	"\014\361\017Z\035`\232\005\202f\256\322h\2510\375\352"
 516      1D609A05 
 516      8266AED2 
 516      68A930FD 
 516      EA
 517 1ab3 C010CBDC 		.ascii	"\300\020\313\3349 \323h\264\337\256\360\377\273e\264"
 517      3920D368 
 517      B4DFAEF0 
 517      FFBB65B4 
 518 1ac3 6FB86575 		.ascii	"o\270eu@`\3502KhhP\370\262\225!\253\247\323\273\351"
 518      4060E832 
 518      4B686850 
 518      F8B29521 
 518      ABA7D3BB 
 519 1ad8 7EE6E0E9 		.ascii	"~\346\340\351\246\340\345\246\200\000S\300\262\017g"
 519      A6E0E5A6 
 519      800053C0 
 519      B20F67
 520 1ae7 FE62FA9C 		.ascii	"\376b\372\234\017f\377\355Ws\227A\373\373!\241!\246"
 520      0F66FFED 
 520      57739741 
 520      FBFB21A1 
 520      21A6
 521 1af9 F74D7ECB 		.ascii	"\367M~\313\003\227I\322\226\005\373\001\257\020\323"
 521      039749D2 
 521      9605FB01 
 521      AF10D3
 522 1b08 32638069 		.ascii	"2c\200i\205\337\352 \213\321\362M\230)\034\024\370\343"
 522      85DFEA20 
 522      8BD1F24D 
 522      98291C14 
 522      F8E3
 523 1b1a FFA998F0 		.ascii	"\377\251\230\360o\302\227\031\303-\001`\0031.`up\360"
 523      6FC29719 
 523      C32D0160 
 523      03312E60 
 523      7570F0
 524 1b2d 371FA9FB 		.ascii	"7\037\251\373!,\324l\011\237\265d\351\227s\347\260\357"
 524      212CD46C 
 524      099FB564 
 524      E99773E7 
 524      B0EF
 525 1b3f DFCC5EBB 		.ascii	"\337\314^\273\226x\305\030\024\024\000\235\211#\347"
 525      9678C518 
 525      1414009D 
 525      8923E7
 526 1b4e 8786AC08 		.ascii	"\207\206\254\010\\\351\346O/\036dh\374\202\303\202`"
ARM GAS  C:\Users\ajink\AppData\Local\Temp\ccMZiH07.s 			page 42


 526      5CE9E64F 
 526      2F1E6468 
 526      FC82C382 
 526      60
 527 1b5f 6CA8C366 		.ascii	"l\250\303f\177\344p\030\271\325\261\207\341n\341\201"
 527      7FE47018 
 527      B9D5B187 
 527      E16EE181 
 528 1b6f FF062401 		.ascii	"\377\006$\001\377C\303\202\002\227/[\351\357\357b \020"
 528      FF43C382 
 528      02972F5B 
 528      E9EFEF62 
 528      2010
 529 1b81 CC9C2B9B 		.ascii	"\314\234+\233i\201^+\250\205\2460\313*\255\361\327\300"
 529      69815E2B 
 529      A885A630 
 529      CB2AADF1 
 529      D7C0
 530 1b93 52EF1F68 		.ascii	"R\357\037h\366_\035\344g\236J\214\360_\345\027\022b"
 530      F65F1DE4 
 530      679E4A8C 
 530      F05FE517 
 530      1262
 531 1ba5 0A0A3786 		.ascii	"\012\0127\206\254\0166Z\004\362mo\232\002\317\375\375"
 531      AC0E365A 
 531      04F26D6F 
 531      9A02CFFD 
 531      FD
 532 1bb6 828296FB 		.ascii	"\202\202\226\373\371\377\253\321\342f\012\0110\372/"
 532      F9FFABD1 
 532      E2660A09 
 532      30FA2F
 533 1bc5 27816732 		.ascii	"'\201g2\233C\315F\313T)\204\214\013\276\234\367\233"
 533      9B43CD46 
 533      CB542984 
 533      8C0BBE9C 
 533      F79B
 534 1bd7 799F7DF1 		.ascii	"y\237}\361\007\337O\246\332\237\312\375\364\214\332"
 534      07DF4FA6 
 534      DA9FCAFD 
 534      F48CDA
 535 1be6 7F39F637 		.ascii	"\1779\3667\317\006\230\243\015\017\0163\317\246\337"
 535      CF0698A3 
 535      0D0F0E33 
 535      CFA6DF
 536 1bf5 73F8F0AF 		.ascii	"s\370\360\257\314\263\311\027\275\233;\225\371\022\302"
 536      CCB3C917 
 536      BD9B3B95 
 536      F912C2
 537 1c04 3C3C3034 		.ascii	"<<04\344Ss\350\3520~\2459,LoYe6\371\005\030-\356\376"
 537      E45373E8 
 537      EA307EA5 
 537      392C4C6F 
 537      596536F9 
 538 1c1d AB8CECDE 		.ascii	"\253\214\354\336-\314\030bZk\201K\230\331\364\265\316"
 538      2DCC1862 
 538      5A6B814B 
ARM GAS  C:\Users\ajink\AppData\Local\Temp\ccMZiH07.s 			page 43


 538      98D9F4B5 
 538      CE
 539 1c2e 12660E0C 		.ascii	"\022f\016\0145Z\376n\342\030\232-\322\020\316\363\375"
 539      355AFE6E 
 539      E2189A2D 
 539      D210CEF3 
 539      FD
 540 1c3f 72FE976B 		.ascii	"r\376\227kg\371\207\006\207\005\006\201\204Y\237\316"
 540      67F98706 
 540      87050681 
 540      84599FCE 
 541 1c4f 9F0F94F6 		.ascii	"\237\017\224\366\000\243\234\002Cu0\210\026`\354A:\031"
 541      00A39C02 
 541      43753088 
 541      1660EC41 
 541      3A19
 542 1c61 61C8FC2D 		.ascii	"a\310\374-k\365f\323Jp\263\321\3627\337\201\375*\377"
 542      6BF566D3 
 542      4A70B3D1 
 542      F237DF81 
 542      FD2AFF
 543 1c74 50B309F8 		.ascii	"P\263\011\370q\346\0179\363\337r\346\2178\363\3179\363"
 543      71E60F39 
 543      F3DF72E6 
 543      8F38F3CF 
 543      39F3
 544 1c86 C79CF917 		.ascii	"\307\234\371\027\330<\373\003\200\331\\\220y\326wed"
 544      D83CFB03 
 544      80D95C90 
 544      79D67765 
 544      64
 545 1c97 FCFAE7C1 		.ascii	"\374\372\347\301\300\014\272\315\325\206\031A\027\035"
 545      C00CBACD 
 545      D5861941 
 545      171D
 546 1ca5 B17B8DC9 		.ascii	"\261{\215\311\014\327\320\240\000\223\231\207\3212\023"
 546      0CD7D0A0 
 546      00939987 
 546      D13213
 547 1cb4 67F8059B 		.ascii	"g\370\005\233\364\026)%\350H\254}\014\356bQ\007w@N\237"
 547      F4162925 
 547      E848AC7D 
 547      0CEE6251 
 547      0777404E 
 548 1cc9 E92CC1A1 		.ascii	"\351,\301\241\001&\212\257\010\362[\031\256\263\230"
 548      01268AAF 
 548      08F25B19 
 548      AEB398
 549 1cd8 4D2BC28D 		.ascii	"M+\302\215\304\217\344F\033\034\276\022\036JS\033\272"
 549      C48FE446 
 549      1B1CBE12 
 549      1E4A531B 
 549      BA
 550 1ce9 4B776EE6 		.ascii	"Kwn\346\200o\340\221\336\2646\320\342\017\014\334\326"
 550      806FE091 
 550      DEB436D0 
 550      E20F0CDC 
ARM GAS  C:\Users\ajink\AppData\Local\Temp\ccMZiH07.s 			page 44


 550      D6
 551 1cfa 584297FF 		.ascii	"XB\227\377)L\273\306b1\207\0110(\341\246`\277\260U\240"
 551      294CBBC6 
 551      62318709 
 551      3028E1A6 
 551      60BFB055 
 552 1d0f B0171B9E 		.ascii	"\260\027\033\236p\343W\253M\253A\320\033\216\021\223"
 552      70E357AB 
 552      4DAB41D0 
 552      1B8E1193 
 553 1d1f 9A74D255 		.ascii	"\232t\322U\353\037\002\263[\033n\204+\260\003\006az"
 553      EB1F02B3 
 553      5B1B6E84 
 553      2BB00306 
 553      617A
 554 1d31 A00D5E0D 		.ascii	"\240\015^\015\336\327\005K\264\301\306\3205!`,m\005"
 554      DED7054B 
 554      B4C1C6D0 
 554      3521602C 
 554      6D05
 555 1d43 3582D9A0 		.ascii	"5\202\331\240\257\261\004[\326\206y\230\2766\205X\202"
 555      AFB1045B 
 555      D6867998 
 555      BE368558 
 555      82
 556 1d54 FDC26974 		.ascii	"\375\302it\256!78\314\270\332\323..\010\246\224\321"
 556      AE213738 
 556      CCB8DAD3 
 556      2E2E08A6 
 556      94D1
 557 1d66 E2A55080 		.ascii	"\342\245P\200\264\270\207\031\327\370\005Z\002CV\032"
 557      B4B88719 
 557      D7F8055A 
 557      0243561A 
 558 1d76 C28C6013 		.ascii	"\302\214`\023S\206\336B\203)\014\302\034\236\001\025"
 558      5386DE42 
 558      83290CC2 
 558      1C9E0115 
 559 1d86 8820F406 		.ascii	"\210 \364\006\342\031\277 \032\033\320\030\0063h\252"
 559      E219BF20 
 559      1A1BD018 
 559      063368AA 
 560 1d96 148EE031 		.ascii	"\024\216\3401\223\331\024\342\017f\372\250\016\250="
 560      93D914E2 
 560      0F66FAA8 
 560      0EA83D
 561 1da5 87FAAF0A 		.ascii	"\207\372\257\012\367_E\222\305O^C\0062\201\352g\257"
 561      F75F4592 
 561      C54F5E43 
 561      063281EA 
 561      67AF
 562 1db7 63F64DB8 		.ascii	"c\366M\270=j_\307\020\334Jb\233)\254\245n\364 \323v"
 562      3D6A5FC7 
 562      10DC4A62 
 562      9B29ACA5 
 562      6EF420D3 
 563 1dcc 29F45F60 		.ascii	")\364_`Z\301-\361\305\363}g\003\314\321.\371r\261\357"
ARM GAS  C:\Users\ajink\AppData\Local\Temp\ccMZiH07.s 			page 45


 563      5AC12DF1 
 563      C5F37D67 
 563      03CCD12E 
 563      F972B1EF 
 564 1de0 6CFA3D47 		.ascii	"l\372=G\373\371\242\337\300=\371f\367s\351\367\207x"
 564      FBF9A2DF 
 564      C03DF966 
 564      F773E9F7 
 564      8778
 565 1df2 E1525FFC 		.ascii	"\341R_\374\305R_~\311\357}g\223\2579\344k.\3779|\363"
 565      C5525F7E 
 565      C9EF7D67 
 565      93AF39E4 
 565      6B2EFF39 
 566 1e08 9F2F8036 		.ascii	"\237/\2006\370\232C\276\346\222\257\017\271\005\276"
 566      F89A43BE 
 566      E692AF0F 
 566      B905BE
 567 1e17 2A530646 		.ascii	"*S\006Fp\326\374/\227|\266\004\362\351\254pK\360\334"
 567      70D6FC2F 
 567      977CB604 
 567      F2E9AC70 
 567      4BF0DC
 568 1e2a 392B667F 		.ascii	"9+f\177@\354\306\220=\274!\231\030\347\263\014d\327"
 568      40ECC690 
 568      3DBC2199 
 568      18E7B30C 
 568      64D7
 569 1e3c 12CF9FEF 		.ascii	"\022\317\237\357\253\235\377\273\005 x\376\342y\360"
 569      AB9DFFBB 
 569      052078FE 
 569      E279F0
 570 1e4b F5E53C5F 		.ascii	"\365\345<_\235\224\245\370\300\025\376f\267\300\360"
 570      9D94A5F8 
 570      C015FE66 
 570      B7C0F0
 571 1e5a 55812B2C 		.ascii	"U\201+,\356\341\246\240\025\201!\001\246\265n_\233\374"
 571      EEE1A6A0 
 571      15812101 
 571      A6B56E5F 
 571      9BFC
 572 1e6c 2DA1E68F 		.ascii	"-\241\346\217\377;)\235jb\014\010\366\003M\246:\020"
 572      FF3B299D 
 572      6A620C08 
 572      F6034DA6 
 572      3A10
 573 1e7e 9836E03A 		.ascii	"\2306\340:\230\373n\200\204[\302tp!SH\370t\361g\213"
 573      98FB6E80 
 573      845BC274 
 573      70215348 
 573      F874F167 
 574 1e93 64057DBF 		.ascii	"d\005}\277\000X\210?[\340\213\027-\360\345\177\275\304"
 574      0058883F 
 574      5BE08B17 
 574      2DF0E57F 
 574      BDC4
 575 1ea5 D717FFDA 		.ascii	"\327\027\377\332\327\227\377b\376o}\365\201\241l\322"
ARM GAS  C:\Users\ajink\AppData\Local\Temp\ccMZiH07.s 			page 46


 575      D797FF62 
 575      FE6F7DF5 
 575      81A16CD2 
 576 1eb5 FDFCF5EA 		.ascii	"\375\374\365\352|\361\305\202Y\204\363\327\263g\205"
 576      7CF1C582 
 576      5984F3D7 
 576      B36785
 577 1ec4 F905494B 		.ascii	"\371\005IK\214\207\"\021\353\341>p\305L\177\315\033"
 577      8C872211 
 577      EBE13E70 
 577      C54C7FCD 
 577      1B
 578 1ed5 AEA956F7 		.ascii	"\256\251V\367YH\240e^\200?\311\301K,~f\213\234I\365"
 578      5948A065 
 578      5E803FC9 
 578      C14B2C7E 
 578      668B9C49 
 579 1eea F6264360 		.ascii	"\366&C`(\221\026\010\251T`\267l\372|\337(I\203\211l"
 579      28911608 
 579      A95460B7 
 579      6CFA7CDF 
 579      28498389 
 580 1eff 5949F22E 		.ascii	"YI\362.\321XK\252\216\331$\343C\022\366_\261r\216^Z"
 580      D1584BAA 
 580      8ED924E3 
 580      4312F65F 
 580      B1728E5E 
 581 1f14 BAE67021 		.ascii	"\272\346p!ku3\227\207\207\317\014Y\313\205|\363_\207"
 581      6B753397 
 581      8787CF0C 
 581      59CB857C 
 581      F35F87
 582 1f27 9D8406   		.ascii	"\235\204\006"
 583              		.text
 584              		.section	.gnu.lto_.symtab.ac90520d,"",%progbits
 585 0000 6E780000 		.ascii	"nx\000\000\000\000\000\000\000\000\000\000\000\000\234"
 585      00000000 
 585      00000000 
 585      00009C
 586 000f 0200006E 		.ascii	"\002\000\000ny\000\000\000\000\000\000\000\000\000\000"
 586      79000000 
 586      00000000 
 586      000000
 587 001e 00009E02 		.ascii	"\000\000\236\002\000\000InitAdc\000\000\000\000\000"
 587      0000496E 
 587      69744164 
 587      63000000 
 587      0000
 588 0030 00000000 		.ascii	"\000\000\000\000\000\000\000q\002\000\000ADCD1\000\000"
 588      00000071 
 588      02000041 
 588      44434431 
 588      0000
 589 0042 02000000 		.ascii	"\002\000\000\000\000\000\000\000\000\000\213\002\000"
 589      00000000 
 589      00008B02 
 589      00
ARM GAS  C:\Users\ajink\AppData\Local\Temp\ccMZiH07.s 			page 47


 590 004f 00616463 		.ascii	"\000adcStartConversion\000\000\002\000\000\000\000\000"
 590      53746172 
 590      74436F6E 
 590      76657273 
 590      696F6E00 
 591 006a 00000000 		.ascii	"\000\000\000\000x\002\000\000adcStart\000\000\002\000"
 591      78020000 
 591      61646353 
 591      74617274 
 591      00000200 
 592 007e 00000000 		.ascii	"\000\000\000\000\000\000\000\000}\002\000\000_pal_l"
 592      00000000 
 592      7D020000 
 592      5F70616C 
 592      5F6C
 593 0090 6C645F73 		.ascii	"ld_setgroupmode\000\000\002\000\000\000\000\000\000"
 593      65746772 
 593      6F75706D 
 593      6F646500 
 593      00020000 
 594 00a8 00000089 		.ascii	"\000\000\000\211\002\000\000"
 594      020000
 595              		.text
 596              		.section	.gnu.lto_.opts,"",%progbits
 597 0000 272D666E 		.ascii	"'-fno-trapv' '-mcpu=cortex-m3' '-mno-thumb-interwor"
 597      6F2D7472 
 597      61707627 
 597      20272D6D 
 597      6370753D 
 598 0033 6B272027 		.ascii	"k' '-mthumb' '-ggdb' '-O2' '-fomit-frame-pointer' '"
 598      2D6D7468 
 598      756D6227 
 598      20272D67 
 598      67646227 
 599 0066 2D66616C 		.ascii	"-falign-functions=16' '-ffunction-sections' '-fdata"
 599      69676E2D 
 599      66756E63 
 599      74696F6E 
 599      733D3136 
 600 0099 2D736563 		.ascii	"-sections' '-fno-common' '-flto'\000"
 600      74696F6E 
 600      73272027 
 600      2D666E6F 
 600      2D636F6D 
 601              		.text
 602              		.comm	__gnu_lto_v1,1,1
 603              		.comm	__gnu_lto_slim,1,1
 604              		.ident	"GCC: (GNU Tools for ARM Embedded Processors) 4.9.3 20150529 (release) [ARM/embedded-4_9-br
ARM GAS  C:\Users\ajink\AppData\Local\Temp\ccMZiH07.s 			page 48


DEFINED SYMBOLS
                            *ABS*:00000000 adcif.c
                            *COM*:00000001 __gnu_lto_v1
                            *COM*:00000001 __gnu_lto_slim

NO UNDEFINED SYMBOLS
