ARM GAS  C:\Users\ajink\AppData\Local\Temp\cccR2OSo.s 			page 1


   1              		.syntax unified
   2              		.cpu cortex-m3
   3              		.fpu softvfp
   4              		.eabi_attribute 20, 1
   5              		.eabi_attribute 21, 1
   6              		.eabi_attribute 23, 3
   7              		.eabi_attribute 24, 1
   8              		.eabi_attribute 25, 1
   9              		.eabi_attribute 26, 1
  10              		.eabi_attribute 30, 2
  11              		.eabi_attribute 34, 1
  12              		.eabi_attribute 18, 4
  13              		.thumb
  14              		.file	"hal.c"
  15              		.text
  16              	.Ltext0:
  17              		.section	.gnu.lto_.profile.ac99a4a7,"",%progbits
  18 0000 789C6366 		.ascii	"x\234cf```a\200\000F\206Xn\000\0019\000q"
  18      60606061 
  18      80004686 
  18      586E0001 
  18      390071
  19              		.text
  20              		.section	.gnu.lto_.jmpfuncs.ac99a4a7,"",%progbits
  21 0000 789C6366 		.ascii	"x\234cf\300\016\264\2404#B\210\221\351#\023\343\264"
  21      C00EB4A0 
  21      34234288 
  21      91E92313 
  21      E3B4
  22 0012 FE2B3B98 		.ascii	"\376+;\230k\1777\314h\340\370\311\304\360\227\011$\276"
  22      6B7F37CC 
  22      68E0F8C9 
  22      C4F09709 
  22      24BE
  23 0024 9CB11648 		.ascii	"\234\261\026H\001\000\302\372\012\022"
  23      0100C2FA 
  23      0A12
  24              		.text
  25              		.section	.gnu.lto_.inline.ac99a4a7,"",%progbits
  26 0000 789C6366 		.ascii	"x\234cf\300\016\234\2414#\003\003\357] \311\004d\263"
  26      C00E9CA1 
  26      34230303 
  26      EF5D20C9 
  26      0464B3
  27 0013 2D906702 		.ascii	"-\220g\002\213q\021$\230\270AZ\301L\006\000\203\316"
  27      8B711124 
  27      98B8415A 
  27      C14C0600 
  27      83CE
  28 0025 0262     		.ascii	"\002b"
  29              		.text
  30              		.section	.gnu.lto_.pureconst.ac99a4a7,"",%progbits
  31 0000 789C6366 		.ascii	"x\234cf```f\200\000F\006\011\000\000x\000 "
  31      60606066 
  31      80004606 
  31      09000078 
  31      0020
ARM GAS  C:\Users\ajink\AppData\Local\Temp\cccR2OSo.s 			page 2


  32              		.text
  33              		.section	.gnu.lto_halInit.ac99a4a7,"",%progbits
  34 0000 789C75D1 		.ascii	"x\234u\321OK\002A\030\006\360\367\231\325uK\202\350"
  34      4F4B0241 
  34      1806F0F7 
  34      99D5754B 
  34      82E8
  35 0012 149EA28B 		.ascii	"\024\236\242\2137\367\320\267\350\344W(/\012\201\220"
  35      37F7D0B7 
  35      E8E45728 
  35      2F0A8190 
  36 0022 E7C5DDF4 		.ascii	"\347\305\335\364\320)%D\204\250\016\021i\226\226\375"
  36      D0292544 
  36      84A80E11 
  36      699696FD 
  37 0032 F3E0613F 		.ascii	"\363\340a?A\022Fu\220\272\030\324-\361$!\366\316\032"
  37      41124675 
  37      90BA18D4 
  37      2DF12421 
  37      F6CE1A
  38 0045 B190BBEC 		.ascii	"\261\220\273\354\362\316\316\363\233\231\027F\241\377"
  38      F2CECEF3 
  38      9B991746 
  38      A1FF
  39 0053 4F88BFA8 		.ascii	"O\210\277\250 Z\346\012\205 \362\367D\226&\0009 PZ "
  39      205AE60A 
  39      8520F2F7 
  39      44962600 
  39      3920505A 
  40 0068 8D4FD117 		.ascii	"\215O\321\027\310\333\325R0|l\232\346\327V\333\212\332"
  40      C8DBD552 
  40      307C6C9A 
  40      E6D756DB 
  40      8ADA
  41 007a 18F2BA81 		.ascii	"\030\362\272\201\230\354\203\023\204\211Q?;z\016\252"
  41      98EC8313 
  41      8489513F 
  41      3B7A0EAA 
  42 008a 5946F393 		.ascii	"YF\363\223\014e\250\340Z_\260\315\361\370\250\330\352"
  42      0C65A8E0 
  42      5A5FB0CD 
  42      F1F8A8D8 
  42      EA
  43 009b F882443D 		.ascii	"\370\202D=\216\344\001\357B\310\252t\221\261Gs\322\312"
  43      8EE401EF 
  43      42C8AA74 
  43      91B14773 
  43      D2CA
  44 00ad 4D0E3A3B 		.ascii	"M\016:;5a|\233\333\2466\024\030\010^\217\012\014\032"
  44      35617C9B 
  44      DBA63614 
  44      18085E8F 
  44      0A0C1A
  45 00c0 B2EE226B 		.ascii	"\262\356\"k\357\252S\2452\340\234p\312\222\243b\356"
  45      EFAA53A5 
  45      32E09C70 
  45      CA92A362 
ARM GAS  C:\Users\ajink\AppData\Local\Temp\cccR2OSo.s 			page 3


  45      EE
  46 00d1 B1A97054 		.ascii	"\261\251pT\222\221o${\341\331\267^\373A\373\020<\343"
  46      92916F24 
  46      7BE1D9B7 
  46      5EFB41FB 
  46      103CE3
  47 00e4 FC567285 		.ascii	"\374Vr\205&\366\261g\345\245\362\243\012\003g\0109\331"
  47      26F6B167 
  47      E5A5F2A3 
  47      0A036708 
  47      39D9
  48 00f6 61AF5C0A 		.ascii	"a\257\\\012\362\006\213\214q\316\3129\0245\030C\241"
  48      F2068B8C 
  48      71CECA39 
  48      14351843 
  48      A1
  49 0107 92ECB834 		.ascii	"\222\354\2704\275\017\356X\341>\352\177\035g\354'O\311"
  49      BD0FEE58 
  49      E13EEA7F 
  49      1D67EC27 
  49      4FC9
  50 0119 7DE0C225 		.ascii	"}\340\302%o\003^\322\317\362\322%[\236Re\331p\311\027"
  50      6F035ED2 
  50      CFF2D225 
  50      5B9E5265 
  50      D970C917 
  51 012d 4F196079 		.ascii	"O\031`y\345\222\205Y/\251\261\274v\311\206\247\234a"
  51      E5928559 
  51      2FA9B1BC 
  51      76C986A7 
  51      9C61
  52 013f 79F32B5F 		.ascii	"y\363+_a\331w\253\216$y\353\220\267\315W\261\024\211"
  52      61D977AB 
  52      8E2479EB 
  52      90B7CD57 
  52      B11489
  53 0152 E8FCC6E2 		.ascii	"\350\374\306\342\211\365D2\265\242'Sz|mCOm\306d\215"
  53      89F54432 
  53      B5A22753 
  53      7A7C6D43 
  53      4F6DC664 
  54 0167 C4E80724 		.ascii	"\304\350\007$\216\331\220"
  54      8ED990
  55              		.text
  56              		.section	.gnu.lto_.symbol_nodes.ac99a4a7,"",%progbits
  57 0000 789C4DC8 		.ascii	"x\234M\310\273\015\302@\024D\321;^\177\326Dt@\251\317"
  57      BB0DC240 
  57      1444D13B 
  57      5E7FD644 
  57      7440A9CF 
  58 0014 81454C05 		.ascii	"\201EL\005\210\300\2458\004\36351H\016\211(\000\001"
  58      88C0A538 
  58      04F33531 
  58      480E8928 
  58      0001
  59 0026 0BC19BE4 		.ascii	"\013\301\233\344\352L\000\236\374\227me\260\032\300"
  59      EA4C009E 
ARM GAS  C:\Users\ajink\AppData\Local\Temp\cccR2OSo.s 			page 4


  59      FC976D65 
  59      B01AC0
  60 0035 8CF52652 		.ascii	"\214\365&R\354\305\334\320U\246\337O\323D4\3122\357"
  60      ECC5DCD0 
  60      55A6DF4F 
  60      D34434CA 
  60      32EF
  61 0047 8B2C789F 		.ascii	"\213,x\237e\271\367IVx\037e\245\367AVy\017\262\350\275"
  61      65B9F749 
  61      56781F65 
  61      A5F74156 
  61      790FB2E8 
  62 005c 93D5CE81 		.ascii	"\223\325\316\201\031\335\355\245@M\237\032\231R+\332"
  62      19DDEDA5 
  62      404D9F1A 
  62      99522BDA 
  63 006c FBB7255D 		.ascii	"\373\267%]jA\237\2323\245\006\332\345c\021\310\350>"
  63      6A419F9A 
  63      33A506DA 
  63      E56311C8 
  63      E83E
  64 007e E50DB37C 		.ascii	"\345\015\263|DA"
  64      4441
  65              		.text
  66              		.section	.gnu.lto_.refs.ac99a4a7,"",%progbits
  67 0000 789C6366 		.ascii	"x\234cf```c\200\000F\006&F&\006\000\000\261\000\020"
  67      60606063 
  67      80004606 
  67      26462606 
  67      0000B100 
  68              		.text
  69              		.section	.gnu.lto_.decls.ac99a4a7,"",%progbits
  70 0000 789CAD95 		.ascii	"x\234\255\225{LSW\034\307\357\351)-- F\214.\316\315"
  70      7B4C5357 
  70      1CC7EFE9 
  70      292D2D20 
  70      468C2ECE 
  71 0015 0E265936 		.ascii	"\016&Y6\245\012{d\313\226\371\332\214\211s$\333\376"
  71      A50A7B64 
  71      CB96F9DA 
  71      8C897324 
  71      DBFE
  72 0027 B2492D6D 		.ascii	"\262I-m\225&\2052\332.\372\337U\300\001\323\000:\035"
  72      95268532 
  72      DA2EFADF 
  72      55C001D3 
  72      003A1D
  73 003a 6C8B96C0 		.ascii	"l\213\226\300\006\362\022\024E\345)\216\207\316NQ\360"
  73      06F21214 
  73      45E5298E 
  73      87CE4E51 
  73      F0
  74 004b 81484B85 		.ascii	"\201HK\205\012\202\322\371\010\030\224\356w\316\275"
  74      0A82D2F9 
  74      081894EE 
  74      77CEBD
  75 005a A5A583E9 		.ascii	"\245\245\203\351\037\273\341\327s\316\275\337\337\347"
ARM GAS  C:\Users\ajink\AppData\Local\Temp\cccR2OSo.s 			page 5


  75      1FBBE1D7 
  75      73CEBDDF 
  75      DFE7
  76 0068 F738E75E 		.ascii	"\3678\347^0\3030u`n\270\326H\030\346U\3140\002X\307"
  76      30C33075 
  76      606EB8D6 
  76      4818E655 
  76      CC300258 
  77 007d 8221B02E 		.ascii	"\202!\260.\206\273\244`7\300\272\301z\300z\301\354`"
  77      86BBA460 
  77      37C0BAC1 
  77      7AC07AC1 
  77      EC60
  78 008f 0EB07E30 		.ascii	"\016\260~0'\330=\260\021\336\357\0013\375\"\276b\236"
  78      27D83DB0 
  78      11DEEF01 
  78      33FD22BE 
  78      629E
  79 00a1 3B0A760D 		.ascii	";\012v\015\314\305\363;\301\006\375\342\214\360<'\317"
  79      CCC5F33B 
  79      C106FDE2 
  79      8CF03C27 
  79      CF
  80 00b2 77F0F17A 		.ascii	"w\360\361z\371\370\335\263\304\371[\200~\2726\346\304"
  80      F9F8DDB3 
  80      C4F95B80 
  80      7EBA36E6 
  80      C4
  81 00c3 83023447 		.ascii	"\203\0024Gj\307d=\316\216\267\007\302:X\3721Y\026\344"
  81      6AC7643D 
  81      CE8EB707 
  81      C23A58FA 
  81      315916E4 
  82 00d7 F6754A97 		.ascii	"\366uJ\227\225\260,\233\3166\315\365\272U6\226fH\250"
  82      95B02C9B 
  82      CE36CDF5 
  82      BA553696 
  82      6648A8
  83 00ea DB16B21C 		.ascii	"\333\026\262\034KseH\251W0Y\332\032j\235\",Ad~\272\342"
  83      4B736548 
  83      A9573059 
  83      DA1A6A9D 
  83      222C4164 
  84 0101 B135882A 		.ascii	"\2615\210*edyf_{\256\210*\205d\331\3300\336*\305\213"
  84      65647966 
  84      5F7BAE88 
  84      2A8564D9 
  84      D830DE2A 
  85 0117 A9724FBA 		.ascii	"\251rO\272\375\274\024/\245\363\235\277\327\356\021"
  85      FDBC142F 
  85      A5F39DBF 
  85      D7EE11
  86 0126 83EC0D29 		.ascii	"\203\354\015)\015g\373\345i\241\204.I\353C\341\226\240"
  86      0D67FBE5 
  86      69A1842E 
  86      49EB43E1 
  86      96A0
ARM GAS  C:\Users\ajink\AppData\Local\Temp\cccR2OSo.s 			page 6


  87 0138 DDC916CC 		.ascii	"\335\311\026\314A\221\322B\310\3155\270\257u1\313\012"
  87      4191D242 
  87      C8CD35B8 
  87      AF7531CB 
  87      0A
  88 0149 513592A2 		.ascii	"Q5\222\242J\204\321\021\264\214\224L\274\311\225\316"
  88      4A84D111 
  88      B48C944C 
  88      BCC995CE 
  89 0159 B2BBD8EC 		.ascii	"\262\273\330\354\024V\322>\207A\345h\021\252@\213\030"
  89      1456D23E 
  89      8741E568 
  89      11AA408B 
  89      18
  90 016a 741C4582 		.ascii	"t\034E\202\202jQ\025\334<\0067\001\334\362\254!5\000"
  90      826A5115 
  90      DC3C0637 
  90      01DCF2AC 
  90      213500
  91 017d 49236776 		.ascii	"I#gv:9\203\023M\341h\332\276\005$\205\023\220\302Qo"
  91      3A398313 
  91      4DE168DA 
  91      BE052485 
  91      1390C251 
  92 0192 0A90D154 		.ascii	"\012\220\321T\323\252-em\030?B\264\302')Y6\021\036\343"
  92      D3AA2D65 
  92      6D183F42 
  92      B4C22729 
  92      5936111E 
  93 01a7 168FC6CE 		.ascii	"\026\217\306\316\226\007\340\011nQx\340`Y\000mQ ,\003"
  93      9607E009 
  93      6E5178E0 
  93      6059006D 
  93      51202C03 
  94 01bb 861DDFF7 		.ascii	"\206\035\337\367KQxXxx\244\005Rr\271\333z\347\347\261"
  94      4B517858 
  94      7878A405 
  94      5272B9DB 
  94      7AE7E7B1 
  95 01cf 96664443 		.ascii	"\226fDC\325@\250:\024\346M\360\255E\020\365m\370ar "
  95      D540A83A 
  95      14E64DF0 
  95      AD4510F5 
  95      6DF86172 
  96 01e4 2D369B65 		.ascii	"-6\233eW\231\030T\002\217K\021yD\304\220\033j\204Bj"
  96      57991854 
  96      028F4B11 
  96      7944C490 
  96      1B6A8442 
  97 01f9 51386A00 		.ascii	"Q8j\000\253G\3414G\302\267L\036cW\245b\012?\355\017"
  97      AB47E134 
  97      47C2B74C 
  97      1E6357A5 
  97      620A3FED 
  98 020e 3F83A6E8 		.ascii	"?\203\246\350T\373\314\253=5c\"\345\304\2016\310>\036"
  98      54FBCCAB 
  98      3D356322 
ARM GAS  C:\Users\ajink\AppData\Local\Temp\cccR2OSo.s 			page 7


  98      E5C48136 
  98      C83E1E
  99 0221 1D48040C 		.ascii	"\035H\004\014\337\231\251\263$\330}\330Z*@\221aT\345"
  99      DF99A9B3 
  99      24D87DD8 
  99      5A2A4091 
  99      6154E5
 100 0234 16217416 		.ascii	"\026!t\0260e\336\026\022'z\315T\020j\202:\376\253&h"
 100      3065DE16 
 100      12277ACD 
 100      54106A82 
 100      3AFEAB26 
 101 0249 68D773EB 		.ascii	"h\327s\353\353\270F@\233k\177\236]\035\200\033\270\305"
 101      EBB84640 
 101      9B6B7F9E 
 101      5D1D801B 
 101      B8C5
 102 025b 8F1772B6 		.ascii	"\217\027r\266\340\026n\2367v\2615\224v\375\025\262,"
 102      E0166E9E 
 102      3776B135 
 102      9476FD15 
 102      B22C
 103 026d 2BCB3E28 		.ascii	"+\313>(\306\027\005\323\316p0w\206\207\032\207\352\202"
 103      C61705D3 
 103      CE703077 
 103      86871A87 
 103      EA82
 104 027f F055EE99 		.ascii	"\360U\356\231m\314\326,\246\317V\300R<i\313JC\0106\013"
 104      6DCCD62C 
 104      A6CF56C0 
 104      523C69CB 
 104      4A430836 
 105 0294 AE48DF84 		.ascii	"\256H\337\204\213 \341b\332\276\013|\266\227!\333K\220"
 105      8B20E162 
 105      DABE0B7C 
 105      B69721DB 
 105      4B90
 106 02a6 E99F6017 		.ascii	"\351\237`\027\301\254`\177yw\202\265\377Z\260\211m_"
 106      C1AC607F 
 106      797782B5 
 106      FF5AB089 
 106      6D5F
 107 02b8 41DB710E 		.ascii	"A\333q\016\332A\374\246\312\346v\202k/\021[\016E\360"
 107      DA41FCA6 
 107      CAE67682 
 107      6B2F115B 
 107      0E45F0
 108 02cb D23FFCA5 		.ascii	"\322?\374\245-\3236\215\265\024{\224\255\376\3126\177"
 108      2DD3368D 
 108      B5147B94 
 108      ADFECA36 
 108      7F
 109 02dc 68A947DA 		.ascii	"h\251G\332\356/=\357\007\375\331\243l\366Wz\017$\335"
 109      EE2F3DEF 
 109      07FDD9A3 
 109      6CF6577A 
 109      0F24DD
ARM GAS  C:\Users\ajink\AppData\Local\Temp\cccR2OSo.s 			page 8


 110 02ef E0DC0211 		.ascii	"\340\334\002\021\213\210\342_\007\001\345?.\253\021"
 110      8B88E25F 
 110      0701E53F 
 110      2EAB11
 111 02fe E36EDA57 		.ascii	"\343n\332W\201\273\247\243\023\243\260\031{\210\256"
 111      81BBA7A3 
 111      13A3B019 
 111      7B88AE
 112 030d 42EB5EA6 		.ascii	"B\353^\246\2154b\275:\020]\001q\207\367H]\360\034)\210"
 112      8D3462BD 
 112      3A105D01 
 112      7187F748 
 112      5DF01C29 
 113 0322 9A9A9FD1 		.ascii	"\232\232\237\321 \011\343\303Xf\013\303\314\032\203"
 113      2009E3C3 
 113      58660BC3 
 113      CC1A83
 114 0331 7CD48A27 		.ascii	"|\324\212'\323Qp\246\367\203\201:}\336\004\006u\241"
 114      D35170A6 
 114      F783813A 
 114      7DDE0406 
 114      75A1
 115 0343 60A22423 		.ascii	"`\242$#\250k'\034\235\302\205\007h\300\024v\256\020"
 115      A86B271C 
 115      9DC28507 
 115      68C01476 
 115      AE10
 116 0355 C52EF0D1 		.ascii	"\305.\360\321^C\013\341w\263\220#;\232\212\356\206\342"
 116      5E430BE1 
 116      77B39023 
 116      3B9A8AEE 
 116      86E2
 117 0367 7EEEA855 		.ascii	"~\356\250U\344\344\025\211e\207XK\245\253\347\207C\030"
 117      E4E41589 
 117      6587584B 
 117      A5ABE787 
 117      4318
 118 0379 3E02BBD8 		.ascii	">\002\273\330I\267\033Q't}\252<\206\314in\350\006\222"
 118      49B71B51 
 118      27747DAA 
 118      3C86CC69 
 118      6EE80692 
 119 038d 81A3A526 		.ascii	"\201\243\245&\365\241\020\357\305\334\033\340\254\033"
 119      F5A110EF 
 119      C5DC1BE0 
 119      AC1B
 120 039b C740B1B3 		.ascii	"\307@\261\263\2562\353\360\252\234\224\354Bx\355\334"
 120      AE32EBF0 
 120      AA9C94EC 
 120      4278EDDC 
 121 03ab 4B38CA4D 		.ascii	"K8\312M\037\312M\017\245\233RJ\016gu\211\361)\216R\262"
 121      1FCA4D0F 
 121      A59B524A 
 121      0E677589 
 121      F1298E52 
 122 03c0 7FE05110 		.ascii	"\177\340Q\020\245Tf\2166\240<6\3377\227[>\224[\036J"
 122      A554668E 
ARM GAS  C:\Users\ajink\AppData\Local\Temp\cccR2OSo.s 			page 9


 122      36A03C36 
 122      DF37975B 
 122      3E945B1E 
 123 03d5 0FA54CA4 		.ascii	"\017\245L\244\036w\206`+G9R\322\370\011\007)\2774\341"
 123      1E778660 
 123      2B473952 
 123      D2F80907 
 123      29BF34E1 
 124 03e9 0FB9ED03 		.ascii	"\017\271\355\003\271\355\201\364RHfj\356\345 \274S\310"
 124      B9ED81F4 
 124      5248666A 
 124      EEE520BC 
 124      53C8
 125 03fb 7D3CDB2A 		.ascii	"}<\333**\205\034%\257\252z\275_A6\037\212\315C\261S"
 125      2A851C25 
 125      AFAA7ABD 
 125      5F41361F 
 125      8ACD43B1 
 126 0410 4AE71E6B 		.ascii	"J\347\036k\232\020Wp\224A\366\\\007_\320hU\361\034\277"
 126      9A105770 
 126      9441F65C 
 126      075FD068 
 126      55F11CBF 
 127 0424 5CFA7C28 		.ascii	"\\\372|(}\036\212\203R\232\355\2057B\360m\216\362\334"
 127      7D1E8A83 
 127      529AED85 
 127      3742F06D 
 127      8EF2DC
 128 0437 E63CC235 		.ascii	"\346<\3025\267\322z|d\276\037\345\216\017\345\216\207"
 128      B7D27A7C 
 128      64BE1FE5 
 128      8E0FE58E 
 128      87
 129 0448 D24F2979 		.ascii	"\322O)y'\034\345\010g\006P\312\255\223\215{\245\034"
 129      271CE508 
 129      670650CA 
 129      AD938D7B 
 129      A51C
 130 045a A5E4C4A9 		.ascii	"\245\344\304\251%~\224\001\037\312\200\207\342\244\224"
 130      257E9401 
 130      1FCA8087 
 130      E2A494
 131 0469 B627E3BF 		.ascii	"\266'\343\277I\205\002\356\250\221CD\376\243\017\215"
 131      498502EE 
 131      A8914344 
 131      FEA30F8D 
 132 0479 D507CC7A 		.ascii	"\325\007\314z\334\006\351q\273\213<\347\255\370z\255"
 132      DC06E971 
 132      BB8B3CE7 
 132      ADF87AAD 
 133 0489 18D77069 		.ascii	"\030\327pi<\255\032\330\035\302\245\341ns\010|\322\000"
 133      3CAD1AD8 
 133      1DC2A5E1 
 133      6E73087C 
 133      D200
 134 049b 2F34E493 		.ascii	"/4\344\223\306\220'\215{4\215\254\354\373\360\177\251"
 134      C690278D 
ARM GAS  C:\Users\ajink\AppData\Local\Temp\cccR2OSo.s 			page 10


 134      7B348DAC 
 134      ECFBF07F 
 134      A9
 135 04ac 85A3F4D4 		.ascii	"\205\243\364\324\367=\014\345\213\251\261\277\346W\314"
 135      F73D0CE5 
 135      8BA9B1BF 
 135      E657CC
 136 04bb B00F65D8 		.ascii	"\260\017e\330C\031\241\224\353w\373\017c\234!\242\224"
 136      4319A194 
 136      EB77FB0F 
 136      639C21A2 
 136      94
 137 04cc 2B0752AE 		.ascii	"+\007R\256\004G\344\263.\326\345.j\\\263\237\205M\206"
 137      0447E4B3 
 137      2ED6E52E 
 137      6A5CB39F 
 137      854D86
 138 04df E9A74BE8 		.ascii	"\351\247K\350\253v\237\243\370|d\357s,\364\000E\200"
 138      AB769FA3 
 138      F87C64EF 
 138      732CF400 
 138      4580
 139 04f1 776F6E53 		.ascii	"wonS\246p\332\013Jb{\2730\312\277\240\243\364\005u\026"
 139      A670DA0B 
 139      4A627BBB 
 139      30CABFA0 
 139      A3F40575 
 140 0506 1CEC089C 		.ascii	"\034\354\010\234\246\036\234\246v\361j2\212\326o\372"
 140      A61E9CA6 
 140      76F16A32 
 140      8AD66FFA 
 141 0516 46B69699 		.ascii	"F\266\226\231g4%\304D+\267%\351\014J\243\326dNR\232"
 141      673425C4 
 141      442BB725 
 141      E90C4AA3 
 141      D6644E52 
 142 052b 02CDBA44 		.ascii	"\002\315\272D\023\3343I\225J\317t\253\372#\205:^\027"
 142      13DC3349 
 142      954ACF74 
 142      ABFA2385 
 142      3A5E17
 143 053e A7339ACC 		.ascii	"\2473\232\314\032\235Aa2\030\364F\305\266D\263\214\316"
 143      1A9D4161 
 143      3218F446 
 143      C5B644B3 
 143      8CCE
 144 0550 64AAE404 		.ascii	"d\252\344\004\2316!N\253\321h5\212w\243>\224E\257X\371"
 144      9936214E 
 144      ABD16835 
 144      8A77A33E 
 144      9445AF58 
 145 0565 DEB7310A 		.ascii	"\336\2671\012\270\277<\321\220\250]\256U\305\351\024"
 145      B8BF3CD1 
 145      90A85DAE 
 145      55C5E914 
 146 0575 BA44B5DE 		.ascii	"\272D\265\336\254\321*\022T\300J\324*\224\032\355V\225"
 146      ACD12A12 
ARM GAS  C:\Users\ajink\AppData\Local\Temp\cccR2OSo.s 			page 11


 146      54C04AD4 
 146      2A941AED 
 146      5695
 147 0587 596F529A 		.ascii	"YoR\232v$i\215Q\361\314\346\3775\214q\207Q\2414\232"
 147      7624698D 
 147      51F1CCE6 
 147      FF358C71 
 147      8751A134 
 148 059c 345003B0 		.ascii	"4P\003\260\261A\223\214\325\311z\260\370\017\242\242"
 148      B141938C 
 148      D5C97AB0 
 148      F80FA2A2 
 149 05ac E4F04743 		.ascii	"\344\360GC\031\2141r\203Q\036\257\322\313\223\014\311"
 149      198C3172 
 149      83511EAF 
 149      D2CB930C 
 149      C9
 150 05bd 26A3FCAB 		.ascii	"&\243\374\253\257\277\210\211\226o\334\270N\276>v\303"
 150      AFBF8889 
 150      966FDCB8 
 150      4EBE3E76 
 150      C3
 151 05ce 97DFAD94 		.ascii	"\227\337\255\224'\251\364J\275^\003\014Q\354\352u*\223"
 151      27A9F44A 
 151      BD5E030C 
 151      51ECEA75 
 151      2A93
 152 05e0 4A14BB86 		.ascii	"J\024\273\206\033\326r\303:n\370\214\014\222\330\325"
 152      1BD672C3 
 152      3A6EF88C 
 152      0C92D8D5 
 153 05f0 1BD71A12 		.ascii	"\033\327\032\022\267\352\266\211\001\271!Qg\222\315"
 153      B7EAB689 
 153      01B92151 
 153      6792CD
 154 05ff 1CCC98AC 		.ascii	"\034\314\230\254&c\224\232\021\031MD\0271\263\216\257"
 154      2663949A 
 154      11194D44 
 154      1731B38E 
 154      AF
 155 0610 466E2445 		.ascii	"Fn$EH\342\014\252d\015QK\243\344t\0167\305F\215\231"
 155      48E20CAA 
 155      640D514B 
 155      A3E4740E 
 155      37C5468D 
 156 0625 DC7AE705 		.ascii	"\334z\347\005\000m\262\016*1\033\343\210\017\014\304"
 156      006DB20E 
 156      2A311BE3 
 156      880F0CC4 
 157 0635 E7CDFFF6 		.ascii	"\347\315\377\366\341\304\201fU2Mq\351\013\324 #l]\264"
 157      E1C48166 
 157      55324D71 
 157      E90BD420 
 157      236C5DB4 
 158 0649 FA25D8A0 		.ascii	"\372%\330\240\"b\225\346e\304\240\002q\210\222\337\013"
 158      226295E6 
 158      65C4A002 
ARM GAS  C:\Users\ajink\AppData\Local\Temp\cccR2OSo.s 			page 12


 158      718892DF 
 158      0B
 159 065a A50E5C82 		.ascii	"\245\016\\\202\343}\026\357\277xK\351\357\347+\267o"
 159      E37D16EF 
 159      BF784BE9 
 159      EFE72BB7 
 159      6F
 160 066b 97C74FED 		.ascii	"\227\307O\355\350<\002\364\034C5\335\267\177\000\333"
 160      E83C02F4 
 160      1C4335DD 
 160      B77F00DB 
 161 067b 95FA28   		.ascii	"\225\372("
 162              		.text
 163              		.section	.gnu.lto_.symtab.ac99a4a7,"",%progbits
 164 0000 68616C49 		.ascii	"halInit\000\000\000\000\000\000\000\000\000\000\000"
 164      6E697400 
 164      00000000 
 164      00000000 
 164      0000
 165 0012 00D80000 		.ascii	"\000\330\000\000\000pal_default_config\000\000\002\000"
 165      0070616C 
 165      5F646566 
 165      61756C74 
 165      5F636F6E 
 166 002d 00000000 		.ascii	"\000\000\000\000\000\000\000\000\356\000\000\000stI"
 166      00000000 
 166      EE000000 
 166      737449
 167 003c 6E697400 		.ascii	"nit\000\000\002\000\000\000\000\000\000\000\000\000"
 167      00020000 
 167      00000000 
 167      000000
 168 004b DA000000 		.ascii	"\332\000\000\000boardInit\000\000\002\000\000\000\000"
 168      626F6172 
 168      64496E69 
 168      74000002 
 168      00000000 
 169 005f 00000000 		.ascii	"\000\000\000\000\000\334\000\000\000sduInit\000\000"
 169      00DC0000 
 169      00736475 
 169      496E6974 
 169      0000
 170 0071 02000000 		.ascii	"\002\000\000\000\000\000\000\000\000\000\336\000\000"
 170      00000000 
 170      0000DE00 
 170      00
 171 007e 00757362 		.ascii	"\000usbInit\000\000\002\000\000\000\000\000\000\000"
 171      496E6974 
 171      00000200 
 171      00000000 
 171      0000
 172 0090 0000E000 		.ascii	"\000\000\340\000\000\000uartInit\000\000\002\000\000"
 172      00007561 
 172      7274496E 
 172      69740000 
 172      020000
 173 00a3 00000000 		.ascii	"\000\000\000\000\000\000\000\342\000\000\000i2cInit"
ARM GAS  C:\Users\ajink\AppData\Local\Temp\cccR2OSo.s 			page 13


 173      000000E2 
 173      00000069 
 173      3263496E 
 173      6974
 174 00b5 00000200 		.ascii	"\000\000\002\000\000\000\000\000\000\000\000\000\344"
 174      00000000 
 174      00000000 
 174      E4
 175 00c2 00000061 		.ascii	"\000\000\000adcInit\000\000\002\000\000\000\000\000"
 175      6463496E 
 175      69740000 
 175      02000000 
 175      0000
 176 00d4 00000000 		.ascii	"\000\000\000\000\346\000\000\000_pal_lld_init\000\000"
 176      E6000000 
 176      5F70616C 
 176      5F6C6C64 
 176      5F696E69 
 177 00eb 02000000 		.ascii	"\002\000\000\000\000\000\000\000\000\000\352\000\000"
 177      00000000 
 177      0000EA00 
 177      00
 178 00f8 0068616C 		.ascii	"\000hal_lld_init\000\000\002\000\000\000\000\000\000"
 178      5F6C6C64 
 178      5F696E69 
 178      74000002 
 178      00000000 
 179 010e 000000EC 		.ascii	"\000\000\000\354\000\000\000"
 179      000000
 180              		.text
 181              		.section	.gnu.lto_.opts,"",%progbits
 182 0000 272D666E 		.ascii	"'-fno-trapv' '-mcpu=cortex-m3' '-mno-thumb-interwor"
 182      6F2D7472 
 182      61707627 
 182      20272D6D 
 182      6370753D 
 183 0033 6B272027 		.ascii	"k' '-mthumb' '-ggdb' '-O2' '-fomit-frame-pointer' '"
 183      2D6D7468 
 183      756D6227 
 183      20272D67 
 183      67646227 
 184 0066 2D66616C 		.ascii	"-falign-functions=16' '-ffunction-sections' '-fdata"
 184      69676E2D 
 184      66756E63 
 184      74696F6E 
 184      733D3136 
 185 0099 2D736563 		.ascii	"-sections' '-fno-common' '-flto'\000"
 185      74696F6E 
 185      73272027 
 185      2D666E6F 
 185      2D636F6D 
 186              		.text
 187              		.comm	__gnu_lto_v1,1,1
 188              		.comm	__gnu_lto_slim,1,1
 189              		.ident	"GCC: (GNU Tools for ARM Embedded Processors) 4.9.3 20150529 (release) [ARM/embedded-4_9-br
ARM GAS  C:\Users\ajink\AppData\Local\Temp\cccR2OSo.s 			page 14


DEFINED SYMBOLS
                            *ABS*:00000000 hal.c
                            *COM*:00000001 __gnu_lto_v1
                            *COM*:00000001 __gnu_lto_slim

NO UNDEFINED SYMBOLS
