ARM GAS  C:\Users\ajink\AppData\Local\Temp\ccWT2H8O.s 			page 1


   1              		.syntax unified
   2              		.cpu cortex-m3
   3              		.fpu softvfp
   4              		.eabi_attribute 20, 1
   5              		.eabi_attribute 21, 1
   6              		.eabi_attribute 23, 3
   7              		.eabi_attribute 24, 1
   8              		.eabi_attribute 25, 1
   9              		.eabi_attribute 26, 1
  10              		.eabi_attribute 30, 2
  11              		.eabi_attribute 34, 1
  12              		.eabi_attribute 18, 4
  13              		.thumb
  14              		.file	"hal_qei_lld.c"
  15              		.text
  16              	.Ltext0:
  17              		.section	.gnu.lto_.profile.ac9985fe,"",%progbits
  18 0000 789C6366 		.ascii	"x\234cf```a\200\000F\206\020\033\000\001X\000\231"
  18      60606061 
  18      80004686 
  18      101B0001 
  18      580099
  19              		.text
  20              		.section	.gnu.lto_.jmpfuncs.ac9985fe,"",%progbits
  21 0000 789C6366 		.ascii	"x\234cf\300\016\254\2404\033\0203\002A=\003\023\220"
  21      C00EACA0 
  21      341B1033 
  21      02413D03 
  21      1390
  22 0012 C1F49189 		.ascii	"\301\364\221\211q\336\345\276uL\265\277\033:\0328~2"
  22      71DEE5BE 
  22      754CB5BF 
  22      1B3A1A38 
  22      7E32
  23 0024 31FC6502 		.ascii	"1\374e\002)X\316X\313\300\002R\305\012\"\330\300\352"
  23      2958CE58 
  23      CBC00252 
  23      C50A22D8 
  23      C0EA
  24 0036 01789E0C 		.ascii	"\001x\236\014,"
  24      2C
  25              		.text
  26              		.section	.gnu.lto_.inline.ac9985fe,"",%progbits
  27 0000 789C85CE 		.ascii	"x\234\205\316\277K\303@\024\007\360\367^\356\222\320"
  27      BF4BC340 
  27      1407F0F7 
  27      5EEE92D0 
  28 0010 48EBAA8B 		.ascii	"H\353\252\213n]$\207v\323\245\203\213\320Nv/\332\012"
  28      6E5D2487 
  28      76D3A583 
  28      8BD04E76 
  28      2FDA0A
  29 0023 0904A246 		.ascii	"\011\004\242F\334\012\001\227N\212\253\203t\361G;8\272"
  29      DC0A0197 
  29      4E8AAB83 
  29      74F1473B 
  29      38BA
ARM GAS  C:\Users\ajink\AppData\Local\Temp\ccWT2H8O.s 			page 2


  30 0035 97AE828A 		.ascii	"\227\256\202\212\377@\307\270Up\251\"zw\011A\260`8\336"
  30      FF40C7B8 
  30      5570A922 
  30      7A770941 
  30      B06038DE 
  31 0049 37DC7BBC 		.ascii	"7\334{\274\373\0300\373\273B\200\015\231\246<\034\201"
  31      FB1830FB 
  31      BB42800D 
  31      99A63C1C 
  31      81
  32 005a CC890B66 		.ascii	"\314\211\013fo\211T\017\301\261\320\002\357\215\360"
  32      6F89540F 
  32      C1B1D002 
  32      EF8DF0
  33 0069 713C3A9B 		.ascii	"q<:\233KhJH\2007\270h\000\370Y\252\366\345\313\351\035"
  33      4B684A48 
  33      8037B868 
  33      00F859AA 
  33      F6E5CBE9 
  34 007e 753EE36E 		.ascii	"u>\343n<\031~\267\247\004_j\001\336bG\315\351@0t\251"
  34      3C197EB7 
  34      A7045F6A 
  34      01DE6247 
  34      CDE94030 
  35 0094 CA02B67A 		.ascii	"\312\002\266zQ\275\202\211U%\340\335\262\274\376\240"
  35      51BD8289 
  35      5525E0DD 
  35      B2BCFEA0 
  36 00a4 18196509 		.ascii	"\030\031e\011\364\316\031\260\304\211\211iK\001\346"
  36      F4CE19B0 
  36      C4898969 
  36      4B01E6
  37 00b3 E50F8159 		.ascii	"\345\017\201Y\224Jz*\345Jr\324^\006\345\005\2645\346"
  37      944A7A2A 
  37      E54A72D4 
  37      5E06E505 
  37      B435E6
  38 00c6 F9E2FAA4 		.ascii	"\371\342\372\244\244\255\010\330\317\254\375\031\326"
  38      A4AD08D8 
  38      CFACFD19 
  38      D6
  39 00d3 DE2BCFA9 		.ascii	"\336+\317\251\203\224:\370E\315\271\306ra\345\376\234"
  39      83943AF8 
  39      45CDB9C6 
  39      7261E5FE 
  39      9C
  40 00e4 FE88D9D8 		.ascii	"\376\210\331\330V\322\342\003\2234y\037\023\245\241"
  40      56D2E203 
  40      9334791F 
  40      13A5A1
  41 00f3 2BCB4219 		.ascii	"+\313B\0319p\2464r\037\313\355\262\233\316\350\021\363"
  41      3970A634 
  41      721FCBED 
  41      B29BCEE8 
  41      11F3
  42 0105 FF115877 		.ascii	"\377\021Xw]!O\313\363w\3750\252\2100\022\336N \366\303"
  42      5D214FCB 
ARM GAS  C:\Users\ajink\AppData\Local\Temp\ccWT2H8O.s 			page 3


  42      F377FD30 
  42      AA883012 
  42      DE4E20F6 
  43 011a C3A3486C 		.ascii	"\303\243Hl7\352\2255Q\253m\212\306V\375xUu\232\007{"
  43      37EA9535 
  43      51AB6D8A 
  43      C656FD78 
  43      55759A07 
  44 012f 7E3308DA 		.ascii	"~3\010\332n\013~\000\361\247a\337"
  44      6E0B7E00 
  44      F1A761DF 
  45              		.text
  46              		.section	.gnu.lto_.pureconst.ac9985fe,"",%progbits
  47 0000 789C6366 		.ascii	"x\234cf``\340e\200\0006\006)F)&\011\026)V)6)\000\005"
  47      6060E065 
  47      80003606 
  47      29462926 
  47      09162956 
  48 0019 AF00C3   		.ascii	"\257\000\303"
  49              		.text
  50              		.section	.gnu.lto_qei_lld_stop.part.0.ac9985fe,"",%progbits
  51 0000 789C9550 		.ascii	"x\234\225PMH\024q\024\377\377\336\314Nk\033e\236\304"
  51      4D481471 
  51      14FFFFDE 
  51      CC4E6B1B 
  51      659EC4
  52 0013 5320A241 		.ascii	"S \242A\273C\355-\010\021:\024\350%\275/e\201\013\013"
  52      BB43ED2D 
  52      08113A14 
  52      E825BD2F 
  52      65810B0B 
  53 0027 6B6D74F5 		.ascii	"kmt\365\277\266\325\336Z\274d\310\322FX\255\353W_\206"
  53      BFB6D5DE 
  53      5ABC64C8 
  53      D24658AD 
  53      EB575F86 
  54 003b 5D5A2252 		.ascii	"]Z\"R\214\224.\033I\224\310\212E\227\266\357)tzoV\354"
  54      8C942E1B 
  54      4994C88A 
  54      4597B6EF 
  54      29747A6F 
  55 0051 E0C96166 		.ascii	"\340\311af\336{\377\367\376\277\217g\250\255\317\001"
  55      DE7BFFF7 
  55      FEBF8F67 
  55      A8ADCF01 
  56 0061 FEC2A454 		.ascii	"\376\302\244T\033G\370\024\314\314<'&\310\213\004Cb"
  56      1B47F814 
  56      CCCC3C27 
  56      26C88B04 
  56      4362
  57 0073 D26F0092 		.ascii	"\322o\000\222(\250>\223\014\364\341\023U\010\231ba0"
  57      28A83E93 
  57      0CF4E113 
  57      55089962 
  57      6130
  58 0085 D03CACB5 		.ascii	"\320<\254\265\376\262\354\324_\252w\030\350\033U\201"
  58      FEB2ECD4 
ARM GAS  C:\Users\ajink\AppData\Local\Temp\ccWT2H8O.s 			page 4


  58      5FAA7718 
  58      E81B5581 
  59 0095 7107CD8A 		.ascii	"q\007\315\212g\336Un\374\2541\216@\362\351\361\357\257"
  59      67DE556E 
  59      FCAC318E 
  59      40F2E9F1 
  59      EFAF
  60 00a7 021FC921 		.ascii	"\002\037\311!\354\223\362\311\300\354\240%%\231R~\236"
  60      EC93F2C9 
  60      C0ECA025 
  60      2599527E 
  60      9E
  61 00b8 9BB9BABB 		.ascii	"\233\271\272\273\361\246\326\375\372\272\316Q\272\350"
  61      F1A6D6FD 
  61      FABACE51 
  61      BAE8
  62 00c6 BAAD0E93 		.ascii	"\272\255\016\223\335\205\301\240\310\243\001#h\330\320"
  62      DD85C1A0 
  62      C8A30123 
  62      68D8D0
  63 00d5 CDF395D4 		.ascii	"\315\363\225\324\332\233\200\225b\366Z\024\320Xe\306"
  63      DA9B8095 
  63      62F65A14 
  63      D05865C6 
  64 00e5 282C7090 		.ascii	"(,p\220\223\211:\255]wuh\277\017\312!\223\344\247T\231"
  64      93893AAD 
  64      5D777568 
  64      BF0FCA21 
  64      93E4A754 
  65 00fa C7C4CB0A 		.ascii	"\307\304\313\012\027\034\215\022\372\367\012\334\333"
  65      171C8D12 
  65      FAF70ADC 
  65      DB
  66 0107 17CF4702 		.ascii	"\027\317G\002-\267\031.\3672\177\331\004Sopa\014-\342"
  66      2DB7192E 
  66      F7327FD9 
  66      04536F70 
  66      610C2DE2 
  67 011b 369B2EF9 		.ascii	"6\233.\371\232n\261\276\245\371\231\205]\372\330\246"
  67      9A6EB1BE 
  67      A5F99985 
  67      5DFAD8A6 
  68 012b 386C8A93 		.ascii	"8l\212\223K\030G\223b\324Z%\"\344\262\0226\362\330\026"
  68      4B184793 
  68      62D45A25 
  68      22E4B212 
  68      36F2D816 
  69 013f F16CAAB2 		.ascii	"\361l\252\262\236\020\231\277\330\002anvx\272F\226\340"
  69      9E1099BF 
  69      D802616E 
  69      7678BA46 
  69      96E0
  70 0151 D3B9B4F6 		.ascii	"\323\271\264\366\026\361\241\274\360\332\357\035y>\177"
  70      16F1A1BC 
  70      F0DAEF1D 
  70      793E7F
  71 0160 FCC99776 		.ascii	"\374\311\227vf1\224\314h\277C\026&\230kR\026\301\275"
ARM GAS  C:\Users\ajink\AppData\Local\Temp\ccWT2H8O.s 			page 5


  71      663194CC 
  71      68BF4316 
  71      26986B52 
  71      16C1BD
  72 0173 2B6B5391 		.ascii	"+kS\221`A\247\222\334\331\201{\310\342\253\267\177\334"
  72      6041A792 
  72      DCD9817B 
  72      C8E2ABB7 
  72      7FDC
  73 0185 47502DE2 		.ascii	"GP-\342\342o\253\312DU\262\325kOC\002l\376u]w\217\302"
  73      E26FABCA 
  73      4455B2D5 
  73      6B4F4302 
  73      6CFE755D 
  74 019c 03866145 		.ascii	"\003\206aE\003\220\251mQ=\374O\365\010A&\360<\032\236"
  74      0390A96D 
  74      513DFC4F 
  74      F5084126 
  74      F03C1A9E 
  75 01b0 C7F74816 		.ascii	"\307\367H\026\037\237\020H\351\227\011r\312\003\207"
  75      1F9F1048 
  75      E9970972 
  75      CA0387
  76 01bf 43219BDF 		.ascii	"C!\233\337\356\236\350\251h<\021\266\343\011\273\347"
  76      EE9EE8A9 
  76      683C11B6 
  76      E309BBE7 
  77 01cf 64CCEE8D 		.ascii	"d\314\356\215\237;\237\260;\273:\302\207\354\366\366"
  77      9F3B9FB0 
  77      3BBB3AC2 
  77      87ECF6F6 
  78 01df A376D7F1 		.ascii	"\243v\327\361\216\013\007\245\0239{&\032\211\305N\207"
  78      8E0B07A5 
  78      13397B26 
  78      1A89C54E 
  78      87
  79 01f0 BA95C969 		.ascii	"\272\225\311i\357?\253\\\331\023"
  79      EF3FAB5C 
  79      D913
  80              		.text
  81              		.section	.gnu.lto_qei_lld_stop.ac9985fe,"",%progbits
  82 0000 789C8D52 		.ascii	"x\234\215R]H\024Q\024\276\337\2753\353\350\032\211\017"
  82      5D481451 
  82      14BEDFBD 
  82      33EBE81A 
  82      890F
  83 0012 B109462F 		.ascii	"\261\011F/\242\020\353T\276\005\202A/\201>%\364(e\201"
  83      A210EB54 
  83      BE058241 
  83      2F813E25 
  83      F4286581 
  84 0026 82B096D1 		.ascii	"\202\260\226\321\233xw\335@\010j\311\027!\267}\220\314"
  84      9B7877DD 
  84      40086AC9 
  84      1721B77D 
  84      90CC
  85 0038 9FD25C73 		.ascii	"\237\322\\sK\213X*\226\350O*\262\024+\211\015\012\014"
ARM GAS  C:\Users\ajink\AppData\Local\Temp\ccWT2H8O.s 			page 6


  85      4B8B582A 
  85      96E84F2A 
  85      B2142B89 
  85      0D0A0C
  86 004b DC56AA29 		.ascii	"\334V\252)\304\316\231]\312\352\245af\316=g\276\363"
  86      C4CE995D 
  86      CAEAA561 
  86      66CE3D67 
  86      BEF3
  87 005d 7DE76794 		.ascii	"}\347g\224\370\367\332K\3173\231\263\360\010\310\310"
  87      F8F7DA4B 
  87      CF3399B3 
  87      F008C8C8 
  88 006d 13218296 		.ascii	"\023!\202\226\224*U.t\221\371`\247\320\305J\032\331"
  88      942A552E 
  88      7491F960 
  88      A7D0C54A 
  88      1AD9
  89 007f 12F6A2B5 		.ascii	"\022\366\242\265\344\0310\031\004\023`+ \272\2442Lt"
  89      E4193019 
  89      0413602B 
  89      20BAA432 
  89      4C74
  90 0091 E1A3CC48 		.ascii	"\341\243\314HD\222\243}\336\312\213Z\353\225w\216\357"
  90      4492A37D 
  90      DECA8B5A 
  90      EB95778E 
  90      EF
  91 00a2 94CF21F6 		.ascii	"\224\317!\366\254\314\251\341\022*\011\262\230\211}"
  91      ACCCA9E1 
  91      122A09B2 
  91      98897D
  92 00b1 2954B510 		.ascii	")T\265\020t\236\036[}\354\375 \035\211\355\354\316\234"
  92      749E1E5B 
  92      7DECFD20 
  92      1D89EDEC 
  92      CE9C
  93 00c3 BBDFE761 		.ascii	"\273\337\347aW\032\354F\242=sf\305\200\326\241\344\355"
  93      571AEC46 
  93      A23D7366 
  93      C580D6A1 
  93      E4ED
  94 00d5 B8AE331C 		.ascii	"\270\2563\034\2510\004E|\030F\031FP&($0\212\012\206"
  94      A9300445 
  94      7C184619 
  94      46502628 
  94      24308A0A 
  95 00ea 67C26B2F 		.ascii	"g\302k/\275\2360i\227\3444q\031\036\220\035/M\352\365"
  95      BD9E3069 
  95      97E43471 
  95      191E901D 
  95      2F4DEAF5 
  96 00fe F581C15B 		.ascii	"\365\201\301[\275\246%\301pE\211\206A/S\2104A\271\225"
  96      BDA625C1 
  96      70458986 
  96      412F5388 
  96      3441B995 
ARM GAS  C:\Users\ajink\AppData\Local\Temp\ccWT2H8O.s 			page 7


  97 0112 F752B255 		.ascii	"\367R\262U\013\010%&\226'\025g\177\225\212\210\337\246"
  97      0B082526 
  97      96271567 
  97      7F958A88 
  97      DFA6
  98 0124 679F5A5C 		.ascii	"g\237Z\\\226\022\2543\365-\366iS\024\347\341H\002H\\"
  98      9612AC33 
  98      F52DF669 
  98      5314E7E1 
  98      4802485C 
  99 0138 A13A38DE 		.ascii	"\241:8\336\277\332;\277\331\277\303\221\005\030C\024"
  99      BFDA3BBF 
  99      D9BFC391 
  99      05184314 
 100 0148 9FDDB631 		.ascii	"\237\335\2661\016\277x\201\360\253\356\262\337\204\263"
 100      0EBF7881 
 100      F0ABEEB2 
 100      DF84B3
 101 0157 4B77CF16 		.ascii	"Kw\317\0263a\001\265r\225\323\005\353+\221*w\3453\313"
 101      336101B5 
 101      7295D305 
 101      EB2B912A 
 101      77E533CB 
 102 016b BD7979E3 		.ascii	"\275yy\343\177\364LL\270z\334+\342\244\267\200;+K[\230"
 102      7FF44C4C 
 102      B87ADC2B 
 102      E2A4B780 
 102      3B2B4B5B 
 103 0180 6163F5E6 		.ascii	"ac\365\346\037\325\007\265Nns\244E\032\230\3143\246"
 103      1FD507B5 
 103      4E6E73A4 
 103      451A98CC 
 103      33A6
 104 0192 1F9D4E58 		.ascii	"\037\235NX\376Q\035&\251B\\sI\335AN\301\277\221\251"
 104      FE511D26 
 104      A9425C73 
 104      49DD414E 
 104      C1BF91A9 
 105 01a6 904209CA 		.ascii	"\220B\011\312q\373\312\306|\271Zy\377\027\236\237\031"
 105      71FBCAC6 
 105      7CB95A79 
 105      FF179E9F 
 105      19
 106 01b7 939D3F74 		.ascii	"\223\235?t\217\266h\\k\234L\321\241`\270\0379M\012{"
 106      8FB6685C 
 106      6B9C4CD1 
 106      A160B81F 
 106      394D0A7B 
 107 01cb 701D9DBF 		.ascii	"p\035\235\277\272x\235\376~\320MHn\345\375\336 \034"
 107      BA789DFE 
 107      7ED04D48 
 107      6EE5FDDE 
 107      201C
 108 01dd B14FA333 		.ascii	"\261O\2433?\024C\304=j\016\241\222|;\363\251{#\336\252"
 108      3F1443C4 
 108      3D6A0EA1 
 108      927C3BF3 
ARM GAS  C:\Users\ajink\AppData\Local\Temp\ccWT2H8O.s 			page 8


 108      A97B23DE 
 109 01f2 41DAF2D2 		.ascii	"A\332\362\322\303\341t\235\345n%\367\177\315\240\212"
 109      C3E1749D 
 109      E56E25F7 
 109      7FCDA08A 
 110 0202 AA108BE8 		.ascii	"\252\020\213\350v\301\342\357z\212\262<\"\334$nGz]v"
 110      76C1E2EF 
 110      7A8AB23C 
 110      22DC246E 
 110      477A5D76 
 111 0216 D35DF91B 		.ascii	"\323]\371\033\004\223\211R7G\360\017\001\216R\355{\252"
 111      04938952 
 111      3747F00F 
 111      018E52ED 
 111      7BAA
 112 0228 AB6DBA9B 		.ascii	"\253m\272\233[Z\017\267\006:j\354@\207\335r\250\315"
 112      5B5A0FB7 
 112      063A6AEC 
 112      4087DD72 
 112      A8CD
 113 023a 6E0F1C3F 		.ascii	"n\017\034?\321a\037hl\250\331m\327\327\357\263\033\367"
 113      D1611F68 
 113      6CA8D96D 
 113      D7D7EFB3 
 113      1BF7
 114 024c 379CDCC5 		.ascii	"7\234\334\305_\232\216\035mmjk;R\335,\014:\266\377\004"
 114      5F9A8E1D 
 114      6D6D6A6B 
 114      3B52DD2C 
 114      0C3AB6FF 
 115 0261 0E6E1402 		.ascii	"\016n\024\002"
 116              		.text
 117              		.section	.gnu.lto_qei_lld_init.ac9985fe,"",%progbits
 118 0000 789C7550 		.ascii	"x\234uP;K\003A\020\236o\357\022\2026b\025\362\007R%"
 118      3B4B0341 
 118      109E6FEF 
 118      12823662 
 118      15F20752 
 119 0015 87DA89A5 		.ascii	"\207\332\211\245\215\222T\006,\203/H \0205bw\270'Q\254"
 119      8D925406 
 119      2C832F48 
 119      20103562 
 119      77B82751 
 120 002a 3476828F 		.ascii	"4v\202\217B\020\037y\251\255E\256\260\262P\324B\020"
 120      42101F79 
 120      A9AD45AE 
 120      B0B250D4 
 120      4210
 121 003c 1F8511B4 		.ascii	"\037\205\021\264\213\246\212\032\343\354\245\021\203"
 121      8BA68A1A 
 121      E3ECA511 
 121      83
 122 0049 CB2EB33B 		.ascii	"\313.\263;\3377\337\314~\032\265.\037\237Y\020\365q"
 122      DF37DFCC 
 122      7E1AB52E 
 122      1F9F5910 
 122      F571
ARM GAS  C:\Users\ajink\AppData\Local\Temp\ccWT2H8O.s 			page 9


 123 005b 84461099 		.ascii	"\204F\020\231s\"\313#\000u!\320\234\300\034^\305\233"
 123      7322CB23 
 123      007521D0 
 123      9CC01C5E 
 123      C59B
 124 006d 40C6CEAE 		.ascii	"@\306\316\256\265\373w\244\224\225\355\023\357\202\267"
 124      B5FB77A4 
 124      9495ED13 
 124      EF82B7
 125 007c 2688AAA2 		.ascii	"&\210\252\242)\203]\370\2119o\351\372M\273;\315\234"
 125      29835DF8 
 125      89396FE9 
 125      FA4DBB3B 
 125      CD9C
 126 008e 8E26863D 		.ascii	"\216&\206=\270Y\236\212\235\266l4\2366\276\256u\235"
 126      B8599E8A 
 126      9DB66C34 
 126      9E36BEAE 
 126      759D
 127 00a0 A8CC90D2 		.ascii	"\250\314\220\322\177\026BE\355\016i{\365\014\212\254"
 127      7F164245 
 127      ED0E697B 
 127      F50C8AAC 
 128 00b0 54B6AE97 		.ascii	"T\266\256\227\013\302\374\224K\322S\023\250\012\026"
 128      0BC2FC94 
 128      4BD25313 
 128      A80A16
 129 00bf C03ECC16 		.ascii	"\300>\314\026H\324U\013\316>\226/.=/\2023\316s\317J"
 129      48D4550B 
 129      CE3E962F 
 129      2E3D2F82 
 129      33CE73CF 
 130 00d4 6F6013EB 		.ascii	"o`\023\353\226T,\015\0070\221\205\317\301\356\313\037"
 130      96542C0D 
 130      07309185 
 130      CFC1EECB 
 130      1F
 131 00e5 C35CAFAA 		.ascii	"\303\\\257\252\221c\222\323\023y\2305\241\323-\346+"
 131      916392D3 
 131      13799835 
 131      A1D32DE6 
 131      2B
 132 00f6 95D32B4D 		.ascii	"\225\323+M%\377m\366W\275\360K\375;\267r\354\016d\371"
 132      25FF6DF6 
 132      57BDF04B 
 132      FD3BB772 
 132      EC0E64F9 
 133 010a FF36FBE3 		.ascii	"\3776\373\343B\221\211\357\216G8D\200\011yYZlS\223\272"
 133      429189EF 
 133      8E473844 
 133      80097959 
 133      5A6C5393 
 134 011f 64464A9D 		.ascii	"dFJ\235p\304\225\017\260\354\322\2403\011)s\240L\341"
 134      70C4950F 
 134      B0ECD2A0 
 134      33092973 
 134      A04CE1
ARM GAS  C:\Users\ajink\AppData\Local\Temp\ccWT2H8O.s 			page 10


 135 0132 AADE60D0 		.ascii	"\252\336`\320\340=\026\213\217\306\223\251\036#\231"
 135      E03D168B 
 135      8FC693A9 
 135      1E2399
 136 0141 32622309 		.ascii	"2b#\011c29=\2232\206\"\341\236n#\024\3527\"\003\341"
 136      6332393D 
 136      93328622 
 136      E19E6E23 
 136      14EA3722 
 137 0157 D92E8544 		.ascii	"\331.\205D\247&\342\321Db<8F?o{\232\003"
 137      A726E2D1 
 137      44623C38 
 137      463F6F7B 
 137      9A03
 138              		.text
 139              		.section	.gnu.lto_qei_lld_start.ac9985fe,"",%progbits
 140 0000 789C9D95 		.ascii	"x\234\235\225]L\\U\020\307\317\234\273\367c\357\335"
 140      5D4C5C55 
 140      10C7CF9C 
 140      BBF763EF 
 140      DD
 141 0011 6529B029 		.ascii	"e)\260)\220b\372\322`\322,\033\355\2131\261\321\304"
 141      9062FAD2 
 141      60D22C1B 
 141      ED8B31B1 
 141      D1C4
 142 0023 1793D617 		.ascii	"\027\223\326\027\233\370\330\330jR\022\022\260\230\276"
 142      9BF8D8D8 
 142      6A521212 
 142      B098BE
 143 0032 91DE054C 		.ascii	"\221\336\005LHL\032RM$m\221\372QZ\213B\201\262\026\374"
 143      484C1A52 
 143      4D246D91 
 143      FA515A8B 
 143      4281B216 
 144 0047 60A55AA0 		.ascii	"`\245Z\240\362!RJ\213@[Y\264X[AA\2724\2103\347\336\275"
 144      F221524A 
 144      8B405B59 
 144      B4585B41 
 144      41BA3488 
 145 005f BB206916 		.ascii	"\273 i\026\010\314\236{\230\363\373\317\234\231;+\261"
 145      08CC9E7B 
 145      98F3FBCF 
 145      9C993B2B 
 145      B1
 146 0070 FFFF7C84 		.ascii	"\377\377|\204\177\367\334\214\275\200\237\220\306\200"
 146      7FF7DC8C 
 146      BD809F90 
 146      C680
 147 007e 570F3016 		.ascii	"W\0170\026\3228\227f\375\314\324\345\323\3170\323#q"
 147      D2389766 
 147      FDCCD4E5 
 147      D3CF30D3 
 147      2371
 148 0090 D7B8414F 		.ascii	"\327\270AO\027\273\030>\272@\266\274d\256T\345\343\276"
 148      17BB183E 
 148      BA40B6BC 
ARM GAS  C:\Users\ajink\AppData\Local\Temp\ccWT2H8O.s 			page 11


 148      64AE54E5 
 148      E3BE
 149 00a2 9BAC47E1 		.ascii	"\233\254G\341\2528\243\2113*\350\226\223\026_\270\343"
 149      AA38A389 
 149      332AE896 
 149      93165FB8 
 149      E3
 150 00b3 0B9D1BDD 		.ascii	"\013\235\033\335>t\364\364\356FG\003\274\326\266'\276"
 150      3E74F4F4 
 150      EE464703 
 150      BCD6B627 
 150      BE
 151 00c4 F002D082 		.ascii	"\360\002\320\202\001;\312%\227\254\250\232[7<^8\012"
 151      013BCA25 
 151      97ACA89A 
 151      5B373C5E 
 151      380A
 152 00d6 337C8E43 		.ascii	"3|\216Cu\244\241\306\310?c\232\346l\371h\366\333\331"
 152      75A4A1C6 
 152      C83F639A 
 152      E66CF968 
 152      F6DBD9
 153 00e9 31CED8DF 		.ascii	"1\316\330\337\334J\007\316B>\272\214\317\325\375\343"
 153      DC4A07CE 
 153      423EBA8C 
 153      CFD5FDE3 
 154 00f9 969E0386 		.ascii	"\226\236\003\206\353\366\306\371~\343.\217q\330N\217"
 154      EBF6C6F9 
 154      7EE32E8F 
 154      71D84E8F 
 155 0109 1DC77B6A 		.ascii	"\035\307{j\024z\344.z\254\256\255\272.\357\370\3304"
 155      147AE42E 
 155      7AACAEAD 
 155      BA2EEFF8 
 155      D834
 156 011b CB239D2D 		.ascii	"\313#\235-\346\363\256\030\227\340\034H\310\203O!\027"
 156      E6F3AE18 
 156      97E01C48 
 156      C8834F21 
 156      17
 157 012c CE432EC3 		.ascii	"\316C.\303-\006\015\260\203\334\347*\227G\015\245\022"
 157      2D060DB0 
 157      83DCE72A 
 157      97470DA5 
 157      12
 158 013d B5D397E3 		.ascii	"\265\323\227\343\262\360\031(\200\237M\031\021see\252"
 158      B2F01928 
 158      809F4D19 
 158      11736565 
 158      AA
 159 014e 7E7CD1B5 		.ascii	"~|\321\265]\006:\241\340Y\227\212F\326\310\350d\014"
 159      5D063AA1 
 159      E059978A 
 159      46D6C8E8 
 159      640C
 160 0160 32696894 		.ascii	"2ih\224,Z\371\311lE\243f\243\321r\320\270\363\320\350"
 160      2C5AF9C9 
ARM GAS  C:\Users\ajink\AppData\Local\Temp\ccWT2H8O.s 			page 12


 160      6C45A366 
 160      A3D172D0 
 160      B8F3D0E8 
 161 0174 8C45114E 		.ascii	"\214E\021N\3670\3159}JcP\036n\236l\221Ho\221+\030\315"
 161      F730CD39 
 161      7D4A6350 
 161      1E6E9E6C 
 161      91486F91 
 162 018b ADE8E090 		.ascii	"\255\350\340\220F\271H\214\202k{Xw\337[\013'!\306\215"
 162      46B9488C 
 162      826B7B58 
 162      77DF5B0B 
 162      2721C68D 
 163 019f 452EC3E7 		.ascii	"E.\303\347\030<\355\237\232\177\367\246/\2603\306=\320"
 163      183CED9F 
 163      9A7FF7A6 
 163      2FB033C6 
 163      3DD0
 164 01b1 08B5F097 		.ascii	"\010\265\360\227\270+h\202\000\033\201\312\033\025\271"
 164      B82B6882 
 164      001B81CA 
 164      1B15B9
 165 01c0 09E0D089 		.ascii	"\011\340\320\211\372\012\037\001=\300\340\002\035g\244"
 165      FA0A1F01 
 165      3DC0E002 
 165      1D67A4
 166 01cf 2FB159BF 		.ascii	"/\261Y\277$|\317\276\237my\313\350\375\301\360\261F"
 166      247CCFBE 
 166      9F6D79CB 
 166      E8FDC1F0 
 166      B146
 167 01e1 5EF6C8AC 		.ascii	"^\366\310\25425\014a\231\203P;\027\252<\205*'C&m\033"
 167      32350C61 
 167      9983503B 
 167      17AA3C85 
 167      2A274326 
 168 01f7 D00C654E 		.ascii	"\320\014eN$\023\321\245W\305\201H\016]t\013\372a$\255"
 168      2413D1A5 
 168      57C58148 
 168      0E5D740B 
 168      FA6124AD 
 169 020b 50660BB9 		.ascii	"Pf\013\271\330'\022\346\331\025n^8l\351\250x\352j\317"
 169      D82712E6 
 169      D9156E5E 
 169      386CE9A8 
 169      78EA6ACF 
 170 021f 99763745 		.ascii	"\231v7E\3455OW\231\242lN\346^\301-\257\377\260C\263"
 170      E5354F57 
 170      99A26C4E 
 170      E65EC12D 
 170      AFFFB043 
 171 0234 324F838B 		.ascii	"2O\203\213X\2676[pj\351\304\264\021h0+C\030\213\017"
 171      58B7365B 
 171      706AE9C4 
 171      B4116830 
 171      2B43188B 
 172 0249 C2227D2A 		.ascii	"\302\"}*\026|\201\351\217A\305\274b\351h\226\224\323"
ARM GAS  C:\Users\ajink\AppData\Local\Temp\ccWT2H8O.s 			page 13


 172      167C81E9 
 172      8F41C5BC 
 172      62E96896 
 172      94D3
 173 025b 1DB28BC1 		.ascii	"\035\262\213\301%\204`0\307\201\\6\240\322\236P\351"
 173      25846030 
 173      C7815C36 
 173      A0D29E50 
 173      E9
 174 026c 8000B289 		.ascii	"\200\000\262\211\022\036Z\340\226\224\276\001\324\227"
 174      121E5AE0 
 174      9694BE01 
 174      D497
 175 027a 0225BAEC 		.ascii	"\002%\272\354\253\325\001c\205\365MG\370u\002\373\015"
 175      ABD50163 
 175      85F54D47 
 175      F87502FB 
 175      0D
 176 028b 456810A5 		.ascii	"Eh\020\245$e\010\020\2433\301\210@ \271&>\334\372V4"
 176      24650810 
 176      A333C188 
 176      4020B926 
 176      3EDCFA56 
 177 02a0 CF34979D 		.ascii	"\3174\227\235\326\035\272bwnZ*\255\252@\227\340K\304"
 177      D61DBA62 
 177      776E5A2A 
 177      ADAA4097 
 177      E04BC4
 178 02b3 BF2C52EF 		.ascii	"\277,R\357\232\275\355\267Ct\244\224U\215\217-\027\331"
 178      9ABDEDB7 
 178      4374A494 
 178      558D8F2D 
 178      17D9
 179 02c5 16E3E9A8 		.ascii	"\026\343\351\250\001\337\331\304h\337;a\315\011\372"
 179      01DFD9C4 
 179      68DF3B61 
 179      CD09FA
 180 02d4 7B017511 		.ascii	"{\001u\021\364\012\004D\224\004\276\320\335*\333\350"
 180      F40A0444 
 180      9404BED0 
 180      DD2ADBE8 
 181 02e4 D459DD82 		.ascii	"\324Y\335\202%\023\253'\2115\273\031V\257`)\304\272"
 181      2513AB27 
 181      8935BB19 
 181      56AF6029 
 181      C4BA
 182 02f6 9A1C57DF 		.ascii	"\232\034W\337&X?\010\226J\254\276\344\270\372.o\234"
 182      26583F08 
 182      964AACBE 
 182      E4B8FA2E 
 182      6F9C
 183 0308 D52F581A 		.ascii	"\325/X\032\261\006D\221\337k\353\254\021\023\302\267"
 183      B1064491 
 183      DF6BEBAC 
 183      1113C2B7 
 184 0318 B2826371 		.ascii	"\262\202cq\320\202\207\233\007\206e\253\272Y\253\253"
 184      D082879B 
ARM GAS  C:\Users\ajink\AppData\Local\Temp\ccWT2H8O.s 			page 14


 184      078665AB 
 184      BA59ABAB 
 185 0328 BB3EDBEA 		.ascii	"\273>\333\352\302\037\005\334M\360\241\325\315\355\267"
 185      C21F05DC 
 185      4DF0A1D5 
 185      CDEDB7
 186 0337 38F3F5E6 		.ascii	"8\363\365\346%1\272\345\020\316\343\237\3264{\212*\303"
 186      2531BAE5 
 186      10CEE39F 
 186      D6347B8A 
 186      2AC3
 187 0349 09956BD4 		.ascii	"\011\225k\324\353~&\006\351`\253\335\216[SiG\025F\004"
 187      EB7E2606 
 187      E960ABDD 
 187      8E5B5369 
 187      47154604 
 188 035d 4627CC75 		.ascii	"F'\314u\021ly\370\216\337\"d'w\244\272v\024oA\011\030"
 188      116C79F8 
 188      8EDF2264 
 188      2777A4BA 
 188      76146F41 
 189 0373 B5810FBA 		.ascii	"\265\201\017\272\216-\3710\266\364\030\317\200\033\002"
 189      8E2DF930 
 189      B6F418CF 
 189      801B02
 190 0382 6910F2E6 		.ascii	"i\020\362\346\232a\274\012\231\201\016c\3160VXU\276"
 190      9A61BC0A 
 190      99810E63 
 190      CE305658 
 190      55BE
 191 0394 78A1E606 		.ascii	"x\241\346\006\343w\236\223\232b&\374,\024=\2448\036"
 191      E3779E93 
 191      9A6226FC 
 191      2C143DA4 
 191      381E
 192 03a6 573C9060 		.ascii	"W<\220`8\343?\023\307\377\204\243\250\262\207\272$\332"
 192      38E33F13 
 192      C7FF84A3 
 192      A8B287BA 
 192      24DA
 193 03b8 F15A85BA 		.ascii	"\361Z\205\272N\013=\371\330\026\232\024\232^\322\274"
 193      4E0B3DF9 
 193      D8169A14 
 193      9A5ED2BC 
 194 03c8 255AA8A9 		.ascii	"%Z\250\251n\341_\020-\204\015t\333\236\023\032\253\336"
 194      6EE15F10 
 194      2D840D74 
 194      DB9E131A 
 194      ABDE
 195 03da 66698C6C 		.ascii	"fi\214lB\343NB\343\027\241\341d\342\303L\246l\015\267"
 195      42E34E42 
 195      E317A1E1 
 195      64E2C34C 
 195      A66C0DB7 
 196 03ee 7573A831 		.ascii	"us\2501:\265\336\253\360\304c5\242\011\215i|\255\342"
 196      3AB5DEAB 
 196      F0C46335 
ARM GAS  C:\Users\ajink\AppData\Local\Temp\ccWT2H8O.s 			page 15


 196      A2098D69 
 196      7CADE2
 197 0401 50DD1970 		.ascii	"P\335\031ps\343\255v=\362R\253G\026\374*\230i\304\374"
 197      73E3AD76 
 197      3DF252AB 
 197      4716FC2A 
 197      9869C4FC 
 198 0415 6D4D07E4 		.ascii	"mM\007\344%g\221\205Y\334u\352a\260n\237\225\307\304"
 198      25679185 
 198      59DC75EA 
 198      61B06E9F 
 198      95C7C4
 199 0428 F0C6F398 		.ascii	"\360\306\363\230\021\232>\322\374]\334UmK\353y\361\226"
 199      119A3ED2 
 199      FC5DDC55 
 199      6D4BEB79 
 199      F196
 200 043a F93219DC 		.ascii	"\3712\031\334\263\323\362\260\336\335\226\306\344&4"
 200      B3D3F2B0 
 200      DEDD96C6 
 200      E42634
 201 0449 FE4868DC 		.ascii	"\376Hh\334\027\032\177\2323\375V=\2660x`kx\305\325M"
 201      171A7F9A 
 201      33FD563D 
 201      B6307860 
 201      6B78C5D5 
 202 045e 4228F2E8 		.ascii	"B(\362\350e\222\240\354\242\370\275\211\273\370\265"
 202      6592A0EC 
 202      A2F8BD89 
 202      BBF8B5
 203 046d F26C4141 		.ascii	"\362lAA\020\177\017\036*<PX\\\272+X\\\032<\364ZQ\260"
 203      107F0F1E 
 203      2A3C5058 
 203      5CBA2B58 
 203      5C1A3CF4 
 204 0484 A4F8F05B 		.ascii	"\244\370\360[\245\301W\366\355\335\365tp\317\236\027"
 204      A5C157F6 
 204      EDDDF574 
 204      70CF9E17 
 205 0494 83FB5EDA 		.ascii	"\203\373^\332{\344)\372\317\3767\337(\334_T\364z\301"
 205      7BE429FA 
 205      CFFE37DF 
 205      28DC5F54 
 205      F47AC1
 206 04a7 41E6C265 		.ascii	"A\346\302e\311\177v]\230\271"
 206      C97F765D 
 206      98B9
 207              		.text
 208              		.section	.gnu.lto_qei_lld_enable.ac9985fe,"",%progbits
 209 0000 789C658F 		.ascii	"x\234e\217MH\224Q\024\206\317{\3567\343\310\020F \350"
 209      4D489451 
 209      1486CF7B 
 209      EE37E3C8 
 209      104620E8 
 210 0014 D0C28DB8 		.ascii	"\320\302\215\270\220\231\017s\027\004\005n\004\335\244"
 210      90990F73 
 210      1704056E 
ARM GAS  C:\Users\ajink\AppData\Local\Temp\ccWT2H8O.s 			page 16


 210      04DDA4
 211 0023 7BF10F1C 		.ascii	"{\361\017\034\030\030s\244\255wl\204\240\315`\012\242"
 211      181873A4 
 211      AD776C84 
 211      A0CD600A 
 211      A2
 212 0034 0E06E24F 		.ascii	"\016\006\342OM\376\243\240\253\017W.\254p\223(\222\233"
 212      4DFEA3A0 
 212      AB0F572E 
 212      AC709328 
 212      929B
 213 0046 09741138 		.ascii	"\011t\0218%\331\007\206\236\243-\212.\367r\317\271\367"
 213      25D90786 
 213      9EA32D8A 
 213      2EF772CF 
 213      B9F7
 214 0058 3DCF7B8E 		.ascii	"=\317{\216\241\377WD\316\010\210\236\310\015C\340\354"
 214      A1FF5744 
 214      CE08889E 
 214      C80D43E0 
 214      EC
 215 0069 47A27488 		.ascii	"G\242t\210\001\015\0104\300\030\300)\027\031Y/?\026"
 215      010D0834 
 215      C018C029 
 215      1719592F 
 215      3F16
 216 007b AE99B1D6 		.ascii	"\256\231\261\326\236m\217V\016U\370L\364\203o1\230C"
 216      9E6D8F56 
 216      0E55F84C 
 216      F4836F31 
 216      9843
 217 008d 8D488E8A 		.ascii	"\215H\216\212S?K\315#\220\304\233\213\347\037\302'\354"
 217      533F4BCD 
 217      2390C49B 
 217      8BE71FC2 
 217      27EC
 218 009f 33AA34DD 		.ascii	"3\2524\335\032\336\031\013j\312\216\246\331\334\313"
 218      1ADE190B 
 218      6ACA8EA6 
 218      D9DCCB
 219 00ae CF81EA69 		.ascii	"\317\201\352ik\007\275\235U\373\330\361\331`\036Fxx"
 219      6B07BD9D 
 219      55FBD8F1 
 219      D9601E46 
 219      7878
 220 00c0 8B08DE21 		.ascii	"\213\010\336!B\362D\310\243Z\345\305\314\357\375p0#"
 220      42F244C8 
 220      A35AE5C5 
 220      CCEFFD70 
 220      3023
 221 00d2 DE776F3D 		.ascii	"\336wo=\361\036Ai\233\226\356y\366\352jz\356r4\020\220"
 221      F11E4169 
 221      9B96EE79 
 221      F6EA6A7A 
 221      EE723410 
 222 00e7 A6456EA4 		.ascii	"\246En\244\320!*\210JG\370\312\254\2679\304\340\306"
 222      D0212A88 
ARM GAS  C:\Users\ajink\AppData\Local\Temp\ccWT2H8O.s 			page 17


 222      4A47F8CA 
 222      ACB739C4 
 222      E0C6
 223 00f9 CA7EBFD6 		.ascii	"\312~\277\326]\260\021\344q\341\323^H\0332\244\016\353"
 223      5DB011E4 
 223      71E1D35E 
 223      481B32A4 
 223      0EEB
 224 010b BFA6BEDD 		.ascii	"\277\246\276\335\311a\002>\007.\230\261 \035\350\373"
 224      C961023E 
 224      072E98B1 
 224      201DE8FB 
 225 011b E4F9EB83 		.ascii	"\344\371\353\203\262h\2550\261\210\034\276\337\014\214"
 225      B268AD30 
 225      B1881CBE 
 225      DF0C8C
 226 012a 2544E910 		.ascii	"%D\351\020\333go\312\025\3707\315\371\207\226\266\326"
 226      DB676FCA 
 226      15F837CD 
 226      F98796B6 
 226      D6
 227 013b BBEFB35A 		.ascii	"\273\357\263Zb\371\017\261\260\373j#\024\315\333\214"
 227      62F90FB1 
 227      B0FB6A23 
 227      14CDDB8C 
 228 014b 589560E5 		.ascii	"X\225`\345\006\252\243`\025Q\371\336\033\237}Q\246\244"
 228      06AAA360 
 228      1551F9DE 
 228      1B9F7D51 
 228      A6A4
 229 015d 1210D6A4 		.ascii	"\022\020\326\244\346\013\322\336\361S\365Q\353\202h"
 229      E60BD2DE 
 229      F153F551 
 229      EB8268
 230 016c 651E69E3 		.ascii	"e\036i\343a,\346\312\356\354\211w\304\223\251z7\231"
 230      612CE6CA 
 230      EEEC8977 
 230      C493A97A 
 230      3799
 231 017e 727BDA13 		.ascii	"r{\332\023no\262\257?\345\266\2646\327?p\233\232\032"
 231      6E6FB2AF 
 231      3FE5B6B4 
 231      36D73F70 
 231      9B9A1A
 232 0191 DCD6C6E6 		.ascii	"\334\326\306\346\347u\372\323\366\254;\336\226Ht\305"
 232      E775FAD3 
 232      F6AC3BDE 
 232      964874C5 
 233 01a1 3AC991B0 		.ascii	":\311\221\260\367\032\332\030\242\330"
 233      F71ADA18 
 233      A2D8
 234              		.text
 235              		.section	.gnu.lto_qei_lld_disable.ac9985fe,"",%progbits
 236 0000 789C658F 		.ascii	"x\234e\217AHTa\020\307\347?\337\333uc\021C\020t\351"
 236      41485461 
 236      10C7E73F 
 236      DFDB7563 
ARM GAS  C:\Users\ajink\AppData\Local\Temp\ccWT2H8O.s 			page 18


 236      11431074 
 237 0015 D045F610 		.ascii	"\320E\366\020\273\217\362&\004\012^\204\335\223{_\312"
 237      BB8FF226 
 237      040A5E84 
 237      DD937B5F 
 237      CA
 238 0026 02171656 		.ascii	"\002\027\026V]\351\352\267\313\012A\227%\005\225Z\014"
 238      5DE9EAB7 
 238      CB0A4197 
 238      2505955A 
 238      0C
 239 0037 22ACB634 		.ascii	"\"\254\2664\215\026\212\016\217N\005\225x)\024\261C"
 239      8D168A0E 
 239      8F4E0595 
 239      782914B1 
 239      43
 240 0048 2BE82170 		.ascii	"+\350!pK\262w\020\233Q\017\212\037\357\343\233\2317"
 240      4BB27710 
 240      9B510F8A 
 240      1FEFE39B 
 240      9937
 241 005a F3FBFFC7 		.ascii	"\363\373\377\307\320\371\023\221;\005\242^ya\010\\\376"
 241      D0F91391 
 241      3B05A25E 
 241      7961085C 
 241      FE
 242 006b 4A540831 		.ascii	"JT\0101\240\001\201\306\031\343\330\341\006\243\354"
 242      A00181C6 
 242      19E3D8E1 
 242      06A3EC
 243 007a 5567C2D1 		.ascii	"Ug\302\321'\326\332\335\342l\307D\273\317D\177\370\030"
 243      27D6DADD 
 243      E26CC744 
 243      BBCF447F 
 243      F818
 244 008c 837944A5 		.ascii	"\203yD\245e\2431\367\367\202\271\016\222\370\355\302"
 244      65A331F7 
 244      F782B90E 
 244      92F8EDC2 
 245 009c DE97F036 		.ascii	"\336\227\3606\373\214\313\232\276\273\377q&\250);\232"
 245      FB8CCB9A 
 245      BEBBFF71 
 245      26A8293B 
 245      9A
 246 00ad 962B77BF 		.ascii	"\226+w\277\005:\037[[\364>-\333\036\307g\203\2470\302"
 246      053A1F5B 
 246      5BF43E2D 
 246      DB1EC767 
 246      83A730C2 
 247 00c1 C33344F0 		.ascii	"\3033D\360\034\021\222\022\241\212Nmo\224\016\276\207"
 247      1C119212 
 247      A18A4E6D 
 247      6F940EBE 
 247      87
 248 00d2 8325D1BE 		.ascii	"\203%\321\276x\254\211\027\010\212mZl\365\354\341\341"
 248      78AC8917 
 248      088A6D5A 
ARM GAS  C:\Users\ajink\AppData\Local\Temp\ccWT2H8O.s 			page 19


 248      6CF5ECE1 
 248      E1
 249 00e3 CFF9F7B3 		.ascii	"\317\371\367\263\201\200\230\226v#\203\016Q]\272t\205"
 249      81809896 
 249      7623830E 
 249      515DBA74 
 249      85
 250 00f4 2D667DCD 		.ascii	"-f}\315:\212\265\245\2551\235\333g#\310\037\365\225"
 250      3A8AB5A5 
 250      AD319DDB 
 250      6723C81F 
 250      F595
 251 0106 D5901A32 		.ascii	"\325\220\0322\244\012o\376\315\375j\256\340\001|\016"
 251      A40A6FFE 
 251      CDFD6AAE 
 251      E0017C0E 
 252 0116 EC33E3A5 		.ascii	"\3543\343\2458\320\372\303\275\311\265\226\330\025a"
 252      38D0FAC3 
 252      BDC9B596 
 252      D81561
 253 0125 620115FC 		.ascii	"b\001\025\374>Z\030\213\210\321:>\354>jS\340i\232s\206"
 253      3E5A188B 
 253      88D13A3E 
 253      EC3E6A53 
 253      E0699A73 
 254 013a 56B0D6BB 		.ascii	"V\260\326\273\344\263J\342\325\011\261\376\371^-\024"
 254      E4B34AE2 
 254      D509B1FE 
 254      F95E2D14 
 255 014a ABDA9248 		.ascii	"\253\332\222H5a\351\010\252\253`\031\261\323\244&)\275"
 255      3561E908 
 255      AAAB6019 
 255      B1D3A426 
 255      29BD
 256 015c 96994D14 		.ascii	"\226\231M\024\274\351\001\325Q\351\272\364\312>b\243"
 256      BCE901D5 
 256      51E9BAF4 
 256      CA3E62A3 
 257 016c 3B1E77E5 		.ascii	";\036w\345\033\034\312\334\314\344\362]n.\357\016\335"
 257      1B1CCADC 
 257      CCE4F25D 
 257      6E2EEF0E 
 257      DD
 258 017d C8BAC3B9 		.ascii	"\310\272\303\271\321\261\274;\220Jv]s\023\211>7\325"
 258      D1B1BC3B 
 258      904A765D 
 258      7313893E 
 258      37D5
 259 018f 9FBC7355 		.ascii	"\237\274sU\377\244Gng\322\331\354\255\370 9\022\016"
 259      FFA4476E 
 259      67D2D9EC 
 259      ADF82039 
 259      120E
 260 01a1 FF07BE50 		.ascii	"\377\007\276P\243/"
 260      A32F
 261              		.text
 262              		.section	.gnu.lto_.symbol_nodes.ac9985fe,"",%progbits
ARM GAS  C:\Users\ajink\AppData\Local\Temp\ccWT2H8O.s 			page 20


 263 0000 789C55CA 		.ascii	"x\234U\312\301\015\202P\024\005\321\271\357\213\260"
 263      C10D8250 
 263      1405D1B9 
 263      EF8BB0
 264 000f A1E64B07 		.ascii	"\241\346K\007\330\200F\010t\243(\304\002\214\205\030"
 264      D8804608 
 264      74A328C4 
 264      028C8518 
 265 001f 486001B3 		.ascii	"H`\001\263<\231\004\324l\305G\206\313\000\266\256mA"
 265      3C9904D4 
 265      6CC54786 
 265      CB00B6AE 
 265      6D41
 266 0031 BC646DC0 		.ascii	"\274dm\300\355\276\300S\216=d\017\321\204\211AN\207"
 266      EDBEC053 
 266      8E3D640F 
 266      D1848941 
 266      4E87
 267 0043 F32D9F0E 		.ascii	"\363-\237\0160\312\331\0364\311\347\025\250\252\202"
 267      30CAD91E 
 267      34C9E715 
 267      A8AA82
 268 0052 24F8F565 		.ascii	"$\370\365e\212\234\356\373\0273\273\026(\264"
 268      8A9CEEFB 
 268      1733BB16 
 268      28B4
 269              		.text
 270              		.section	.gnu.lto_.refs.ac9985fe,"",%progbits
 271 0000 789C25C1 		.ascii	"x\234%\301\261\001\0000\010\303\260\304.\027\360\377"
 271      B1010030 
 271      08C3B0C4 
 271      2E17F0FF 
 272 0010 AF0C954C 		.ascii	"\257\014\225L\262\371Z\034\300V\372\320\034\004\030"
 272      B2F95A1C 
 272      C056FAD0 
 272      1C0418
 273 001f 0040     		.ascii	"\000@"
 274              		.text
 275              		.section	.gnu.lto_.decls.ac9985fe,"",%progbits
 276 0000 789CB559 		.ascii	"x\234\265Y\011TTW\232\256\373nUQ\024\005\244\345d\031"
 276      09545457 
 276      9AAEFB6E 
 276      55511405 
 276      A4E56419 
 277 0014 CE4C3792 		.ascii	"\316L7\222iN\322\223\270\366L\367\364\3513\221\0001"
 277      694ED293 
 277      B8F64CF7 
 277      F4E93391 
 277      0031
 278 0026 F4B8A5C0 		.ascii	"\364\270\245\300$=\261\247\032\001#=,F\312,}\372t\036"
 278      243DB1A7 
 278      1A01233D 
 278      2C46CA2C 
 278      7DFA741E 
 279 003a 8B08A280 		.ascii	"\213\010\242\200\250\250,R  \210+\306\005E\304%\200"
 279      A8A82C52 
 279      2020882B 
ARM GAS  C:\Users\ajink\AppData\Local\Temp\ccWT2H8O.s 			page 21


 279      C60545C4 
 279      2580
 280 004c A2206E88 		.ascii	"\242 n\210\210\"\213\250\270@\203\012(2\377\275\367"
 280      88228BA8 
 280      B840830A 
 280      2832FFBD 
 280      F7
 281 005d D57BAF8A 		.ascii	"\325{\257\212\007\335\2353S\207\237\272\377\275\337"
 281      07DD9D33 
 281      53879FBA 
 281      FFBDDF
 282 006c FDEEFFFF 		.ascii	"\375\356\377\377\367\277\313{\205U*\225\205S\251F\341"
 282      F7BFCB7B 
 282      85552A95 
 282      8553A946 
 282      E1
 283 007d E3EBA152 		.ascii	"\343\353\241R\355V\253T\016P\267\000\004\252U\237 \225"
 283      ED56AB54 
 283      0E50B700 
 283      04AA559F 
 283      2095
 284 008f AA5CC53E 		.ascii	"\252\\\305>\244~\005\350_\201\374\021\344O \177\006"
 284      A47E05E8 
 284      5F81FC11 
 284      E44F207F 
 284      06
 285 00a0 E1416241 		.ascii	"\341AbA\340O\025\217T6\037\202\327\011|. \006\201s2"
 285      E04F158F 
 285      54361F82 
 285      D7097C2E 
 285      20068173 
 286 00b5 7CE7C2F7 		.ascii	"|\347\302\367V\220W\205\276\231\210\215i\035\303\376"
 286      56905785 
 286      BE99888D 
 286      691DC3FE 
 287 00c5 43EA0C0A 		.ascii	"C\352\014\012\\\207\340\333\010\337\237\012\266.\020"
 287      5C87E0DB 
 287      08DF9F0A 
 287      B62E10
 288 00d4 382D20D1 		.ascii	"8- \321 \030\352\226\302\367\357@|\2041\010\327\212"
 288      2018EA96 
 288      C2F7EF40 
 288      7C843108 
 288      D78A
 289 00e6 716C26BE 		.ascii	"ql&\276i\205q\"\020\033\203p\207!6\016\201\377N\340"
 289      69857122 
 289      101B8370 
 289      8721360E 
 289      81FF4EE0 
 290 00fa F9E304BE 		.ascii	"\371\343\004\276\223\370\274:\216\275\223\005\233\377"
 290      93F8BC3A 
 290      8EBD9305 
 290      9BFF
 291 0108 0BA411CA 		.ascii	"\013\244\021\312- ]*\311\007yl\210?\301 y \371 \333"
 291      2D205D2A 
 291      C907796C 
 291      883FC120 
ARM GAS  C:\Users\ajink\AppData\Local\Temp\ccWT2H8O.s 			page 22


 291      7920F920 
 292 011d 405E117C 		.ascii	"@^\021|\"1\333$\363\355}\220\271 \276 \377\0012\013"
 292      2231DB24 
 292      F3ED7D90 
 292      B920BE20 
 292      FF01320B 
 293 0131 2410E4BF 		.ascii	"$\020\344\277A~\013\342\017\3629\310\257\005\233\377"
 293      417E0BE2 
 293      0FF239C8 
 293      AF059BFF 
 294 0141 24F85186 		.ascii	"$\370Q\206\306\332\377\347q\346\316\032kk\2349\2254"
 294      C6DAFFE7 
 294      71E6CE1A 
 294      6B6B9C39 
 294      9534
 295 0153 3E12FAD9 		.ascii	">\022\372\331\177\370\037\310\305+p\365qh\357\361\322"
 295      7FF81FC8 
 295      C52B70F5 
 295      7168EFF1 
 295      D2
 296 0164 24C7BB1C 		.ascii	"$\307\273\034r\321\377\236\250\317V\366&\351A5\350\015"
 296      72D1FF9E 
 296      A8CF56F6 
 296      26E94135 
 296      E80D
 297 0176 442D2A2E 		.ascii	"D-*.\177\341\2029D\312\3336\337\276\254\177g\007\317"
 297      7FE18239 
 297      44CADB36 
 297      DFBEAC7F 
 297      6707CF
 298 0189 F3897C55 		.ascii	"\363\211|U\033\222(J\272\326f \354FA\253\217\236\356"
 298      1B92284A 
 298      BAD66620 
 298      EC4641AB 
 298      8F9EEE
 299 019c E2F08F69 		.ascii	"\342\360\217i9\275\360\372\021G\3746-Wm\355I\347\360"
 299      39BDF0FA 
 299      1147FC36 
 299      2D576DED 
 299      49E7F0
 300 01af 0C5ACE6C 		.ascii	"\014Z\316l\352\032\3000\306o\364\034Q+\213\266\344a"
 300      EA1AC030 
 300      C66FF41C 
 300      512B8BB6 
 300      E461
 301 01c1 FC6BDA34 		.ascii	"\374k\3324\322\325p\325Q\315\251\320^\204\321O\335)"
 301      D2D570D5 
 301      51CDA9D0 
 301      5E84D14F 
 301      DD29
 302 01d3 FDAEA173 		.ascii	"\375\256\241s\3475\244n7\324\355A\356h\037R\223\372"
 302      E735A46E 
 302      37D4ED41 
 302      EE681F52 
 302      93FA
 303 01e5 9595F917 		.ascii	"\225\225\371\027\235I\375.\250\377gwT\306\252\037\277"
 303      9D49FD2E 
ARM GAS  C:\Users\ajink\AppData\Local\Temp\ccWT2H8O.s 			page 23


 303      A8FF6777 
 303      54C6AA1F 
 303      BF
 304 01f6 A86AD091 		.ascii	"\250j\320\221\352\235P\375\246;\332\317\252c\212\216"
 304      EA9D50FD 
 304      A63BDACF 
 304      AA638A8E 
 305 0206 AE718041 		.ascii	"\256q\200A_\323S\322\224\272\314\023\230\252\243d`\356"
 305      5FD353D2 
 305      94BACC13 
 305      98AAA364 
 305      60EE
 306 0218 E0D1F616 		.ascii	"\340\321\366\026'\244\363J\340\371X\27676\006ovQ\241"
 306      27A4F34A 
 306      E0F958BE 
 306      3736066F 
 306      7651A1
 307 022b 77DCD1DB 		.ascii	"w\334\321\333`\003:\204th\007z\007\035F^\350;\244F\007"
 307      60033A84 
 307      7468077A 
 307      071D465E 
 307      E83BA446 
 308 0240 C08883C8 		.ascii	"\300\210\203\310]U\000\261\350M\335\226\351\312\363"
 308      5D5500B1 
 308      E84DDD96 
 308      E9CAF3
 309 024f 6A025211 		.ascii	"j\002R\021\224<\272\\\356\261\232\034\244L\213\216\000"
 309      943CBA5C 
 309      EEB19A1C 
 309      A44C8B8E 
 309      00
 310 0260 DB44CC6D 		.ascii	"\333D\314m\217\264\010\225\003\240\024\034a\304t\020"
 310      8FB40895 
 310      03A0141C 
 310      61C47410 
 311 0270 6BD8E30B 		.ascii	"k\330\343\013\236\216\250\3612\032\267\272\366\301~"
 311      9E8EA8F1 
 311      321AB7BA 
 311      F6C17E
 312 027f 039DC557 		.ascii	"\003\235\305W\344\0216\260\010\017d\025\365i\361\227"
 312      E41136B0 
 312      080F6415 
 312      F569F197 
 313 028f 14B9F16C 		.ascii	"\024\271\361lV\252\006\177K\313i\267\323/\251q\"B\362"
 313      56AA067F 
 313      4BCB69B7 
 313      D32FA971 
 313      2242F2
 314 02a2 0079B000 		.ascii	"\000y\260\000m\352\031\374NG\325\321QL\\\311o\275p\333"
 314      6DEA19FC 
 314      4E47D5D1 
 314      514C5CC9 
 314      6FBD70DB 
 315 02b6 1179E9A9 		.ascii	"\021y\351\251\323\245]W\377\2218}\032\351Q\225d\036"
 315      D3A55D57 
 315      FF91387D 
 315      1AE95195 
ARM GAS  C:\Users\ajink\AppData\Local\Temp\ccWT2H8O.s 			page 24


 315      641E
 316 02c8 E94B3E89 		.ascii	"\351K>\211\304]>\216\327\024\203\273\025\340\3231\360"
 316      C45D3E8E 
 316      D71483BB 
 316      15E0D331 
 316      F0
 317 02d9 099D0227 		.ascii	"\011\235\002'=\364\024\213N@\345I\250\004\342\375\355"
 317      3DF4148B 
 317      4E40E549 
 317      A804E2FD 
 317      ED
 318 02ea 8F92F556 		.ascii	"\217\222\365V\342\341\232\224\327\010q5\020\037\227"
 318      E2E19A94 
 318      D7087135 
 318      101F97
 319 02f9 88619C89 		.ascii	"\210a\234\211\230\277Wf\276z\252?[ce\336]7\372Q,?\013"
 319      98BF5766 
 319      BE7AAA3F 
 319      5B6365DE 
 319      5D37FA51 
 320 0310 D50273A5 		.ascii	"\325\002s\245\304\\=1s\215\"3z\274\256c\330\031\257"
 320      C45C3D31 
 320      738D2233 
 320      7ABCAE63 
 320      D819AF
 321 0323 C32CA415 		.ascii	"\303,\244\025\331\351l\011\3616\223a`\223Q\223\267\262"
 321      D9E96C09 
 321      F1369361 
 321      60935193 
 321      B7B2
 322 0335 00E30C86 		.ascii	"\000\343\014\206=\032\227\231\303a\013S\352\216\327"
 322      3D1A9799 
 322      C3610B53 
 322      EA8ED7
 323 0344 BDE4F077 		.ascii	"\275\344\360wLi<\327t\227\246y=Mg:\011/\252\256\235"
 323      4C693CD7 
 323      7497A679 
 323      3D4D673A 
 323      092FAAAE 
 324 0359 5093BAF3 		.ascii	"P\223\272\363,\227\033h.s\2157N\027\253\307K\326F!\245"
 324      2C971B68 
 324      2E738D37 
 324      4E17ABC7 
 324      4BD64621 
 325 036e 2E82E517 		.ascii	".\202\345\027\354S\252\276\306\201G\00426U\037\245\015"
 325      EC53AABE 
 325      C6814704 
 325      3236551F 
 325      A50D
 326 0380 3F77415E 		.ascii	"?wA^:\212k\376\\\207.\003\3219)P\215\326\324S\312\345"
 326      3A8A6BFE 
 326      5C872E03 
 326      D1392950 
 326      8DD6D453 
 327 0396 4B30D878 		.ascii	"K0\330x\003\203\037\335C\367\266;\343j\346h\353\350"
 327      03831FDD 
 327      43F7B63B 
ARM GAS  C:\Users\ajink\AppData\Local\Temp\ccWT2H8O.s 			page 25


 327      E36AE668 
 327      EBE8
 328 03a8 508C06D7 		.ascii	"P\214\006\3271%\251\244\343\013\334\302\312\275\345"
 328      3125A9A4 
 328      E30BDCC2 
 328      CABDE5
 329 03b7 2B3B30EE 		.ascii	"+;0\356a\312\315+\003\273\350\352\276&\205\243\270g"
 329      61CACD2B 
 329      03BBE8EA 
 329      BE2685A3 
 329      B867
 330 03c9 A48986A8 		.ascii	"\244\211\206\250\211\205\243\231\205\343\342\271\216"
 330      8985A399 
 330      85E3E2B9 
 330      8E
 331 03d6 8786F1C2 		.ascii	"\207\206\361\302\321\"Xu\003\254\272n\037\216\2334\034"
 331      D1225875 
 331      03ACBA6E 
 331      1F8E9B34 
 331      1C
 332 03e7 2D4AE1C8 		.ascii	"-J\341\310kH\3355N\214\321M\340\232\220\367\036\204"
 332      6B48DD35 
 332      4E8CD14D 
 332      E09A90F7 
 332      1E84
 333 03f9 AF150057 		.ascii	"\257\025\000W\245\360\265\310VnCU\313q\214\207\231\243"
 333      A5F0B5C8 
 333      566E4355 
 333      CB718C87 
 333      99A3
 334 040b 83F5158B 		.ascii	"\203\365\025\213\361J5-\327g\335\211\327\343uL\311\276"
 334      F14A352D 
 334      D767DD89 
 334      D7E3754C 
 334      C9BE
 335 041d 985CE284 		.ascii	"\230\\\342\204\363\231\222\377$\246\314\205\270\336"
 335      F39992FF 
 335      24A6CC85 
 335      B8DE
 336 042b 2ECB8EF5 		.ascii	".\313\216\365)\3654D\267Y8:X8Zs\037e\353\306\013G\227"
 336      29F53444 
 336      B759383A 
 336      58385A73 
 336      1F65EBC6 
 337 0442 60F61D30 		.ascii	"`\366\0350\273s\314\206C\303\321\245\024\216{\207\207"
 337      BB73CC86 
 337      43C3D1A5 
 337      148E7B87 
 337      87
 338 0453 4E3B8E13 		.ascii	"N;\216\023\216\273\3005!\357\020\204\243\033\000mR8"
 338      8EBBC035 
 338      21EF1084 
 338      A31B006D 
 338      5238
 339 0465 BA64E128 		.ascii	"\272d\341(ki\312\324\3422\346hC\351\301oq9+?:s\374\260"
 339      6B69CAD4 
 339      E232E668 
ARM GAS  C:\Users\ajink\AppData\Local\Temp\ccWT2H8O.s 			page 26


 339      43E9C16F 
 339      71392B3F 
 340 047d 0ED73065 		.ascii	"\016\3270e\377\331.\013=\032z\250\267\324\252c;\332"
 340      FFD92E0B 
 340      3D1A7AA8 
 340      B7D4AA63 
 340      3BDA
 341 048f 9FE9C773 		.ascii	"\237\351\307s\365\241`\322#0\351\301\230];\256gY\014"
 341      F5A160D2 
 341      2330E9C1 
 341      985D3BAE 
 341      67590C
 342 04a2 EC060F95 		.ascii	"\354\006\017\225\234\315h\330\3368N\004Q/\260M\304\334"
 342      9CCD68D8 
 342      DE384E04 
 342      512FB04D 
 342      C4DC
 343 04b4 5611AC43 		.ascii	"V\021\254C\217\001p_r\366\241\314\331\023O2\246\341"
 343      8F01705F 
 343      72F6A1CC 
 343      D9134F32 
 343      A6E1
 344 04c6 66E6D296 		.ascii	"f\346\322\226g\347\252]\351\306\361\006Q\237\337~\030"
 344      67E7AA5D 
 344      E9C6F106 
 344      519FDF7E 
 344      18
 345 04d7 EF84DB59 		.ascii	"\357\204\333Y[\371\356\201\363N\264\315\203\250k\262"
 345      5BF9EE81 
 345      F34EB4CD 
 345      83A86BB2 
 346 04e7 EF5ED6E1 		.ascii	"\357^\326\341;\254\355\326\263['\035h\3334\242\036I"
 346      3BACEDD6 
 346      B35B271D 
 346      68DB34A2 
 346      1E49
 347 04f9 AFDDACA5 		.ascii	"\257\335\254\245\373\015=\351\216\026\356\277\201\361"
 347      FB0D3DE9 
 347      8E16EEBF 
 347      81F1
 348 0507 7D064DCE 		.ascii	"}\006M\316\316\277\246\307\203L)\330\230\261SC\201:"
 348      CEBFA6C7 
 348      834C29D8 
 348      98B15343 
 348      813A
 349 0519 BAFDDC48 		.ascii	"\272\375\334HI\326\340X\015\333\230\272c\233\035\360"
 349      49D6E058 
 349      0DDB98BA 
 349      639B1DF0 
 350 0529 5AA60CDE 		.ascii	"Z\246\014\336\357~\200\360F\246\354n=\365\025t\322\352"
 350      EF7E80F0 
 350      46A6EC6E 
 350      3DF51574 
 350      D2EA
 351 053b C13B7E90 		.ascii	"\301;~\220\\o\321\267P}\346R\303\005\015\255'U\016$"
 351      5C6FD1B7 
 351      507DE652 
ARM GAS  C:\Users\ajink\AppData\Local\Temp\ccWT2H8O.s 			page 27


 351      C3050DAD 
 351      27550E24 
 352 054f 6E43A70F 		.ascii	"nC\247\017\357\321\"\275W\"A\246\305\361\216\265\020"
 352      EFD122BD 
 352      572241A6 
 352      C5F18EB5 
 352      10
 353 0560 B70108CE 		.ascii	"\267\001\010\3163\262\225\306p^\000f[\351K\250\034\265"
 353      33B295C6 
 353      705E0066 
 353      5BE94BA8 
 353      1CB5
 354 0572 CE456957 		.ascii	"\316EiW.=LxN\217F\244\250i\365\342\2044\037\310;\342"
 354      2E3D4C78 
 354      4E8F46A4 
 354      A869F5E2 
 354      84341FC8 
 355 0588 221E11DD 		.ascii	"\"\036\021\335\015\257\022x\034\300_Hp\350-n\344\012"
 355      0DAF1278 
 355      1CC05F48 
 355      70E82D6E 
 355      E40A
 356 059a A3C72A8C 		.ascii	"\243\307*\214\016\314\333c\2166s\342\021\321\223\377"
 356      0ECCDB63 
 356      8E3673E2 
 356      11D193FF 
 357 05aa 1B7244AC 		.ascii	"\033rD\254\004\346\347\022s\334\304\314\361\212\314"
 357      04E6E712 
 357      73DCC4CC 
 357      F18ACC
 358 05b9 A8A8AAFE 		.ascii	"\250\250\252\3764Y\235*J\367\031\235\232=\255\353\373"
 358      34599D2A 
 358      4AF7199D 
 358      9A3DADEB 
 358      FB
 359 05ca 5C702E8B 		.ascii	"\\p.\213\353@Ke\267\016\2272%agk\215\032\037`J\365\275"
 359      EB404B65 
 359      B70E9732 
 359      2561676B 
 359      8D1A1F60 
 360 05e1 CA14769A 		.ascii	"\312\024v\232\363Z\371\035\315\300\356h'\313W\345\250"
 360      F35AF91D 
 360      CDC0EE68 
 360      27CB57E5 
 360      A8
 361 05f2 7185C6E6 		.ascii	"q\205\306\346\330\236\314\216\355[YC\005\216T%\263\342"
 361      D89ECC8E 
 361      ED5B5943 
 361      058E5425 
 361      B3E2
 362 0604 4AAA8E57 		.ascii	"J\252\216W\016V\353q-\203\257Il;\243\307\215T\341j\357"
 362      0E56EB71 
 362      2D83AF49 
 362      6C3BA3C7 
 362      8D54E16A 
 363 0619 F0DBC4B0 		.ascii	"\360\333\304\260\226\026\266\177\030\007\316\247\203"
 363      9616B67F 
ARM GAS  C:\Users\ajink\AppData\Local\Temp\ccWT2H8O.s 			page 28


 363      1807CEA7 
 363      83
 364 0626 B5699CE8 		.ascii	"\265i\234\350\374d\371\3618\306\367u\340\373d\301\367"
 364      FC64F9F1 
 364      38C6F775 
 364      E0FB64C1 
 364      F7
 365 0637 B59C3B4A 		.ascii	"\265\234;J\341hT\277\177Q\031\257a\211\240\320i\203"
 365      E16854BF 
 365      7F5119AF 
 365      6189A0D0 
 365      6983
 366 0649 422736B3 		.ascii	"B'6\263\253\322\351\341\277\036LH\225LH\347\304L@\017"
 366      ABD2E9E1 
 366      BF1E4C48 
 366      954C48E7 
 366      C44C400F 
 367 065d 4F167CAD 		.ascii	"O\026|\255O$\347\364\337DK\256I[F\237`|\203\271\237"
 367      4F24E7F4 
 367      DF444BAE 
 367      495B469F 
 367      607C83B9 
 368 0672 39B407F6 		.ascii	"9\264\007\366\3246A\331R\323\242\306\235B`\032.\247"
 368      D43641D9 
 368      52D3A2C6 
 368      9D42601A 
 368      2EA7
 369 0684 3AE27B4C 		.ascii	":\342{L)\332\360,\311\025?b\312\320\363\313\315\034"
 369      29DAF02C 
 369      C9153F62 
 369      CAD0F3CB 
 369      CD1C
 370 0696 EE63CAD9 		.ascii	"\356c\312\331\253\267\3635\370\211\306f\375\032\330"
 370      ABB7F335 
 370      F889C666 
 370      FD1AD8
 371 06a5 FA7D9615 		.ascii	"\372}\226\025\027\347\212\237\2636\313\366\221Q\027"
 371      17E78A9F 
 371      B336CBF6 
 371      915117
 372 06b4 1CA3B559 		.ascii	"\034\243\265Y\314\006\266\230\263O\334ot\306\011\254"
 372      CC06B698 
 372      B34FDC6F 
 372      74C609AC 
 373 06c4 ADBF3DF6 		.ascii	"\255\277=\366%\302\253\231R\334^\237\356L\201o\0215"
 373      25C2AB99 
 373      52DC5E9F 
 373      EE4C816F 
 373      1135
 374 06d6 77C3900F 		.ascii	"w\303\220\017NaMG\372\222\007t8]k\263\003\030\330\016"
 374      4E614D47 
 374      FA920774 
 374      385D6BB3 
 374      0318D80E 
 375 06ea 90B2BBA0 		.ascii	"\220\262\273\240\237\031\202)K\336\215sX/\313Vh\020"
 375      9F198229 
 375      4BDE8D73 
ARM GAS  C:\Users\ajink\AppData\Local\Temp\ccWT2H8O.s 			page 29


 375      582FCB56 
 375      6810
 376 06fc E3A442C5 		.ascii	"\343\244B\305$\236\350-w\264\235E(\247\347\302\016\327"
 376      249EE82D 
 376      77B49D45 
 376      28A7E7C2 
 376      0ED7
 377 070e 496914CE 		.ascii	"Ii\024\316\363\036f\032\377\263\000\257\243\360\022"
 377      F31E661A 
 377      FFB300AF 
 377      A3F012
 378 071d 6E92B513 		.ascii	"n\222\265\023\275\030^)\356u\220\2437N\204^\235\261"
 378      BD185E29 
 378      EE7590A3 
 378      374E845E 
 378      9DB1
 379 072f A11AE10C 		.ascii	"\241\032\341\014f\365\225\230;W9\234\311\224\262m\205"
 379      66F59598 
 379      3B57399C 
 379      C994B26D 
 379      85
 380 0740 075952CF 		.ascii	"\007YR\317\242.45^q\300\271B\274\366\245\015\271\320"
 380      A22E3435 
 380      5E71C0B9 
 380      42BCF6A5 
 380      0DB9D0
 381 0753 B60F897A 		.ascii	"\266\017\211z\346\300\332*=\336\306\332FJ;\0079\\\314"
 381      E6C0DA2A 
 381      3DDEC6DA 
 381      464A3B07 
 381      395CCC
 382 0766 94EECA07 		.ascii	"\224\356\312\007<G\201\013\350\245\341\341\332[\260"
 382      3C47810B 
 382      E8A5E1E1 
 382      DA5BB0
 383 0775 A46C0770 		.ascii	"\244l\007pa\003\254N\3367\3520~P\016X\203\3626\215I"
 383      6103AC4E 
 383      DE37EA30 
 383      7E500E58 
 383      83F2368D 
 384 078a 4C4E611B 		.ascii	"LNa\033\026\274\264Xc\362\035d\3250E\037\244^\036\260"
 384      16BCB458 
 384      63F21D64 
 384      D530451F 
 384      A45E1EB0 
 385 079e 7AD9772D 		.ascii	"z\331w-\276\301I\216\3368\021\372\374\323\342\034-\336"
 385      BEC1498E 
 385      DE3811FA 
 385      FCD3E21C 
 385      2DDE
 386 07b0 C7AC4CAC 		.ascii	"\307\254L\254\330P\304\302\360)\250\257\2654\254\332"
 386      D850C4C2 
 386      F029A8AF 
 386      B534ACDA 
 387 07c0 E38C3CD9 		.ascii	"\343\214<\331\307\315S\366\361\362\264\360\361q\275"
 387      C7CD53F6 
 387      F1F2B4F0 
ARM GAS  C:\Users\ajink\AppData\Local\Temp\ccWT2H8O.s 			page 30


 387      F171BD
 388 07cf 8F       		.ascii	"\217"
 389 07d0 CA2DBF28 		.ascii	"\312-\277(/\343\253\3421\035d\037,\223\023\234\233\264"
 389      2FE3ABE2 
 389      311D641F 
 389      2C93139C 
 389      9BB4
 390 07e2 0ACA3832 		.ascii	"\012\31282\342\317\340\237\212\340-\267vik\247Q\350"
 390      E2CFE09F 
 390      8AE02DB7 
 390      76696BA7 
 390      51E8
 391 07f4 5E7BE81E 		.ascii	"^{\350\036\012\035@\"\266A\304\346\332c-v\264u\"4\323"
 391      0A1D4022 
 391      B641C4E6 
 391      DA632D76 
 391      B4752234 
 392 0809 1ECAF240 		.ascii	"\036\312\362@\202^\027\241\005\366\320m\366\026\324"
 392      825E17A1 
 392      05F6D06D 
 392      F616D4
 393 0818 8BD8ADF6 		.ascii	"\213\330\255\366\330\034{\354y\021\233\255\214\245&"
 393      D81C7BEC 
 393      79119BAD 
 393      8CA526
 394 0827 AC131275 		.ascii	"\254\023\022u\226Y\205V\303\214$\323&\202&'x=\354\031"
 394      96598556 
 394      C38C24D3 
 394      26822627 
 394      783DEC19 
 395 083b A7384F74 		.ascii	"\2478Ot\022\344\014\310i\220c gA\252@\216\203T\200T"
 395      12E40CC8 
 395      69906320 
 395      6741AA40 
 395      8E835480 
 396 0850 839C07A9 		.ascii	"\203\234\007\251\004\251\001\251\0039\007\362=\310Q"
 396      04A901A9 
 396      033907F2 
 396      3DC851
 397 085f 9023200D 		.ascii	"\220# \015 \265\234'\335\251\250\201\265\242\201\233"
 397      20B59C27 
 397      DDA9A881 
 397      B5A2819B 
 398 086f EC0D7CCB 		.ascii	"\354\015|\313\316\227\343\"4C\021*E\363\254\210\334"
 398      CE97E322 
 398      3443112A 
 398      45F3AC88 
 398      DC
 399 0880 628F64C9 		.ascii	"b\217d\311&c\275)bw+\317\275D{M\204\346)O\275\214\266"
 399      2663BD29 
 399      62772BCF 
 399      BD447B4D 
 399      84E6294F 
 400 0897 45C416DA 		.ascii	"E\304\026\332c\213lhc,\367\337\005\344!n\022:, \255"
 400      638B6C68 
 400      632CF7DF 
 400      05E4216E 
ARM GAS  C:\Users\ajink\AppData\Local\Temp\ccWT2H8O.s 			page 31


 400      123A2C20 
 401 08ac 8B0295DB 		.ascii	"\213\002\225\333\031pF$\335\254\354\227\004='B\263\224"
 401      19704624 
 401      DDACEC97 
 401      043D2742 
 401      B394
 402 08be 734FB435 		.ascii	"sO\2645\306r\203\030\260\003\014(\025\240\326\235J0"
 402      C6728318 
 402      B0030C28 
 402      15A0D69D 
 402      4A30
 403 08d0 55E656AB 		.ascii	"U\346V\253H\273\323\236v\227=\266Y\304\346+\3474\265"
 403      48BBD39E 
 403      76973DB6 
 403      59C4E62B 
 403      E734B5
 404 08e3 96DE072B 		.ascii	"\226\336\007+wi\341R\015\020\273{&\341i\273\267\253"
 404      7769E152 
 404      0D10BB7B 
 404      26E169BB 
 404      B7AB
 405 08f5 DEC00B4C 		.ascii	"\336\300\013L\373\225\2272\033\025\016\325\232\336\362"
 405      FB959732 
 405      1B150ED5 
 405      9ADEF2
 406 0904 9718B979 		.ascii	"\227\030\271y)e4j\204D\376\377Nj\352NO\204\016]\200"
 406      2965346A 
 406      8444FEFF 
 406      4E6AEA4E 
 406      4F840E5D 
 407 0919 81D648E7 		.ascii	"\201\326H\3473\361\315z>\037\313\255\356s0\254\226\316"
 407      33F1CD7A 
 407      3E1FCBAD 
 407      EE7330AC 
 407      96CE
 408 092b 7D0A96B6 		.ascii	"}\012\226\266\331\213\234A@\356\337p\267\335\005?\246"
 408      D98B9C41 
 408      40EEDF70 
 408      B7DD053F 
 408      A6
 409 093c BBE04F0E 		.ascii	"\273\340O\016\307>8\351\200<\275\324\0067O\003\333\355"
 409      C73E38E9 
 409      803CBDD4 
 409      06374F03 
 409      DBED
 410 094e 3CBDDCE0 		.ascii	"<\275\334\340\343\351\371\372\353j\203\301\340\351E"
 410      E3E9F9FA 
 410      EB6A83C1 
 410      E0E945
 411 095d F63F3E16 		.ascii	"\366?>\026\356h\335\313\327\307\361\005o\240\353\234"
 411      EE68DDCB 
 411      D7C7F105 
 411      6FA0EB9C 
 412 096d 01258115 		.ascii	"\001%\201\025\235\343,,j\356\3130\035\272\003\200D\311"
 412      9DE32C2C 
 412      6AEECB30 
 412      1DBA0380 
ARM GAS  C:\Users\ajink\AppData\Local\Temp\ccWT2H8O.s 			page 32


 412      44C9
 413 097f DC2EABB9 		.ascii	"\334.\253\271\344n\326\004$p7\223\033|\315\306\340&"
 413      E46ED604 
 413      24703793 
 413      1B7CCDC6 
 413      E026
 414 0991 66B03CE8 		.ascii	"f\260<\350\333\241\261\230\014v\013\002\335)\004\275"
 414      DBA1B198 
 414      0C760B02 
 414      DD2904BD 
 415 09a1 0FCA7721 		.ascii	"\017\312w!X7@.\203\264\212;\001\037\333VR\322\340\304"
 415      5837402E 
 415      83B48A3B 
 415      011FDB56 
 415      52D2E0C4 
 416 09b5 6F9E469F 		.ascii	"o\236F\237\011o\301\305\022L\260>OP\203\337!\366\312"
 416      096FC1C5 
 416      124CB03E 
 416      4F5083DF 
 416      21F6CA
 417 09c8 6DE8B0B1 		.ascii	"m\350\260\261\341:\263\201PY\352\223\264\305\323\350"
 417      E13AB381 
 417      5059EA93 
 417      B4C5D3E8 
 418 09d8 4B8C7E81 		.ascii	"K\214~\201H|Wa\263\251\0004+\331\012=\203X\230l\241"
 418      487C5761 
 418      B3A90034 
 418      2BD90A3D 
 418      8358986C 
 419 09ed 1522B46D 		.ascii	"\025\"\264mO]\003\315C\230\036t\311>\2466\353\017\300"
 419      4F5D03CD 
 419      43981E74 
 419      C93EA636 
 419      EB0FC0
 420 0a00 398237E4 		.ascii	"9\2027\344\005\301\025\005o\304\334\357M\355\330\372"
 420      05C11505 
 420      6FC4DCEF 
 420      4DEDD8FA 
 421 0a10 4FE44247 		.ascii	"O\344BGBZ\"]\250;\2553\300f\264n\317\037\372c\3715o"
 421      425A225D 
 421      A83BAD33 
 421      C066B46E 
 421      CF1FFA63 
 422 0a27 D0C7A63E 		.ascii	"\320\307\246>\005\302\277H>\335\024\335\177\242\350"
 422      05C2BF48 
 422      3EDD14DD 
 422      7FA2E8
 423 0a36 FE53240D 		.ascii	"\376S$\015~\252}\026\271\315?\000\237\006e\017c,\230"
 423      7EAA7D16 
 423      B9CD3F00 
 423      9F06650F 
 423      632C98
 424 0a49 E2945AC8 		.ascii	"\342\224Z\310\224\212\273\302\025\230\306.6\245\360"
 424      948ABBC2 
 424      1598C62E 
 424      36A5F0
 425 0a58 9C0FF3D8 		.ascii	"\234\017\363\330\014\322\015\322\006\322\002r\033\344"
ARM GAS  C:\Users\ajink\AppData\Local\Temp\ccWT2H8O.s 			page 33


 425      0CD20DD2 
 425      06D20272 
 425      1BE4
 426 0a66 2F208F85 		.ascii	"/ \217\205\371UL\214\022!\336\023%\206\274\243t}\022"
 426      F9554C8C 
 426      1221DE13 
 426      2586BCA3 
 426      747D12
 427 0a79 C646BDD0 		.ascii	"\306F\275\320\353\357\035^\311\211\277\231\210MEi\251"
 427      EBEF1D5E 
 427      C989BF99 
 427      884D4569 
 427      A9
 428 0a8a 3015E471 		.ascii	"0\025\344q\375\236\302TH9cI\355\321@\022\220\027\224"
 428      FD9EC254 
 428      48396349 
 428      EDD14012 
 428      901794
 429 0a9d 470577C7 		.ascii	"G\005w\307$\301F\341\266\365\212\032-xM\226\320\367"
 429      24C146E1 
 429      B6F58A1A 
 429      2D784D96 
 429      D0F7
 430 0aaf B8D7E1FF 		.ascii	"\270\327\341\377UN=\001\346>\305\364P\214u\245&p\266"
 430      554E3D01 
 430      E63EC5F4 
 430      508C75A5 
 430      2670B6
 431 0ac2 4B1578A4 		.ascii	"K\025x\2444m\007Oar\205y\036\017\246\032\007s\337\006"
 431      346D074F 
 431      61728579 
 431      1E0FA61A 
 431      0773DF06 
 432 0ad6 F3485A71 		.ascii	"\363HZqm/\316T\323\265\001uh\025\307B\242x\346\322\015"
 432      6D2FCE54 
 432      D3B50175 
 432      6815C742 
 432      A278E6D2 
 433 0aeb 674B09D9 		.ascii	"gK\011\331\356\273\306l\367\26419\2314v*\234\0050\316"
 433      EEBBC66C 
 433      F7B43139 
 433      9934762A 
 433      9C0530CE 
 434 0aff 8312B606 		.ascii	"\203\022\266\006I\276\016!\305qhPI$\310\003\373\363"
 434      49BE0E21 
 434      C5716850 
 434      4924C803 
 434      FBF3
 435 0b11 F6CBEAD7 		.ascii	"\366\313\352\327\307\213^?\215\336gj\266\327\336m\351"
 435      C78B5E3F 
 435      8DDE676A 
 435      B6D7DE6D 
 435      E9
 436 0b22 A8C5B89F 		.ascii	"\250\305\270\237\3358w\234,\373\007\217\255|\325\336"
 436      DD38779C 
 436      2CFB078F 
 436      AD7CD5DE 
ARM GAS  C:\Users\ajink\AppData\Local\Temp\ccWT2H8O.s 			page 34


 437 0b32 DED46387 		.ascii	"\336\324c\207\177\234\021\027[\300\267\215\216\376\204"
 437      7F9C1117 
 437      5BC0B78D 
 437      8EFE84
 438 0b41 F7209DD0 		.ascii	"\367 \235\320\200\270Q\252H\231\232\207\236p\036\344"
 438      80B851AA 
 438      48999A87 
 438      9E701EE4 
 439 0b51 B27D2177 		.ascii	"\262}!w\267\036\303>M\037X3\036&\253\201\306\262\227"
 439      B71EC33E 
 439      4D1F5833 
 439      1E26AB81 
 439      C6B297
 440 0b64 DFC25B38 		.ascii	"\337\302[8\036\2366y\216F\372\251\214\341\251\225\341"
 440      1E9E3679 
 440      8E46FAA9 
 440      8CE1A995 
 440      E1
 441 0b75 196598D8 		.ascii	"\031e\230\330\346A\033\233\023^t\2478\341\0066\332\306"
 441      E6411B9B 
 441      135E74A7 
 441      38E10636 
 441      DAC6
 442 0b87 EACE235A 		.ascii	"\352\316#Z:\232\345\3726m-_5:\372\036\301\243!\331`"
 442      3A9AE5FA 
 442      366D2D5F 
 442      353AFA1E 
 442      C1A321D9 
 443 0b9c 43D6C186 		.ascii	"C\326\301\206\231\271\203\303#\316\370\006#\310\251"
 443      99B983C3 
 443      23CEF806 
 443      23C8A9
 444 0bab BDDEE1C8 		.ascii	"\275\336\341\310\010\016\027Z\011\210\265\317e\004\317"
 444      080E175A 
 444      0988B5CF 
 444      6504CF
 445 0bba AD042F28 		.ascii	"\255\004/(AWq]\024\276\317\372wn\317M\342X\377\235%"
 445      4157715D 
 445      14BECFFA 
 445      776ECF4D 
 445      E258FF9D 
 446 0bcf F2FE23B2 		.ascii	"\362\376#\262\376#\326\376/i\377\304\234\253\335j<\304"
 446      FE23D6FE 
 446      2F69FFC4 
 446      9CABDD6A 
 446      3CC4
 447 0be1 085EE63E 		.ascii	"\010^\346>i\3271\202Z\033\202Q\031\301\250\225\200\307"
 447      69D73182 
 447      5A1B8251 
 447      19C1A895 
 447      80C7
 448 0bf3 94A0E94E 		.ascii	"\224\240\351N\221#N\322\261\327\246[{\366\273\000A\033"
 448      91234ED2 
 448      B1D7A65B 
 448      7BF6BB00 
 448      411B
 449 0c05 D9D9B67B 		.ascii	"\331\331\266{\257\213Kc\363FW\023\212\301\022\013\224"
ARM GAS  C:\Users\ajink\AppData\Local\Temp\ccWT2H8O.s 			page 35


 449      AF8B4B63 
 449      F3465713 
 449      8AC1120B 
 449      94
 450 0c16 194B2C65 		.ascii	"\031K,e)NO\250\324\340M\214\345\344\345\316#\3727\363"
 450      294E4FA8 
 450      D4E04D8C 
 450      E5E4E5CE 
 450      23FA37F3 
 451 0c2a F8360BCC 		.ascii	"\3706\013\314~\261!+\026\236$x\376\345{\243\230n\322"
 451      7EB1212B 
 451      169E2478 
 451      FEE57BA3 
 451      986ED2
 452 0c3d 718C46DC 		.ascii	"q\214F\334\311T\244\206r\305\3437\241\373\360\312K\011"
 452      C954A486 
 452      72C5E337 
 452      A1FBF0CA 
 452      4B09
 453 0c4f 1C7DA6AA 		.ascii	"\034}\246\252\242\277,d\3267%ip\016\343\216\275\360"
 453      A2BF2C64 
 453      D6372569 
 453      700EE38E 
 453      BDF0
 454 0c61 A0C31597 		.ascii	"\240\303\025\2270\205O\355\216\307x'S\222\322\343\272"
 454      30854FED 
 454      8EC77827 
 454      5392D2E3 
 454      BA
 455 0c72 75781F53 		.ascii	"ux\037S.\025\247%\352\360\001\246\014\325w\037\300\270"
 455      2E15A725 
 455      EAF001A6 
 455      0CD5771F 
 455      C0B8
 456 0c84 92290752 		.ascii	"\222)\007R\273s\325\270\206)\3377%\334\323\342z\246"
 456      BB73D5B8 
 456      8629DF37 
 456      25DCD3E2 
 456      7AA6
 457 0c96 346F5FB5 		.ascii	"4o_\265^\207\2572e]\341\206\004\016\337d\312\361\352"
 457      5E87AF32 
 457      655DE186 
 457      040EDF64 
 457      CAF1EA
 458 0ca9 FA7C47DC 		.ascii	"\372|G\334A\025C\352\272\001\013Bn\262g&\371\376\270"
 458      411543EA 
 458      BA010B42 
 458      6EB26726 
 458      F9FEB8
 459 0cbc 12BB0BB7 		.ascii	"\022\273\013\267\263u\230m\216Y\330\013\245cO\264\036"
 459      B375986D 
 459      8E59D80B 
 459      A5634FB4 
 459      1E
 460 0ccd 640B4806 		.ascii	"d\013H\006\310&\220\015 \331 \231 \233A6b\351Z\337\333"
 460      C826900D 
 460      20D92099 
ARM GAS  C:\Users\ajink\AppData\Local\Temp\ccWT2H8O.s 			page 36


 460      209B4136 
 460      62E95ADF 
 461 0ce2 70A96D76 		.ascii	"p\251mvza\202\365\332\266\012BF\370\306\273\260\017"
 461      7A6182F5 
 461      DAB60A42 
 461      46F8C6BB 
 461      B00F
 462 0cf4 3586581F 		.ascii	"5\206X\037\326\022\025\241\262k\345\210\204]c\217\265"
 462      D61215A1 
 462      B26BE588 
 462      845D638F 
 462      B5
 463 0d05 BBDAC659 		.ascii	"\273\332\306Y\222.\211\3404{\360\230;\373s\211y\265"
 463      922E89E0 
 463      347BF098 
 463      3BFB7389 
 463      79B5
 464 0d17 3D78CC73 		.ascii	"=x\314s\303\013\011\234\254l\206\344^\242dE\252\262"
 464      C30B099C 
 464      AC6C86E4 
 464      5EA26445 
 464      AAB2
 465 0d29 15127658 		.ascii	"\025\022vX\342MR6B\302\216J\330\024{\254\374Q\220\275"
 465      E24D5236 
 465      42C28E4A 
 465      D8147BAC 
 465      FC5190BD 
 466 0d3d B86E0C21 		.ascii	"\270n\014!\327\014\000)]\262_6\026 \330\243N\"\312\266"
 466      D70C0029 
 466      5DB25F36 
 466      1620D8A3 
 466      4E22CAB6 
 467 0d51 5699ED67 		.ascii	"V\231\355g\302-\273\275\376\320\250\013\362r\243\274"
 467      C22DBBBD 
 467      FED0A80B 
 467      F272A3BC 
 468 0d61 D9970CB0 		.ascii	"\331\227\014\260_o\005t\202\270\276\350(c\316^kn\241"
 468      5F6F0574 
 468      82B8BEE8 
 468      2863CE5E 
 468      6B6EA1
 469 0d74 1C48A91F 		.ascii	"\034H\251\037\232^\344mP\336\235a\235\315\375y+\226"
 469      9A5EE46D 
 469      50DE9D61 
 469      9DCDFD79 
 469      2B96
 470 0d86 5F057331 		.ascii	"_\005s1=\230\3107y\337\261\271j\265\332\006\335os\214"
 470      3D98C837 
 470      79DFB1B9 
 470      6AB5DA06 
 470      DD6F738C 
 471 0d9a 5904B485 		.ascii	"Y\004\264\205\242\007+n\325ju\302K\355\244q~\276Q\331"
 471      A2072B6E 
 471      D56A75C2 
 471      4BEDA471 
 471      7EBE51D9 
 472 0dae FC7683F2 		.ascii	"\374v\203\362\260\216\334\325\013\032\037\352\025{\312"
ARM GAS  C:\Users\ajink\AppData\Local\Temp\ccWT2H8O.s 			page 37


 472      B08EDCD5 
 472      0B1A1FEA 
 472      157BCA
 473 0dbd 7E0A51D9 		.ascii	"~\012Q\331\374\016\202\362i\317C\025\375Y\256\212=e"
 473      FC0E82F2 
 473      69CF4315 
 473      FD59AE8A 
 473      3D65
 474 0dcf BF1AA86C 		.ascii	"\277\032\250l~2@\333h\317\332\322\234\337\343\365\216"
 474      7E3240DB 
 474      68CFDAD2 
 474      9CDFE3F5 
 474      8E
 475 0de0 645DAB3B 		.ascii	"d]\253;\262\367\036tE^\356\356\364Ue\"\\\352\212\261"
 475      B2F71E74 
 475      455EEEEE 
 475      F4556522 
 475      5CEA8AB1 
 476 0df4 1E1508FB 		.ascii	"\036\025\010\373\034\373l\206\372\301\367H\003\024u"
 476      1CFB6C86 
 476      FAC1F748 
 476      031475
 477 0e03 F49BBE7E 		.ascii	"\364\233\276~\354M\347\361\033\342\250\2050%\244\011"
 477      EC4DE7F1 
 477      1BE2A885 
 477      3025A409 
 478 0e13 2E6B3063 		.ascii	".k0cE\230\276\354i_\337\227\244\321\013\350\304\277"
 478      4598BEEC 
 478      695FDF97 
 478      A4D10BE8 
 478      C4BF
 479 0e25 86CE4D29 		.ascii	"\206\316M)\033\322\322=p\031Q\367\345\265<c\277\265"
 479      1BD2D23D 
 479      701951F7 
 479      E5B53C63 
 479      BFB5
 480 0e37 BA10F541 		.ascii	"\272\020\365A\231\245ZGUg\242^X\371R7\376K\247]Xx\351"
 480      99A55A47 
 480      5567A25E 
 480      58F95237 
 480      FE4BA75D 
 481 0e4e B4935117 		.ascii	"\264\223Q\027\356\314\036t\222\336\255!\352\346\016"
 481      EECC1E74 
 481      92DEAD21 
 481      EAE60E
 482 0e5d 18BA1413 		.ascii	"\030\272\024\023\370n<\311\332\211\2403\332F\326h\345"
 482      F86E3CC9 
 482      DA89A033 
 482      DA46D668 
 482      E5
 483 0e6e E89289D0 		.ascii	"\350\222\211\320]\351\033{1\336\354\310N\357\326\370"
 483      5DE91B7B 
 483      31DEECC8 
 483      4EEFD6F8 
 484 0e7e 1403CE63 		.ascii	"\024\003\316c\312\345\230\230R\014g\302\005\313\336"
 484      CAE59898 
 484      520C67C2 
ARM GAS  C:\Users\ajink\AppData\Local\Temp\ccWT2H8O.s 			page 38


 484      05CBDE
 485 0e8d D4639DAF 		.ascii	"\324c\235\257\306\244\265\001\0379\236\320\036<\011"
 485      C6A4B501 
 485      1F399ED0 
 485      1E3C09
 486 0e9c ED85CC87 		.ascii	"\355\205\314\207\363PF\274\217\304\035\025!\016\036"
 486      F35046BC 
 486      8FC41D15 
 486      210E1E
 487 0eab 51F19B2A 		.ascii	"Q\361\233*\307\217\374\374}\227\207}\031\272\\;{\336"
 487      C78FFCFC 
 487      7D97877D 
 487      19BA5C3B 
 487      7BDE
 488 0ebd 420F1F95 		.ascii	"B\017\037\225\376\213\320\260hs\2209\324d\326C\233i"
 488      FE8BD0B0 
 488      68739039 
 488      D464D643 
 488      9B69
 489 0ecf E13CFF79 		.ascii	"\341<\377y\376\201:R\014\010\234\277\200\340MF?o\337"
 489      FE813A52 
 489      0C089CBF 
 489      80E04D46 
 489      3F6FDF
 490 0ee2 DFD2566F 		.ascii	"\337\322Vo\237@\377\217\375\336\2322e*\374\005/\015"
 490      9F40FF8F 
 490      FDDE9A32 
 490      652AFC05 
 490      2F0D
 491 0ef4 5B1C1615 		.ascii	"[\034\026\025=sjT\364\324\245A\341S\303\"\203\303W\204"
 491      3D736A54 
 491      F4D4A541 
 491      E153C322 
 491      83C35784 
 492 0f08 8492B209 		.ascii	"\204\222\262\011X\247,Ui(\263\016\224\340H\263\311\254"
 492      58A72C55 
 492      6928B30E 
 492      94E048B3 
 492      C9AC
 493 0f1a 5B111669 		.ascii	"[\021\026i\236\376o0\222\311d-.\011\376\325\"J\024m"
 493      9EFE6F30 
 493      92C9642D 
 493      2E09FED5 
 493      224A146D 
 494 0f2e 5E111216 		.ascii	"^\021\022\026\265\310\034\025\025\036\275\350\363\310"
 494      B5C81C15 
 494      151EBDE8 
 494      F3C8
 495 0f3c 151EB4E4 		.ascii	"\025\036\264\344\021\264<\302#4bqhHHh\310\242\237O\371"
 495      11B43CC2 
 495      23346271 
 495      68484868 
 495      C8A29F4F 
 496 0f51 778F19D3 		.ascii	"w\217\031\323\246\377\353\0273\027A\375\273\221Q\221"
 496      A6FFEB17 
 496      331741FD 
 496      BB915191 
ARM GAS  C:\Users\ajink\AppData\Local\Temp\ccWT2H8O.s 			page 39


 497 0f61 A1EF8606 		.ascii	"\241\357\206\006-\016[$\014\275(\"\010\270\"C\027\231"
 497      2D0E5B24 
 497      0CBD2822 
 497      08B82243 
 497      1799
 498 0f73 42429704 		.ascii	"BB\227\004\255\010\2071\277Y\026\032\015\226|\366\177"
 498      AD088731 
 498      BF59161A 
 498      0D967CF6 
 498      7F
 499 0f84 3A4CF437 		.ascii	":L\3647\321\213L\321\346\020\360\001\270\177\245\034"
 499      D18B4CD1 
 499      E610F001 
 499      B87FA51C 
 500 0f94 8E6551CB 		.ascii	"\216eQ\313\315\321S\003\002\347\316\234"
 500      CDD15303 
 500      02E7CE9C 
 501 0fa0 3175CE1C 		.ascii	"1u\316\034\337\251\201\376s\277\234n\015\216)<<\004"
 501      DFA981FE 
 501      73BF9C6E 
 501      0D8E293C 
 501      3C04
 502 0fb2 BAAAC383 		.ascii	"\272\252\303\203\242\315\216\240GD\205\300\014\270\221"
 502      A2CD8EA0 
 502      474485C0 
 502      0CB891
 503 0fc1 18CF9DEF 		.ascii	"\030\317\235\357\353g\372h\241\267\257\321;p\241\321"
 503      EB67FA68 
 503      A1B7AFD1 
 503      3B70A1D1 
 504 0fd1 EF47629D 		.ascii	"\357Gb\235\257\277\321g\316|\237\377T\023\260+tZ\036"
 504      AFBFD167 
 504      CE7C9FFF 
 504      5413B02B 
 504      745A1E
 505 0fe4 1A1D15BE 		.ascii	"\032\035\025\276\302\034\026\025i2\273\322\031\363\237"
 505      C21C1615 
 505      6932BBD2 
 505      19F39F
 506 0ff3 377B8E9F 		.ascii	"7{\216\237\311\317w\266\237\013\321\337\237"
 506      C9CF77B6 
 506      9F0BD1DF 
 506      9F
 507 1000 1FF821D5 		.ascii	"\037\370!\325\002\364\022\326\011z\206\204-\017\213"
 507      02F412D6 
 507      097A8684 
 507      2D0F8B
 508 100f FCD2647E 		.ascii	"\374\322d~\205\240\200\327\177\336\307\246\017\274\347"
 508      85A080D7 
 508      7FDEC7A6 
 508      0FBCE7
 509 101e 04F8B9CA 		.ascii	"\004\370\271\312*\002\215\013\375\264\014\351\014}\242"
 509      2A028D0B 
 509      FDB40CE9 
 509      0C7DA2
 510 102d 20699684 		.ascii	" i\226\204G}e2S\223\346\177\354g\374`\316\374OL\237"
 510      477D6532 
ARM GAS  C:\Users\ajink\AppData\Local\Temp\ccWT2H8O.s 			page 40


 510      5393E67F 
 510      EC67FC60 
 510      CEFC4F4C 
 511 1042 18BD17E8 		.ascii	"\030\275\027\350\254\2158\",\022G\004}M:\004\007\205"
 511      AC8D3822 
 511      2C124704 
 511      7D4D3A04 
 511      0785
 512 1054 872F0E0A 		.ascii	"\207/\016\012\376\037\223\33112\312\034\266\344\033"
 512      FE1F93D9 
 512      3132CA1C 
 512      B6E41B
 513 1063 53F06292 		.ascii	"S\360b\222n!\241\341\346 \223\331\001\2427s\0064\232"
 513      6E21A1E1 
 513      E62093D9 
 513      01A23773 
 513      06349A
 514 1076 4C42C949 		.ascii	"LB\311I\034\"x1I<\237\250\310%a\237k\203\351\227S\264"
 514      1C227831 
 514      493C9FA8 
 514      C825619F 
 514      6B83E997 
 515 108c 398280C2 		.ascii	"9\202\200\302\"\204D\"\212\220H\244\210}\214\323Af\250"
 515      22844422 
 515      8A9048A4 
 515      887D8CD3 
 515      4166A8
 516 109f 03E6FA18 		.ascii	"\003\346\372\030\325\276\376~F.\300\210\375f\0335>>"
 516      D5BEFE7E 
 516      462EC088 
 516      FD661B35 
 516      3E3E
 517 10b1 738DD3E9 		.ascii	"s\215\323\351\377\031j\037\037?#\366\231\027\210\027"
 517      FF196A1F 
 517      1F3F23F6 
 517      99178817 
 518 10c1 04F8606F 		.ascii	"\004\370`o\243\021\033}@\207\016\357\373\006\032\261"
 518      A3111B7D 
 518      40870EEF 
 518      FB061AB1 
 519 10d1 2FE939D7 		.ascii	"/\3519\327\333\310\315g\275f\002\376S\343/\377\236\371"
 519      DBC8CD67 
 519      BD6602FE 
 519      53E32FFF 
 519      9EF9
 520 10e3 15AD84D9 		.ascii	"\025\255\204\331\305\360\345&L6\244K\324\262)\313\202"
 520      C5F0E526 
 520      4C36A44B 
 520      D4B229CB 
 520      82
 521 10f4 969BA74C 		.ascii	"\226\233\247L\373\301\011\023\2542\310\351D%,2\314\354"
 521      FBC10913 
 521      AC32C8E9 
 521      44252C32 
 521      CCEC
 522 1106 2CB5C020 		.ascii	",\265\300 .V-42hq8\315\026\252\206\204E\023\235\200"
 522      2E562D34 
ARM GAS  C:\Users\ajink\AppData\Local\Temp\ccWT2H8O.s 			page 41


 522      32687138 
 522      CD16AA86 
 522      8445139D 
 523 111b E72FFE43 		.ascii	"\347/\376Ch\260\331\037\272j\310\246\360s'\243\217\217"
 523      68B0D91F 
 523      BA6AC8A6 
 523      F07327A3 
 523      8F8F
 524 112d 2910D68B 		.ascii	")\020\326\213o\350\022\016\002\341\363\301l\010\215"
 524      6FE8120E 
 524      02E1F3C1 
 524      6C088D
 525 113c BF51E7BD 		.ascii	"\277Q\347\275\340\375\031\306\200@Z\230N\012Z\357\017"
 525      E0FD19C6 
 525      80405A98 
 525      4E0A5AEF 
 525      0F
 526 114d DFF79B67 		.ascii	"\337\367\233gt \015\302\367t\370\206\030\222`\006\030"
 526      74200DC2 
 526      F774F886 
 526      18926006 
 526      18
 527 115e FF65AC7F 		.ascii	"\377e\254\177\241_\233\247\372\314\015\360\017\000\377"
 527      A15F9BA7 
 527      FACC0DF0 
 527      0F00FF
 528 116d 588C964C 		.ascii	"X\214\226L\237\3665Y\001\301K\203\226\353L\246%+\"\203"
 528      9FF63559 
 528      01C14B83 
 528      96EB4CA6 
 528      252B2283 
 529 1181 4D26676B 		.ascii	"M&gka\312/\246\377r\332\377\002\031\361\351w"
 529      61CA2FA6 
 529      FF72DAFF 
 529      0219F1E9 
 529      77
 530              		.text
 531              		.section	.gnu.lto_.symtab.ac9985fe,"",%progbits
 532 0000 7165695F 		.ascii	"qei_lld_stop\000\000\000\000\000\000\000\000\000\000"
 532      6C6C645F 
 532      73746F70 
 532      00000000 
 532      00000000 
 533 0016 00007701 		.ascii	"\000\000w\001\000\000qei_lld_init\000\000\000\000\000"
 533      00007165 
 533      695F6C6C 
 533      645F696E 
 533      69740000 
 534 002d 00000000 		.ascii	"\000\000\000\000\000\000\000z\001\000\000QEID4\000\000"
 534      0000007A 
 534      01000051 
 534      45494434 
 534      0000
 535 003f 00000000 		.ascii	"\000\000\000\000\000\000\000\000\000\000\204\001\000"
 535      00000000 
 535      00008401 
 535      00
ARM GAS  C:\Users\ajink\AppData\Local\Temp\ccWT2H8O.s 			page 42


 536 004c 00716569 		.ascii	"\000qei_lld_start\000\000\000\000\000\000\000\000\000"
 536      5F6C6C64 
 536      5F737461 
 536      72740000 
 536      00000000 
 537 0063 0000007C 		.ascii	"\000\000\000|\001\000\000qei_lld_enable\000\000\000"
 537      01000071 
 537      65695F6C 
 537      6C645F65 
 537      6E61626C 
 538 007b 00000000 		.ascii	"\000\000\000\000\000\000\000\000\000~\001\000\000qe"
 538      00000000 
 538      007E0100 
 538      007165
 539 008a 695F6C6C 		.ascii	"i_lld_disable\000\000\000\000\000\000\000\000\000\000"
 539      645F6469 
 539      7361626C 
 539      65000000 
 539      00000000 
 540 00a1 00008001 		.ascii	"\000\000\200\001\000\000qeiObjectInit\000\000\002\000"
 540      00007165 
 540      694F626A 
 540      65637449 
 540      6E697400 
 541 00b8 00000000 		.ascii	"\000\000\000\000\000\000\000\000\202\001\000\000"
 541      00000000 
 541      82010000 
 542              		.text
 543              		.section	.gnu.lto_.opts,"",%progbits
 544 0000 272D666E 		.ascii	"'-fno-trapv' '-mcpu=cortex-m3' '-mno-thumb-interwor"
 544      6F2D7472 
 544      61707627 
 544      20272D6D 
 544      6370753D 
 545 0033 6B272027 		.ascii	"k' '-mthumb' '-ggdb' '-O2' '-fomit-frame-pointer' '"
 545      2D6D7468 
 545      756D6227 
 545      20272D67 
 545      67646227 
 546 0066 2D66616C 		.ascii	"-falign-functions=16' '-ffunction-sections' '-fdata"
 546      69676E2D 
 546      66756E63 
 546      74696F6E 
 546      733D3136 
 547 0099 2D736563 		.ascii	"-sections' '-fno-common' '-flto'\000"
 547      74696F6E 
 547      73272027 
 547      2D666E6F 
 547      2D636F6D 
 548              		.text
 549              		.comm	__gnu_lto_v1,1,1
 550              		.comm	__gnu_lto_slim,1,1
 551              		.ident	"GCC: (GNU Tools for ARM Embedded Processors) 4.9.3 20150529 (release) [ARM/embedded-4_9-br
ARM GAS  C:\Users\ajink\AppData\Local\Temp\ccWT2H8O.s 			page 43


DEFINED SYMBOLS
                            *ABS*:00000000 hal_qei_lld.c
                            *COM*:00000001 __gnu_lto_v1
                            *COM*:00000001 __gnu_lto_slim

NO UNDEFINED SYMBOLS
