ARM GAS  C:\Users\ajink\AppData\Local\Temp\ccVz6YCY.s 			page 1


   1              		.syntax unified
   2              		.cpu cortex-m3
   3              		.fpu softvfp
   4              		.eabi_attribute 20, 1
   5              		.eabi_attribute 21, 1
   6              		.eabi_attribute 23, 3
   7              		.eabi_attribute 24, 1
   8              		.eabi_attribute 25, 1
   9              		.eabi_attribute 26, 1
  10              		.eabi_attribute 30, 2
  11              		.eabi_attribute 34, 1
  12              		.eabi_attribute 18, 4
  13              		.thumb
  14              		.file	"nvic.c"
  15              		.text
  16              	.Ltext0:
  17              		.section	.gnu.lto_.profile.ac99beec,"",%progbits
  18 0000 789C6366 		.ascii	"x\234cf```a\200\000F\006)1\000\000\276\0009"
  18      60606061 
  18      80004606 
  18      29310000 
  18      BE0039
  19              		.text
  20              		.section	.gnu.lto_.jmpfuncs.ac99beec,"",%progbits
  21 0000 789C6366 		.ascii	"x\234cf\300\016\244\2404\013\003\023##s}=#\020\3243"
  21      C00EA4A0 
  21      340B0313 
  21      2323737D 
  21      3D2310D4 
  22 0015 41D8CC20 		.ascii	"A\330\314 6\003\000(\334\0036"
  22      36030028 
  22      DC0336
  23              		.text
  24              		.section	.gnu.lto_.inline.ac99beec,"",%progbits
  25 0000 789C6D8C 		.ascii	"x\234m\214\313\015\2000\014C\235\017i\340\302\010\335"
  25      CB0D8030 
  25      0C439D0F 
  25      69E0C208 
  25      DD
  26 0011 801199A5 		.ascii	"\200\021\231\245#1\012#`\240\2528`)J\"\373\331\360\257"
  26      23310A23 
  26      60A0AA38 
  26      60294A22 
  26      FBD9F0AF 
  27 0025 BD6F0796 		.ascii	"\275o\007\226YT\2047\307\343\334\020\255*\364X\035\374"
  27      59548437 
  27      C7E3DC10 
  27      AD2AF458 
  27      1DFC
  28 0037 9246D2CA 		.ascii	"\222F\322\312\302\014\023\346\255\276\011\232\3764("
  28      C20C13E6 
  28      ADBE099A 
  28      FE3428
  29 0046 2617B92B 		.ascii	"&\027\271+\214\324\007\247\014%:8\274\001\342\002F;"
  29      8CD407A7 
  29      0C253A38 
  29      BC01E202 
ARM GAS  C:\Users\ajink\AppData\Local\Temp\ccVz6YCY.s 			page 2


  29      463B
  30 0058 0CFC     		.ascii	"\014\374"
  31              		.text
  32              		.section	.gnu.lto_.pureconst.ac99beec,"",%progbits
  33 0000 789C6366 		.ascii	"x\234cf``\340d\200\000\026\006)F)&)f)\000\002\305\000"
  33      6060E064 
  33      80001606 
  33      29462926 
  33      29662900 
  34 0017 7F       		.ascii	"\177"
  35              		.text
  36              		.section	.gnu.lto_nvicEnableVector.ac99beec,"",%progbits
  37 0000 789C9552 		.ascii	"x\234\225RMO\023Q\024}\347\275i;eH5.k\214.$\254\350"
  37      4D4F1351 
  37      147DE7BD 
  37      693B6548 
  37      352E6B8C 
  38 0018 C4685CB8 		.ascii	"\304h\\\270\222\270&1\376\003\355\206&B\011\030\343"
  38      92B82631 
  38      FE03ED86 
  38      26420918 
  38      E3
  39 0029 8ED7D2C0 		.ascii	"\216\327\322\300B\023H7\022\011\033\301\370Q)\212V\005"
  39      42134837 
  39      12091BC1 
  39      F851298A 
  39      5605
  40 003b D14C4834 		.ascii	"\321LH4,Tl\254\2214\244,\304o\026\202$\355,\010\336"
  40      2C546CAC 
  40      9134A42C 
  40      C46F1682 
  40      24ED2C08 
  41 0050 3B533506 		.ascii	";S5\006\026:\231y\357\335\217s\317\271\367\215\022\333"
  41      163A9979 
  41      EFDD8F73 
  41      CFB9F78D 
  41      12DB
  42 0062 9F287DAD 		.ascii	"\237(}\255J\210c\264C\011\310\241WB\244L\011\360A@\364"
  42      4A8863B4 
  42      4309C8A1 
  42      5742A44C 
  42      09F04140 
  43 0077 4AF4E28B 		.ascii	"J\364\342\213\\\223\030rr\303V\3635\255\365\367\354"
  43      5C931872 
  43      72C356F3 
  43      35ADF5F7 
  43      EC
  44 0088 42EAA403 		.ascii	"B\352\244\003W\012\361C\372up\035\315\224SZ|\337o\250"
  44      570AF143 
  44      FA75701D 
  44      CD94535A 
  44      7CDF6FA8 
  45 009c 2310749E 		.ascii	"#\020t\236\316o\274\264>KW\342\000\2333\331\371\341"
  45      CE6FBCB4 
  45      3E4B57E2 
  45      009B33D9 
  45      F9E1
ARM GAS  C:\Users\ajink\AppData\Local\Temp\ccVz6YCY.s 			page 3


  46 00ae 209BD260 		.ascii	" \233\322`\263\360$\377|W\323\230\326ig~J\0377\\\251"
  46      B3F024FF 
  46      7C57D398 
  46      D669677E 
  46      4A1F375C 
  47 00c3 70038AEA 		.ascii	"p\003\212\352\341&\242\270\205\250 \227@\016M\224\375"
  47      E126A2B8 
  47      85A82097 
  47      400E4D94 
  47      FD
  48 00d4 FACA46C9 		.ascii	"\372\312F\311PG\275\272\305\374\213R\035\271\364\013"
  48      5047BDBA 
  48      C5FC8B52 
  48      1DB9F40B 
  49 00e4 797B07E4 		.ascii	"y{\007\344\004\2328}-\263\371\316\012fH\366n_-\362\010"
  49      049A387D 
  49      2DB3F9CE 
  49      0A6648F6 
  49      6E5F2DF2 
  50 00f9 82F6C93D 		.ascii	"\202\366\311=\216\336\332\032+\254\332\021\200\263%"
  50      8EDEDA1A 
  50      2BACDA11 
  50      80B325
  51 0108 E10CC54B 		.ascii	"\341\014\305K\000\314\033\242c\300\244%\030\346\245"
  51      00CC1BA2 
  51      63C0A425 
  51      18E6A5
  52 0117 81178B7D 		.ascii	"\201\027\213}B\254P!\036\320\007)yWe\244\027\007*\237"
  52      42AC5021 
  52      1ED00729 
  52      795765A4 
  52      17072A9F 
  53 012b 025CBB2A 		.ascii	"\002\\\273*eUB\224\321\267\024\364mE.R2^\\.*\236@\310"
  53      65554294 
  53      D1B714F4 
  53      6D452E52 
  53      325E5C2E 
  54 0143 10982499 		.ascii	"\020\230$\231e\314e\301)\024\\\377\246G\015\016\232"
  54      65CC65C1 
  54      29145CFF 
  54      A6470D0E 
  54      9A
  55 0154 7AAE4F47 		.ascii	"z\256OGX\371\362\312B\321\364\\\202\315\253ok_#\243"
  55      58F9F2CA 
  55      42D1F45C 
  55      82CDAB6F 
  55      6B5F23A3 
  56 0168 184969ED 		.ascii	"\030Ii\355\204\\\031\306\035\352\366.\225\341\240;~"
  56      845C19C6 
  56      1DEAF62E 
  56      95E1A03B 
  56      7E
  57 0179 C96AC9E9 		.ascii	"\311j\311\351\014]J\003\2460\212u\357b(r\361r\261f\332"
  57      0C5D4A03 
  57      A6308A75 
  57      EF622872 
  57      F172B166 
ARM GAS  C:\Users\ajink\AppData\Local\Temp\ccVz6YCY.s 			page 4


  58 018e 133A9372 		.ascii	"\023:\223r\366\0225\356\241\245\312-\320 \356\303&q"
  58      F61235EE 
  58      A1A5CA2D 
  58      D020EEC3 
  58      2671
  59 01a0 ACB4D2FF 		.ascii	"\254\264\322\377q\240.>DQ\202\255\276\031\231id\362"
  59      71A02E3E 
  59      445182AD 
  59      BE199969 
  59      64F2
  60 01b2 6040A0E0 		.ascii	"`@\240\340\211MW\006J\312O2\271\004\341j\365\016\303"
  60      894D5706 
  60      4ACA4F32 
  60      B904E16A 
  60      F50EC3
  61 01c5 E422D0EC 		.ascii	"\344\"\320\354\340\340\263\220\007\332/\360\300\003"
  61      E0E0B390 
  61      07DA2FF0 
  61      C003
  62 01d3 FD1E4203 		.ascii	"\375\036B\003\016F)\321\257\263!}\247E\376\277\306\360"
  62      0E4629D1 
  62      AFB3217D 
  62      A745FEBF 
  62      C6F0
  63 01e5 AF4D5A78 		.ascii	"\257MZx\3505\211mM\356se#\036q\223!\257\311in\322\362"
  63      E835896D 
  63      4DEE7365 
  63      231E7193 
  63      21AFC969 
  64 01fc 48D69EC6 		.ascii	"H\326\236\306\376\233f\306\243\221;\323<\376C3\353\323"
  64      FE9B66C6 
  64      A3913BD3 
  64      3CFE4333 
  64      EBD3
  65 020e 54907236 		.ascii	"T\220r6\275I\262w\205\364\321\357A\350C\261\230Mo\274"
  65      BD49B277 
  65      85F4D1EF 
  65      41E843B1 
  65      984D6FBC 
  66 0222 3D712691 		.ascii	"=q&\221\3549l'{\354\366\323g\355\256d\367\271\036;\236"
  66      EC396C27 
  66      7BECF6D3 
  66      67EDAE64 
  66      F7B91E3B 
  67 0237 ECE84876 		.ascii	"\354\350Hv\332\255\247\332N\264]\260;\317'\342\261\270"
  67      DAADA7DA 
  67      4EB45DB0 
  67      3BCF27E2 
  67      B1B8
  68 0249 40A7D1D5 		.ascii	"@\247\321\325\235H\376\004G\347-\334"
  68      9D48FE04 
  68      47E72DDC 
  69              		.text
  70              		.section	.gnu.lto_nvicDisableVector.ac99beec,"",%progbits
  71 0000 789C8D51 		.ascii	"x\234\215QMk\023Q\024}\347\316d\022;R\305U\211\210."
  71      4D6B1351 
  71      147DE7CE 
ARM GAS  C:\Users\ajink\AppData\Local\Temp\ccVz6YCY.s 			page 5


  71      64123B52 
  71      C5558988 
  72 0015 2C5D350F 		.ascii	",]5\017Q\367\212\340\256 \376\003\315\246\001\223\021"
  72      51F78AE0 
  72      AE20FE03 
  72      CDA60193 
  72      11
  73 0026 23E2AE2F 		.ascii	"#\342\256/M\254\013\205\226n\014\324l\254\337\261\351"
  73      4DAC0B85 
  73      966E0CD4 
  73      6CACDFB1 
  73      E9
  74 0037 47AC6251 		.ascii	"G\254bQ\030\012\212\202\037T+J\221\210\030\301\257E"
  74      180A8A82 
  74      1F542B4A 
  74      918818C1 
  74      AF45
  75 0049 5B0BCD2C 		.ascii	"[\013\315,\264\336;\323\205\320\215\303\314}\357\236"
  75      B4DE3BD3 
  75      85D08DC3 
  75      CC7DEF9E 
  76 0059 77EE39F7 		.ascii	"w\3569\367\316\263\324\306'\311_\226\224\332\317+,\005"
  76      CEB3D4C6 
  76      27C95F96 
  76      94DACF2B 
  76      2C05
  77 006b 1A7AA954 		.ascii	"\032z\251T!A\200l\024T\037\241\017\337h\2110\344W\313"
  77      2141806C 
  77      14541FA1 
  77      0FDF6889 
  77      30E457CB 
  78 007f 6ED73563 		.ascii	"n\3275c\314\342\353\311\216s\035\001\227\375\242H\006"
  78      CCE2EBC9 
  78      8E731D01 
  78      97FDA248 
  78      06
  79 0090 37D0C594 		.ascii	"7\320\305\224\371\367\237\007lk\037\024\357\037\324"
  79      F9F79F07 
  79      6C6B1F14 
  79      EF1FD4
  80 009f 565EB85F 		.ascii	"V^\270_) \354\222tf\370i\331\221\224lI\247\037\325\236"
  80      2920EC92 
  80      7466F869 
  80      D991946C 
  80      49A71FD5 
  81 00b4 6CE91C35 		.ascii	"l\351\0345\246\337\1776e\016\330\001Y\270\011\213\365"
  81      A6DF7F36 
  81      650ED801 
  81      59B8098B 
  81      F5
  82 00c5 700B49DC 		.ascii	"p\013I\334FR1\244PE\247\320\227J\277\337\271N\211\275"
  82      465231A4 
  82      5045A7D0 
  82      974ABFDF 
  82      B94E89BD 
  83 00d9 B7469EB8 		.ascii	"\267F\236\270\003\007\274\216o\363\315\332\332\350\365"
  83      0307BC8E 
ARM GAS  C:\Users\ajink\AppData\Local\Temp\ccVz6YCY.s 			page 6


  83      6FF3CDDA 
  83      DAE8F5
  84 00e8 CB75BB0D 		.ascii	"\313u\273\015\020:q\241mq\210\331\022b\022\034\301\224"
  84      103A71A1 
  84      6D7188D9 
  84      1262121C 
  84      C194
  85 00fa 6A72A58C 		.ascii	"jr\245\214\365\205HVk\001\305\306\300\237\362\021\021"
  85      F5854856 
  85      6B01C5C6 
  85      C09FF211 
  85      11
  86 010b 5B255A65 		.ascii	"[%Ze\037\302\3177#3\233\245Q.\305\030\367\261\200\376"
  86      1FC2CF37 
  86      23339BA5 
  86      512EC518 
  86      F7B180FE 
  87 011f C6F9792B 		.ascii	"\306\371y+\"YLb\244\330r\242\334f\210\213\036\016\016"
  87      22594C62 
  87      A4D872A2 
  87      DC66888B 
  87      1E0E0E
  88 0132 3E8E8745 		.ascii	">\216\207E;\025jaQ\361\303:%\206\335I&F:+\024\201\202"
  88      3B156A61 
  88      51F1C33A 
  88      2586DD49 
  88      26463A2B 
  89 0149 33323B0C 		.ascii	"32;\014\311Ya\371\207\251\330\242\340\230\331\242i\227"
  89      C95961F9 
  89      87A9D8A2 
  89      E098D9A2 
  89      6997
  90 015b A13F365F 		.ascii	"\241?6_\315%BHIz\345m\353{{\005#\005c\374x@q\214\363"
  90      CD254248 
  90      497AE56D 
  90      EB7B7B05 
  90      230563FC 
  91 0174 8F9A602F 		.ascii	"\217\232`/9\014\256^t\273\253\246\204\200\022\230D\005"
  91      390CAE5E 
  91      74BBABA6 
  91      84801298 
  91      4405
  92 0186 CBE1CDF0 		.ascii	"\313\341\315\360\311\205Ks\255\204\0363\245\202\277"
  92      C9854B73 
  92      AD841E33 
  92      A582BF
  93 0195 23A04D98 		.ascii	"#\240M\230B7\317\032^Z\035\232;\2216\026'\236\177\212"
  93      4237CF1A 
  93      5E5A1D9A 
  93      3B913616 
  93      279E7F8A 
  94 01a9 AD77F2BF 		.ascii	"\255w\362\277>m\270\033\372`\203\317\366\200\\L\213"
  94      3E6DB81B 
  94      FA6083CF 
  94      F6805C4C 
  94      8B
  95 01ba 0F429F7B 		.ascii	"\017B\237{\320\377\216\3432t\237\365\032(\370\365\303"
ARM GAS  C:\Users\ajink\AppData\Local\Temp\ccVz6YCY.s 			page 7


  95      D0FF8EE3 
  95      32749FF5 
  95      1A28F8F5 
  95      C3
  96 01cb E22AAC26 		.ascii	"\342*\254&\223\371R\270\263=\251\224\3467\335\2339\236"
  96      93F952B8 
  96      B33DA994 
  96      E637DD9B 
  96      399E
  97 01dd F1F27BB5 		.ascii	"\361\362{\265\227\327\275\307N\350\223\336\251\323y"
  97      97D7BDC7 
  97      4EE893DE 
  97      A9D379
  98 01ec 9DF6B259 		.ascii	"\235\366\262Y/\247\017\036\3559\324sV\347\316d\322\251"
  98      2FA70F1E 
  98      ED39D473 
  98      56E7CE64 
  98      D2A9
  99 01fe B442EE2F 		.ascii	"\264B\356/\337'\347\004"
  99      DF27E704 
 100              		.text
 101              		.section	.gnu.lto_nvicSetSystemHandlerPriority.ac99beec,"",%progbits
 102 0000 789C6D51 		.ascii	"x\234mQ=hSQ\024>\337\271//\321\250\025\247\022\027\227"
 102      3D685351 
 102      143EDFB9 
 102      2F2FD1A8 
 102      15A71217 
 103 0015 D0A97988 		.ascii	"\320\251y\210\216\016\225\202[\027G\267\032\205\004"
 103      8E0E9582 
 103      5B1747B7 
 103      1A8504
 104 0024 DABC9288 		.ascii	"\332\274\222\210\270\365\246}\342RJ\311TZ\212C\024\253"
 104      B8F5A67D 
 104      E2524AC9 
 104      545A8A43 
 104      14AB
 105 0036 69535B75 		.ascii	"iS[u\320\351\351 \245h5P\250\204\326P\210\240\010b\177"
 105      D0E9E920 
 105      A5683550 
 105      A884D650 
 105      88A00862 
 106 004b 203C688D 		.ascii	" <h\215\347\276\320I/\367\357\374|\337\371\316\275\212"
 106      E7BED049 
 106      2FF7EFFC 
 106      7CDFF9CE 
 106      BD8A
 107 005d FE1D0959 		.ascii	"\376\035\011Y; \352\223\023\212\300S\353D\305\030\003"
 107      3B20EA93 
 107      138AC053 
 107      EB44C518 
 107      03
 108 006e E642A051 		.ascii	"\346B\240Q\306(~\360.c\312\257L\307{\036k\255\177\227"
 108      C6287EF0 
 108      2E63CAAF 
 108      4CC77B1E 
 108      6BAD7F97 
 109 0082 5E75DFEF 		.ascii	"^u\337\357\016\230h\237;4x\202\036Iy8\277\271\320\245"
ARM GAS  C:\Users\ajink\AppData\Local\Temp\ccVz6YCY.s 			page 8


 109      0E98689F 
 109      3B347882 
 109      1E497938 
 109      BFB9D0A5 
 110 0096 2E83E4FE 		.ascii	".\203\344\376\272z\3601\376\235\003\306\005c\276)\255"
 110      BA7AF031 
 110      FE9D03C6 
 110      0563BE29 
 110      AD
 111 00a7 4EDBC664 		.ascii	"N\333\306d\313\230\313\207\336!\222e\255\307\374\255"
 111      CB98CB87 
 111      DE219265 
 111      ADC7FCAD 
 112 00b7 15DD6705 		.ascii	"\025\335g\005\2540\017%|x\212\004\236!A\342\"T\220\224"
 112      AC300F25 
 112      7C788A04 
 112      9E2141E2 
 112      22549094 
 113 00cb ECCF3307 		.ascii	"\354\3173\007\033\226\272\022\362\326\252\0376\272:"
 113      1B96BA12 
 113      F2D6AA1F 
 113      36BA3A
 114 00da C83FC7C8 		.ascii	"\310?\307\310\205\377 \027\2214\351\273\336\321f\334"
 114      85FF2017 
 114      9134E9BB 
 114      DED166DC 
 115 00ea F644F5D9 		.ascii	"\366D\365\331\243c\301\250\302\226\236i\351\234\257"
 115      A363C1A8 
 115      C2969E69 
 115      E99CAF
 116 00f9 DBEDF2FB 		.ascii	"\333\355\362\373\267\3336\242\200\201\260\200-e\266"
 116      B7DB36A2 
 116      8081B080 
 116      2D65B6
 117 0108 084C71A2 		.ascii	"\010Lq\242\246 \314[|c6\247\252c\354\313\203_37\014"
 117      A620CC5B 
 117      7C6336A7 
 117      AA63ECCB 
 117      835F3337 
 118 011d 498BB9C5 		.ascii	"I\213\271\305\240:\306\267\354\216\255\304%U\037\325"
 118      A03AC6B7 
 118      EC8EADC4 
 118      25551FD5 
 119 012d 1A3565BA 		.ascii	"\0325e\272\215X\204%\221T\307\273\022L\212\004\177\356"
 119      8D588425 
 119      9154C7BB 
 119      124C8A04 
 119      7FEE
 120 013f 4D364E9A 		.ascii	"M6N\232\240\255\353\343\372\214Q\331h~\252\305B\027"
 120      A0ADEBE3 
 120      FA8C51D9 
 120      687EAAC5 
 120      4217
 121 0151 85AFB3D6 		.ascii	"\205\257\263\326^;5\207\331\242\326\276\035p\024\317"
 121      5E3B3587 
 121      D9A2D6BE 
 121      1D7014CF 
ARM GAS  C:\Users\ajink\AppData\Local\Temp\ccVz6YCY.s 			page 9


 122 0161 A5B365A1 		.ascii	"\245\263e\2411\301\311\375\325\235\023\275\025\355!"
 122      31C1C9FD 
 122      D59D13BD 
 122      15ED21
 123 0170 E0185630 		.ascii	"\340\030V0\207\275\360\027$T]/O\234v\026\265W\364\317"
 123      87BDF017 
 123      24545D2F 
 123      4F9C7616 
 123      B557F4CF 
 124 0184 4B6DBC40 		.ascii	"Km\274@o\213#\341\007\275\204#\352\350+\212\376\366"
 124      6F8B23E1 
 124      07BD8423 
 124      EAE82B8A 
 124      FEF6
 125 0196 3523C478 		.ascii	"5#\304x\233\"^z\022\370\305T\312\221\231\316dof\335"
 125      9B225E7A 
 125      12F8C554 
 125      CA9199CE 
 125      646F66DD 
 126 01aa C225C72D 		.ascii	"\302%\307-8\231\301!g\304\315\337)8iwx\330\3159W\257"
 126      3899C121 
 126      67C4CDDF 
 126      29386977 
 126      78D8CD39 
 127 01c0 0FF40FDC 		.ascii	"\017\364\017\334srw\263\351T\232\242\231\301\334\255"
 127      737277B3 
 127      E9549AA2 
 127      99C1DCAD 
 128 01d0 A1DB796B 		.ascii	"\241\333yk$\237u\377\002\313\267\2756"
 128      249F75FF 
 128      02CBB7BD 
 128      36
 129              		.text
 130              		.section	.gnu.lto_nvicClearPending.ac99beec,"",%progbits
 131 0000 789C6551 		.ascii	"x\234eQ\317k\023A\030\375\3367\233MJ\244\212\247\022"
 131      CF6B1341 
 131      18FDDE37 
 131      9B4D4AA4 
 131      8AA712
 132 0013 103D587A 		.ascii	"\020=Xzj\026Q\357\212\007O\005\351\177Psi\300f\305\210"
 132      6A1651EF 
 132      8A074F05 
 132      E97F5073 
 132      69C066C5 
 133 0028 78EBA489 		.ascii	"x\353\244\211\365`\241\265\027\013!\027\265\330\032"
 133      F560A1B5 
 133      170B2117 
 133      B5D81A
 134 0037 9B6A45A4 		.ascii	"\233jE\244Ea)(\275\250T+J\221xh\004\177\035l\2554{\320"
 134      45612928 
 134      BDA8542B 
 134      4A917868 
 134      047F1D6C 
 135 004f FA7DBBDE 		.ascii	"\372}\273\336\\fg\346\275y\357\3731c\350\377/#\377/"
 135      5C6667E6 
 135      BD79EFFB 
 135      3163E8FF 
ARM GAS  C:\Users\ajink\AppData\Local\Temp\ccVz6YCY.s 			page 10


 135      2F23FF2F 
 136 0063 101D9715 		.ascii	"\020\035\227\025\206\300\023/\211J)\006tC\240a\3060"
 136      86C0132F 
 136      894A2906 
 136      7443A061 
 136      C630
 137 0075 BEF02663 		.ascii	"\276\360&c\"\250O\245{\246\255\265?^?\356\272\322\025"
 137      22A84FA5 
 137      7BA6ADB5 
 137      3F5E3FEE 
 137      BAD215
 138 0088 32D14F8E 		.ascii	"2\321O\216\303\340\016zD\262\366~c\3241\307@\262_ll"
 138      C3E00E7A 
 138      44B2F67E 
 138      63D431C7 
 138      40B25F6C 
 139 009d BF487FE6 		.ascii	"\277H\177\346\220qH\341\322\344\312\224\253\220\035"
 139      907148E1 
 139      D2E4CA94 
 139      AB901D
 140 00ac 858F9E36 		.ascii	"\205\217\2366\236\357\355\276e\355H\260\262`O8!\033"
 140      9EEFEDBE 
 140      65ED48B0 
 140      B2604F38 
 140      211B
 141 00be CCC0483C 		.ascii	"\314\300H<\314\"\203\273\310\220P\204:\272U\276Y\371"
 141      CC2283BB 
 141      C8905084 
 141      3ABA55BE 
 141      59F9
 142 00d0 FD2EED56 		.ascii	"\375.\355V$\367\2768'\356\301\225\262i~\177`ww7\246"
 142      24F7BE38 
 142      27EEC195 
 142      B2697E7F 
 142      60777737 
 143 00e5 C7169D0E 		.ascii	"\307\026\235\016@\345,F\307\310\224ptJ\350\344*G\324"
 143      40E52C46 
 143      C7C89470 
 143      744AE8E4 
 143      2A47D4
 144 00f8 12A7B6F5 		.ascii	"\022\247\266\365\211YW\263\216rs\364O\365\214\006\333"
 144      895957B3 
 144      8E7273F4 
 144      4FF58C06 
 144      DB
 145 0109 61DE913C 		.ascii	"a\336\221<\214\357o\252K{\264P\261bN\352X\307H\363\352"
 145      8CEF6FAA 
 145      4B7BB450 
 145      B1624EEA 
 145      58C748F3 
 146 011e 9A894546 		.ascii	"\232\211EFD\302\224\333n\214\035\241\304\364d|\374Y"
 146      44C294DB 
 146      6E8C1DA1 
 146      C4F4647C 
 146      FC59
 147 0130 32321D24 		.ascii	"22\035$4\"S\371\303?I\002\2073\"\214\343lsL*/\314\362"
 147      342253F9 
ARM GAS  C:\Users\ajink\AppData\Local\Temp\ccVz6YCY.s 			page 11


 147      C33F4902 
 147      8733228C 
 147      E36C734C 
 148 0148 24144B84 		.ascii	"$\024K\204\255o\266\346h\004\327.\227m\2476\375\261"
 148      AD6FB6E6 
 148      6804D72E 
 148      976DA736 
 148      FDB1
 149 015a F56A3515 		.ascii	"\365j5\025Q\244\360\346\333\366\327\316\032\252%k\203"
 149      51A4F0E6 
 149      DBF6D7CE 
 149      1AAA256B 
 149      83
 150 016b 64C849CC 		.ascii	"d\310I\314\313E\335\227\\z\030\336\036K\367\326m\005"
 150      CB45DD97 
 150      5C7A18DE 
 150      1E4BF7D6 
 150      6D05
 151 017d 21A7F000 		.ascii	"!\247\360\0005lE/#'\327n\254\266S\336\234\255\224\202"
 151      356C452F 
 151      2327D76E 
 151      ACB653DE 
 151      9CAD9482 
 152 0191 03217760 		.ascii	"\003!w`\001\275\322k\364h\017\341I%\324D)\270~Z\353"
 152      01BDD26B 
 152      F4680FE1 
 152      4925D444 
 152      29B87E5A 
 153 01a6 50B6250D 		.ascii	"P\266%\015\312\345\210\342H6\353\311\310\015\346\317"
 153      CAE588E2 
 153      4836EBC9 
 153      C80DE6CF 
 154 01b6 E6FDE251 		.ascii	"\346\375\342Q\317/z\203\003\347\274\363\376\205\213"
 154      CF2F7A83 
 154      03E7BCF3 
 154      FE858B
 155 01c5 452FE70F 		.ascii	"E/\347\017\015\371\005\357d\177\337\251\276\313^\341"
 155      0DF905EF 
 155      647FDFA9 
 155      BECB5EE1 
 156 01d5 523E97CD 		.ascii	"R>\227\315\021\012\177\001>W\275+"
 156      110A7F01 
 156      3E57BD2B 
 157              		.text
 158              		.section	.gnu.lto_.symbol_nodes.ac99beec,"",%progbits
 159 0000 789C6366 		.ascii	"x\234cf``pc\200\002\2463\214\365\014\014\023\31610\324"
 159      60607063 
 159      8002A633 
 159      8CF50C0C 
 159      13CE3130 
 160 0015 D733CC5B 		.ascii	"\3273\314[\300\301\300t\226\261\236\021E\340\034c=\023"
 160      C0C1C074 
 160      96B19E11 
 160      45E01C63 
 160      3D13
 161 0027 8AC079C6 		.ascii	"\212\300y\306zfd\001\006\000\327D\024\026"
 161      7A666401 
ARM GAS  C:\Users\ajink\AppData\Local\Temp\ccVz6YCY.s 			page 12


 161      0600D744 
 161      1416
 162              		.text
 163              		.section	.gnu.lto_.refs.ac99beec,"",%progbits
 164 0000 789C6366 		.ascii	"x\234cf```d\200\002\000\000=\000\005"
 164      60606064 
 164      80020000 
 164      3D0005
 165              		.text
 166              		.section	.gnu.lto_.decls.ac99beec,"",%progbits
 167 0000 789CBD58 		.ascii	"x\234\275XkPTG\026\236\276=\0140\014\340\352\256\246"
 167      6B505447 
 167      169EBE3D 
 167      0C300CE0 
 167      EAAEA6
 168 0013 A86C2D31 		.ascii	"\250l-1UT\334$\2421\251d\367OB\320\254\244\312\204\014"
 168      5554DC24 
 168      A231A964 
 168      F74F42D0 
 168      ACA4CA84 
 169 0028 897F4215 		.ascii	"\211\177B\025A\230Dv\025\\\030\267\342\277\213\203:"
 169      41984476 
 169      155C18B7 
 169      E2BF8B83 
 169      3A
 170 0039 0822E1A1 		.ascii	"\010\"\341\241(\017G\001\345!\210\210(\357\207\212("
 170      280F4701 
 170      E5218888 
 170      28EF878A 
 170      28
 171 004a A0A00822 		.ascii	"\240\240\010\"\012\243\030y*((\020XfOw\337;3\\\0077"
 171      0AA31879 
 171      2A282810 
 171      58664F77 
 171      DF3B335C 
 172 0060 5B95DA5B 		.ascii	"[\225\332[\234;sn\177\375\365w\316\355\307a\260L&KB"
 172      9C3B736E 
 172      7FFDF577 
 172      CEEDC761 
 172      B04C264B 
 173 0075 329909AE 		.ascii	"2\231\011\256\270e2Y\002'\223\331\3013_\231\345\222"
 173      B8653259 
 173      022793D9 
 173      C1335F99 
 173      E592
 174 0087 83958295 		.ascii	"\203\225\202\225\203U\202U\313^\276H\273\263\320\317"
 174      83558255 
 174      CB5EBE48 
 174      BBB3D0CF 
 175 0097 054C0556 		.ascii	"\005L\005V\004\266\024\354\015\260\317\301.\203-\202"
 175      04B614EC 
 175      0DB0CFC1 
 175      2E832D82 
 176 00a7 B15CC0C6 		.ascii	"\261\\\300\306\341{\033X\023\030\006s\202g\034\230\014"
 176      E17B1B58 
 176      13180673 
 176      82671C98 
ARM GAS  C:\Users\ajink\AppData\Local\Temp\ccVz6YCY.s 			page 13


 176      0C
 177 00b8 D13FCA27 		.ascii	"\321?\312'\275\312\005^\351\030\"\277\310-\362\216\013"
 177      BDCA055E 
 177      E91822BF 
 177      C82DF28E 
 177      0B
 178 00c9 6372048B 		.ascii	"cr\004\213\330\030H\340\221^$.\307\005\364\023\216@"
 178      D81848E0 
 178      915E242E 
 178      C705F413 
 178      8E40
 179 00db E8F81DD8 		.ascii	"\350\370\035\330r\201\343K\341\263\222I\226mC\363\371"
 179      7281E34B 
 179      E1B39249 
 179      966D43F3 
 179      F9
 180 00ec 488E94FF 		.ascii	"H\216\224\377\203V\322\235\0238m\345\367)\207\312\012"
 180      8356D29D 
 180      13386DE5 
 180      F72987CA 
 180      0A
 181 00fd 275A9C06 		.ascii	"'Z\234\0068\344\242t'nyBc\212\002\\\225RN\334\232\352"
 181      38E4A274 
 181      276E7942 
 181      638A025C 
 181      95524EDC 
 182 0113 A9062506 		.ascii	"\251\006%\006\012\370\236\231r\277]\371N\036\317\363"
 182      0AF89E99 
 182      72BF5DF9 
 182      4E1ECFF3 
 183 0123 7ABEF636 		.ascii	"z\276\3666\262P\304\352\215W\224x1\005E\036\257\210"
 183      B250C4EA 
 183      8D579478 
 183      3105451E 
 183      AF88
 184 0135 B587FE6F 		.ascii	"\265\207\376o(iSo\352t\226#u\311Tp\205G\\\343#>\323"
 184      2869536F 
 184      EA749623 
 184      75C95470 
 184      85475CE3 
 185 014c 057928B3 		.ascii	"\005y(\263\200h\254*\241\341u\236\227\243SH\211\362"
 185      8068AC2A 
 185      A1E1759E 
 185      97A35348 
 185      89F2
 186 015e 114679E8 		.ascii	"\021Fy\350\035\"\233\364&\227\236\347w\362\361:\336"
 186      1D229BF4 
 186      26979EE7 
 186      77F2F13A 
 186      DE
 187 016f B1D14586 		.ascii	"\261\321E\206N 7\224\203\334d\250\020y\000\202b\321"
 187      4E203794 
 187      83DC64A8 
 187      10790082 
 187      62D1
 188 0181 49785800 		.ascii	"IxX\000\017\201\370\322lu\224\035Rz\330\356t\332F'*"
 188      0F81F8D2 
ARM GAS  C:\Users\ajink\AppData\Local\Temp\ccVz6YCY.s 			page 14


 188      6C75941D 
 188      527AD8EE 
 188      74DA4627 
 189 0196 217657C2 		.ascii	"!vW\302R\"\241\010$\344Z$\200\"s\200\372\202\242JG9"
 189      5222A108 
 189      24E45A24 
 189      80227380 
 189      FA82A24A 
 190 01ac BC700AFA 		.ascii	"\274p\012\372\226f\346p\353\311T\225\371Y1\242\017\013"
 190      9666E670 
 190      EBC95495 
 190      F95931A2 
 190      0F0B
 191 01be F63FBFA8 		.ascii	"\366?\277\250Z\226\014\264D\300\"9\362]jV C%\010\226"
 191      5A960CB4 
 191      44C02239 
 191      F25D6A56 
 191      20432508 
 192 01d3 023A83E4 		.ascii	"\002:\203\344\214\265\270=?C\211\215\210\346\255\250"
 192      8CB5B83D 
 192      3F43898D 
 192      88E6ADA8 
 193 01e3 BD2B0FBB 		.ascii	"\275+\017\273g\360\206\242\261\301\023\031\370\020o"
 193      67F086A2 
 193      B1C11319 
 193      F8106F
 194 01f2 D8C9CF99 		.ascii	"\330\311\317\231L\210\366Bg\315\272d\344;\325\205J\221"
 194      4C88F642 
 194      67CDBA64 
 194      E43BD585 
 194      4A91
 195 0204 FB02DABA 		.ascii	"\373\002\332\272\317\314=q]P\306y*\343\234(\2439v\317"
 195      CFCC3D71 
 195      5D50C679 
 195      2AE39C28 
 195      A33976CF 
 196 0218 2515CE64 		.ascii	"%\025\316d\357\270\252\251\356\205\035\225a\330\227"
 196      EFB8AAA9 
 196      EE851D95 
 196      61D897
 197 0227 A968E46B 		.ascii	"\251h\344kM\246\217I\007Tf\245\240LTPN\025$\235/\323"
 197      4DA68F49 
 197      075466A5 
 197      A04C5450 
 197      4E15249D 
 198 023d 39E3B38C 		.ascii	"9\343\263\214\240\350q\212\316\236\021\344\232\011H"
 198      A0E8718A 
 198      CE9E11E4 
 198      9A0948
 199 024c 08155604 		.ascii	"\010\025V\004\025\"A%%\350\212\345\247\344\370\006#"
 199      15224125 
 199      25E88AE5 
 199      A7E4F806 
 199      23
 200 025d 98AE9D1C 		.ascii	"\230\256\235\034\026\010\252\346)\250\262\"\250\022"
 200      1608AAE6 
 200      29A8B222 
ARM GAS  C:\Users\ajink\AppData\Local\Temp\ccVz6YCY.s 			page 15


 200      A812
 201 026b 09AA2981 		.ascii	"\011\252)\2018\351\226\262I\027\327t\270\016S\327D)"
 201      38E996B2 
 201      4917D774 
 201      B80E53D7 
 201      4429
 202 027d 0FB6DD3E 		.ascii	"\017\266\335>'\307}\214\177own\263=\036\246\016\227"
 202      27C77D8C 
 202      7F6F776E 
 202      B33D1EA6 
 202      0E97
 203 028f D037918D 		.ascii	"\3207\221\215\304)3\226\300\343\327d\350\0357\264\002"
 203      C4293396 
 203      C0E3D764 
 203      E81D37B4 
 203      02
 204 02a0 E6CB4598 		.ascii	"\346\313E\230/K\205\371R\003\271\253\025\347K\325/F"
 204      2F4B85F9 
 204      5203B9AB 
 204      15E74BD5 
 204      2F46
 205 02b2 44E6CB05 		.ascii	"D\346\313\005Hw\275e\276,5O\027\316\330\231\375\225"
 205      4877BD65 
 205      BE2C354F 
 205      17CED899 
 205      FD95
 206 02c4 6DD28685 		.ascii	"m\322\206\205Hcw5\375\201\220^\002\322:\013\351\005"
 206      48637735 
 206      FD81905E 
 206      02D23A0B 
 206      E905
 207 02d6 AB49D811 		.ascii	"\253I\330\021\033y\020+\201T\367+H\321e\244\204>\375"
 207      1B79102B 
 207      8154F72B 
 207      48D165A4 
 207      843EFD
 208 02e9 31FC849C 		.ascii	"1\374\204\234.n\203\221F\177\375\252I\357B\227w\324"
 208      2E6E8391 
 208      467FFDAA 
 208      49EF4297 
 208      77D4
 209 02fb EBC4DF73 		.ascii	"\353\304\337s\265\263K\201\237\263\324<\256\317\372"
 209      B5B34B81 
 209      9FB3D43C 
 209      AECFFA
 210 030a 910DF0AB 		.ascii	"\221\015\360\253V\017\364\250h\316=\305Q~\236\263\336"
 210      560FF4A8 
 210      68CE3DC5 
 210      517E9EB3 
 210      DE
 211 031b 4C546C33 		.ascii	"LTl3\231\3144\016#\352\332\023\3278\027\317\273\222"
 211      99CC340E 
 211      23EADA13 
 211      D73817CF 
 211      BB92
 212 032d 01786100 		.ascii	"\001xa\000h\260\232\227\327I\260\350-7t\215\221\237"
 212      68B09A97 
ARM GAS  C:\Users\ajink\AppData\Local\Temp\ccVz6YCY.s 			page 16


 212      D749B0E8 
 212      2D37748D 
 212      919F
 213 033f 299EBCEE 		.ascii	")\236\274\356\2628\236\302y\336]K'x3\300[(\274\025-"
 213      B2389EC2 
 213      79DE5D4B 
 213      277833C0 
 213      5B28BC15 
 214 0354 163BD14D 		.ascii	"\026;\321Mhhb\326\316\032\335\364*tO^\371E'lbq7\014"
 214      686862D6 
 214      CE1ADDF4 
 214      2A744F5E 
 214      F945276C 
 215 036c 56C7A958 		.ascii	"V\307\251X\024\012:\207k\362\243\035\251\354\357\210"
 215      140A3A87 
 215      6BF2A31D 
 215      A9ECEF88 
 216 037c 7BB7F556 		.ascii	"{\267\365V>\313\3312\342\316\365\351\307\355\026\216"
 216      3ECBD932 
 216      E2CEF5E9 
 216      C7ED168E 
 217 038c A2438CE2 		.ascii	"\242C\214\342\026\213\242\272h\344\220B\032\305M\200"
 217      168BA2BA 
 217      68E49042 
 217      1AC54D80 
 218 039c B7537827 		.ascii	"\267Sx'\325\325!\352\312\272\275?\015\343(Lu\355I3\035"
 218      D5D521EA 
 218      CABABD3F 
 218      0DE3284C 
 218      75ED4933 
 219 03b1 73C671CC 		.ascii	"s\306q\314I\256LK`\242x\352\267d\244\237\3038\2215^"
 219      49AE4C4B 
 219      60A278EA 
 219      B764A49F 
 219      C3389135 
 220 03c6 6CEBCE67 		.ascii	"l\353\316g\273\266\201\372\372KS\255r\234\306\032\305"
 220      BBB681FA 
 220      FA4B53AD 
 220      729CC61A 
 220      C5
 221 03d7 97A4125E 		.ascii	"\227\244\022^\322\243\202\206L\027|\22456\264\264=d"
 221      D2A38286 
 221      4C177C94 
 221      3536B4B4 
 221      3D64
 222 03e9 AFC8401B 		.ascii	"\257\310@\033_\014\326\035\267\307\371\254q:1:\231\321"
 222      5F0CD61D 
 222      B7C7F9AC 
 222      713A313A 
 222      99D1
 223 03fb F298F8A6 		.ascii	"\362\230\370\246\322\224+\316\270\21056\037\312\312"
 223      D2942BCE 
 223      B8883536 
 223      1FCACA
 224 040a 52B19EB4 		.ascii	"R\261\236\264\261\2739~F\205\313Y\343\376\261\266}\202"
 224      B1BB397E 
 224      4685CB59 
ARM GAS  C:\Users\ajink\AppData\Local\Temp\ccVz6YCY.s 			page 17


 224      E3FEB1B6 
 224      7D82
 225 041c 5ABA233D 		.ascii	"Z\272#=\316\236\035b\023\221w\241\232\246JO\260\234"
 225      CE9E1D62 
 225      139177A1 
 225      9AA64A4F 
 225      B09C
 226 042e B279C9FF 		.ascii	"\262y\311\377r@H\371\207ts\255=\320\352\270p\216\207"
 226      724048F9 
 226      877473AD 
 226      3DD0EAB8 
 226      708E87
 227 0441 C41C0FB2 		.ascii	"\304\034\017\262\034\267_\313Hzi\246\364\003|\200\302"
 227      1CB75FCB 
 227      487A69A6 
 227      F4037C80 
 227      C2
 228 0452 87698E87 		.ascii	"\207i\216\207\304\034\317\314\345\216:\343\032&4\273"
 228      C41CCFCC 
 228      E58E3AE3 
 228      1A2634BB 
 229 0462 76328625 		.ascii	"v2\206%\307@\205\346\324$\234\020\204\272\3224\0372"
 229      C74085E6 
 229      D4249C10 
 229      84BAD234 
 229      1F32
 230 0474 9630A163 		.ascii	"\2260\241c\024\037\325\251\277nO\375Q\352\237xr\263"
 230      141FD5A9 
 230      BF6E4FFD 
 230      51EA9F78 
 230      72B3
 231 0486 C86161A5 		.ascii	"\310aa\245OE\245cL\351T\317\271*W\213RD\027\374\023"
 231      4F45A563 
 231      4CE954CF 
 231      B92A578B 
 231      524417FC 
 232 049b 808F52F8 		.ascii	"\200\217R\3703\252\364\251\250t\256z\272Ie\215\276\374"
 232      33AAF4A9 
 232      A874AE7A 
 232      BA49658D 
 232      BEFC
 233 04ad 2AF491F6 		.ascii	"*\364\221\366\247\251*|\005\317\233\323*aN\217\031\316"
 233      A7A92A7C 
 233      05CF9BD3 
 233      2A614E8F 
 233      19CE
 234 04bf DF776471 		.ascii	"\337wdq\035\245\000S\366H\242\003\005\304\377\236\370"
 234      1DA50053 
 234      F648A203 
 234      05C4FF9E 
 234      F8
 235 04d0 C77696F7 		.ascii	"\307v\226\367;S_gG\374\374\231\233\303\257\230\346\323"
 235      3B535F67 
 235      47FCFC99 
 235      9BC3AF98 
 235      E6D3
 236 04e2 6260532C 		.ascii	"b`S,\260}w\316\310\245o\340\005\240')\372\027\252tZ"
ARM GAS  C:\Users\ajink\AppData\Local\Temp\ccVz6YCY.s 			page 18


 236      B07D77CE 
 236      C8A56FE0 
 236      05A02729 
 236      FA17AA74 
 237 04f7 54DA71E9 		.ascii	"T\332q\351\316]g\334\314\224\346\224\3342\262\0318F"
 237      CE5D67DC 
 237      CC94E694 
 237      DC32B219 
 237      3846
 238 0509 7789B1A9 		.ascii	"w\211\261\251\331\033\216\270\2035\352N\366L+Y\030d"
 238      D91B8EB8 
 238      8335EA4E 
 238      F64C2B59 
 238      1864
 239 051b BF729DCE 		.ascii	"\277r\235\316\211\371\023Z.^K\310\315\303@6\320\212"
 239      89F9135A 
 239      2E5E4BC8 
 239      CDC34036 
 239      D08A
 240 052d 53159F27 		.ascii	"S\025\237'\360|\326kd,4\003[\250\236[bV\200f\251\214"
 240      F07CD66B 
 240      642C3403 
 240      5BA89E5B 
 240      62568066 
 241 0543 3FC34D66 		.ascii	"?\303Mf\340\243\"\015wV4\256Bm\200\274! \305\235\002"
 241      E0A3220D 
 241      775634AE 
 241      426D80BC 
 241      2120C59D 
 242 0558 42B202EA 		.ascii	"B\262\002\352\014Or\025\200${\311\277\005\244yO\234"
 242      0C4F7215 
 242      80247BC9 
 242      BF05A479 
 242      4F9C
 243 056a 93700E88 		.ascii	"\223p\016\210\234\367\245\234\017\254\221<o\350&HX\371"
 243      9CF7A59C 
 243      0FAC913C 
 243      6FE82648 
 243      58F9
 244 057c E8B68014 		.ascii	"\350\266\200\024\367\003a\263\262 {Ed\257\024i\224 "
 244      F70361B3 
 244      B2207B45 
 244      64AF1469 
 244      9420
 245 058e 0745649F 		.ascii	"\007Ed\237\024\371P\202\274'\"\273\245\310\273\222\210"
 245      14F95082 
 245      BC2722BB 
 245      A5C8BB92 
 245      88
 246 059f 86C4887E 		.ascii	"\206\304\210~\226F\364\310\202\374Ix\351\237he\250\021"
 246      9646F4C8 
 246      82FC4978 
 246      E99F6865 
 246      A811
 247 05b1 DAAFD026 		.ascii	"\332\257\320&\202\206\323\002\355\343<\020\317-G:\260"
 247      8286D302 
 247      EDE33C10 
ARM GAS  C:\Users\ajink\AppData\Local\Temp\ccVz6YCY.s 			page 19


 247      CF2D473A 
 247      B0
 248 05c2 58B0DD60 		.ascii	"X\260\335`{\301\242\300v\202\355\002\333\003\026\015"
 248      7BC1A2C0 
 248      7682ED02 
 248      DB03160D 
 249 05d2 16036642 		.ascii	"\026\003fB\313Q$\267\234\036zT\3550\321\000+\030\215"
 249      CB5124B7 
 249      9C1E7A54 
 249      ED30D100 
 249      2B188D
 250 05e5 081AC475 		.ascii	"\010\032\304u\215\036K\324\366\210j\357I\325\366H\220"
 250      8D1E4BD4 
 250      F6886AEF 
 250      49D5F648 
 250      90
 251 05f6 232B5256 		.ascii	"#+RV\241q@N\010HqM\241\347\022\344]\221\263K\312y\307"
 251      A171404E 
 251      0848714D 
 251      A1E712E4 
 251      5D91B34B 
 252 060d 822427B8 		.ascii	"\202$'\270\361v\256\202G\004\"\023\253\024s=0\362|v"
 252      F176AE82 
 252      47042213 
 252      AB14733D 
 252      30F27C76 
 253 0621 C6052DF1 		.ascii	"\306\005-\361\260\225)\264\037\022\364[$\213\212\030"
 253      B09529B4 
 253      1F12F45B 
 253      248B8A18 
 254 0631 8D460E28 		.ascii	"\215F\016(\016\330\256Zj\010\"I\254!\216\377\224cP\250"
 254      0ED8AE5A 
 254      6A082249 
 254      AC218EFF 
 254      946350A8 
 255 0645 F65A0A64 		.ascii	"\366Z\012d\012\266\254\352xNE\313*\370\004teO\364\020"
 255      0AB6ACEA 
 255      784E45CB 
 255      2AF80474 
 255      654FF410 
 256 0659 DB338C0E 		.ascii	"\3333\214\016\244\367USb\244\035]\214\261tq\026\367"
 256      A4F75553 
 256      62A41D5D 
 256      8CB17471 
 256      16F7
 257 066b EFDBED8A 		.ascii	"\357\333\355\212c\344\254\256\322]\311S\212\325\203"
 257      63E4ACAE 
 257      D25DC953 
 257      8AD583
 258 067a FE57550F 		.ascii	"\376WU\017U\327\013\353]q\022\353\3374Q[\344\210\017"
 258      55D70BEB 
 258      5D7112EB 
 258      DF34515B 
 258      E4880F
 259 068d 33E7F968 		.ascii	"3\347\371h\375=\007|\2049Y\311\007N\262a\251\212\222"
 259      FD3D077C 
 259      843959C9 
ARM GAS  C:\Users\ajink\AppData\Local\Temp\ccVz6YCY.s 			page 20


 259      074EB261 
 259      A98A92
 260 06a0 665DB502 		.ascii	"f]\265\002g\261\266\222\350\263-\012\234'P<\230\032"
 260      67B1B692 
 260      E8B32D0A 
 260      9C27503C 
 260      981A
 261 06b2 677BDE22 		.ascii	"g{\336\"\252\350@R\003\302\205\254M<\323]\330\231>\271"
 261      AAE84052 
 261      03C285AC 
 261      4D3CD35D 
 261      D8993EB9 
 262 06c6 6B2C9AED 		.ascii	"k,\232\355+*\342\366\307\347\234b=\235\350?AO3\0168"
 262      2B2AE2F6 
 262      C7E79C62 
 262      3D9DE83F 
 262      414F330E 
 263 06db 2FBCF719 		.ascii	"/\274\367\0318a\357;\302\3218\322[;S\235\245\233z:\347"
 263      3861EF3B 
 263      C2D138D2 
 263      5B3B539D 
 263      A59B7A3A 
 264 06f0 86323802 		.ascii	"\20628\002?\312-\026;\321\202`\246\347\206\223tS_\020"
 264      3FCA2D16 
 264      3BD18260 
 264      A6E78693 
 264      74535F10 
 265 0704 5D33F1CC 		.ascii	"]3\361\314\344\204\213Y\020\207&\233\033\\\251\314\327"
 265      E4848B59 
 265      1087269B 
 265      1B5CA9CC 
 265      D7
 266 0715 88DBDA70 		.ascii	"\210\333\332p\241\333\011\227\2626=\257+P\342J\346\344"
 266      A1DB0997 
 266      B2363DAF 
 266      2B50E24A 
 266      E6E4
 267 0727 3CB896C0 		.ascii	"<\270\226\3006\363\267\350\226\372p8\325\031\327\261"
 267      36F3B7E8 
 267      96FA7038 
 267      D519D7B1 
 268 0737 B6A16339 		.ascii	"\266\241c9\267U\270\2019\275\223\275\365\3548[E\334"
 268      B755B881 
 268      39BD93BD 
 268      F5EC385B 
 268      45DC
 269 0749 BA9DE9A5 		.ascii	"\272\235\351\245N\270\211\265\365\217$\214\312q\033"
 269      4EB889B5 
 269      F58F248C 
 269      CA711B
 270 0758 73226B0B 		.ascii	"s\"k\013n2\340G\364\254yvl\267\003\356`m\305\231\331"
 270      6E32E047 
 270      F4AC7976 
 270      6CB703EE 
 270      606DC599 
 271 076d A52CB79F 		.ascii	"\245,\267\237\320\274\307\2346\331/\234\275\"1{+h\362"
 271      D0BCC79C 
ARM GAS  C:\Users\ajink\AppData\Local\Temp\ccVz6YCY.s 			page 21


 271      36D92F9C 
 271      BD22317B 
 271      2B68F2
 272 0780 22D3B38D 		.ascii	"\"\323\263\215XH\207A<9NA:Rh:N\323t\024\211\351\270"
 272      58488741 
 272      3C394E41 
 272      3A52683A 
 272      4ED37414 
 273 0797 9298DEAF 		.ascii	"\222\230\336\257\260F'q\257@\227\325w\3169\341\356\371"
 273      B0462771 
 273      AF4097D5 
 273      77CE39E1 
 273      EEF9
 274 07a9 2A554CE5 		.ascii	"*UL\345\254\216?\343\210{Y[\331\351\370iv\312\257'n"
 274      AC8E3FE3 
 274      887B595B 
 274      D9E9F869 
 274      76CAAF27 
 275 07be BD9E3FAA 		.ascii	"\275\236?\252\302}\362y\205\227\213Px\305\025f\215\263"
 275      C27DF279 
 275      85978B50 
 275      78C51566 
 275      8DB3
 276 07d0 9740CB9E 		.ascii	"\227@\313\236\234\243w\233\361\302\321\226\213\321\226"
 276      9CA3779B 
 276      F1C2D196 
 276      8BD196
 277 07df 097365B8 		.ascii	"\011se\2705\317UzP\236\207\000Ri\000\0254\200r1\200"
 277      35CF557A 
 277      509E8700 
 277      52690015 
 277      34807231 
 278 07f4 BDD3A76B 		.ascii	"\275\323\247k\2605\232\204\273 z\2648\007\012\200~\341"
 278      B0359A84 
 278      BB207AB4 
 278      38070A80 
 278      7EE1
 279 0806 ED558FF0 		.ascii	"\355U\217\360\254\260\361\265\256\020]\204\0121\271"
 279      ACB0F1B5 
 279      AE105D84 
 279      0A31B9
 280 0815 E9FC3DB6 		.ascii	"\351\374=\266\000\350\351\237\367\360\364\300+\312\230"
 280      00E8E99F 
 280      F7F0F4C0 
 280      2BCA98
 281 0824 3A318A1C 		.ascii	":1\212\034\266r\313\217\225\004K\203\250\001Y\265TV"
 281      B672CB8F 
 281      95044B83 
 281      A80159B5 
 281      5456
 282 0836 3D955527 		.ascii	"=\225U'\312z1\223\337\377R\020\013\242G:.\304\250\360"
 282      CA7A3193 
 282      DFFF5210 
 282      0BA2473A 
 282      2EC4A8F0 
 283 084a 080BE248 		.ascii	"\010\013\342H\\\3614+@\267\021w\367\301\250\0269~*,"
 283      5CF1342B 
ARM GAS  C:\Users\ajink\AppData\Local\Temp\ccVz6YCY.s 			page 22


 283      40B71177 
 283      F7C1A816 
 283      397E2A2C 
 284 085e FD9A33CF 		.ascii	"\375\2323\317\330\232\325\023\177Ya\357\243\022\007"
 284      D89AD513 
 284      7F5961EF 
 284      A31207
 285 086d 4B6DB0DC 		.ascii	"Km\260\334\272J\360 g\271\361H\376U\025/\234\346i\034"
 285      BA4AF020 
 285      67B9F148 
 285      FE55152F 
 285      9CE6691C 
 286 0881 46DDD6A7 		.ascii	"F\335\326\2479\313\350\011d>\3713\362\305\223\377\260"
 286      39CBE809 
 286      643EF933 
 286      F2C593FF 
 286      B0
 287 0892 6DACA548 		.ascii	"m\254\245H\2506C\033\244\320\313\022h\232\031zP\012"
 287      A836431B 
 287      A4D0CB12 
 287      689A197A 
 287      500A
 288 08a4 4DB18626 		.ascii	"M\261\206&E\032\316\277\015\310bn1:# \305y\216J$\244"
 288      451ACEBF 
 288      0DC8626E 
 288      313A2320 
 288      C5798E4A 
 289 08ba A7CCA485 		.ascii	"\247\314\244\205R\322\202ya%\351\014\345\024K^\3019"
 289      52D28279 
 289      6125E90C 
 289      E5144B5E 
 289      C139
 290 08cc 29B6747E 		.ascii	")\266t~\012\"\0159o\3039y\014\024d\012Pq\233BY\363\264"
 290      0A220D39 
 290      6FC33979 
 290      0C14640A 
 290      50719B42 
 291 08e3 EA0C87CD 		.ascii	"\352\014\207\315\254\311R\326\267\346#\313\314\310\263"
 291      ACC952D6 
 291      B7E623CB 
 291      CCC8B3
 292 08f2 B6C7B784 		.ascii	"\266\307\267\204Uh\016\353\244\355\260,\320T3\364\200"
 292      55680EEB 
 292      A4EDB02C 
 292      D05433F4 
 292      80
 293 0903 CDF1ADDE 		.ascii	"\315\361\255\336k\236\031z\\\012=a\315\012\265G\025"
 293      6B9E197A 
 293      5C0A3D61 
 293      CD0AB547 
 293      15
 294 0914 7903303F 		.ascii	"y\0030?i\235F\220\342\254E\227\346\2475\322PI\240\027"
 294      699D4690 
 294      E2AC4597 
 294      E6A735D2 
 294      5049A017 
 295 0928 007A9193 		.ascii	"\000z\221\223@\333\321|\251\351\346\361\017\331\236"
ARM GAS  C:\Users\ajink\AppData\Local\Temp\ccVz6YCY.s 			page 23


 295      40DBD17C 
 295      A9E9E6F1 
 295      0FD99E
 296 0937 01565AF3 		.ascii	"\001VZ\363\315\330\034\333Z\255\260\005fl\276\024\233"
 296      CDD81CDB 
 296      5AADB005 
 296      666CBE14 
 296      9B
 297 0948 27C59E34 		.ascii	"'\305\2364csmc_\252\354~\202p\022hS\267P\254\364@\261"
 297      63736D63 
 297      5FAAEC7E 
 297      82701268 
 297      53B750AC 
 298 095f D20A45C8 		.ascii	"\322\012E\310M\260&\260N\260+`\215`\327\301\356\201"
 298      4DB026B0 
 298      4EB02B60 
 298      8D60D7C1 
 298      EE81
 299 0971 B583DD06 		.ascii	"\265\203\335\006\273\003\326\005v\003\254\005\254\031"
 299      BB03D605 
 299      7603AC05 
 299      AC19
 300 097f AC0DEC1A 		.ascii	"\254\015\354\032\330]\260\016\260[`W\315\225\037\244"
 300      D85DB00E 
 300      B05B6057 
 300      CD951FA4 
 301 098f B482A4B4 		.ascii	"\264\202\244\264\022RZ%h\0247>T-y\373\271\346p\262\245"
 301      12525A25 
 301      6814373E 
 301      542D79FB 
 301      B9E670B2 
 302 09a4 E1B0829A 		.ascii	"\341\260\202\232\205NK\244\224|R\247u\333\252\323\242"
 302      854E4BA4 
 302      947C52A7 
 302      75DBAAD3 
 302      A2
 303 09b5 BAD20D0A 		.ascii	"\272\322\015\012\344\261\204\342j\376\341\200\214\300"
 303      E4B184E2 
 303      6AFEE180 
 303      8CC0
 304 09c3 94C8992B 		.ascii	"\224\310\231+\251n\261\222\262\225\030\324\013\371\370"
 304      A96EB192 
 304      B29518D4 
 304      0BF9F8
 305 09d2 7FE406B6 		.ascii	"\177\344\006\266\276\350\244[%N\363\3128\343\2742\356"
 305      BEE8A45B 
 305      254EF3CA 
 305      38E3BC32 
 305      EE
 306 09e3 BE50C6DD 		.ascii	"\276P\306\335\247e\\c~\372wx\222n\232\362\276\264\242"
 306      A7655C63 
 306      7EFA7778 
 306      926E9AF2 
 306      BEB4A2
 307 09f6 5257E4E1 		.ascii	"RW\344\341\346F\177~\325\363\237\240G\260\022\037p\330"
 307      E6467F7E 
 307      D5F39FA0 
ARM GAS  C:\Users\ajink\AppData\Local\Temp\ccVz6YCY.s 			page 24


 307      47B0121F 
 307      70D8
 308 0a08 9208590A 		.ascii	"\222\010Y\012<\237\372\2304\300W\007\372i\343\247\254"
 308      3C9FFA98 
 308      34C05707 
 308      FA69E3A7 
 308      AC
 309 0a19 3E08F111 		.ascii	">\010\361\021=\026~\206\014<d\247\333\203\304\247\321"
 309      3D167E86 
 309      0C3C64A7 
 309      DB83C4A7 
 309      D1
 310 0a2a F49F4682 		.ascii	"\364\237F\202\326\3777\364\356\316\335\235\230\236I"
 310      D6FF37F4 
 310      EECEDD9D 
 310      989E49
 311 0a39 0374474F 		.ascii	"\003tGO=\322\371\204U-\177\244\007v\345\300sv\320\322"
 311      3DD2F984 
 311      552D7FA4 
 311      0776E5C0 
 311      7376D0D2 
 312 0a4d 9FAA745D 		.ascii	"\237\252t]\221;_\361\353\321\260xD\0151\362\226\201"
 312      913B5FF1 
 312      EBD1B078 
 312      440D31F2 
 312      9681
 313 0a5f 9A7D0AEB 		.ascii	"\232}\012\3532\213\004:\000\203\017\322\3113BO\235a"
 313      328B043A 
 313      00830FD2 
 313      C933424F 
 313      9D61
 314 0a71 F1D43999 		.ascii	"\361\3249\2317~x\336\377\345\375\257B\377\234\220<\206"
 314      377E78DE 
 314      FFE5FDAF 
 314      42FF9C90 
 314      3C86
 315 0a83 F12C3B87 		.ascii	"\361,;\207z\212\313\356+\360.;\352\354\032\317LQ\276"
 315      7A8ACBEE 
 315      2BF02E3B 
 315      EAEC1ACF 
 315      4C51BE
 316 0a96 79946F35 		.ascii	"y\224o5\024\015\366\377=2\336\010t\344\007L\364\030"
 316      140DF6FF 
 316      3D32DE08 
 316      74E4074C 
 316      F418
 317 0aa8 E6F11398 		.ascii	"\346\361\023\230J\225\310\335\212w\224$\036\035G\234"
 317      4A95C8DD 
 317      8A779424 
 317      1E1D479C 
 318 0ab8 0C8D716F 		.ascii	"\014\215qo\312\034\266\207\204j\327\274\027\240U\374"
 318      CA1CB687 
 318      846AD7BC 
 318      17A055FC 
 319 0ac8 ED8B6FDC 		.ascii	"\355\213o\334\275e\312\200\000\361\311\367A\177\365"
 319      BD65CA80 
 319      00F1C9F7 
ARM GAS  C:\Users\ajink\AppData\Local\Temp\ccVz6YCY.s 			page 25


 319      417FF5
 320 0ad7 0FDA1CB2 		.ascii	"\017\332\034\262)$B\273=8$\314_\033\026\266%\302\377"
 320      292442BB 
 320      3D3824CC 
 320      5F1B16B6 
 320      25C2FF
 321 0aea 87D0EDEE 		.ascii	"\207\320\355\356\364\233{`\370Vw\315\326M\232\340`M"
 321      F49B7B60 
 321      F85677CD 
 321      D64D9AE0 
 321      604D
 322 0afc B0FFFB2B 		.ascii	"\260\377\373+\377\342\376\336\252\325\037\374s\215?"
 322      FFE2FEDE 
 322      AAD51FFC 
 322      738D3F
 323 0b0b 3C7F3734 		.ascii	"<\17774,T\363\256&pS\210\177Hh\320\226\355\301\032\377"
 323      2C54F3AE 
 323      26705388 
 323      7F4868D0 
 323      96EDC11A 
 324 0b20 AD81C015 		.ascii	"\255\201\300\025\252\361\017\010\326|\037\270}\2136"
 324      AAF10F08 
 324      D67C1FB8 
 324      7D8B36
 325 0b2f 40BB639B 		.ascii	"@\273c\233&b\345f\331\267\277\3510\021;\"\374\003\""
 325      2662E566 
 325      D9B7BFE9 
 325      30113B22 
 325      FC0322
 326 0b42 B4C11003 		.ascii	"\264\301\020\003p/\012\375WH\320\272\320\300M[4\033"
 326      702F0AFD 
 326      5748D0BA 
 326      D0C04D5B 
 326      341B
 327 0b54 3541DAB0 		.ascii	"5A\332\260\360\325+Wz\302\037\035/,b\215gX\204\347\346"
 327      F0D52B57 
 327      7AC21F1D 
 327      2F2C628D 
 327      675884E7 
 328 0b69 C02D9EDB 		.ascii	"\300-\236\333\302\302\265\021\236Aa[\267\206\205zz\251"
 328      C2C2B511 
 328      9E41615B 
 328      B786857A 
 328      7AA9
 329 0b7b 37786FF8 		.ascii	"7xo\370\321\223t]\031$\373\035\371\\\033\022a\341x\235"
 329      D193745D 
 329      1924FB1D 
 329      F95C1B12 
 329      61E1789D 
 330 0b8f 3CF1D368 		.ascii	"<\361\323h\375vDh5[\327\007\206\006o\321\204\373\206"
 330      FD764468 
 330      355BD707 
 330      86066FD1 
 330      84FB86
 331 0ba2 87848587 		.ascii	"\207\204\205\207hw\320\021\275\267h\002\303}5\241\240"
 331      6877D011 
 331      BDB76802 
ARM GAS  C:\Users\ajink\AppData\Local\Temp\ccVz6YCY.s 			page 26


 331      C37D35A1 
 331      A0
 332 0bb3 E2077B92 		.ascii	"\342\007{\222\316\217\002\264\216,\261\344\333\027\033"
 332      CE8F02B4 
 332      8E2CB1E4 
 332      DB171B
 333 0bc2 7DBC03BE 		.ascii	"}\274\003\276\206\360\345>~\353\324\216\352up\337\270"
 333      86F0E53E 
 333      7EEBD48E 
 333      EA7570DF 
 333      B8
 334 0bd3 6EED2AB9 		.ascii	"n\355*\271\217\367:\265\203\232y\253\241\321\327\322"
 334      8FF73AB5 
 334      839A79AB 
 334      A1D1D7D2 
 335 0be3 F81E345A 		.ascii	"\370\0364Z\271k\344>^\237Z\334\3679\037_\263\363\201"
 335      B96BE43E 
 335      5E9F5ADC 
 335      F7391F5F 
 335      B3F381
 336 0bf6 DCEF6B1F 		.ascii	"\334\357k\037\265\347\313\221j~\324zzo\360\363\361\363"
 336      B5E7CB91 
 336      6A7ED47A 
 336      7A6FF0F3 
 336      F1F3
 337 0c08 14B20511 		.ascii	"\024\262\005\021\207k\002\202\266\256\201T9\370y\177"
 337      876B0282 
 337      B6AE8154 
 337      39F8797F 
 338 0c18 4A45D979 		.ascii	"JE\331y\373~\343\263\026\206\363S\3137~\375\245\332"
 338      FB7EE3B3 
 338      1686F353 
 338      CB377EFD 
 338      A5DA
 339 0c2a CECB47ED 		.ascii	"\316\313G\355\255\306~`\336\344s\275\257\235\337z\322"
 339      ADC67E60 
 339      DEE473BD 
 339      AF9DDF7A 
 339      D2
 340 0c3b E8FD19DC 		.ascii	"\350\375\031\334\326\223\333Z\270\331m\330\360\231\227"
 340      D693DB5A 
 340      B8D96DD8 
 340      F09997
 341 0c4a 5AFE29B9 		.ascii	"Z\376)\271y\201\217}?S\343\265`^k\325rhSC<^j \367\362"
 341      79818F7D 
 341      3F53E3B5 
 341      605E6BD5 
 341      72685343 
 342 0c64 56CB8336 		.ascii	"V\313\2036\007\206;\004\004|\277=4( \300Y\374\262\362"
 342      07863B04 
 342      047CBF3D 
 342      342820C0 
 342      59FCB2F2 
 343 0c78 C3D51FBD 		.ascii	"\303\325\037\275\377\037\203\234\240a"
 343      FF1F839C 
 343      A061
 344              		.text
ARM GAS  C:\Users\ajink\AppData\Local\Temp\ccVz6YCY.s 			page 27


 345              		.section	.gnu.lto_.symtab.ac99beec,"",%progbits
 346 0000 6E766963 		.ascii	"nvicEnableVector\000\000\000\000\000\000\000\000\000"
 346      456E6162 
 346      6C655665 
 346      63746F72 
 346      00000000 
 347 0019 000000B6 		.ascii	"\000\000\000\266\000\000\000nvicDisableVector\000\000"
 347      0000006E 
 347      76696344 
 347      69736162 
 347      6C655665 
 348 0033 00000000 		.ascii	"\000\000\000\000\000\000\000\000\000\000\272\000\000"
 348      00000000 
 348      0000BA00 
 348      00
 349 0040 006E7669 		.ascii	"\000nvicSetSystemHandlerPriority\000\000\000\000\000"
 349      63536574 
 349      53797374 
 349      656D4861 
 349      6E646C65 
 350 0062 00000000 		.ascii	"\000\000\000\000\000\000\000\274\000\000\000nvicCle"
 350      000000BC 
 350      0000006E 
 350      76696343 
 350      6C65
 351 0074 61725065 		.ascii	"arPending\000\000\000\000\000\000\000\000\000\000\000"
 351      6E64696E 
 351      67000000 
 351      00000000 
 351      00000000 
 352 0088 00BE0000 		.ascii	"\000\276\000\000\000"
 352      00
 353              		.text
 354              		.section	.gnu.lto_.opts,"",%progbits
 355 0000 272D666E 		.ascii	"'-fno-trapv' '-mcpu=cortex-m3' '-mno-thumb-interwor"
 355      6F2D7472 
 355      61707627 
 355      20272D6D 
 355      6370753D 
 356 0033 6B272027 		.ascii	"k' '-mthumb' '-ggdb' '-O2' '-fomit-frame-pointer' '"
 356      2D6D7468 
 356      756D6227 
 356      20272D67 
 356      67646227 
 357 0066 2D66616C 		.ascii	"-falign-functions=16' '-ffunction-sections' '-fdata"
 357      69676E2D 
 357      66756E63 
 357      74696F6E 
 357      733D3136 
 358 0099 2D736563 		.ascii	"-sections' '-fno-common' '-flto'\000"
 358      74696F6E 
 358      73272027 
 358      2D666E6F 
 358      2D636F6D 
 359              		.text
 360              		.comm	__gnu_lto_v1,1,1
 361              		.comm	__gnu_lto_slim,1,1
ARM GAS  C:\Users\ajink\AppData\Local\Temp\ccVz6YCY.s 			page 28


 362              		.ident	"GCC: (GNU Tools for ARM Embedded Processors) 4.9.3 20150529 (release) [ARM/embedded-4_9-br
ARM GAS  C:\Users\ajink\AppData\Local\Temp\ccVz6YCY.s 			page 29


DEFINED SYMBOLS
                            *ABS*:00000000 nvic.c
                            *COM*:00000001 __gnu_lto_v1
                            *COM*:00000001 __gnu_lto_slim

NO UNDEFINED SYMBOLS
