ARM GAS  C:\Users\ajink\AppData\Local\Temp\ccEHXgzX.s 			page 1


   1              		.syntax unified
   2              		.cpu cortex-m3
   3              		.fpu softvfp
   4              		.eabi_attribute 20, 1
   5              		.eabi_attribute 21, 1
   6              		.eabi_attribute 23, 3
   7              		.eabi_attribute 24, 1
   8              		.eabi_attribute 25, 1
   9              		.eabi_attribute 26, 1
  10              		.eabi_attribute 30, 2
  11              		.eabi_attribute 34, 1
  12              		.eabi_attribute 18, 4
  13              		.thumb
  14              		.file	"pal.c"
  15              		.text
  16              	.Ltext0:
  17              		.section	.gnu.lto_.profile.ac99b040,"",%progbits
  18 0000 789C6366 		.ascii	"x\234cf```a\200\000F\006\015\031\000\000\340\000M"
  18      60606061 
  18      80004606 
  18      0D190000 
  18      E0004D
  19              		.text
  20              		.section	.gnu.lto_.jmpfuncs.ac99b040,"",%progbits
  21 0000 789C6366 		.ascii	"x\234cf\300\016\344\24143\003##c=#\023##s}=\023\230"
  21      C00EE4A1 
  21      34330323 
  21      23633D23 
  21      13232373 
  22 0018 6264064B 		.ascii	"bd\006K\2243\002I\0000\362\002\265"
  22      94330249 
  22      0030F202 
  22      B5
  23              		.text
  24              		.section	.gnu.lto_.inline.ac99b040,"",%progbits
  25 0000 789C6366 		.ascii	"x\234cf\300\016\336Bif\006\006N\016Ff\006F\020\013H"
  25      C00EDE42 
  25      69660606 
  25      4E0E4666 
  25      0646100B 
  26 0015 38800805 		.ascii	"8\200\010\005\016\266\017z\014l\013\344\231\030\030"
  26      0EB60F7A 
  26      0C6C0BE4 
  26      991818
  27 0024 5FB0B340 		.ascii	"_\260\263@H\020\301\001fr\200\010\0010S\000d\006#\003"
  27      4810C101 
  27      66728008 
  27      01305300 
  27      64062303 
  28 0038 1F2F230B 		.ascii	"\037/#\013\330\010FF0\237Y\001l\0267\323\005~\014c\200"
  28      D8084646 
  28      309F5901 
  28      6C1637D3 
  28      057E0C63 
  29 004d 622806B0 		.ascii	"b(\006\260,\220\227\000\261\024\230\030\230w\210+0\000"
  29      2C909700 
  29      B1149818 
ARM GAS  C:\Users\ajink\AppData\Local\Temp\ccEHXgzX.s 			page 2


  29      9877882B 
  29      3000
  30 005f ADB60099 		.ascii	"\255\266\000\231\312\304\300-\214\3440\210\211\234@"
  30      CAC4C02D 
  30      8CE43088 
  30      899C40
  31 006e 09E2DC05 		.ascii	"\011\342\334\005\264F\002d\014\013/\320\223\023\374"
  31      B4460264 
  31      0C0B2FD0 
  31      9313FC
  32 007d 40900100 		.ascii	"@\220\001\000\311\250\037}"
  32      C9A81F7D 
  33              		.text
  34              		.section	.gnu.lto_.pureconst.ac99b040,"",%progbits
  35 0000 789C6366 		.ascii	"x\234cf```g\200\000f\006)F)&I\000\001\273\000^"
  35      60606067 
  35      80006606 
  35      29462926 
  35      490001BB 
  36              		.text
  37              		.section	.gnu.lto_palReadBus.ac99b040,"",%progbits
  38 0000 789C8D90 		.ascii	"x\234\215\220MK\033Q\024\206\317{\357d>\214\242\270"
  38      4D4B1B51 
  38      1486CF7B 
  38      EF643E8C 
  38      A2B8
  39 0012 942E0451 		.ascii	"\224.\004Q\027\222\314\302?\340_\211\331(\004,\015B"
  39      1792CCC2 
  39      3FE05F89 
  39      D928042C 
  39      0D42
  40 0024 778E31B8 		.ascii	"w\2161\270q#\332\205\242bE\264\365+6j\003u%]\210\013"
  40      7123DA85 
  40      A26245B4 
  40      F52B366A 
  40      0375255D 
  41 003a 6D11C110 		.ascii	"m\021\301\020\027qa\004\005\005c\005\315B\364\234\031"
  41      17716104 
  41      05056305 
  41      CD42F49C 
  41      19
  42 004b 0B41370E 		.ascii	"\013A7\0163\347\316\271\367\234\347}\317\325\364\366"
  42      33E7CEB9 
  42      F79CE77D 
  42      CFD5F4F6 
  43 005b 69E22FA6 		.ascii	"i\342/\246\210\332x\205&\250\321?D\203\266\002\344\207"
  43      88DA7885 
  43      26A8D13F 
  43      4483B602 
  43      E487
  44 006d 40030A03 		.ascii	"@\003\012\003\270Te\205_\231\273\203\360\205\252(j&"
  44      B8546585 
  44      5F99BB83 
  44      F085AA28 
  44      6A26
  45 007f 4EB7C7F6 		.ascii	"N\267\307\366&LIaH\232?\236\310;\355\013\236\227\272"
  45      264C4961 
ARM GAS  C:\Users\ajink\AppData\Local\Temp\ccEHXgzX.s 			page 3


  45      489A3F9E 
  45      C83BED0B 
  45      9E97BA
  46 0092 19CB7E9E 		.ascii	"\031\313~\236\374\362\225O\024\375S\204oh\302w\210\020"
  46      FCF2954F 
  46      14FD5384 
  46      6F68C277 
  46      8810
  47 00a4 96D0CEA5 		.ascii	"\226\320\316\2457\203\205\222\245[ m\307\205\302\221"
  47      37838592 
  47      A55B206D 
  47      C785C291 
  48 00b4 D93ACF6D 		.ascii	"\331:\317m;{\033^\227QQ\032\313\320\325}\274EXA\253"
  48      3B7B1B5E 
  48      9751511A 
  48      CBD0D57D 
  48      BC455841 
  49 00c9 9497D38F 		.ascii	"\224\227\323\217\371\260\231\366<\257\341\221]s\031"
  49      F9B099F6 
  49      3CAFE191 
  49      5D7319
  50 00d8 53576182 		.ascii	"SWa\202\327\365\306\035\357\351\351l\361*k\324\260\177"
  50      D7F5C61D 
  50      EFE9E96C 
  50      F12A6BD4 
  50      B07F
  51 00ea EED0DC6B 		.ascii	"\356\320\334k\030\034B!\016\246\311\301\262$\265%8$"
  51      181C4221 
  51      0EA6C9C1 
  51      B224B525 
  51      3824
  52 00fc 0EA9C49F 		.ascii	"\016\251\304\237\314z\316\011\257\372\004\251\\ywN\013"
  52      CC7ACE09 
  52      AFFA04A9 
  52      5C79774E 
  52      0B
  53 010d F65E6916 		.ascii	"\366^i\026=-\375=\264eRM\342\341\347\303\354u\335\014"
  53      3D2DFD3D 
  53      B465524D 
  53      E2E1E7C3 
  53      EC75DD0C 
  54 0121 A65051F6 		.ascii	"\246PQ\366\275RX\223\331x\177\372n\274P\037\351\250"
  54      BD525893 
  54      D9787FFA 
  54      6EBC501F 
  54      E9A8
  55 0133 280719CC 		.ascii	"(\007\031\314\340V\274\021\326\021\241\023\374\316!"
  55      E056BC11 
  55      D611A113 
  55      FCCE21
  56 0142 E019D53C 		.ascii	"\340\031\325<\3475\257\206\005\361\343\205W\332\037"
  56      E735AF86 
  56      05F1E385 
  56      57DA1F
  57 0151 C9D99115 		.ascii	"\311\331\221\025/\315\007ad}\244\314\211\015\037\231"
  57      2FCD0761 
  57      647DA4CC 
ARM GAS  C:\Users\ajink\AppData\Local\Temp\ccEHXgzX.s 			page 4


  57      890D1F99 
  58 0161 FA8F0CBD 		.ascii	"\372\217\014\275\307S-6}\200\177a[\001\240h\005\000"
  58      C7532D36 
  58      7D807F61 
  58      5B01A068 
  58      0500
  59 0173 61703E54 		.ascii	"ap>T4\203\334b\233\274[\255a\277G\203K|\015-\0329_c"
  59      3483DC62 
  59      9BBC5BAD 
  59      61BF4783 
  59      4B7C0D2D 
  60 018b E861F843 		.ascii	"\350a\370C@p|\256ME\274 yx\276{\310\235\263\251\346"
  60      40707CAE 
  60      4D45BC20 
  60      7978BE7B 
  60      C89DB3A9 
  61 01a0 68D4E537 		.ascii	"h\324\3457\336\323\333\335\333\227\354t\373\222nO,\341"
  61      DED3DBDD 
  61      DB97EC74 
  61      FB926E4F 
  61      2CE1
  62 01b2 263FC5DD 		.ascii	"&?\305\335\217\261D4N\272\273?\371\014\326\014\326'"
  62      8FB14434 
  62      4EBABB3F 
  62      F90CD60C 
  62      D627
  63              		.text
  64              		.section	.gnu.lto_palWriteBus.ac99b040,"",%progbits
  65 0000 789C8D91 		.ascii	"x\234\215\221\317k\023Q\020\307\337\367\275\315f\263"
  65      CF6B1351 
  65      10C7DFF7 
  65      BDCD66B3 
  66 0010 DB4DAAA7 		.ascii	"\333M\252\247\222SAB\0165\011\342? \036\374?\232\\\032"
  66      92534142 
  66      0E3509E2 
  66      3F201EFC 
  66      3F9A5C1A 
  67 0024 28548C9E 		.ascii	"(T\214\236\273\251\351\311K\211\227\322Z\004\305\237"
  67      BBA9E9C9 
  67      4B8997D2 
  67      5A04C59F 
  68 0034 D1D6D636 		.ascii	"\321\326\32661\342!x\362\340\017\212\240\304\037\355"
  68      31E22178 
  68      F2E00F8A 
  68      A0C41FED 
  69 0044 C115F420 		.ascii	"\301\025\364 \264\032HS,q\346\355\026B\2754$\363\336"
  69      B41A4853 
  69      2C71E6ED 
  69      1642BD34 
  69      24F3DE
  70 0057 4C663E33 		.ascii	"Lf>3\337yJ\374\377I\322\357\264\022b\214N(\0019\367"
  70      DF794AFC 
  70      FF49D2EF 
  70      B412628C 
  70      4E280139 
  71 006c 5688B225 		.ascii	"V\210\262%\001\276\010\210i\211i\374\224\273\022s\255"
  71      01BE0888 
ARM GAS  C:\Users\ajink\AppData\Local\Temp\ccEHXgzX.s 			page 5


  71      698969FC 
  71      94BB1273 
  71      AD
  72 007d DABC93BE 		.ascii	"\332\274\223\276\343y\336\316\255\306\310\354HO\012"
  72      E379DECE 
  72      ADC6C8EC 
  72      484F0A
  73 008c F1470618 		.ascii	"\361G\006\030\334C\232Rv\312m?\252NA\320\275\271\334"
  73      DC439A52 
  73      76CA6D3F 
  73      AA4E41D0 
  73      BDB9DC
  74 009f 79E3FC90 		.ascii	"y\343\374\220=\211Qv\237W_\315\233\354J\203\335\017"
  74      3D895176 
  74      9F575FCD 
  74      9BEC4A83 
  74      DD0F
  75 00b1 EDF67B33 		.ascii	"\355\366{3u\333\363fZ\3155\357\234\321\223\012\367\241"
  75      75DBF366 
  75      5ACD35EF 
  75      9CD1930A 
  75      F7A1
  76 00c3 88870748 		.ascii	"\210\207\007H\342!\222\202B\0025\244({\245\276\271\340"
  76      E2219282 
  76      420235A4 
  76      287BA5BE 
  76      B9E0
  77 00d5 AAB4E6BE 		.ascii	"\252\264\346\276X\\8\037\024~\016\012\015<:Zh\010<F"
  77      585C381F 
  77      147E0E0A 
  77      0D3C3A5A 
  77      68083C46 
  78 00e9 8AB3772B 		.ascii	"\212\263w+\007\037\035\263BC\017\037\034\316\213e\230"
  78      071F1DB3 
  78      42430F1F 
  78      1CCE8B65 
  78      98
  79 00fa A073E564 		.ascii	"\240s\345d\313\353\367\277\255\377m\030'H0\265RT\033"
  79      CBEBF7BF 
  79      ADFF6D18 
  79      274830B5 
  79      52541B
  80 010d 31C0C511 		.ascii	"1\300\305\021\272\232&\233(\033\213L4\306\306&c9\034"
  80      BA9A269B 
  80      281B8B4C 
  80      34C6C626 
  80      63391C
  81 0120 1B62E3B2 		.ascii	"\033b\343\262\033\347[\202\215\020>\265\340\335}\227"
  81      1BE75B82 
  81      8D103EB5 
  81      E0DD7D97 
  82 0130 924FF509 		.ascii	"\222O\365\0113\365\325\3553\334\264+\025\215\264\355"
  82      33F5D5ED 
  82      33DCB42B 
  82      158DB4ED 
  83 0140 BFDBB478 		.ascii	"\277\333\264x\023\264vr7\366n\376r\227\260\210\236\214"
  83      13B47672 
ARM GAS  C:\Users\ajink\AppData\Local\Temp\ccEHXgzX.s 			page 6


  83      37F66EFE 
  83      7297B088 
  83      9E8C
  84 0152 75256925 		.ascii	"u%i%\005\034\277\321\271\336Nd\306z\322\306\023,\341"
  84      051CBFD1 
  84      B9DE4E64 
  84      C67AD2C6 
  84      132CE1
  85 0165 B7DE3456 		.ascii	"\267\3364V\221\021D\3347\003^\244KZ\271\003\002\337"
  85      911144DC 
  85      37035EA4 
  85      4B5AB903 
  85      02DF
  86 0177 3C0ED0C0 		.ascii	"<\016\320\300\232\006\362\016\360T\003\257\356\205\300"
  86      9A06F20E 
  86      F05403AF 
  86      EE85C0
  87 0186 A8669A83 		.ascii	"\250f\232\203L\3538L\007\353\232\251\367\273\0210\253"
  87      4CEB384C 
  87      07EB9AA9 
  87      F7BB1130 
  87      AB
  88 0197 21331630 		.ascii	"!3\0260\356~\235\335\217\261ngX\240N\000\352\261\025"
  88      EE7E9DDD 
  88      8FB16E67 
  88      58A04E00 
  88      EAB115
  89 01aa 0D526CCA 		.ascii	"\015Rl\312\342\222/a\211\243'\261\007'\033\"\251\341"
  89      E2922F61 
  89      89A327B1 
  89      07271B22 
  89      A9E1
  90 01bc 6487552E 		.ascii	"d\207U.\201\007\253\342:\313\345P'\014%4+N\241\227U"
  90      8107ABE2 
  90      3ACBE550 
  90      270C2534 
  90      2B4EA197 
  91 01d1 AD67F001 		.ascii	"\255g\360\001\354\243\017@\325\012\215P\233\377\372"
  91      ECA30F40 
  91      D50A8D50 
  91      9BFFFA
  92 01e0 5ADDCAD4 		.ascii	"Z\335\312\324\274\012\375\341\342\231\226\247X^\023"
  92      BC0AFDE1 
  92      E29996A7 
  92      585E13
  93 01ef 19028B2D 		.ascii	"\031\002\213-\224[\375\013\314\344\227\361i\235\364"
  93      945BFD0B 
  93      CCE497F1 
  93      699DF4
  94 01fe DCA47F34 		.ascii	"\334\244\1774\233\315\321\2670Q\314\027\247JgsS\245"
  94      9BCDD1B7 
  94      3051CC17 
  94      A74A6773 
  94      53A5
  95 0210 DCC4F864 		.ascii	"\334\304\370d\256t\251\220\2738>\231-\010\225\277R2"
  95      AE74A990 
  95      BB383E99 
ARM GAS  C:\Users\ajink\AppData\Local\Temp\ccEHXgzX.s 			page 7


  95      2D0895BF 
  95      5232
  96 0222 F2C5CBA5 		.ascii	"\362\305\313\245\177Nt\025@"
  96      7F4E7415 
  96      40
  97              		.text
  98              		.section	.gnu.lto_palSetBusMode.ac99b040,"",%progbits
  99 0000 789C8D90 		.ascii	"x\234\215\220Ak\023Q\020\307\347?o\263\273&F\305S\311"
  99      416B1351 
  99      10C7E73F 
  99      6FB3BB26 
  99      46C553C9 
 100 0014 A9202187 		.ascii	"\251 !\207\322,\342\027\360\346W\360\332F\241\205J\304"
 100      D22CE217 
 100      F0E657F0 
 100      DA46A185 
 100      4AC4
 101 0026 E0B1F4A5 		.ascii	"\340\261\364\245V\360$\265^\012\266z\020\251\266\232"
 101      56F024B5 
 101      5E0AB67A 
 101      10A9B69A 
 102 0036 68B50595 		.ascii	"h\265\005\225B\216^T\244\240\254\324z0\242\005\205\306"
 102      428E5E54 
 102      A4A0ACD4 
 102      7A30A205 
 102      85C6
 103 0048 16EB22A1 		.ascii	"\026\353\"\241\316\274\305C\365\322\345\355\314\233"
 103      CEBCC543 
 103      F5D2E5ED 
 103      CC9B
 104 0056 61FEBF99 		.ascii	"a\376\277\2317\206\376\377\012\362\237f\242>\3610\004"
 104      3786FEFF 
 104      0AF29F66 
 104      A23EF130 
 104      04
 105 0067 9E7C4554 		.ascii	"\236|ET\017\031\320\013\201\306\030c\330\340\016c\262"
 105      0F19D00B 
 105      81C61863 
 105      D8E00E63 
 105      B2
 106 0078 B5309D2B 		.ascii	"\2650\235+\335\261\326nN\255\364\\\356ID\266\305)\006"
 106      DDB1D66E 
 106      4EADF45C 
 106      EE4944B6 
 106      C52906
 107 008b 732849C9 		.ascii	"s(I\311f=n\007\346\030H\356O\033\333/s_9a\364j\370l"
 107      663D6E07 
 107      E61848EE 
 107      4F1BDB2F 
 107      735F3961 
 108 00a3 EAC5B4AF 		.ascii	"\352\305\264\257!{\032\276\215\343U\277x\333\332\361"
 108      217B1ABE 
 108      8DE355BF 
 108      78DBDAF1 
 109 00b3 D6F3457B 		.ascii	"\326\363E{\322K\330\340.\214\360p\017\005\314\243@\222"
 109      D24BD8E0 
 109      2E8CF070 
ARM GAS  C:\Users\ajink\AppData\Local\Temp\ccEHXgzX.s 			page 8


 109      0F05CCA3 
 109      4092
 110 00c5 222CA028 		.ascii	"\",\240(\325_\222\215\271\274)9nw\376\332L6U\306\251"
 110      D55F928D 
 110      B9BC2939 
 110      6E77FEDA 
 110      4C3655C6 
 111 00da D2C3FD7F 		.ascii	"\322\303\375\177\225\036\341\001\212Z\336\231\350\276"
 111      951EE101 
 111      8A5ADE99 
 111      E8BE
 112 00e8 CBF91332 		.ascii	"\313\371\0232\365\221\356\337\201\321\200\017\361\315"
 112      F591EEDF 
 112      81D1800F 
 112      F1CD
 113 00f6 A32DBBBB 		.ascii	"\243-\273\273\373\251\371m\305\313\312\213\245\227\021"
 113      FBA9F96D 
 113      C5CBCA8B 
 113      A59711
 114 0105 6DC613E3 		.ascii	"m\306\023\343g\304\004\276\2300\3200\204\003R[\364\272"
 114      67C404BE 
 114      9830D030 
 114      8403525B 
 114      F4BA
 115 0117 99CFCCEA 		.ascii	"\231\317\314\352\315{\214/w~\036W\342\016\033\351\367"
 115      CD7B8C2F 
 115      777E1E57 
 115      E20E1BE9 
 115      F7
 116 0128 B1FDFA4D 		.ascii	"\261\375\372M\250\3574\244\355\227~\335\372\236\237"
 116      A8EF34A4 
 116      ED977EDD 
 116      FA9E9F
 117 0137 C50D247C 		.ascii	"\305\015$|`\207\031M\031O\3633\333\327\343\303\375}"
 117      6087194D 
 117      194FF333 
 117      DBD7E3C3 
 117      FD7D
 118 0149 0967F110 		.ascii	"\011g\361\020\263\370\341\366\210G\350'%\"\345y\373"
 118      B3F8E1F6 
 118      8847E827 
 118      2522E579 
 118      FB
 119 015a 01E4B0E8 		.ascii	"\001\344\260\350\000\372 <\336\013\310\354\007p\020"
 119      00FA203C 
 119      DE0BC8EC 
 119      077010
 120 0169 4F1CC06D 		.ascii	"O\034\300mf)\005\254\007)@\031\022_Z\363\3238\220\241"
 120      662905AC 
 120      07294019 
 120      125F5AF3 
 120      D33890A1 
 121 017d 244B6B70 		.ascii	"$Kkp\011\345\334\\\275\332\340\321\337\366\212\015\023"
 121      09E5DC5C 
 121      BDDAE0D1 
 121      DFF68A0D 
 121      13
ARM GAS  C:\Users\ajink\AppData\Local\Temp\ccEHXgzX.s 			page 9


 122 018e CE6FE91C 		.ascii	"\316o\351\034X\306(\311:\\\275d\017\321:\352\255\017"
 122      58C628C9 
 122      3A5CBD64 
 122      0FD13AEA 
 122      AD0F
 123 01a0 A79C8474 		.ascii	"\247\234\204t\211\320\345I\303\336r9\222S\031\032\036"
 123      89D0E549 
 123      C3DE7239 
 123      9253191A 
 123      1E
 124 01b1 1CAED64E 		.ascii	"\034\256\326ND\325Z440\022\325.T\242\363\003#\345\012"
 124      44D55A34 
 124      343012D5 
 124      2E54A2F3 
 124      0323E50A 
 125 01c5 99C18B35 		.ascii	"\231\301\2135\357\\\365\314\331?\211M\324X"
 125      EF5CF5CC 
 125      D93F894D 
 125      D458
 126              		.text
 127              		.section	.gnu.lto_.symbol_nodes.ac99b040,"",%progbits
 128 0000 789C6366 		.ascii	"x\234cf``\360e\200\002\2463\214\365\014\014\023\316"
 128      6060F065 
 128      8002A633 
 128      8CF50C0C 
 128      13CE
 129 0012 3130D4D7 		.ascii	"10\324\3273\314[\300\301\300t\226\261\236\021E\340\034"
 129      33CC5BC0 
 129      C1C07496 
 129      B19E1145 
 129      E01C
 130 0024 633D13B2 		.ascii	"c=\023\262\000\343E\306zf\210\000CC\003\007\0033\023"
 130      00E345C6 
 130      7A668800 
 130      43430307 
 130      033313
 131 0037 33C39187 		.ascii	"3\303\221\207\377\030\031\000h9\026\015"
 131      FF181900 
 131      6839160D 
 132              		.text
 133              		.section	.gnu.lto_.refs.ac99b040,"",%progbits
 134 0000 789C6366 		.ascii	"x\234cf```d\200\002\000\000=\000\005"
 134      60606064 
 134      80020000 
 134      3D0005
 135              		.text
 136              		.section	.gnu.lto_.decls.ac99b040,"",%progbits
 137 0000 789CAD56 		.ascii	"x\234\255VkP\024W\026\356\333wf\034\206\201\261\264"
 137      6B501457 
 137      16EEDB77 
 137      661C8681 
 137      B1B4
 138 0012 622C2A55 		.ascii	"b,*U\022\334\242\262\273\006Dvc\334?\261\324\252\340"
 138      12DCA2B2 
 138      BB064476 
 138      63DC3FB1 
 138      D4AAE0
ARM GAS  C:\Users\ajink\AppData\Local\Temp\ccEHXgzX.s 			page 10


 139 0025 AEAE1464 		.ascii	"\256\256\024d\037Uak22\203R\013\014\313\014[\346_\363"
 139      1F55616B 
 139      32328352 
 139      0B0CCB0C 
 139      5BE65FF3 
 140 0039 D08041DE 		.ascii	"\320\200A\336\260hX\001A\010\217 \240qU\010\020T\036"
 140      B0685801 
 140      41088F20 
 140      A0715508 
 140      10541E
 141 004c 8908BA68 		.ascii	"\211\010\272h\"\310K|\240@\034\202\310C\201=\367\336"
 141      22C84B7C 
 141      A0401C82 
 141      C843813D 
 141      F7DE
 142 005e 697A980C 		.ascii	"iz\230\014$[\225.\016\335\347\366w\316\371\316\343\336"
 142      245B952E 
 142      0EDDE7F6 
 142      77CEF9CE 
 142      E3DE
 143 0070 1ECC715C 		.ascii	"\036\314q\\<\342\270\005\270\036\273p\334U\236\343d"
 143      3CE2B805 
 143      B81EBB70 
 143      DC559EE3 
 143      64
 144 0081 B0E6CF49 		.ascii	"\260\346\317I\027\321\207A\306@&A^p?\274\310{0\347\\"
 144      17D18741 
 144      C6402641 
 144      5E703FBC 
 144      C87B30E7 
 145 0096 41D420E7 		.ascii	"A\324 \347@\356\203\334\004y\035\304\017\344\367 C "
 145      40EE83DC 
 145      04791DC4 
 145      0FE4F720 
 145      4320
 146 00a8 5D209D20 		.ascii	"] \235 \265 \335V\377\275 \315 \375 \003 \310\352\223"
 146      B520DD56 
 146      FFBD20CD 
 146      20FD2003 
 146      20C8EA93 
 147 00bc DC556869 		.ascii	"\334Uhi\2541k\034\177\233x\367\2551\227\213\327m\023"
 147      AC316B1C 
 147      7F9B78F7 
 147      AD31978B 
 147      D76D13
 148 00cf 538C3760 		.ascii	"S\2147`\215\327b\2153f\275k\354\342\221\2345\016\342"
 148      8DD7628D 
 148      3366BD6B 
 148      ECE2919C 
 148      350EE2
 149 00e2 59568877 		.ascii	"YV\210w\316\032s5\370\232\201;\266\213\311\333\324\222"
 149      CE1A7335 
 149      F89A813B 
 149      B68BC9DB 
 149      D492
 150 00f4 845B6F17 		.ascii	"\204[o\027s\234G\027+\237\265;\017\363\310U\345N\324"
 150      739C4717 
ARM GAS  C:\Users\ajink\AppData\Local\Temp\ccEHXgzX.s 			page 11


 150      2B9FB53B 
 150      0FF3C855 
 150      E54ED4
 151 0107 4BE9AD39 		.ascii	"K\351\2559\012P\325*\031Q\323o^;\353\214yD\236\013s"
 151      0A50D52A 
 151      1951D36F 
 151      5E3BEB8C 
 151      79449E0B 
 152 011c 06BB549B 		.ascii	"\006\273T\233\312\004AH\020\032\247\221\344\242\241"
 152      CA044148 
 152      101AA791 
 152      E4A2A1
 153 012b 7EBA5985 		.ascii	"~\272Y\205\327QPR\302@\233\012o\240\3171\305\265I\253"
 153      D7515052 
 153      C2409B0A 
 153      6FA0CF31 
 153      C5B549AB 
 154 013f C0D7EB2A 		.ascii	"\300\327\353*\012\353\377d\246\310\211\252d\0144\260"
 154      0AEBFF64 
 154      A6C889AA 
 154      640C34B0 
 155 014f C4B73E14 		.ascii	"\304\267>\024\012]\221\247\252\010\234Z\272\323\233"
 155      0A5D91A7 
 155      AA089C5A 
 155      BAD39B
 156 015e 5F130419 		.ascii	"_\023\004\031\252B*T\2010*C\233\010mbM\256\004A\210"
 156      AA422A54 
 156      81302A43 
 156      9B086D62 
 156      4DAE0441 
 157 0173 1552E304 		.ascii	"\025R\343\004\247VW\016\225 7\364)r\343\320\031\344"
 157      A756570E 
 157      952037F4 
 157      2972E3D0 
 157      19E4
 158 0185 09088A45 		.ascii	"\011\010\212E\237\301b%,\202\343\253/\353\343\345H\345"
 158      9FC16225 
 158      2C82E3AB 
 158      2FEBE3E5 
 158      48E5
 159 0197 E9D8A8C6 		.ascii	"\351\330\250\306\201\021\245Pz8}\035\241P\015\024\312"
 159      8111A550 
 159      7A387D1D 
 159      A1500D14 
 159      CA
 160 01a8 250AC048 		.ascii	"%\012\300HL\226\257\274\320\377T)R\356-\231\362\217"
 160      4C96AFBC 
 160      D0FF5429 
 160      52EE2D99 
 160      F28F
 161 01ba 15B6A373 		.ascii	"\025\266\243s\200/\225\360\325hE\316g\035rFU\015\345"
 161      802F95F0 
 161      D56845CE 
 161      671D7246 
 161      550DE5
 162 01cd 894EB413 		.ascii	"\211N\264\023\037\020u\352\260%QE;\241&\352\355\273"
 162      1F1075EA 
ARM GAS  C:\Users\ajink\AppData\Local\Temp\ccEHXgzX.s 			page 12


 162      B0255145 
 162      3BA126EA 
 162      EDBB
 163 01df D5FD727C 		.ascii	"\325\375r|\232\265\242v\372|\211+\205\016P\275\246n"
 163      9AB5A276 
 163      FA7C892B 
 163      850E50BD 
 163      A66E
 164 01f1 785243B1 		.ascii	"xRC\261\257\021\265\347\366\330\364*\\\316\260cME\207"
 164      AF11B5E7 
 164      F6D8F42A 
 164      5CCEB063 
 164      4D4587
 165 0204 544024EE 		.ascii	"T@$\356\247\325\001,\232\272\247b\345\370\0023O\276"
 165      A7D5012C 
 165      9ABAA762 
 165      E5F80233 
 165      4FBE
 166 0216 75A7C619 		.ascii	"u\247\306\031\3271\245\241-\246]\205\033\231R\224\225"
 166      D731A5A1 
 166      2DA65D85 
 166      1B995294 
 166      95
 167 0227 5D21A741 		.ascii	"]!\247A\2254hzA\211+\276\302\336e|{j^\205[\231\362\365"
 167      9534687A 
 167      41892BBE 
 167      C2DE657C 
 167      7B6A5E85 
 168 023f BDE90935 		.ascii	"\275\351\0115\005\256&\352\331\372\204\014\025ng\357"
 168      05AE26EA 
 168      D9FA840C 
 168      156E67EF 
 169 024f AAAFD4C7 		.ascii	"\252\257\324\3079\343\033L9>u\255\231\245\261\036T\247"
 169      39E31B4C 
 169      393E75AD 
 169      99A5B11E 
 169      54A7
 170 0261 EAD4DC3A 		.ascii	"\352\324\334:'\344\301\256\265\236\371B|\234\245rdJ"
 170      27E4C1AE 
 170      B59EF942 
 170      7C9CA572 
 170      644A
 171 0273 535A2334 		.ascii	"SZ#4\306cT\013E\257\207\242\267\243\265RJ\015\360\217"
 171      C663540B 
 171      45AF87A2 
 171      B7A3B552 
 171      4A0DF08F 
 172 0287 43BF827F 		.ascii	"C\277\202\177\034\301\347?n\320\213\330/\355\261Mv\330"
 172      1CC1E73F 
 172      6ED08BD8 
 172      2FEDB14D 
 172      76D8
 173 0299 11097BC5 		.ascii	"\021\011{\305\036{\325\016;,a\033\035s(A\213\340>\011"
 173      1E7BD50E 
 173      3B2C611B 
 173      1D732841 
 173      8BE03E09 
ARM GAS  C:\Users\ajink\AppData\Local\Temp\ccEHXgzX.s 			page 13


 174 02ad FC853DF8 		.ascii	"\374\205=\370\015;\354\023\011{\3311a\033p\257\004\256"
 174      0D3BEC13 
 174      097BD931 
 174      611B70AF 
 174      04AE
 175 02bf 73E89812 		.ascii	"s\350\230\022N\203Q\025R\005a\273\231C\027\340\365E"
 175      4E835115 
 175      520561BB 
 175      994317E0 
 175      F545
 176 02d1 EA8680A1 		.ascii	"\352\206\200\241\363\350:\014\3015\344\201\276\002i"
 176      F3E83A0C 
 176      C135E481 
 176      BE0269
 177 02e0 06690369 		.ascii	"\006i\003i\001\371\032\244\025y\3209&\303>\320\323\240"
 177      01F91AA4 
 177      1579D039 
 177      26C33ED0 
 177      D3A0
 178 02f2 277B03EC 		.ascii	"'{\003\3548\353\240/\036\001\374\211\274\344\007\010"
 178      38EBA02F 
 178      1E01FC89 
 178      BCE40708 
 179 0302 79AEA5C0 		.ascii	"y\256\245\300\321\006\265\200P'\370\277$\355\011bF/"
 179      D106B580 
 179      5027F8BF 
 179      24ED0962 
 179      462F
 180 0314 476C5007 		.ascii	"GlP\007\220\370\177\010\301\260\314|u\344#\027\034\213"
 180      90F87F08 
 180      C1B0CC7C 
 180      75E42317 
 180      1C8B
 181 0326 E9E45465 		.ascii	"\351\344Te$\346\311\325G\245\355F\303\213\265\340\320"
 181      24E6C9D5 
 181      47A5ED46 
 181      C38BB5E0 
 181      D0
 182 0337 4DA4B612 		.ascii	"M\244\266\022\001\262\205\343M\333\220\247\232\355\340"
 182      01B285E3 
 182      4DDB90A7 
 182      9AEDE0
 183 0346 96F9ED71 		.ascii	"\226\371\355q\260\203\273\000pCb\013x\306v9\227\350"
 183      B083BB00 
 183      7043620B 
 183      78C67639 
 183      97E8
 184 0358 BFC0D2D6 		.ascii	"\277\300\322\326+z\221\324Q\203\3601\306\347\324\335"
 184      2B7A91D4 
 184      5183F031 
 184      C6E7D4DD 
 185 0368 07531867 		.ascii	"\007S\030g2\345\366\343\212rg|\034/9\024\375\226\036"
 185      32E5F6E3 
 185      8A72677C 
 185      1C2F3914 
 185      FD961E
 186 037b 8A7ED2A1 		.ascii	"\212~\322\241Xz2w\205\263\253\007\342\372Y\367\354\267"
ARM GAS  C:\Users\ajink\AppData\Local\Temp\ccEHXgzX.s 			page 14


 186      587A3277 
 186      85B3AB07 
 186      E2FA59F7 
 186      ECB7
 187 038d B078473C 		.ascii	"\260xG<\273\256\037\353\331@\372\323\015\303\360\215"
 187      BBAE1FEB 
 187      D940FAD3 
 187      0DC3F08D 
 188 039d 9489DFE2 		.ascii	"\224\211\337\342\321\205*\036\235\355\306x\216\362\220"
 188      D1852A1E 
 188      9DEDC678 
 188      8EF290
 189 03ac 2774F43F 		.ascii	"'t\364?\345\221\307Z\017\017\330XB\254%\251zZs\221m"
 189      E591C75A 
 189      0F0FD858 
 189      42AC25A9 
 189      7A5A7391 
 190 03c1 2C528B5B 		.ascii	",R\213[\340\241\357\307\307\351sx}\236V\270\317\332"
 190      E0A1EFC7 
 190      C7E97378 
 190      7D9E56B8 
 190      CFDA
 191 03d3 BD41E0D7 		.ascii	"\275A\340\327\013\235\032\000\351\267v\213\004\310\317"
 191      0B9D1A00 
 191      E9B7768B 
 191      04C8CF
 192 03e2 39AD68DD 		.ascii	"9\255h\335L\331\335\265\367\275d\323\0024\211B\311\241"
 192      4CD9DDB5 
 192      F7BD64D3 
 192      02348942 
 192      C9A1
 193 03f4 7ADB210D 		.ascii	"z\333!\015\266\003\350\254\315\026*`\326\372\034\315"
 193      B603E8AC 
 193      CD162A60 
 193      D6FA1CCD 
 194 0404 64CAF12C 		.ascii	"d\312\361,\213\2638\223\307\015J4\004\216\376#U\246"
 194      8BB33893 
 194      C70D4A34 
 194      048EFE23 
 194      55A6
 195 0416 CFD1448A 		.ascii	"\317\321D\212\011\241{\220\307J9\221V\326w^R.\031\272"
 195      09A17B90 
 195      C74A3991 
 195      56D6775E 
 195      522E19BA 
 196 042a A1254377 		.ascii	"\241%Cw\237\015\021 s>\233Lq\221\361l\015\275O?\255"
 196      9F0D1120 
 196      733E9B4C 
 196      7191F16C 
 196      0DBD4F3F 
 197 043f DFDC48BD 		.ascii	"\337\334H\275\246~5\213\306\216\023V\313h\276\222\361"
 197      A67E358B 
 197      C68E1356 
 197      CB68BE92 
 197      F1
 198 0450 43F42AFC 		.ascii	"C\364*\374\177\200d\314C\327\304\321m\270T\306\016\327"
 198      7F8064CC 
ARM GAS  C:\Users\ajink\AppData\Local\Temp\ccEHXgzX.s 			page 15


 198      43D7C4D1 
 198      6DB854C6 
 198      0ED7
 199 0462 8CE44699 		.ascii	"\214\344F\231\373I!\277\3122Z]\244>I\272&\274\\X@\210"
 199      FB4921BF 
 199      CA325A5D 
 199      A43E49BA 
 199      26BC5C58 
 200 0478 58A1478B 		.ascii	"X\241G\213)r\344\231\262E\303\310\035,\233{2\206\225"
 200      2972E499 
 200      B245C3C8 
 200      1D2C9B7B 
 200      328695
 201 048b 940709C6 		.ascii	"\224\007\011\306x\224\224\276\350p^\344\366\030\261"
 201      789494BE 
 201      E8705EE4 
 201      F618B1
 202 049a C5891359 		.ascii	"\305\211\023YK\310\371\257\263\3416B\271=\021\271\025"
 202      4BC8F9AF 
 202      B3E13642 
 202      B93D11B9 
 202      15
 203 04ab 9DAEEB52 		.ascii	"\235\256\353R\340[\214\\\341T^\215\206\222\033\270t"
 203      E05B8C5C 
 203      E1545E8D 
 203      86921BB8 
 203      74
 204 04bc D9C08861 		.ascii	"\331\300\210aj\202Fm\210\215\212\304\306(\261\252\246"
 204      6A82466D 
 204      888D8AC4 
 204      C628B1AA 
 204      A6
 205 04cd A657F020 		.ascii	"\246W\360 \365\300\037)xY\352\262\370\205m\231\245_"
 205      F5C01F29 
 205      7859EAB2 
 205      F8856D99 
 205      A55F
 206 04df 580BF0FD 		.ascii	"X\013\360\375\356'\177a\237:\376\260uu\315^\3064U\313"
 206      EE277F61 
 206      9F3AFEB0 
 206      7575CD5E 
 206      C63455CB 
 207 04f3 62FA6DFD 		.ascii	"b\372m\375C\251N\213\351\217\263\364\037\316\016\366"
 207      43A94E8B 
 207      E98FB3F4 
 207      1FCE0EF6 
 208 0503 3A2D9BFE 		.ascii	":-\233\376\004M\377{1\375\264\306\266R\015~\302\322"
 208      044DFF7B 
 208      31FDB4C6 
 208      B6520D7E 
 208      C2D2
 209 0515 3F929EF8 		.ascii	"?\222\236\370\267\305\326h\262\343\204\"a`aa\0035B\317"
 209      B7C5D668 
 209      B2E38422 
 209      61606161 
 209      033542CF 
 210 0529 6C0AF04C 		.ascii	"l\012\360L,\300$-\200#j))\337}\261j\261[\317\031\265"
ARM GAS  C:\Users\ajink\AppData\Local\Temp\ccEHXgzX.s 			page 16


 210      2CC0242D 
 210      80236A29 
 210      29DF7DB1 
 210      6AB15BCF 
 211 053f F6A4EFAF 		.ascii	"\366\244\357\257\263E\262M\247\330\342\305\272\3019"
 211      B345B24D 
 211      A7D8E2C5 
 211      BAC139
 212 054e E5B27C67 		.ascii	"\345\262|g(\337i\221o\307\227uY\032<\315\370N\\\267"
 212      28DF6991 
 212      6FC79775 
 212      591A3CCD 
 212      F84E5CB7 
 213 0562 9C9003E1 		.ascii	"\234\220\003\341\001(\365\243{;\322\342RE\302`\205f"
 213      0128F5A3 
 213      7B3BD2E2 
 213      5245C260 
 213      8566
 214 0574 6D08CF8A 		.ascii	"m\010\317\212\204_P\302\255\345\377\376\000'\313\211"
 214      845F50C2 
 214      ADE5FFFE 
 214      0027CB89 
 215 0584 13D9506E 		.ascii	"\023\331Pn\325y\015\362ts\243=K\200v\011\274\012\275"
 215      D5790DF2 
 215      7473A33D 
 215      4B807609 
 215      BC0ABD
 216 0597 B41AB02B 		.ascii	"\264\032\260+\007\326\247\337!/\340QI\357\264w\226t"
 216      07D6A7DF 
 216      212FE051 
 216      49EFB477 
 216      9674
 217 05a9 01AFE7D0 		.ascii	"\001\257\347\320&7\364Kh\334\0344\216\274\342\320\002"
 217      2637F44B 
 217      68DC1C34 
 217      8EBCE2D0 
 217      02
 218 05ba D09F676D 		.ascii	"\320\237gm\273\2271\236(WY\321\011?\206N\250\313,f?"
 218      BB97319E 
 218      285759D1 
 218      093F864E 
 218      A8CB2C66 
 219 05cf A3FE4AD4 		.ascii	"\243\376J\324G\251\237\236a?>\234\211zlv\274\335\225"
 219      47A99F9E 
 219      613F3E9C 
 219      897A6C76 
 219      BCDD95
 220 05e2 AA2AA2CE 		.ascii	"\252*\242\316\316\264\304(\210kA\334\302j\333Mx\230"
 220      CEB4C428 
 220      886B41DC 
 220      C26ADB4D 
 220      7898
 221 05f4 3A7FC30D 		.ascii	":\177\303\015\305\363\324wk|Y\207\313\232T\353y\341"
 221      C5F3D477 
 221      6B7C5987 
 221      CB9A54EB 
 221      79E1
ARM GAS  C:\Users\ajink\AppData\Local\Temp\ccEHXgzX.s 			page 17


 222 0606 8E689EB1 		.ascii	"\216h\236\261\274\033\212\343\011\374\010\277F4\"\350"
 222      BC1B8AE3 
 222      09FC08BF 
 222      463422E8 
 223 0616 F9D18536 		.ascii	"\371\321\2056\215-:f%\364\203\364,\013\306\031\264\242"
 223      8D2D3A66 
 223      25F483F4 
 223      2C0BC619 
 223      B4A2
 224 0628 28B3BF60 		.ascii	"(\263\277`r\025\316eJ\343\334\231\021\305\306\002\241"
 224      7215CE65 
 224      4AE3DC99 
 224      11C5C602 
 224      A1
 225 0639 331F86AA 		.ascii	"3\037\206\252B\235!\304&\301\201\275\360\316\006\364"
 225      429D21C4 
 225      26C181BD 
 225      F0CE06F4 
 226 0649 11BF0625 		.ascii	"\021\277\006%\360\230\354n\033\307\211<\024\036\025"
 226      F098EC6E 
 226      1BC7893C 
 226      141E15
 227 0658 239E4347 		.ascii	"#\236CG\371\215\344G\375\370\311l\227\345\263\374X\314"
 227      F98DE447 
 227      FDF8C96C 
 227      97E5B3FC 
 227      58CC
 228 066a 328E65D9 		.ascii	"2\216e\331r+\246\331\311>K\351\244O\242\274?\026y\027"
 228      722BA6D9 
 228      C93E4BE9 
 228      A44FA2BC 
 228      3F167917 
 229 067e DF7C9E27 		.ascii	"\337|\236'\267\317rYt\367\363\226|\031.c\211\345f\024"
 229      B7CF7259 
 229      74F7F396 
 229      7C192E63 
 229      89E56614 
 230 0692 7CCE12CB 		.ascii	"|\316\022\313\257+\024d9B<\031=t\314\232\025\034\015"
 230      AF2B1464 
 230      39423C19 
 230      3D74CC9A 
 230      151C0D
 231 06a5 368E92A5 		.ascii	"6\216\222\245\254RhV\013\225e\007\226\234\276db\245"
 231      AC526856 
 231      0B956507 
 231      969CBE64 
 231      62A5
 232 06b7 AC52797A 		.ascii	"\254Ryz\372\222;\200\363\222kf\024t*\"\351\317\316\202"
 232      FA923B80 
 232      F3926B66 
 232      14742A22 
 232      E9CFCE82 
 233 06cb 9E294CC7 		.ascii	"\236)L\307\300\225\250\2435\371\315J\252\272\020\265"
 233      C095A8A3 
 233      35F9CD4A 
 233      AABA10B5 
 234 06db F3F0BC72 		.ascii	"\363\360\274r\371re\212\345\312`\345:]\221;\355l_\256"
ARM GAS  C:\Users\ajink\AppData\Local\Temp\ccEHXgzX.s 			page 18


 234      F972658A 
 234      E5CA60E5 
 234      3A5D913B 
 234      ED6C5FAE 
 235 06ef 34E8463A 		.ascii	"4\350F:\355F\026-@\246X\200\354\201\271$\205}\271\226"
 235      ED46162D 
 235      40A65880 
 235      EC81B924 
 235      857DB996 
 236 0703 45D7E6DC 		.ascii	"E\327\346\334I\323\340\013\254\\\305\247r\222yV\256"
 236      49D3E00B 
 236      AC5CC5A7 
 236      72927956 
 236      AE
 237 0714 119B7265 		.ascii	"\021\233re[\313\005\007\211\215\243\177I\345\312\341"
 237      5BCB0507 
 237      898DA37F 
 237      49E5CAE1 
 238 0724 3772EA50 		.ascii	"7r\352Pc\2441\312\034\2563\375]kV\274\373\307?\271\357"
 238      63A431CA 
 238      1CAE33FD 
 238      5D6B56BC 
 238      FBC73FB9 
 239 0739 E494D1A1 		.ascii	"\344\224\321\241\021f\337-Z\263J\253\025\037C\202\177"
 239      1166DF2D 
 239      5AB34AAB 
 239      151F4382 
 239      7F
 240 074a 17147C30 		.ascii	"\027\024|0t\177\250\311\034\255\0175\006\231\215\306"
 240      747FA8C9 
 240      1CAD0F35 
 240      06998DC6 
 241 075a 3053D081 		.ascii	"0S\320\201\210hw\372\344\256\213\012w7\204\3577\350"
 241      886877FA 
 241      E4AE8B0A 
 241      773784EF 
 241      37E8
 242 076c F5067DD0 		.ascii	"\365\006}\320o\274\266\271o\331\354\363\333\177\370"
 242      6FBCB6B9 
 242      6FD9ECF3 
 242      DB7FF8
 243 077b 06C1FA9B 		.ascii	"\006\301\372\233\021\306\010\303\233\006\335\376\320"
 243      11C608C3 
 243      9B06DDFE 
 243      D0
 244 0788 A0D088E0 		.ascii	"\240\320\210\340\260h\275!(\\\007\276\"\014AZ\275!D"
 244      B068BD21 
 244      285C07BE 
 244      220C415A 
 244      BD2144
 245 079b 171D66D6 		.ascii	"\027\035f\326\232?\2144\230\274\016r\357\377\254aL\037"
 245      9A3F8C34 
 245      98BC0E72 
 245      EFFFAC61 
 245      4C1F
 246 07ad 9A82B426 		.ascii	"\232\202\264&\263\036r\000\337[\275\274\274\341\217"
 246      B31E7200 
ARM GAS  C:\Users\ajink\AppData\Local\Temp\ccEHXgzX.s 			page 19


 246      DF5BBDBC 
 246      BCE18F
 247 07bc BA379A7C 		.ascii	"\2727\232|\275\215&\357\203\2720o\222\276\311;\360\275"
 247      BD8D26EF 
 247      83BA306F 
 247      92BEC93B 
 247      F0BD
 248 07ce BDBE     		.ascii	"\275\276"
 249 07d0 5BBCF7EC 		.ascii	"[\274\367\354\331\345\375\256\377\356}\377\364\361\216"
 249      D9E5FDAE 
 249      FFEE7DFF 
 249      F4F18E
 250 07df D48569C3 		.ascii	"\324\205i\303\302\364`'\337\275oG\264IM\326\265\357"
 250      C2F46027 
 250      DFBD6F47 
 250      B4494DD6 
 250      B5EF
 251 07f1 01CF5D86 		.ascii	"\001\317]\206\020\2743`\017\210\037\336\275+\000\357"
 251      10BC3360 
 251      0F881FDE 
 251      BD2B00EF 
 252 0801 DB1520DB 		.ascii	"\333\025 \333\021\030\020\200w\004\004\310\366\354\374"
 252      11181080 
 252      770404C8 
 252      F6ECFC
 253 0810 43C0AF7F 		.ascii	"C\300\257\177\030\310p\310\354\275so\340\356@\010\344"
 253      18C870C8 
 253      ECBD736F 
 253      E0EE4008 
 253      E4
 254 0821 6D3287FB 		.ascii	"m2\207\373n\011\361\331|\010\234\253X\375C\365P}\366"
 254      6E09F1D9 
 254      7C089CAB 
 254      58FD43F5 
 254      507DF6
 255 0834 2023BD50 		.ascii	" #\275P\223\272kCt&\363\333Z\363\237\177\336\242\210"
 255      93BA6B43 
 255      7426F3DB 
 255      5AF39F7F 
 255      DEA288
 256 0847 F5501843 		.ascii	"\365P\030CBL\006\363/\034\227\305\012'u 4\341\026`\320"
 256      424C06F3 
 256      2F1C97C5 
 256      0A277520 
 256      34E11660 
 257 085c E9A110EE 		.ascii	"\351\241\020\356\216\361\246\250`\212\015\346\234\341"
 257      8EF1A6A8 
 257      608A0DE6 
 257      9CE1
 258 086a F697A850 		.ascii	"\366\227\250P\263\001\300\312Pc\270Qo\320\232]`1\320"
 258      B301C0CA 
 258      5063B851 
 258      6FD09A5D 
 258      6031D0
 259 087d 6086A5BD 		.ascii	"`\206\245\275\240\277\242\265\226W\013\004\016D\031"
 259      A0BFA2B5 
 259      96570B04 
ARM GAS  C:\Users\ajink\AppData\Local\Temp\ccEHXgzX.s 			page 20


 259      0E4419
 260 088c A323094A 		.ascii	"\243#\011J\026|P\027\245\324jC\242#\202\265Z\027\361"
 260      167C5017 
 260      A5D46A43 
 260      A22382B5 
 260      5A17F1
 261 089f C16BABCF 		.ascii	"\301k\253\317\326\267l\265\267}\226ho\375\017\344\223"
 261      D6B76CB5 
 261      B77D9668 
 261      6FFD0FE4 
 261      93
 262 08b0 298A     		.ascii	")\212"
 263              		.text
 264              		.section	.gnu.lto_.symtab.ac99b040,"",%progbits
 265 0000 70616C52 		.ascii	"palReadBus\000\000\000\000\000\000\000\000\000\000\000"
 265      65616442 
 265      75730000 
 265      00000000 
 265      00000000 
 266 0015 00E80000 		.ascii	"\000\350\000\000\000palWriteBus\000\000\000\000\000"
 266      0070616C 
 266      57726974 
 266      65427573 
 266      00000000 
 267 002a 00000000 		.ascii	"\000\000\000\000\000\000\000\355\000\000\000palSetB"
 267      000000ED 
 267      00000070 
 267      616C5365 
 267      7442
 268 003c 75734D6F 		.ascii	"usMode\000\000\000\000\000\000\000\000\000\000\000\000"
 268      64650000 
 268      00000000 
 268      00000000 
 268      0000
 269 004e F5000000 		.ascii	"\365\000\000\000_pal_lld_setgroupmode\000\000\002\000"
 269      5F70616C 
 269      5F6C6C64 
 269      5F736574 
 269      67726F75 
 270 006b 00000000 		.ascii	"\000\000\000\000\000\000\000\000\373\000\000\000"
 270      00000000 
 270      FB000000 
 271              		.text
 272              		.section	.gnu.lto_.opts,"",%progbits
 273 0000 272D666E 		.ascii	"'-fno-trapv' '-mcpu=cortex-m3' '-mno-thumb-interwor"
 273      6F2D7472 
 273      61707627 
 273      20272D6D 
 273      6370753D 
 274 0033 6B272027 		.ascii	"k' '-mthumb' '-ggdb' '-O2' '-fomit-frame-pointer' '"
 274      2D6D7468 
 274      756D6227 
 274      20272D67 
 274      67646227 
 275 0066 2D66616C 		.ascii	"-falign-functions=16' '-ffunction-sections' '-fdata"
 275      69676E2D 
 275      66756E63 
ARM GAS  C:\Users\ajink\AppData\Local\Temp\ccEHXgzX.s 			page 21


 275      74696F6E 
 275      733D3136 
 276 0099 2D736563 		.ascii	"-sections' '-fno-common' '-flto'\000"
 276      74696F6E 
 276      73272027 
 276      2D666E6F 
 276      2D636F6D 
 277              		.text
 278              		.comm	__gnu_lto_v1,1,1
 279              		.comm	__gnu_lto_slim,1,1
 280              		.ident	"GCC: (GNU Tools for ARM Embedded Processors) 4.9.3 20150529 (release) [ARM/embedded-4_9-br
ARM GAS  C:\Users\ajink\AppData\Local\Temp\ccEHXgzX.s 			page 22


DEFINED SYMBOLS
                            *ABS*:00000000 pal.c
                            *COM*:00000001 __gnu_lto_v1
                            *COM*:00000001 __gnu_lto_slim

NO UNDEFINED SYMBOLS
