ARM GAS  C:\Users\ajink\AppData\Local\Temp\cc0Z0X2j.s 			page 1


   1              		.syntax unified
   2              		.cpu cortex-m3
   3              		.fpu softvfp
   4              		.eabi_attribute 20, 1
   5              		.eabi_attribute 21, 1
   6              		.eabi_attribute 23, 3
   7              		.eabi_attribute 24, 1
   8              		.eabi_attribute 25, 1
   9              		.eabi_attribute 26, 1
  10              		.eabi_attribute 30, 2
  11              		.eabi_attribute 34, 1
  12              		.eabi_attribute 18, 4
  13              		.thumb
  14              		.file	"pal_lld.c"
  15              		.text
  16              	.Ltext0:
  17              		.section	.gnu.lto_.profile.ac99889c,"",%progbits
  18 0000 789C6366 		.ascii	"x\234cf```a\200\000F\0067\027\000\001D\000\223"
  18      60606061 
  18      80004606 
  18      37170001 
  18      440093
  19              		.text
  20              		.section	.gnu.lto_.jmpfuncs.ac99889c,"",%progbits
  21 0000 789C6366 		.ascii	"x\234cf\300\016\004\2404\023\003##c=#3\220d\257\257"
  21      C00E04A0 
  21      34130323 
  21      23633D23 
  21      339064AF 
  22 0015 AF670000 		.ascii	"\257g\000\000\014\320\002#"
  22      0CD00223 
  23              		.text
  24              		.section	.gnu.lto_.inline.ac99889c,"",%progbits
  25 0000 789C6D91 		.ascii	"x\234m\221!n\303@\020Eg\306\216k\225\330(\240$+\325"
  25      216EC340 
  25      104567C6 
  25      8E6B95D8 
  25      28A0242B 
  26 0015 27C801A2 		.ascii	"'\310\001\242=Jas\2139A\244\204\244e\033)R\202r\200"
  26      3D4A6173 
  26      8B3941A4 
  26      84A4651B 
  26      29528272 
  27 002a 20C396E5 		.ascii	" \303\226\345\000\005\205\246UQYv\376\330\254\006\357"
  27      000585A6 
  27      55515976 
  27      FED8AC06 
  27      EF
  28 003b 7F6BA4B7 		.ascii	"\177k\244\267\243\335\202\376\377\016\354)D\33537\304"
  28      A3DD82FE 
  28      FF0EEC29 
  28      44DD3337 
  28      C4
  29 004c 5490211A 		.ascii	"T\220!\032\202\341\305\220\330\250`\357]\214\337\350"
  29      82E1C590 
  29      D8A860EF 
  29      5D8CDFE8 
ARM GAS  C:\Users\ajink\AppData\Local\Temp\cc0Z0X2j.s 			page 2


  30 005c C93BD883 		.ascii	"\311;\330\203Z\240\203\251\010]z\027\252\322\"\317\206"
  30      5AA083A9 
  30      085D7A17 
  30      AAD222CF 
  30      86
  31 006d 87D269A8 		.ascii	"\207\322i\250QkC\213\332\032\002j0D\324hP\026\017P\374"
  31      516B438B 
  31      DA1A026A 
  31      3044D468 
  31      50160F50 
  32 0082 C7598E01 		.ascii	"\307Y\216\001\272S!U\267*\264\352^\205X\335\254\256"
  32      BA532155 
  32      B72AB4EA 
  32      5E8558DD 
  32      ACAE
  33 0094 9EDCA37C 		.ascii	"\236\334\243|\262\217\372\311\237\017 \273\234n\313"
  33      B28FFAC9 
  33      9F0F20BB 
  33      9C6ECB
  34 00a3 3C93D71F 		.ascii	"<\223\327\037\341\315\345\370\333\014\362'\371\326\370"
  34      E1CDE5F8 
  34      DB0CF227 
  34      F9D6F8
  35 00b2 C44F246B 		.ascii	"\304O$k\017\033^w\037o\025\206y\261\263\017\021\371"
  35      0F1B5E77 
  35      1F6F1586 
  35      79B1B30F 
  35      11F9
  36 00c4 CAEBE5ED 		.ascii	"\312\353\345\355\253\245\307~\225\207i\021\251\354\347"
  36      ABA5C77E 
  36      95876911 
  36      A9ECE7
  37 00d3 316FFCC9 		.ascii	"1o\374\311\255\255oA\274\027;7\023\017t\007\373SO\350"
  37      ADAD6F41 
  37      BC173B37 
  37      130F7407 
  37      FB534FE8 
  38              		.text
  39              		.section	.gnu.lto_.pureconst.ac99889c,"",%progbits
  40 0000 789C6366 		.ascii	"x\234cf```e\200\000&\006)F)\000\000\371\000@"
  40      60606065 
  40      80002606 
  40      29462900 
  40      00F90040 
  41              		.text
  42              		.section	.gnu.lto__pal_lld_init.ac99889c,"",%progbits
  43 0000 789CA596 		.ascii	"x\234\245\226]L\034U\024\307\357\2713;\014\273[\330"
  43      5D4C1C55 
  43      14C7EFB9 
  43      333B0CBB 
  43      5BD8
  44 0012 1042361B 		.ascii	"\020B6\033B\010\261\351\023lj\037L|0}0iL\352G\242\357"
  44      4208B1E9 
  44      136C6A1F 
  44      4C7C307D 
  44      30694CEA 
  45 0029 A662B424 		.ascii	"\246b\264$D\0321\276\231\316\302\226\330\306(\362`H"
ARM GAS  C:\Users\ajink\AppData\Local\Temp\cc0Z0X2j.s 			page 3


  45      441A31BE 
  45      99CEC296 
  45      D8C628F2 
  45      6048
  46 003b 91946250 		.ascii	"\221\224bP\004\312\366C\260P+\353j[@i\335\026\245.\005"
  46      04CAF643 
  46      B0502BEB 
  46      6A5B4069 
  46      DD16A52E 
  47 0050 DAB22055 		.ascii	"\332\262 U[Y\240\322A\021\357\231;{g\335\222\211#\004"
  47      5B59A0D2 
  47      4111EF99 
  47      3B7B67DD 
  47      92892304 
  48 0064 CECCECC7 		.ascii	"\316\314\354\3079\277\337\231\177\226\225\310\303?\001"
  48      39BFDF99 
  48      7F9695C8 
  48      C33F01
  49 0073 F637E225 		.ascii	"\3667\342%d7;\202D\2006^&$\244R\000<!@\016R8\010wh\212"
  49      64373B82 
  49      4480365E 
  49      2624A452 
  49      003C2140 
  50 008e 4263B4BB 		.ascii	"Bc\264\273\331\263\243C\323\264\305\330\031\377!\277"
  50      D9B3A343 
  50      D3B4C5D8 
  50      19FF21BF 
  51 009e 4E0959A6 		.ascii	"N\011Y\246\274\015|\002;\330K\032z\246.\311\322\343"
  51      BC0D7C02 
  51      3BD84B1A 
  51      7AA62EC9 
  51      D2E3
  52 00b0 40D8F940 		.ascii	"@\330\371@\357\312\230g\201\352\024J\361r\260i\270Y"
  52      EFCA9867 
  52      81EA144A 
  52      F172B069 
  52      B859
  53 00c2 C14B2AE3 		.ascii	"\301K*\343\345\220\336\025\227\267\177\244iu\321\261"
  53      E590DE15 
  53      97B77FA4 
  53      6975D1B1 
  54 00d2 D3DA6E59 		.ascii	"\323\332nY\247\022t\202\304\372\301\247\020\200.\010"
  54      A7127482 
  54      C4FAC1A7 
  54      10802E08 
  55 00e2 10F61081 		.ascii	"\020\366\020\201n\330\216/O\205\327'<J\230\315\366\361"
  55      6ED88E2F 
  55      4F85D727 
  55      3C4A98CD 
  55      F6F1
  56 00f4 99D0030A 		.ascii	"\231\320\003\012\260c\244 \252ml\314\366~x^~\204\262"
  56      B063A420 
  56      AA6D6CCC 
  56      F67E785E 
  56      7E84B2
  57 0107 B7C81216 		.ascii	"\267\310\022\026\027\340\033\025<U\261\270\261x\261"
  57      17E01B15 
ARM GAS  C:\Users\ajink\AppData\Local\Temp\cc0Z0X2j.s 			page 4


  57      3C55B1B8 
  57      B178B1
  58 0116 E461F161 		.ascii	"\344a\361a)\300R\210\245\010\213\037\013\016\225\213"
  58      29C05288 
  58      A5088B1F 
  58      0B0E958B 
  59 0126 B1946029 		.ascii	"\261\224`)\305R\206\205\220$\233\212+\231\243\024\217"
  59      C5528685 
  59      90249B8A 
  59      2B99A314 
  59      8F
  60 0137 520262FD 		.ascii	"R\002b\375\251\361\235\310\261Jq=\243\303\035\003\271"
  60      A9F19DC8 
  60      B14A713D 
  60      A3C31D03 
  60      B9
  61 0148 28E8D2DA 		.ascii	"(\350\322\332\336\326\014\311\231\344\225\270j<D\360"
  61      DED60CC9 
  61      99E495B8 
  61      6A3C44F0 
  62 0158 B2EEE3E3 		.ascii	"\262\356\343\343\203j+\264\200N\0258\301,{\231%>1\273"
  62      836A2BB4 
  62      804E1538 
  62      C12C7B99 
  62      253E31BB 
  63 016c 7674CE53 		.ascii	"vt\316S\336\255\205C\252Ns \002\255\260d,\026NB9I@\375"
  63      DEAD8543 
  63      AA4E7320 
  63      02ADB064 
  63      2C164E42 
  64 0184 8AC2E748 		.ascii	"\212\302\347H|\324\312\325\366g\260\255\374\026\201"
  64      7CD4CAD5 
  64      F667B0AD 
  64      FC1681
  65 0193 53AC0763 		.ascii	"S\254\007ci\002|\205\203!\247\255!g\240\234\265f]\352"
  65      69027C85 
  65      8321A7AD 
  65      2167A09C 
  65      B5665DEA 
  66 01a7 FA4F4DDC 		.ascii	"\372OM\334\312\341\243\224L~\311\350\320\367\340\330"
  66      CAE1A394 
  66      4C7EC9E8 
  66      D0F7E0D8 
  67 01b7 DD6DAC75 		.ascii	"\335m\254uH\323\242\025:UW\251\013>3\273\337\213\275"
  67      48D3A215 
  67      3A5557A9 
  67      0B3E33BB 
  67      DF8BBD
  68 01ca BB96CFBA 		.ascii	"\273\226\317\272\373t\232\013}Fo\274=\354\231\213\243"
  68      FB749A0B 
  68      7D466FBC 
  68      3DEC998B 
  68      A3
  69 01db 37C7DDEC 		.ascii	"7\307\335\354\231F-\372\204N\335\320\017\345K\324\270"
  69      99462DFA 
  69      844EDDD0 
  69      0FE54BD4 
ARM GAS  C:\Users\ajink\AppData\Local\Temp\cc0Z0X2j.s 			page 5


  69      B8
  70 01ec 859F1B72 		.ascii	"\205\237\033r\261\246\343\371&{\374\376\365\3246\234"
  70      B1A6E3F9 
  70      267BFCFE 
  70      F5D4369C 
  71 01fc E7D11AC3 		.ascii	"\347\321\032\303Y+\364\030\315\"\223G\337\241&\002\013"
  71      592BF418 
  71      CD229347 
  71      DFA12602 
  71      0B
  72 020d A017CE32 		.ascii	"\240\027\3162\303\001\223\241!\321\263\256\242!\240"
  72      C30193A1 
  72      21D1B3AE 
  72      A221A0
  73 021c E0A00121 		.ascii	"\340\240\001!\341\240s(\250\030\202)!\250:1\372\302"
  73      E1A07328 
  73      A8188229 
  73      21A83A31 
  73      FAC2
  74 022e CEE83C1A 		.ascii	"\316\350<\032\3118\350\313l#\007\274C\306\010\027\266"
  74      C938E8CB 
  74      6C2307BC 
  74      43C60817 
  74      B6
  75 023f 8922AFCA 		.ascii	"\211\"\257\312o\310\2154\257\333\011\357Wv\2741\344"
  75      6FC88D34 
  75      AFDB09EF 
  75      5776BC31 
  75      E4
  76 0250 5570D0D7 		.ascii	"Up\320\327[\340\375\306\030\221\203m. \257\233\357W"
  76      5BE0FDC6 
  76      1891836D 
  76      2E20AF9B 
  76      EF57
  77 0262 F07A9DF0 		.ascii	"\360z\235\360^4\232\251\233\363^\022\211\031\316\346"
  77      5E349AA9 
  77      9BF35E12 
  77      8919CEE6 
  78 0272 5D7C6F3D 		.ascii	"]|o=\342\346\211i6\023\243\325\267\036V2\025F2\024\206"
  78      E2E68969 
  78      3613A3D5 
  78      B71E5632 
  78      15463214 
  79 0287 16CE1DB1 		.ascii	"\026\316\035\261\024F\255\210|\213\012^\276\362\251"
  79      1446AD88 
  79      7C8B0A5E 
  79      BEF2A9
  80 0296 B4429E13 		.ascii	"\264B\236\023\205\357\354\024\306DD.g+8\340\275bE\344"
  80      85EFEC14 
  80      C644442E 
  80      672B38E0 
  80      BD6245E4 
  81 02aa 7BE4CDE3 		.ascii	"{\344\315\343+\027\274>'\274q;\336\253\"\"\327\266\300"
  81      2B17BC3E 
  81      27BC713B 
  81      DEAB2222 
  81      D7B6C0
ARM GAS  C:\Users\ajink\AppData\Local\Temp\cc0Z0X2j.s 			page 6


  82 02bd 3B6E45E4 		.ascii	";nE\344\007\344\365\361\375N\247y\013\234\360\376h4"
  82      07E4F5F1 
  82      FD4EA779 
  82      0B9CF0FE 
  82      6834
  83 02cf CBDD9C77 		.ascii	"\313\335\234wBD\344z6\357\221\303-m.\036\22163\"\355"
  83      4244E47A 
  83      36EF91C3 
  83      2D6D2E1E 
  83      91363322 
  84 02e4 E389967F 		.ascii	"\343\211\226\177)\374\224\241p\242\263\341\254,\024"
  84      29FC94A1 
  84      70A2B3E1 
  84      AC2C14
  85 02f3 12564426 		.ascii	"\022VD&Q\241\200\257\\(\024:Q\270a\2470%\"2\235\255"
  85      51A180AF 
  85      5C28143A 
  85      51B861A7 
  85      30252232 
  86 0309 E08077C6 		.ascii	"\340\200w\306\212\310M\344-\344+\237I\363\0269\341\275"
  86      8AC84DE4 
  86      2DE42B9F 
  86      49F31639 
  86      E1BD
  87 031b 65C77B5B 		.ascii	"e\307{[Ddv\013\274I+\"s\310[\304\367+x\375Nx\347\215"
  87      4464760B 
  87      BC492B22 
  87      73C85BC4 
  87      F72B78FD 
  88 0333 66EECD79 		.ascii	"f\356\315y\177\026\021Y\310\346}_Ou\230\237\"\235fD"
  88      7F161159 
  88      C8E67D5F 
  88      4F75989F 
  88      229D6644 
  89 0347 E27D91A8 		.ascii	"\342}\221\250\234\251p'CapD_\312\027\012\277X\021\371"
  89      9CA97027 
  89      43617044 
  89      5FCA170A 
  89      BF5811F9 
  90 035b 1515FC7C 		.ascii	"\025\025\374|\345\311\264B\300\211\302ov\012wED\356"
  90      E5C9B442 
  90      C089C26F 
  90      760A7745 
  90      44EE
  91 036d 3DF4AFF3 		.ascii	"=\364\257\363\277\363\376nEd\021y\003|\345\202\267\330"
  91      BFF3FE6E 
  91      45641179 
  91      037CE582 
  91      B7D8
  92 037f 096FCA8E 		.ascii	"\011o\312\216wIDdy\013\274+VD\356#o1\347\235K\363\226"
  92      77494464 
  92      790BBC2B 
  92      5644EE23 
  92      6F31E79D 
  93 0396 38E1FDC3 		.ascii	"8\341\375\303h\346\331\234wUD\344A6\357\007\261\366"
  93      68E6D99C 
  93      775544E4 
ARM GAS  C:\Users\ajink\AppData\Local\Temp\cc0Z0X2j.s 			page 7


  93      4136EF07 
  93      B1F6
  94 03a8 631E1E91 		.ascii	"c\036\036\221\223fD&\023\251Tn\246\202\236\2410\337"
  94      93664426 
  94      13A9546E 
  94      A6829EA1 
  94      30DF
  95 03ba B57CDB2D 		.ascii	"\265|\333-\024\326\254\210\374\211\012%<\"\363i\205"
  95      14D6AC88 
  95      FC890A25 
  95      3C22F369 
  95      85
  96 03cb 52270A7F 		.ascii	"R'\012\177\331)\254\213\210\374\235\255\340\200w\303"
  96      D929AC8B 
  96      88FC9DAD 
  96      E08077C3 
  97 03db 8A884619 		.ascii	"\212\210F\031o)_\271\340-s\302\033\2426\274u4\035\221"
  97      6F295FB9 
  97      E02D73C2 
  97      1BA236BC 
  97      75341D91 
  98 03ef 7AFAFF79 		.ascii	"z\372\377y\303TD\344\020\362\226\221i\010E\257\355\301"
  98      C35444E4 
  98      10F29691 
  98      690845AF 
  98      EDC1
  99 0401 4EF81537 		.ascii	"N\370\0257\311\276\012\261/\355\354\326>VQ\021d\277"
  99      C9BE0AB1 
  99      2FEDECD6 
  99      3E565111 
  99      64BF
 100 0413 95FBAB5E 		.ascii	"\225\373\253^\252\252\251\335\025\254\251\015\356\337"
 100      AAAAA9DD 
 100      15ACA90D 
 100      EEDF
 101 0421 571D3C50 		.ascii	"W\035<P\363\372\033\265\301\347_xz\327\243\301\275{"
 101      F3FA1BB5 
 101      C1E75F78 
 101      7AD7A3C1 
 101      BD7B
 102 0433 9F0CEE79 		.ascii	"\237\014\356y\356\251g\337\334\031<\260\257\372\305"
 102      EEA967DF 
 102      DC193CB0 
 102      AFFAC5
 103 0442 EAEA972B 		.ascii	"\352\352\227+*\211RY\363\332+U\257\376\003\313\015\241"
 103      2A895259 
 103      F3DA2B55 
 103      AFFE03CB 
 103      0DA1
 104 0454 FF       		.ascii	"\377"
 105              		.text
 106              		.section	.gnu.lto__pal_lld_setgroupmode.ac99889c,"",%progbits
 107 0000 789C9D56 		.ascii	"x\234\235VkLTG\024\2363\367\356\335{\367IE\004|\241"
 107      6B4C5447 
 107      149E33F7 
 107      EEDD7BF7 
 107      4945047C 
ARM GAS  C:\Users\ajink\AppData\Local\Temp\cc0Z0X2j.s 			page 8


 108 0015 08DA26D5 		.ascii	"\010\332&\325m\265\251M\323\264\375a\322\232\332\330"
 108      6DB5A94D 
 108      D3B4FD61 
 108      D29ADAD8 
 109 0025 C426FDD1 		.ascii	"\304&\375\321\246\255\217\266\230B0\322\364\237\361"
 109      A6AD8FB6 
 109      984230D2 
 109      F49FF1
 110 0034 82882610 		.ascii	"\202\210&\020_\255\204\244\232Z\255Ov\241\240\362\264"
 110      5FAD84A4 
 110      9A5AAD4F 
 110      76A1A0F2 
 110      B4
 111 0045 76A13EA8 		.ascii	"v\241>\250\202\326\252 \240\210\015PI\325\210h\227\215"
 111      82D6AA20 
 111      A0880D50 
 111      49D58868 
 111      978D
 112 0057 457AE6CC 		.ascii	"Ez\346\314.\354\322bL7\334\263w\316|\337\231\363\315"
 112      2EECD262 
 112      4C37DCB3 
 112      77CE7CDF 
 112      99F3CD
 113 006a 39338BC2 		.ascii	"93\213\302\376\375\251\303'hc\354\003\374\206\030\006"
 113      FEFDA9C3 
 113      276863EC 
 113      03FC8618 
 113      06
 114 007b 7CCB39C6 		.ascii	"|\3139\306\262u\316\225\273q\314\264\251\273^b\246C"
 114      B275CE95 
 114      BB71CCB4 
 114      A9BB5E62 
 114      A643
 115 008d 014DBA55 		.ascii	"\001M\272Un!\267FnK\330\255\201K\276X\271\276q\026\316"
 115      6E21B746 
 115      6E4BD8AD 
 115      814BBE58 
 115      B9BE7116 
 116 00a2 1BC23A74 		.ascii	"\033\302:t\260I\267\021~\261q;\315;h\336\016N\351v\204"
 116      B049B711 
 116      7EB1713B 
 116      CD3B68DE 
 116      0E4EE976 
 117 00b7 5F9C3250 		.ascii	"_\2342P\235\356\342\326\352\223\014\221\356\026\035"
 117      9DEEE2D6 
 117      EA930C91 
 117      EE161D
 118 00c6 916E00E1 		.ascii	"\221n\000\341g\300\326rE\265hV\335\260\331\035N\227"
 118      67C0D672 
 118      45B56856 
 118      DDB0D91D 
 118      4E97
 119 00d8 1BD67217 		.ascii	"\033\326r\027\003]\374\341\247\227\367q\330\342/.\262"
 119      035DFCE1 
 119      A797F771 
 119      D8E22F2E 
 119      B2
ARM GAS  C:\Users\ajink\AppData\Local\Temp\cc0Z0X2j.s 			page 9


 120 00e9 CFDA6B9A 		.ascii	"\317\332k\232\346\335\335\027\022\326'\0049c\375\\\252"
 120      E6DDDD17 
 120      12D62704 
 120      3963FD5C 
 120      AA
 121 00fa 85FD300B 		.ascii	"\205\3750\013!\327\002\225\005N\345e`\370^]r\277\311"
 121      21D70295 
 121      054EE565 
 121      60F85E5D 
 121      72BFC9
 122 010d 7E930739 		.ascii	"~\223\0079L\023\303\232m\015E\232\030rU\014\233K\333"
 122      4C13C39A 
 122      6D0D459A 
 122      1872550C 
 122      9B4BDB
 123 0120 5A79EA1E 		.ascii	"Zy\352\036\323\314\361\237/7_W\203\\\201\003\240`<8"
 123      D3CCF19F 
 123      2F375F57 
 123      835C8103 
 123      A0603C38 
 124 0134 0813E110 		.ascii	"\010\023\341\020Ld\350bP\014\251\210\336}\265;\240("
 124      4C64E862 
 124      500CA988 
 124      DE7DB53B 
 124      A028
 125 0146 AF51DC43 		.ascii	"\257Q\334C\365\325\317\020\2613\177o\263\303|3\310U"
 125      F5D5CF10 
 125      B1337F6F 
 125      B3C37C33 
 125      C855
 126 0158 F08E66AA 		.ascii	"\360\216f\252\014|\304\374#\330\273\337\251, \346\340"
 126      0C7CC4FC 
 126      23D8BBDF 
 126      A92C20E6 
 126      E0
 127 0169 A1AD3B6C 		.ascii	"\241\255;l\222Z\260\367\"Q-P2\232jaP\012\251\002\277"
 127      925AB0F7 
 127      22512D50 
 127      329A6A61 
 127      500AA902 
 128 017e 7F5FEF06 		.ascii	"\177_\357\006]YH\334\333\035mO\315\370NP\253\327\237"
 128      5D5948DC 
 128      DB1D6D4F 
 128      CDF84E50 
 128      ABD79F
 129 0191 76980D66 		.ascii	"v\230\015fn\347\320PR\220k\360Ct\000\371AF\305\035\357"
 129      6EE7D050 
 129      52906BF0 
 129      437400F9 
 129      4146C51D 
 130 01a6 5E455944 		.ascii	"^EYD\354\033\015]\205.\242\373\017\240\332\334]\346"
 130      EC1B0D5D 
 130      852EA2FB 
 130      0FA0DADC 
 130      5DE6
 131 01b8 A3A12110 		.ascii	"\243\241!\020\354\3621\330\375\201:\237EYL\354\026\263"
 131      ECF231D8 
ARM GAS  C:\Users\ajink\AppData\Local\Temp\cc0Z0X2j.s 			page 10


 131      FD813A9F 
 131      45594CEC 
 131      16B3
 132 01ca A1D926D9 		.ascii	"\241\331&\331\336h\366\2211\330\017\326m\276\256)K\210"
 132      DE68F691 
 132      31D80FD6 
 132      6DBEAE29 
 132      4B88
 133 01dc ED3DE26B 		.ascii	"\355=\342kwHvu4\273b\014\266Y\262\317oQ\336#\366\203"
 133      77487675 
 133      34BB620C 
 133      B659B2CF 
 133      6F51DE23 
 134 01f2 4DEBB72A 		.ascii	"M\353\267*\222}<\232]5\006\373\376\206\322v\253\362"
 134      927D3C9A 
 134      5D3506FB 
 134      FE86D276 
 134      ABF2
 135 0204 3EB11F6E 		.ascii	">\261\037n\365u\272\345\266\325Dm\233\025j\306\240\367"
 135      F575BAE5 
 135      B6D5446D 
 135      9B156AC6 
 135      A0F7
 136 0216 E50EB6D8 		.ascii	"\345\016\266\330\265\\\354\262\230A\234/\203\031p\030"
 136      B55CECB2 
 136      98419C2F 
 136      83197018 
 137 0226 9FA3F854 		.ascii	"\237\243\370T\342S\215O-\314\220\215\007\307@\003\306"
 137      E2538D4F 
 137      2DCC908D 
 137      07C74003 
 137      C6
 138 0237 54018C98 		.ascii	"T\001\214\230,\035\3477\207\206\016\237*\317\367\224"
 138      2C1DE737 
 138      87860E9F 
 138      2ACFF794 
 139 0247 F0A7815A 		.ascii	"\360\247\201ZA\"\024\262*Y\013Y\215\254\225\254N\326"
 139      412214B2 
 139      2A590B59 
 139      8DAC95AC 
 139      4ED6
 140 0259 206B6322 		.ascii	" kc\"\222\003D/\270@\264!\036\025\2143\016;D\217eb\251"
 140      9203442F 
 140      B840B421 
 140      1E158C33 
 140      0E3B448F 
 141 0270 F1048C23 		.ascii	"\361\004\214#;\201l<\331\004\204\030\211\364:\221\354"
 141      3B816C3C 
 141      D9048418 
 141      89F43A91 
 141      EC
 142 0281 24E1984C 		.ascii	"$\341\230L\257S\310N\245\224\222h\211ibr\2720\311\302"
 142      AF53C84E 
 142      A5949268 
 142      89696272 
 142      BA30C9C2 
 143 0295 A408932A 		.ascii	"\244\010\223*\314La\030\353B\241xT\2739\307/\3452\344"
ARM GAS  C:\Users\ajink\AppData\Local\Temp\cc0Z0X2j.s 			page 11


 143      CC4C6118 
 143      EB42A178 
 143      54BB39C7 
 143      2FE532E4 
 144 02a9 5E59D7BF 		.ascii	"^Y\327\277]\023\312\003\334\201\373\265\251\344\373"
 144      5D13CA03 
 144      DC81FBB5 
 144      A9E4FB
 145 02b8 7EB73857 		.ascii	"~\2678W\006\212\3731\264\223\335xt*\271\322\006\365"
 145      068AFB31 
 145      B493DD78 
 145      742AB9D2 
 145      06F5
 146 02ca 857D1D39 		.ascii	"\205}\0359\026\201F\350\365\256\363\027t\001Uh\247\217"
 146      168146E8 
 146      F5AEF317 
 146      74015568 
 146      A78F
 147 02dc 0E7C7BDB 		.ascii	"\016|{\333\271\023\276\3116M\177b\220\333\002\334\005"
 147      B913BEC9 
 147      364D7F62 
 147      90DB02DC 
 147      05
 148 02ed C745009C 		.ascii	"\307E\000\234\353j\314\257\320g\027\233\271Xj;\374\004"
 148      EB6ACCAF 
 148      D067179B 
 148      B9586A3B 
 148      FC04
 149 02ff 3BE11E9D 		.ascii	";\341\036\235t\360\303\354\000w\323\022*\333\245\311"
 149      74F0C3EC 
 149      0077D312 
 149      2ADBA5C9 
 150 030f 841E6E9F 		.ascii	"\204\036n\2374\222\320\360A7p\237\353\206\023\262\260"
 150      3492D0F0 
 150      4137709F 
 150      EB8613B2 
 150      B0
 151 0320 4E90095D 		.ascii	"N\220\011]\277\247\204\022z\362\014\352)\003\020\031"
 151      BFA78412 
 151      7AF20CEA 
 151      29031019 
 152 0330 FC3C9281 		.ascii	"\374<\222\201&\266\244\015rj\312\272d\314\000\037\207"
 152      26B6A40D 
 152      726ACABA 
 152      64CC001F 
 152      87
 153 0341 D4C2CD97 		.ascii	"\324\302\315\227\252\2245\017\315\"S\017r\307 \227\215"
 153      AA94350F 
 153      CD22530F 
 153      72C72097 
 153      8D
 154 0352 35ACDE41 		.ascii	"5\254\336A\303\203\233\277\256\002\261\366\026\201r"
 154      C3839BBF 
 154      AE02B1F6 
 154      168172
 155 0361 C2095803 		.ascii	"\302\011X\003'Ck_\351\335\330\244z|fL\020\023:\205\250"
 155      27436B5F 
ARM GAS  C:\Users\ajink\AppData\Local\Temp\cc0Z0X2j.s 			page 12


 155      E9DDD8A4 
 155      7A7C664C 
 155      10133A85 
 156 0376 8020E1DA 		.ascii	"\200 \341\332\247\301\303p\275\216\015\257\310\325b"
 156      A7C1C370 
 156      BD8E0DAF 
 156      C8D562
 157 0385 7141D60C 		.ascii	"qA\326\014\234\032\021[\002=8\314\361\177u6\236\\X\353"
 157      9C1A115B 
 157      023D38CC 
 157      F17F7536 
 157      9E5C58EB 
 158 0399 C895350C 		.ascii	"\310\2255\014\321\200k \304\\B\000\321\326a\317|\362"
 158      D1806B20 
 158      C45C4200 
 158      D1D661CF 
 158      7CF2
 159 03ab 1C8EF038 		.ascii	"\034\216\3608\311S6\342\361o\317\227\276Z\012\234\275"
 159      C95336E2 
 159      F16FCF97 
 159      BE5A0A9C 
 159      BD
 160 03bc AFB6C02A 		.ascii	"\257\266\300*\002[1\360/\264\325\335\370\216\027<\356"
 160      025B31F0 
 160      2FB4D5DD 
 160      F88E173C 
 160      EE
 161 03cd CABAAB79 		.ascii	"\312\272\253y\035\336\347d\236\343\003\334\022Y\032"
 161      1DDEE764 
 161      9EE303DC 
 161      12591A
 162 03dc 3796E60C 		.ascii	"7\226\346\014\205\344\341E\021\304\210\364\373\263\222"
 162      85E4E145 
 162      11C488F4 
 162      FBB392
 163 03eb 1317C02B 		.ascii	"\023\027\300+9\022T&@q\022t\307;W\242&\004\270\021\205"
 163      39125426 
 163      40711274 
 163      C73B57A2 
 163      2604B811 
 164 0400 AA14A809 		.ascii	"\252\024\250\011\022u/\024*>\200\007>\022tT\200\342"
 164      12752F14 
 164      2A3E8007 
 164      3E127454 
 164      80E2
 165 0412 056820EF 		.ascii	"\005h \357\221\367U\211J\010\340\351\347\260\375\330"
 165      91F75589 
 165      4A08E0E9 
 165      E7B0FDD8 
 166 0422 8E6D06F5 		.ascii	"\216m\006\365\217\211G\367,\262\250\307\226\205@\221"
 166      8F8947F7 
 166      2CB2A8C7 
 166      96854091 
 167 0432 B2F17840 		.ascii	"\262\361x@\343p\207\351\354Z\262\320}?\357\224\357\005"
 167      E37087E9 
 167      EC5AB2D0 
 167      7D3FEF94 
ARM GAS  C:\Users\ajink\AppData\Local\Temp\cc0Z0X2j.s 			page 13


 167      EF05
 168 0444 894E4455 		.ascii	"\211NDU\242\236\2359g\350\247\310p3h\032\255;\221\330"
 168      A29E9D39 
 168      67E8A7C8 
 168      7033681A 
 168      AD3B91D8 
 169 0458 C630BBD9 		.ascii	"\3060\273\331\367\242dO$y\261\321\322\344&\333h\223"
 169      F7A2644F 
 169      2479B1D1 
 169      D2E426DB 
 169      6893
 170 046a B122314C 		.ascii	"\261\"1L\272u&\007\024Q\225\312:|!e\223\244\262\301"
 170      BA752607 
 170      145195CA 
 170      3A7C2165 
 170      93A4B2C1 
 171 047e 8B9BEECA 		.ascii	"\213\233\356\3124L\023\357\243s\243\244M\012k\351\001"
 171      344C13EF 
 171      A373A3A4 
 171      4D0A6BE9 
 171      01
 172 048f 15B3D20B 		.ascii	"\025\263\322\013\332\3230}\343X\353\307=\240c*\372\325"
 172      DAD3307D 
 172      E358EBC7 
 172      3DA0632A 
 172      FAD5
 173 04a1 D615B8BE 		.ascii	"\326\025\270\276\341mO\307\014\354\303\371\366\204\325"
 173      E16D4FC7 
 173      0CECC3F9 
 173      F684D5
 174 04b0 4EC6F244 		.ascii	"N\306\362D\311\243\212M\246\204\035\303\360\277\302"
 174      C9A38A4D 
 174      A6841DC3 
 174      F0BFC2
 175 04bf F2A65061 		.ascii	"\362\246Pab\243\2132\205\320\316\010y\344\326B\362("
 175      62A38B32 
 175      85D0CE08 
 175      79E4D642 
 175      F228
 176 04d1 2297D57D 		.ascii	"\"\227\325}\024^w*\312\203\224\221e\361nC\247\000m\313"
 176      145E772A 
 176      CA839491 
 176      65F16E43 
 176      A7006DCB 
 177 04e5 6BF67E28 		.ascii	"k\366~(AI\001n\303=8\275\363f\271J-\213\305=\037\221"
 177      4149016E 
 177      C33D38BD 
 177      F366B94A 
 177      2D8BC53D 
 178 04fb 6BAD889C 		.ascii	"k\255\210\234$\304s\314\331\336(\304\3079\032\205x\321"
 178      24C473CC 
 178      D9DE28C4 
 178      C7391A85 
 178      78D1
 179 050d 41F65B42 		.ascii	"A\366[B\374\024\307-\022\357b\370_K(?\"\332XD-\014\026"
 179      FC14C72D 
 179      12EF62F8 
ARM GAS  C:\Users\ajink\AppData\Local\Temp\cc0Z0X2j.s 			page 14


 179      5F4B283F 
 179      22DA5844 
 180 0524 91B935B2 		.ascii	"\221\2715\2620\226H\031Jh@\351\202(E\323\272\342\302"
 180      30964819 
 180      4A6840E9 
 180      822845D3 
 180      BAE2C2
 181 0537 D03D2272 		.ascii	"\320=\"r\015\354\351\374\023(W\374}\3705\\\033\274\014"
 181      0DECE9FC 
 181      132857FC 
 181      7DF8355C 
 181      1BBC0C
 182 054a DC1A9AA9 		.ascii	"\334\032\232\251\316\277\333\323z@\021gS\333\321\212"
 182      CEBFDBD3 
 182      7A401167 
 182      53DBD18A 
 183 055a DD8BB748 		.ascii	"\335\213\267H\017Xh\\\245`\027\210\241\225\206E\026"
 183      0F58685C 
 183      A5601788 
 183      A1958645 
 183      16
 184 056b DC423134 		.ascii	"\334B14h8\200C]\014m\342\324j\336V\324\232\344\034\260"
 184      68388043 
 184      5D0C6DE2 
 184      D46ADE56 
 184      D49AE41C 
 185 0580 A032B7BC 		.ascii	"\2402\267\274\322\352+\372\356\327[d*\323\"nJx\354-"
 185      D2EA2BFA 
 185      EED75B64 
 185      2AD3226E 
 185      4A78EC2D 
 186 0594 79816E49 		.ascii	"y\201nI\372e\374\015f\313&\274\024\0224\035\003\011"
 186      FA65FC0D 
 186      66CB26BC 
 186      1412341D 
 186      0309
 187 05a6 CDD40327 		.ascii	"\315\324\003'T\351L&\277\025\235\365\333n\270\376\343"
 187      54E94C26 
 187      BF159DF5 
 187      DB6EB8FE 
 187      E3
 188 05b7 56B63E76 		.ascii	"V\266>v\275\213#\353]\022\267r\262\010TQ\366 \234y\312"
 188      BD8B23EB 
 188      5D12B772 
 188      B2085451 
 188      F6209C79 
 189 05cc 13677E99 		.ascii	"\023g~\231\")\"R\363\350\314\261:)\242tQ\231\317$\277"
 189      22292252 
 189      F3E8CCB1 
 189      3A29A274 
 189      5199CF24 
 190 05e1 F17F336F 		.ascii	"\361\1773o\031Y\357\212\310|&\353\200l\177\313[\"\220"
 190      1959EF8A 
 190      C87C26EB 
 190      806C7FCB 
 190      5B2290
 191 05f4 28731736 		.ascii	"(s\0276D\213\216\312\346\317\231\343\301\277\345i+\227"
ARM GAS  C:\Users\ajink\AppData\Local\Temp\cc0Z0X2j.s 			page 15


 191      448B8ECA 
 191      E6CF99E3 
 191      C1BFE569 
 191      2B97
 192 0606 ADCCCC9A 		.ascii	"\255\314\314\232\347\311\314\362\244-M\367\254\312\\"
 192      E7C9CCF2 
 192      A42D4DF7 
 192      ACCA5C
 193 0615 FD459667 		.ascii	"\375E\226g\311\273o\317\233\353Y\264h\201\347\215w\026"
 193      C9BB6FCF 
 193      9BEB59B4 
 193      6881E78D 
 193      7716
 194 0627 2EFEF279 		.ascii	".\376\362y\317\252\245\351\037\245\247\257\230\263\234"
 194      CFAAA5E9 
 194      1FA5A7AF 
 194      98B39C
 195 0636 A902A166 		.ascii	"\251\002\241f,\315\372\\\315\310\\\361\011\317H\343"
 195      2CCDFA5C 
 195      CDC85CF1 
 195      09CF48E3 
 196 0646 19E9CAF2 		.ascii	"\031\351\312\362\325i\370\340\367\247\237\301\312\177"
 196      D569F8E0 
 196      F7A79FC1 
 196      CA7F
 197 0654 001FBEC7 		.ascii	"\000\037\276\307}"
 197      7D
 198              		.text
 199              		.section	.gnu.lto_.symbol_nodes.ac99889c,"",%progbits
 200 0000 789C6366 		.ascii	"x\234cf``\320a\200\002\2463\214\365\014\014\023\316"
 200      6060D061 
 200      8002A633 
 200      8CF50C0C 
 200      13CE
 201 0012 3130D4D7 		.ascii	"10\324\3273\314[\300\301\300t\226\261\236\021Y\200\365"
 201      33CC5BC0 
 201      C1C07496 
 201      B19E1159 
 201      80F5
 202 0024 1C23C302 		.ascii	"\034#\303\002\246zf\006\000\034!\014\012"
 202      A67A6606 
 202      001C210C 
 202      0A
 203              		.text
 204              		.section	.gnu.lto_.refs.ac99889c,"",%progbits
 205 0000 789C6366 		.ascii	"x\234cf```c\200\000FF\006&V\006\000\000\267\000\023"
 205      60606063 
 205      80004646 
 205      06265606 
 205      0000B700 
 206              		.text
 207              		.section	.gnu.lto_.decls.ac99889c,"",%progbits
 208 0000 789CAD58 		.ascii	"x\234\255XkPSI\026\276};\204\344\022\202+#3eY\273\014"
 208      6B505349 
 208      16BE7D3B 
 208      84E41282 
 208      2B233365 
ARM GAS  C:\Users\ajink\AppData\Local\Temp\cc0Z0X2j.s 			page 16


 209 0017 D652CE8E 		.ascii	"\326R\316\216#\242\363rk\253V\001G\335u\0346\272\277"
 209      23A2F372 
 209      6BAB5601 
 209      47DD751C 
 209      36BABF
 210 002a 86AA0C92 		.ascii	"\206\252\014\222\250\251E\342J\330r\376]\345!8*\010"
 210      A8A945E2 
 210      4AD872FE 
 210      5DE52138 
 210      2A08
 211 003c E3DBD520 		.ascii	"\343\333\325 \250\250\210\212 (\010\010\362P\001e\360"
 211      A8A8888A 
 211      20280808 
 211      F2500165 
 211      F0
 212 004d 858E12F1 		.ascii	"\205\216\022\361\201((*n\020\025\366t\367\0157\204\340"
 212      8128282A 
 212      6E1015F6 
 212      74F70D37 
 212      84E0
 213 005f B8539BF2 		.ascii	"\270S\233\362\243\373t\177}\316\351\327\351s\305\034"
 213      A3FB747F 
 213      7DCEE9D7 
 213      E973C51C 
 214 006f C77D8A38 		.ascii	"\307}\2128n\000~\323|9n/\317q\030\332\302\001\320\314"
 214      6E007ED3 
 214      7C396E2F 
 214      CF7118DA 
 214      C201D0CC 
 215 0083 7DC8B11F 		.ascii	"}\310\261\0374s-\034k$\355\037!n\310\217\364yK\343\264"
 215      34732D1C 
 215      6B24ED1F 
 215      216EC88F 
 215      F4794BE3 
 216 0098 000DE0B2 		.ascii	"\000\015\340\2624~&p\303\0007\241~\011\360\025\324g"
 216      347E2670 
 216      C30037A1 
 216      7E09F015 
 216      D467
 217 00aa 019E41BD 		.ascii	"\001\236A\275[\342\206\200|\001\312\022@\007\340\024"
 217      5BE28680 
 217      7C01CA12 
 217      4007E014 
 218 00ba E021A00C 		.ascii	"\340!\240\014\320\0118\017\250\0074\000\032%\337Z87"
 218      D009380F 
 218      A8073400 
 218      1A25DF5A 
 218      3837
 219 00cc 3FE818E5 		.ascii	"?\350\030\345\342G\017\300\016\350\003\024\002f\003"
 219      E2470FC0 
 219      0EE80314 
 219      026603
 220 00db FC24DF88 		.ascii	"\374$\337\210}\342\327l\030\347\003P\003\376\002\262"
 220      7DE2D76C 
 220      18E70350 
 220      03FE02B2 
 221 00eb 02D00E78 		.ascii	"\002\320\016x$\371\321)\331\034i\376Oyt\"\257\247\301"
ARM GAS  C:\Users\ajink\AppData\Local\Temp\cc0Z0X2j.s 			page 17


 221      24F9D129 
 221      D91C69FE 
 221      4F797422 
 221      AFA7C1
 222 00fe EB018FB4 		.ascii	"\353\001\217\264\202?\021O\246\327mQ\202\250\021\024"
 222      823F114F 
 222      A6D76D51 
 222      82A81114 
 223 010e 44DC7CC5 		.ascii	"D\334|\305~\037\323^\033&r\257\330[\247\242\335\177"
 223      7E1FD35E 
 223      1B2672AF 
 223      D85BA7A2 
 223      DD7F
 224 0120 2262D696 		.ascii	"\"b\326\226\333\227\204\211\007DQL\026+F\311J\217\224"
 224      DB978489 
 224      0744514C 
 224      162B46C9 
 224      4A8F94
 225 0133 1F4C51D3 		.ascii	"\037LQ\323a\337\021\321\236\330\235\"\320Q\032\"\266"
 225      61DF11D1 
 225      9ED89D22 
 225      D0511A22 
 225      B6
 226 0144 9695DC57 		.ascii	"\226\225\334Wb\360\031\352\345e\2755\002\036G\353k\223"
 226      62F019EA 
 226      E565BD35 
 226      021E47EB 
 226      6B93
 227 0156 6D6705FC 		.ascii	"mg\005\374{Z_\271\267d\255'\014\371P\240\012[\267\277"
 227      7B5A5FB9 
 227      B764AD27 
 227      0CF950A0 
 227      0A5BB7BF 
 228 016a CC565391 		.ascii	"\314VS\221l\271\0174\361u\367\305,-\012\024\262\301"
 228      6CB90F34 
 228      F175F7C5 
 228      2C2D0A14 
 228      B2C1
 229 017c 7AF783F4 		.ascii	"z\367\203\364\232q\242\250@\005H@G\020F\007\321D2k2"
 229      9A71A2A8 
 229      40054840 
 229      47104607 
 229      D144326B 
 230 0191 9AFC9245 		.ascii	"\232\374\222Eq\225\230\026/\252\353\264\034\332\207"
 230      71959816 
 230      2FAAEBB4 
 230      1CDA87
 231 01a0 C6A21C34 		.ascii	"\306\242\0344\226C\307P 0(\027\035\205\306|h\004\305"
 231      9643C750 
 231      20302817 
 231      1D85C67C 
 231      6804C5
 232 01b3 D5AFCB12 		.ascii	"\325\257\313\022<\220\020\350~\320q7\203\250\013\207"
 232      3C9010E8 
 232      7ED07137 
 232      83A80B87 
 233 01c3 13D3FD88 		.ascii	"\023\323\375\210\013\205\340\302a\331\005\360hpY\012"
ARM GAS  C:\Users\ajink\AppData\Local\Temp\cc0Z0X2j.s 			page 18


 233      0B85E0C2 
 233      61D905F0 
 233      6870590A 
 234 01d3 ACB9B518 		.ascii	"\254\271\265\030?Gt\206/\342S[\225\330\316\204\347\366"
 234      3F477486 
 234      2FE2535B 
 234      95D8CE84 
 234      E7F6
 235 01e5 D3873CF0 		.ascii	"\323\207<\360+&do\334\224\353A\227K\005\242\307\243"
 235      2B26646F 
 235      DC94EB41 
 235      974B05A2 
 235      C7A3
 236 01f7 B6D57705 		.ascii	"\266\325w\005\024\340\033\020\020h\005\227\272\007j"
 236      14E01B10 
 236      10680597 
 236      BA076A
 237 0206 6FBDB755 		.ascii	"o\275\267U\264V\"j\252\010L\225\"_\331\301\011c\301"
 237      B456226A 
 237      AA084C95 
 237      225FD9C1 
 237      0963C1
 238 0219 EA1FE00F 		.ascii	"\352\037\340\017\267\001\334\022\323Dq\272\205C\271"
 238      B701DC12 
 238      D34471BA 
 238      8543B9
 239 0228 D07D0891 		.ascii	"\320}\010\221.B\006\337P9L\244\004\005\2402\300)\024"
 239      2E4206DF 
 239      50394CA4 
 239      0405A032 
 239      C02914
 240 023b 407D24FA 		.ascii	"@}$\372\255\375\371\342\364\004L\225\237pU~\022\015"
 240      ADFDF9E2 
 240      F4044C95 
 240      9F70557E 
 240      120D
 241 024d 6AA7DCD7 		.ascii	"j\247\334\3272\267\330\255#\373\310\000\272@\266\336"
 241      32B7D8AD 
 241      23FBC800 
 241      BA40B6DE 
 242 025d 292A42E0 		.ascii	")*B\340\244\225\031<-|\322\256\206\203<\012\364\245"
 242      A495193C 
 242      2D7CD2AE 
 242      86833C0A 
 242      F4A5
 243 026f AC012542 		.ascii	"\254\001%B\247AM\236\274\204d\020\375\271\233\020\252"
 243      A7414D9E 
 243      BC846410 
 243      FDB99B10 
 243      AA
 244 0280 8079BC6D 		.ascii	"\200y\274mN\260\240\227\3374\374\026\027\361tqmo\322"
 244      4EB0A097 
 244      DF34FC16 
 244      17F17471 
 244      6D6FD2
 245 0293 0A3C7019 		.ascii	"\012<p\031\023~<\267\341;\\\315\352[\355\3655>t\325"
 245      137E3CB7 
ARM GAS  C:\Users\ajink\AppData\Local\Temp\cc0Z0X2j.s 			page 19


 245      E13B5CCD 
 245      EA5BEDF5 
 245      353E74D5 
 246 02a7 3F20626E 		.ascii	"? bnn\332&O\\\317\372\034\227D\303.IGyG\251\027nf}\255"
 246      6EDA264F 
 246      5CCFFA1C 
 246      9744C32E 
 246      49477947 
 247 02c1 F6D64A4F 		.ascii	"\366\326JO\3327\031D\317\376\326\324D\204`\263\340\027"
 247      DA371944 
 247      CFFED6D4 
 247      448460B3 
 247      E017
 248 02d3 E8ECF07E 		.ascii	"\350\354\360~p\370\000]\276s\222\267\027\301\333\013"
 248      70F8005D 
 248      BE7392B7 
 248      17C1DB0B 
 249 02e3 E0E97940 		.ascii	"\340\351y@=\240\001\320(\357\204h\333\2215O\254\233"
 249      3DA001D0 
 249      28EF8468 
 249      DB91354F 
 249      AC9B
 250 02f5 4C97A30A 		.ascii	"L\227\243\012\226\203\214\033\2346\333\011\266\274\204"
 250      96838C1B 
 250      9C36DB09 
 250      B6BC84
 251 0304 6CDD395E 		.ascii	"l\3359^\242\236q\245V\017\3314\321\232\343`\326\270"
 251      A29E71A5 
 251      560FD934 
 251      D19AE360 
 251      D6B8
 252 0316 326B5D95 		.ascii	"2k]\225\036tP\353\\\251g]\224ns0+]\231\362\201\244\033"
 252      1E7450EB 
 252      5CA9675D 
 252      946E7330 
 252      2B5D99F2 
 253 032d BC254B29 		.ascii	"\274%K)\"\302\030v\020PfOn\221'\276N\327\225\037\370"
 253      22C21876 
 253      1050664F 
 253      6E9127BE 
 253      4ED7951F 
 254 0342 B9E91246 		.ascii	"\271\351\022F\276n\327\0205\303\322\275\3132R\213\247"
 254      BE6ED710 
 254      35C3D2BD 
 254      CB32528B 
 254      A7
 255 0353 A254E827 		.ascii	"\242T\350' 7\311G\352\234\343H\201\325\204\314\2242"
 255      2037C947 
 255      EA9CE348 
 255      81D584CC 
 255      9432
 256 0365 B5AF64C6 		.ascii	"\265\257d\306:\222\031nD\033$j\346\364'#\315\0329`\240"
 256      3A92196E 
 256      441B246A 
 256      E6F42723 
 256      CD1A3960 
 257 037a 4B4E3781 		.ascii	"KN7\201C\227\221Fb\326\276\350\335#(x\326\206\276\245"
ARM GAS  C:\Users\ajink\AppData\Local\Temp\cc0Z0X2j.s 			page 20


 257      43979146 
 257      62D6BEE8 
 257      DD232878 
 257      D686BEA5 
 258 038e 41B6B7C3 		.ascii	"A\266\267\303~\312\343\375\215\324\201xq\224\002\205"
 258      7ECAE3FD 
 258      8DD48178 
 258      71940285 
 259 039e FB398DBD 		.ascii	"\3739\215\275\212\336\207\277W\220\202)h\313\271Z\342"
 259      8ADE87BF 
 259      57908229 
 259      68CBB95A 
 259      E2
 260 03af 89EFB2B3 		.ascii	"\211\357\262\263w\347n\217\015\373\357\024\255G\272"
 260      77E76E8F 
 260      0DFBEF14 
 260      AD47BA
 261 03be 1FFED03E 		.ascii	"\037\376\320>\031\242\302*\261\177`\000\321Q\350\332"
 261      19A2C22A 
 261      B17F6000 
 261      D151E8DA 
 262 03ce E07C3952 		.ascii	"\340|9Rg\017M\013\362\207\201%\275\307\367iY\\\247\212"
 262      670F4D0B 
 262      F2878125 
 262      BDC7F769 
 262      595CA78A 
 263 03e2 F24B1FBC 		.ascii	"\362K\037\274`\207\177\034\021o\\\351\352\365\304\007"
 263      60877F1C 
 263      116F5CE9 
 263      EAF5C407 
 264 03f2 30EDEBAA 		.ascii	"0\355\353\252\314^!@0\214\177\267`\010#*\257\333Wy\340"
 264      CC5E2140 
 264      308C7FB7 
 264      6008232A 
 264      AFDB5779 
 265 0407 22367CFD 		.ascii	"\"6|\375\345\226|/\\\302\204\362\263+\033\004\\\316"
 265      E5967C2F 
 265      5CC284F2 
 265      B32B1B04 
 265      5CCE
 266 0419 841BE999 		.ascii	"\204\033\351\231\373\264\270\212\011\031\327v\367\013"
 266      FBB4B88A 
 266      0919D776 
 266      F70B
 267 0427 B89609E7 		.ascii	"\270\226\011\347\333z\237k\250;\243\210x\254,9C\300"
 267      DB7A9F6B 
 267      A83BA388 
 267      78AC2C39 
 267      43C0
 268 0439 F5ACEFE8 		.ascii	"\365\254\357\350\231\262x/|\221\012\352\243i;J\325("
 268      99B2782F 
 268      7C910AEA 
 268      A3693B4A 
 268      D528
 269 044b 80FD7C21 		.ascii	"\200\375|!>&\304w\037zb\367\331\237/V@\\\272\011q\311"
 269      3E26C477 
 269      1F7A62F7 
ARM GAS  C:\Users\ajink\AppData\Local\Temp\cc0Z0X2j.s 			page 21


 269      D99F2F56 
 269      405CBA09 
 270 0461 06ABD035 		.ascii	"\006\253\3205b\014K\210\267v\224\033\034\3346W\356\035"
 270      620C4B88 
 270      B776941B 
 270      1CDC3657 
 270      EE1D
 271 0473 17EE2399 		.ascii	"\027\356#\231{\317\225[\355\302} so\273\367\301q\321"
 271      7BCF955B 
 271      EDC27D20 
 271      736FBBF7 
 271      C171D1
 272 0486 807C4B26 		.ascii	"\200|K&\267\272\222'\270p\037\312\334\273\356\035v\""
 272      B7BA9227 
 272      B8701FCA 
 272      DCBBEE1D 
 272      7622
 273 0498 DF94C9B7 		.ascii	"\337\224\311\267\334*\036\366T\\\207\356\033TM\227t"
 273      DC2A1EF6 
 273      545C87EE 
 273      1B544D97 
 273      74
 274 04a9 C31EC336 		.ascii	"\303\036\3036w\302\211\177\010\270\017\350\000\264\003"
 274      77C2897F 
 274      08B80FE8 
 274      00B403
 275 04b8 1E011E38 		.ascii	"\036\001\0368\337\264\033\345\006\362\004v\271\213\362"
 275      DFB41BE5 
 275      06F20476 
 275      B98BF2
 276 04c7 DB76ADBF 		.ascii	"\333v\255\277\207\034Q\276\263\\\003A\240\033\364\377"
 276      871C51BE 
 276      B35C0341 
 276      A01BF4FF 
 277 04d7 2C5FCA2E 		.ascii	",_\312.wq\336\341\015z\002N\374/\016\301Qyy.i\2657^"
 277      7771DEE1 
 277      0D7A024E 
 277      FC2F0EC1 
 277      5179792E 
 278 04ef A9A0E7E6 		.ascii	"\251\240\347\346HF\312.\217!w\264{\310\035}\006\367"
 278      4846CA2E 
 278      8F2177B4 
 278      7BC81D7D 
 278      06F7
 279 0501 913902CE 		.ascii	"\2219\002\316f=\255\234\206\0025\364a\037\250\355\237"
 279      663DAD9C 
 279      860235F4 
 279      611FA8ED 
 279      9F
 280 0512 1E2F4E47 		.ascii	"\036/NG=@x*{\373\214\335i\216\033I%z\016^:kE\351?\325"
 280      3D40782A 
 280      7BFB8CDD 
 280      698E1B49 
 280      257A0E5E 
 281 052c 1FF3C26B 		.ascii	"\037\363\302k\251?|^q\353\023\225\224\277\330nV\011"
 281      A93F7C5E 
 281      71EB1395 
ARM GAS  C:\Users\ajink\AppData\Local\Temp\cc0Z0X2j.s 			page 22


 281      94BFD86E 
 281      5609
 282 053e B01E76D8 		.ascii	"\260\036v\330\244\027\262\205B\364\326\364\345?\356"
 282      A417B285 
 282      42F4D6F4 
 282      E53FEE
 283 054d 2FDF91CA 		.ascii	"/\337\221\312\3121x+\263\221\224\371z\277\267d\303\372"
 283      CA31782B 
 283      B39194F9 
 283      7ABFB764 
 283      C3FA
 284 055f 1023D407 		.ascii	"\020#\324\007\026z\337\331\302K\367\026.]\352\253\302"
 284      167ADFD9 
 284      C24BF716 
 284      2E5DEAAB 
 284      C2
 285 0570 34861175 		.ascii	"4\206\021u,\206\245\246>>\345I\333\310$^!\332\330\260"
 285      2C86A5A6 
 285      3E3EE549 
 285      DBC8245E 
 285      21DAD8B0 
 286 0584 F659236B 		.ascii	"\366Y#k$k\367\2325\236(\275\375F5b\264\353\247\321\356"
 286      246BF79A 
 286      359E28BD 
 286      FD463562 
 286      B4EBA7D1 
 287 0599 8D23DA5D 		.ascii	"\215#\332]8]\272\321\007\357f;\370\346\302\205Wj)\332"
 287      385DBAD1 
 287      07EF663B 
 287      F8E6C285 
 287      576A29DA 
 288 05ad 9DDF1DEC 		.ascii	"\235\337\035\354\024\355`\024\032p\212v\003\216h'\362"
 288      14ED6014 
 288      1A708A76 
 288      038E6827 
 288      F2
 289 05be FE4EC9A4 		.ascii	"\376N\311\244\037K&\327\237\337v\032Sq\200\352\335\334"
 289      1F4B26D7 
 289      9FDF761A 
 289      537180EA 
 289      DDDC
 290 05d0 74AD4881 		.ascii	"t\255H\201\213\231\22157\366\327{\342\012\266~\351w"
 290      8B999135 
 290      37F6D77B 
 290      E20AB67E 
 290      E977
 291 05e2 7AF62047 		.ascii	"z\366 G*\330\235.\342\01784q,\372\010\326&\211\017\004"
 291      2AD89D2E 
 291      E20F3834 
 291      712CFA08 
 291      D626890F 
 292 05f7 056C6D56 		.ascii	"\005lmV\362c\321*^\312\003\037\364\331\020\271\004\211"
 292      F263D12A 
 292      5ECA031F 
 292      F4D910B9 
 292      0489
 293 0609 BC8012F8 		.ascii	"\274\200\022\370\301\245\366\033L\003y\333\325=\177"
ARM GAS  C:\Users\ajink\AppData\Local\Temp\cc0Z0X2j.s 			page 23


 293      C1A5F61B 
 293      4C0379DB 
 293      D53D7F
 294 0618 73AF3479 		.ascii	"s\2574y$\245\207\023\317\217!JW\203\322xY)\330\030|"
 294      24A58713 
 294      CF8F214A 
 294      5783D278 
 294      5929D818 
 295 062d C6529BEB 		.ascii	"\306R\233\353Nx\010\222\322\344_PJB~\365\316',\265O"
 295      4E780892 
 295      D2E45F50 
 295      4A427EF5 
 295      CE272CB5 
 296 0642 A3134FEE 		.ascii	"\243\023O\356\332\232\312r\234\321\364Qj{\326\200\251"
 296      DA9ACA72 
 296      9CD1F451 
 296      6A7BD680 
 296      A9
 297 0653 F81BAABD 		.ascii	"\370\033\252\275\255\343\256\027\321.:\216\272Fp\332"
 297      ADE3AE17 
 297      D12E3A8E 
 297      BA4670DA 
 298 0663 B675C411 		.ascii	"\266u\304\021\210'h-S\276n\315\311\307>\243\323\244"
 298      8827682D 
 298      53BE6ECD 
 298      C9C73EA3 
 298      D3A4
 299 0675 7BEC8FA8 		.ascii	"{\354\217\250\343k\300\370\017<\241\257\347G;\006\021"
 299      E36BC0F8 
 299      0F3CA1AF 
 299      E7473B06 
 299      11
 300 0686 F6950B2D 		.ascii	"\366\225\013-\005^\316\354\224\267\261S\252\316\266"
 300      055ECEEC 
 300      94B7B153 
 300      AACEB6
 301 0695 78E3736C 		.ascii	"x\343sl\273\256\237\266ujq\023\023\034\037/~\354\343"
 301      BBAE9FB6 
 301      756A7113 
 301      131C1F2F 
 301      7EECE3
 302 06a8 65DBD57B 		.ascii	"e\333\325{=l\237ygQ\313\304\365y\331\317}\250\210\235"
 302      3D6C9F79 
 302      6751CBC4 
 302      F579D9CF 
 302      7DA8889D 
 303 06bc 936E3F9A 		.ascii	"\223n?\232t\017\252\3222U\235\315\333Oj\250\350A/rb"
 303      740FAAD2 
 303      32559DCD 
 303      DB4F6AA8 
 303      E8412F72 
 304 06d1 71317B3E 		.ascii	"q1{>\225\316\252\374\230*{\226\355\021\242\275\236\316"
 304      95CEAAFC 
 304      982A7B96 
 304      ED11A2BD 
 304      9ECE
 305 06e3 A21F13AF 		.ascii	"\242\037\023\257\325m\376\214v\252\351B\365=m`\232\004"
ARM GAS  C:\Users\ajink\AppData\Local\Temp\cc0Z0X2j.s 			page 24


 305      D56DFE8C 
 305      76AAE942 
 305      F53D6D60 
 305      9A04
 306 06f5 22B6A7E5 		.ascii	"\"\266\247\345\034fv\274\234?\234\264\354\303\2513\337"
 306      1C6676BC 
 306      9C3F9CB4 
 306      ECC3A933 
 306      DF
 307 0706 5AA3A2A2 		.ascii	"Z\243\242\2427}\0113o\330\331\204\264T\261m\3259\366"
 307      377D0933 
 307      6FD8D984 
 307      B454B16D 
 307      D539F6
 308 0719 25E7E3FC 		.ascii	"%\347\343\374\206j\331\033\352\320\354\3074;\266W\313"
 308      866AD91B 
 308      EAD0ECC7 
 308      343BB657 
 308      CB
 309 072a B6D731D6 		.ascii	"\266\3271\326\217\215\335t\357\344:\257\317\013\304"
 309      8F8DDD74 
 309      EFE43AAF 
 309      CF0BC4
 310 0739 64EB45D8 		.ascii	"d\353E\330z~4<\022(\035\366\343\343\261(\003\212\037"
 310      7A7E343C 
 310      12281DF6 
 310      E3E3B128 
 310      038A1F
 311 074c 79266E04 		.ascii	"y&n\004l\002l\226\312-\000r\302\266\002\266\001\266"
 311      6C026C96 
 311      CA2D0072 
 311      C2B602B6 
 311      01B6
 312 075e 03760026 		.ascii	"\003v\000&\262\356\177K\264\235R\271K*\255R\231)\225"
 312      B2EE7F4B 
 312      B49D52B9 
 312      4B2AAD52 
 312      992995
 313 0771 BBA5324B 		.ascii	"\273\2452K*\263\001{\000{\001\373\330\371Z]\274\377"
 313      2AB3017B 
 313      007B01FB 
 313      D8F95A5D 
 313      BCFF
 314 0783 A57A7CA6 		.ascii	"\245z|\246x\321\332\375\360`\326\214\014Q\314&_F\177"
 314      78D1DAFD 
 314      F060D68C 
 314      0C51CC26 
 314      5F467F
 315 0796 FE1DF536 		.ascii	"\376\035\3656\015n\010\334|\247#\264\201\207\200\200"
 315      0D6E08DC 
 315      7CA723B4 
 315      81878080 
 316 07a6 72F8CF21 		.ascii	"r\370\317!\271\343\307\203\202\276\304\346$\236\316"
 316      B9E3C783 
 316      82BEC4E6 
 316      249ECE
 317 07b5 BF829E86 		.ascii	"\277\202\236\206\234\266\306toz\334'\320\263\322x5\305"
ARM GAS  C:\Users\ajink\AppData\Local\Temp\cc0Z0X2j.s 			page 25


 317      9CB6C674 
 317      6F7ADC27 
 317      D0B3D278 
 317      35C5
 318 07c7 03DF64C7 		.ascii	"\003\337d\307j\325\305\316;"
 318      6AD5C5CE 
 318      3B
 319 07d0 3EB88309 		.ascii	">\270\203\011bj{\002\306\235LHI\217oW\341\247Lh\316"
 319      626A7B02 
 319      C69D4C48 
 319      498F6F57 
 319      E1A74C68 
 320 07e5 494B56E1 		.ascii	"IKV\341\027Lx\331\330^\210q?\023\012S\333w)\360j\017"
 320      174C78D9 
 320      D85E8871 
 320      3F130A53 
 320      DB7729F0 
 321 07fb 2A545F4D 		.ascii	"*T_M\352P\342\365Lh\331\267:C\20571a\303\236\037\223"
 321      EA50E2F5 
 321      4C68D9B7 
 321      3A438537 
 321      3161C39E 
 322 0811 78BC9309 		.ascii	"x\274\223\011\3455\215\273\3258\213\012\232\324\015"
 322      E5358DBB 
 322      D5388B0A 
 322      9AD40D
 323 0820 3D56C747 		.ascii	"=V\307G\005\375\260\010p~\"\017\3004\017\322i\026\361"
 323      05FDB008 
 323      707E220F 
 323      C0340FD2 
 323      6916F1
 324 0833 EC7D3C0D 		.ascii	"\354}<\015W\276\230\017@'\000\345\200R\300)\300I@%\240"
 324      57BE980F 
 324      402700E5 
 324      8052C029 
 324      C0494025 
 325 0848 02500628 		.ascii	"\002P\006(\341\035_\033$oJ-{\317)o:\004\213H\364\271"
 325      E11D5F1B 
 325      246F4A2D 
 325      7BCF296F 
 325      3A048B48 
 326 085e C9166862 		.ascii	"\311\026hb\361\262i0\261\310sKuJB\336\310\334|W\356"
 326      F1B26930 
 326      B1C8734B 
 326      754A42DE 
 326      C8DC7C57 
 327 0873 B08C25A5 		.ascii	"\260\214%\245y\220|\334\225\\\353J~%k>\342J\036\226"
 327      79907CDC 
 327      955CEB4A 
 327      7E256B3E 
 327      E24A1E96 
 328 0887 64BD96C9 		.ascii	"d\275\226\311G\335\273!O/Y\366\242\320\275\0272\267"
 328      47DDBB21 
 328      4F2F59F6 
 328      A2D0BD17 
 328      32B7
 329 0899 4FD67BD8 		.ascii	"O\326{\330\275\0232w@\346\026\270r\253\235\034\246i"
ARM GAS  C:\Users\ajink\AppData\Local\Temp\cc0Z0X2j.s 			page 26


 329      BD133277 
 329      40E616B8 
 329      72AB9D1C 
 329      A669
 330 08ab C1E3269A 		.ascii	"\301\343&\232O\001\311%\237\"\252l\375M\331\210\375"
 330      4F01C925 
 330      9F22AA6C 
 330      FD4DD988 
 330      FD
 331 08bc 4700D176 		.ascii	"G\000\321v\314\2756j\031\036\235\266\306\242\001\255"
 331      CCBD366A 
 331      191E9DB6 
 331      C6A201AD 
 332 08cc 23FDDAD1 		.ascii	"#\375\332\321L\322\2573\300\316\225\037\023beX\372\345"
 332      4CD2AF33 
 332      C0CE951F 
 332      13626558 
 332      FAE5
 333 08de 385BA80A 		.ascii	"8[\250\012\216\324\257=^\344?82\357\367\251\206d_gx"
 333      8ED4AF3D 
 333      5EE43F38 
 333      32EFF7A9 
 333      86645F67 
 334 08f3 E7ECAB9A 		.ascii	"\347\354\253\232\247\331\024)\201\235\227\237\267\037"
 334      A7D91429 
 334      819D979F 
 334      B71F
 335 0901 0DF92473 		.ascii	"\015\371$s\367\271\317\015\373\326G5\274/\014\337n\275"
 335      F7B9CF0D 
 335      FBD64735 
 335      BC2F0CDF 
 335      6EBD
 336 0913 B8592348 		.ascii	"\270Y#H9M\362/\177\262\240Z^ yMUE\257r\210\217$\230"
 336      394DF22F 
 336      7FB2A05A 
 336      5E20794D 
 336      5545AF72 
 337 092b C83ED649 		.ascii	"\310>\326I>\222R9k\336\337\375C\271\321\261\226\245"
 337      3E925239 
 337      6BDEDFFD 
 337      43B9D1B1 
 337      96A5
 338 093d 53A7E817 		.ascii	"S\247\350\027/3\231\365\261FK\3342\275E\025g\212\261"
 338      2F3399F5 
 338      B1464BDC 
 338      32BD4515 
 338      678AB1
 339 0950 409B45D0 		.ascii	"@\233E\320\353\035\325EQ\177\214\210ZbZh\212\265\304"
 339      EB1DD545 
 339      517F8C88 
 339      5A625A68 
 339      8AB5C4
 340 0963 194CE608 		.ascii	"\031L\346\010\213\331\034\035\033\2618&\316\237\326"
 340      8BD91C1D 
 340      1BB13826 
 340      CE9FD6
 341 0972 FC23972F 		.ascii	"\374#\227/\3657.]h4\030\214\206\210O'M\363\23729\370"
ARM GAS  C:\Users\ajink\AppData\Local\Temp\cc0Z0X2j.s 			page 27


 341      F5372E5D 
 341      6834188C 
 341      86884F27 
 341      4DF39F32 
 342 0988 B37F4E8D 		.ascii	"\263\177N\215\200\366Ob\3141\306O\214\221\013M\021\246"
 342      80F64F62 
 342      CC31C64F 
 342      8C910B4D 
 342      11A6
 343 099a 98A8E838 		.ascii	"\230\250\3508\2031bi$\350\2121F\350\015\306E\221q\321"
 343      83316269 
 343      24E88A31 
 343      46E80DC6 
 343      459171D1 
 344 09ae 16BDE5FB 		.ascii	"\026\275\345\373e\306\330IK\270o\377\257fb\277\217\215"
 344      65C6D849 
 344      4BB86FFF 
 344      AF6662BF 
 344      8F8D
 345 09c0 D0C75A0C 		.ascii	"\320\307Z\0140\007\320\215\315\206\3458jy4`\311\027"
 345      3007D08D 
 345      CD86E538 
 345      6A793460 
 345      C917
 346 09d2 932605C1 		.ascii	"\223&\005\301?j\312\034;5\310\034\033\264$2:h\231y\271"
 346      3F6ACA1C 
 346      3B35C81C 
 346      1BB42432 
 346      3A689979 
 347 09e7 253668FE 		.ascii	"%6h\376\202\257\247N\011\232;7,hV\370\234o\376\025\034"
 347      82AFA74E 
 347      099A3B37 
 347      2C6856F8 
 347      9C6FFE15 
 348 09fc B42C325A 		.ascii	"\264,2Z\037\035m\000\035\312\360\031a\221\226Hex\010"
 348      1F1D6D00 
 348      1DCAF019 
 348      61919648 
 348      657808
 349 0a0f 2B425911 		.ascii	"+BY\021\306\212\231\244P\207\317\230\033j\216YdZ\354"
 349      C68A99A4 
 349      5087CF98 
 349      1B6A8E59 
 349      645AEC
 350 0a22 AD9706EA 		.ascii	"\255\227\006\352M1&\313\2573\031\305iH\213~\001,P\230"
 350      4D3126CB 
 350      AF3319C5 
 350      69488B7E 
 350      012C5098 
 351 0a36 71110ED5 		.ascii	"q\021\016\325\315\005\314\306s\302t\370\2330\235\"d"
 351      CD05CCC6 
 351      73C274F8 
 351      9B309D22 
 351      64
 352 0a47 BE4E8743 		.ascii	"\276N\207Ct:\305\334\320\277\352>\036n\302\270\302\022"
 352      743AC5DC 
 352      D0BFEA3E 
ARM GAS  C:\Users\ajink\AppData\Local\Temp\cc0Z0X2j.s 			page 28


 352      1E6EC2B8 
 352      C212
 353 0a59 14FAF5FC 		.ascii	"\024\372\365\3749\363\301D\020\335\352E\301\223W\300"
 353      39F3C144 
 353      10DDEA45 
 353      C19357C0 
 354 0a69 4C049399 		.ascii	"L\004\223\231\2306\031\364\026\015\253.\215\214\375"
 354      983619F4 
 354      160DAB2E 
 354      8D8CFD
 355 0a78 076CBEC9 		.ascii	"\007l\276\311\274\324l0\352-c\006\275\207c\261x\271"
 355      BCD46C30 
 355      EA2D6306 
 355      BD8763B1 
 355      78B9
 356 0a8a 396E1969 		.ascii	"9n\031i\367$\007\342K\275E\315\216\006\324\224Q\213"
 356      F72407E2 
 356      4BBD45CD 
 356      8E06D494 
 356      518B
 357 0a9c 165B2217 		.ascii	"\026[\"\027z\261b\322\027\301_\006{\351BC\035\036\363"
 357      7AB162D2 
 357      17C15F06 
 357      7BE94243 
 357      1D1EF3
 358 0aaf A13A45E8 		.ascii	"\241:E\350W\263t8t\216N5#<d\212n\376\002Z\011&\025\345"
 358      57B37438 
 358      748E4E35 
 358      233C648A 
 358      6EFE025A 
 359 0ac7 8CD92133 		.ascii	"\214\331!3\347\351<I\207T\006C\251\010\011\013\205\021"
 359      E7E93C49 
 359      87540643 
 359      A908090B 
 359      8511
 360 0ad9 F375FF05 		.ascii	"\363u\377\005M\364q\373"
 360      4DF471FB 
 361              		.text
 362              		.section	.gnu.lto_.symtab.ac99889c,"",%progbits
 363 0000 5F70616C 		.ascii	"_pal_lld_init\000\000\000\000\000\000\000\000\000\000"
 363      5F6C6C64 
 363      5F696E69 
 363      74000000 
 363      00000000 
 364 0017 0000D900 		.ascii	"\000\000\331\000\000\000_pal_lld_setgroupmode\000\000"
 364      00005F70 
 364      616C5F6C 
 364      6C645F73 
 364      65746772 
 365 0034 00000000 		.ascii	"\000\000\000\000\000\000\000\000\000\000\000\001\000"
 365      00000000 
 365      00000001 
 365      00
 366 0041 00       		.ascii	"\000"
 367              		.text
 368              		.section	.gnu.lto_.opts,"",%progbits
 369 0000 272D666E 		.ascii	"'-fno-trapv' '-mcpu=cortex-m3' '-mno-thumb-interwor"
ARM GAS  C:\Users\ajink\AppData\Local\Temp\cc0Z0X2j.s 			page 29


 369      6F2D7472 
 369      61707627 
 369      20272D6D 
 369      6370753D 
 370 0033 6B272027 		.ascii	"k' '-mthumb' '-ggdb' '-O2' '-fomit-frame-pointer' '"
 370      2D6D7468 
 370      756D6227 
 370      20272D67 
 370      67646227 
 371 0066 2D66616C 		.ascii	"-falign-functions=16' '-ffunction-sections' '-fdata"
 371      69676E2D 
 371      66756E63 
 371      74696F6E 
 371      733D3136 
 372 0099 2D736563 		.ascii	"-sections' '-fno-common' '-flto'\000"
 372      74696F6E 
 372      73272027 
 372      2D666E6F 
 372      2D636F6D 
 373              		.text
 374              		.comm	__gnu_lto_v1,1,1
 375              		.comm	__gnu_lto_slim,1,1
 376              		.ident	"GCC: (GNU Tools for ARM Embedded Processors) 4.9.3 20150529 (release) [ARM/embedded-4_9-br
ARM GAS  C:\Users\ajink\AppData\Local\Temp\cc0Z0X2j.s 			page 30


DEFINED SYMBOLS
                            *ABS*:00000000 pal_lld.c
                            *COM*:00000001 __gnu_lto_v1
                            *COM*:00000001 __gnu_lto_slim

NO UNDEFINED SYMBOLS
