ARM GAS  C:\Users\ajink\AppData\Local\Temp\ccuiWj7E.s 			page 1


   1              		.syntax unified
   2              		.cpu cortex-m3
   3              		.fpu softvfp
   4              		.eabi_attribute 20, 1
   5              		.eabi_attribute 21, 1
   6              		.eabi_attribute 23, 3
   7              		.eabi_attribute 24, 1
   8              		.eabi_attribute 25, 1
   9              		.eabi_attribute 26, 1
  10              		.eabi_attribute 30, 2
  11              		.eabi_attribute 34, 1
  12              		.eabi_attribute 18, 4
  13              		.thumb
  14              		.file	"ring_buff.c"
  15              		.text
  16              	.Ltext0:
  17              		.section	.gnu.lto_.profile.a9f6a87d,"",%progbits
  18 0000 789C6366 		.ascii	"x\234cf```a\200\000F\006)\021\000\000\274\0007"
  18      60606061 
  18      80004606 
  18      29110000 
  18      BC0037
  19              		.text
  20              		.section	.gnu.lto_.jmpfuncs.a9f6a87d,"",%progbits
  21 0000 789C6366 		.ascii	"x\234cf\300\016\204\2414+\003##c=\023\003\0033\003\003"
  21      C00E84A1 
  21      342B0323 
  21      23633D13 
  21      03033303 
  22 0015 0B88CBC0 		.ascii	"\013\210\313\300\000\000\012\266\000\254"
  22      00000AB6 
  22      00AC
  23              		.text
  24              		.section	.gnu.lto_.inline.a9f6a87d,"",%progbits
  25 0000 789C6366 		.ascii	"x\234cf\300\016\342\2414+\003\0037\027#\003\223\300"
  25      C00EE2A1 
  25      342B0303 
  25      37172303 
  25      93C0
  26 0012 833206B6 		.ascii	"\2032\006\266\005\362L 1&\006f&\240\020\220\005\023"
  26      05F24C20 
  26      31260666 
  26      26A01090 
  26      0513
  27 0024 61C61061 		.ascii	"a\306\020aa\340`\003\212p\034\260c\340\230\003\021b"
  27      61E06003 
  27      8A701CB0 
  27      63E09803 
  27      1162
  28 0036 65606501 		.ascii	"e`e\001\012\261,\220\207\253b\000\000\214\036\007\313"
  28      0AB12C90 
  28      87AB6200 
  28      008C1E07 
  28      CB
  29              		.text
  30              		.section	.gnu.lto_.pureconst.a9f6a87d,"",%progbits
  31 0000 789C6366 		.ascii	"x\234cf``\340f\200\000V\006\011&\006f\006\026\026V\011"
ARM GAS  C:\Users\ajink\AppData\Local\Temp\ccuiWj7E.s 			page 2


  31      6060E066 
  31      80005606 
  31      09260666 
  31      06161656 
  32 0015 00029C00 		.ascii	"\000\002\234\000V"
  32      56
  33              		.text
  34              		.section	.gnu.lto_store_in_buffer.a9f6a87d,"",%progbits
  35 0000 789C9552 		.ascii	"x\234\225R\317KTQ\024\276\337\275w\336\014\215hD\220"
  35      CF4B5451 
  35      14BEDFBD 
  35      77DE0C8D 
  35      684490
  36 0013 0D440B11 		.ascii	"\015D\013\021\221\232\\\264\037\372\007\372\017\202"
  36      919A5CB4 
  36      1FFA07FA 
  36      0F82
  37 0021 B01F461B 		.ascii	"\260\037F\033\027a\320F\346\216\016\346b\234\304E\024"
  37      1761D046 
  37      E68E0EE6 
  37      629CC445 
  37      14
  38 0032 6565124D 		.ascii	"ee\022M\216\2169\326\364\223z\255\314\215!\375\220\206"
  38      8E8E39D6 
  38      F4937AAD 
  38      CC8D21FD 
  38      9086
  39 0044 32855146 		.ascii	"2\205QF\3324\006\331\020\316t\316}B\221\011u\341\275"
  39      DA3406D9 
  39      10CE74CE 
  39      7D429109 
  39      75E1BD
  40 0057 7BDF39DF 		.ascii	"{\3379\337w\276\357\234\373\224\330\274\016\322sX\011"
  40      77BEEF9C 
  40      FB94D8BC 
  40      0ED27358 
  40      09
  41 0068 514F3B7C 		.ascii	"QO;|\002\262\177F\210X@J5\035\021f\233\236\252\023\246"
  41      02B27F46 
  41      8858404A 
  41      351D1166 
  41      9B9EAA13 
  42 007d 46417B61 		.ascii	"FA{a\015\360A@D\245\322\210bE\226$\372\335\364\245`"
  42      0DF04140 
  42      44A5D288 
  42      62459624 
  42      FADDF4A5 
  43 0092 D32D63CC 		.ascii	"\323-c\314\227\325\204\361\325\227\245\020_\245W\037"
  43      97D584F1 
  43      D597A510 
  43      5FA5571F 
  44 00a2 B7D14490 		.ascii	"\267\321D\220\241\271d\312\257\352 \350\374\361\345"
  44      A1B964CA 
  44      AFEA20E8 
  44      FCF1E5
  45 00b1 CC886A1C 		.ascii	"\314\210j\0346\246\313}\2261\207P\226@\012\212\030\330"
  45      36A6CB7D 
ARM GAS  C:\Users\ajink\AppData\Local\Temp\ccuiWj7E.s 			page 3


  45      96318750 
  45      96400A8A 
  45      18D8
  46 00c3 1F427348 		.ascii	"\037BsHP@\340\016\032\031\274<\234\271Y\253vZ\342b\276"
  46      5040E00E 
  46      1A19BC3C 
  46      9CB959AB 
  46      765AE262 
  47 00d8 D45BDB30 		.ascii	"\324[\3330D\304\205\313\271#n\354\206\251T\253\226>"
  47      44C485CB 
  47      B9236EEC 
  47      86A954AB 
  47      963E
  48 00ea F23BDD5B 		.ascii	"\362;\335[\204/\305\327\347\202N\234|mG\032\015\236"
  48      842FC5D7 
  48      E7824E9C 
  48      7C6D471A 
  48      0D9E
  49 00fc 278CC201 		.ascii	"'\214\302\001m\034\031\337\341\232ju2\361\"\022T\244"
  49      6D1C19DF 
  49      E19A6A75 
  49      32F12212 
  49      54A4
  50 010e 2A35BF68 		.ascii	"*5\277h\010\224r\370\350\247\227\012\300z\021\005bs"
  50      089472F8 
  50      E8A7970A 
  50      C07A1105 
  50      6273
  51 0120 F34B52F2 		.ascii	"\363KR\362\256\362\350\312\225\022\021\256\267&\025"
  51      AEF2E8CA 
  51      951211AE 
  51      B72615
  52 012f C95D7B9D 		.ascii	"\311]{\235\314\310\316\037\246\327\004\312R\257K\317"
  52      CCC8CE1F 
  52      A6D704CA 
  52      52AF4BCF 
  53 013f C4A7C2AB 		.ascii	"\304\247\302\253\331@QR\304~\246b\361\253\030\304\225"
  53      D9405152 
  53      C47EA662 
  53      F1AB18C4 
  53      95
  54 0150 9861940F 		.ascii	"\230a\224\017c\350D\006!\233\253\214^\310:\341}\334"
  54      63E84406 
  54      219BAB8C 
  54      5EC83AE1 
  54      7DDC
  55 0162 D0386156 		.ascii	"\3208aV\355\010q\027a\221G\367@\317\033\351iiOnj\260"
  55      ED087117 
  55      619147F7 
  55      40CF1BE9 
  55      69694F6E 
  56 0178 98D55C98 		.ascii	"\230\325\\\230\2475A%\010\364\275\347\003<\220\217p"
  56      A7354125 
  56      08F4BDE7 
  56      033C908F 
  56      70
  57 0189 04BABE52 		.ascii	"\004\272\276R)Z\020\242\002Y\002\275\203\255\302-\022"
ARM GAS  C:\Users\ajink\AppData\Local\Temp\ccuiWj7E.s 			page 4


  57      295A10A2 
  57      025902BD 
  57      83ADC22D 
  57      12
  58 019a 48701313 		.ascii	"Hp\023\023}\315\036\307\331\262\211?]O\376\335\365="
  58      7DCD1EC7 
  58      D9B2893F 
  58      5D4FFEDD 
  58      F53D
  59 01ac EB1AECFA 		.ascii	"\353\032\354\372>\271~\213\370\373\356\320FmV\343\265"
  59      3EB97E8B 
  59      F8FBEED0 
  59      466D56E3 
  59      B5
  60 01bd 2495988E 		.ascii	"$\225\230\216\360\364\346\317/\317*/\353\247\226\330"
  60      F0F4E6CF 
  60      2FCF2A2F 
  60      EBA796D8 
  61 01cd CBC5C55D 		.ascii	"\313\305\305]\034\370g\037\271M>\322t\333\356\356\262"
  61      1CF8671F 
  61      B94D3ED2 
  61      74DBEEEE 
  61      B2
  62 01de 74F0C09A 		.ascii	"t\360\300\232\331 \226?\177K\004[\3068\271\207\235>"
  62      D920963F 
  62      7F4B045B 
  62      C638B987 
  62      9D3E
  63 01f0 449854ED 		.ascii	"D\230T\355|\037\241eM\006X}\240\224\334\373_\362\217"
  63      7C1FA165 
  63      4D06587D 
  63      A094DCFB 
  63      5FF28F
  64 0203 B794079E 		.ascii	"\267\224\007\236\374\272\301\247,\346\263\275k\373\353"
  64      FCBAC1A7 
  64      2CE6B3BD 
  64      6BFBEB
  65 0212 CC23E63E 		.ascii	"\314#\346>\327,\305\371\002M\214\242\204\2559s\272\375"
  65      D72CC5F9 
  65      024D8CA2 
  65      84AD3973 
  65      BAFD
  66 0224 D4D16367 		.ascii	"\324\321cg\333\332\016\034\027\372DkG\253n?y\256\343"
  66      DBDA0E1C 
  66      17FA446B 
  66      47AB6E3F 
  66      79AEE3
  67 0237 27D9EF28 		.ascii	"'\331\357(\007"
  67      07
  68              		.text
  69              		.section	.gnu.lto_readCharFromBuffer.a9f6a87d,"",%progbits
  70 0000 789C6366 		.ascii	"x\234cf\300\004R@\274\022\210\371\200\230\221\231\201"
  70      C0045240 
  70      BC1288F9 
  70      80989199 
  70      81
  71 0011 9169C239 		.ascii	"\221i\3029\006\206F\016&FF\020\203\201\221\241\236\211"
ARM GAS  C:\Users\ajink\AppData\Local\Temp\ccuiWj7E.s 			page 5


  71      0686460E 
  71      26464610 
  71      838191A1 
  71      9E89
  72 0023 B19EF125 		.ascii	"\261\236\361%\323G&\306\323\217~|\346y\301\364\223\211"
  72      D34726C6 
  72      D38F7E7C 
  72      E679C1F4 
  72      9389
  73 0035 418001C8 		.ascii	"A\200\001\310\235u\375\351\027f\020\227\221\011\304"
  73      9D75FDE9 
  73      17661097 
  73      9109C4
  74 0044 DDFDF9DC 		.ascii	"\335\375\371\334#6\365\245\015\015M\037\026\035m\343"
  74      2336F5A5 
  74      0D0D4D1F 
  74      161D6DE3 
  75 0054 69D5F8C9 		.ascii	"i\325\370\311\304\304\360\231\211\201q9\243\024\343"
  75      C4C4F099 
  75      89817139 
  75      A314E3
  76 0063 0A46903D 		.ascii	"\012F\220=\214+\031\325AJ?\266\374\275\316\315\326\322"
  76      8C2B19D5 
  76      414A3FB6 
  76      FCBDCECD 
  76      D6D2
  77 0075 D0D02000 		.ascii	"\320\320 \000R\001\224X\305\310\306\010\244\327\013"
  77      52019458 
  77      C5C8C608 
  77      A4D70B
  78 0084 1D68F8FF 		.ascii	"\035h\370\377\377\363\324\2035@\321'@\014r\303S\240"
  78      FFF3D483 
  78      3540D127 
  78      400C72C3 
  78      53A0
  79 0096 39409AF9 		.ascii	"9@\232\371\036c#\330\336\333\217\316\316d\002\331\313"
  79      1E6323D8 
  79      DEDB8FCE 
  79      CE6402D9 
  79      CB
  80 00a7 D400347D 		.ascii	"\324\0004}5\330\344'L\214 5@\035<E\231y\351\361I\245"
  80      35D8E427 
  80      4C8C2035 
  80      401D3C45 
  80      9979E9F1 
  81 00bd 69697AC9 		.ascii	"iiz\311\014\000\252\207C\375"
  81      0C00AA87 
  81      43FD
  82              		.text
  83              		.section	.gnu.lto_getDataPtrOfBuffer.a9f6a87d,"",%progbits
  84 0000 789C654E 		.ascii	"x\234eN\277\013\301q\020\275w_}#\222\214&\233\315\337"
  84      BF0BC171 
  84      10BD775F 
  84      7D23928C 
  84      269BCDDF 
  85 0014 E1BF5014 		.ascii	"\341\277P\024Y\014\312\374\375\020\273L\354\344W\261"
  85      590CCAFC 
ARM GAS  C:\Users\ajink\AppData\Local\Temp\ccuiWj7E.s 			page 6


  85      FD10BB4C 
  85      ECE457B1 
  86 0024 589858C4 		.ascii	"X\230X\304\300\350;(\203(6\337X\014\342\316\352\352"
  86      C0E83B28 
  86      832836DF 
  86      580CE2CE 
  86      EAEA
  87 0036 75F7EEDE 		.ascii	"u\367\356\336\275;\213\376#&\030\012\302\002X\004n\354"
  87      BD3B8BFE 
  87      2326180A 
  87      C2025804 
  87      6EEC
  88 0048 882A7E06 		.ascii	"\210*~\006\264 \220\303ppc\2171\033?\267\301+\277\230"
  88      B42090C3 
  88      7070638F 
  88      311B3FB7 
  88      C12BBF98 
  89 005c E22474DE 		.ascii	"\342$t\336\\\267l\245\360)u\367-7\220\350\032S\275W"
  89      5CB76CA5 
  89      F02975F7 
  89      2D3790E8 
  89      1A53BD57 
  90 0070 37AB503D 		.ascii	"7\253P=\365b\246\007\023z\210\241\017\275\203\001\022"
  90      F562A607 
  90      137A88A1 
  90      0FBD8301 
  90      12
  91 0081 2AF56A6F 		.ascii	"*\365jo7h\327\2141\021U\310`\010\033\222'\321\205\371"
  91      3768D78C 
  91      311155C8 
  91      60081B92 
  91      27D185F9 
  92 0095 7C1E9DE5 		.ascii	"|\036\235\345\024\322>\013\364\211\213\030I\266\216"
  92      14D23E0B 
  92      F4898B18 
  92      49B68E
  93 00a4 A84474FD 		.ascii	"\250Dt\375p\332\266Y\017\263\021\373\321\317\372\314"
  93      70DAB659 
  93      0FB311FB 
  93      D1CFFACC 
  94 00b4 508D6C84 		.ascii	"P\215l\204J\205b>\235)\347r\311,}\001K\001CQ"
  94      4A85623E 
  94      9D29E772 
  94      C92C7D01 
  94      4B014351 
  95              		.text
  96              		.section	.gnu.lto_IsBuff_empty.a9f6a87d,"",%progbits
  97 0000 789C7591 		.ascii	"x\234u\221\317KBA\020\307gf\237\362H\251\010\202x`W"
  97      CF4B4241 
  97      10C76766 
  97      9FF248A9 
  97      08827860 
  98 0015 8932A47F 		.ascii	"\2112\244\177((2\272t\010:\212\373\364\005\235\372q"
  98      282832BA 
  98      74083A8A 
  98      FBF4059D 
  98      FA71
ARM GAS  C:\Users\ajink\AppData\Local\Temp\ccuiWj7E.s 			page 7


  99 0027 EDD7ADB2 		.ascii	"\355\327\255\2624\255\210\240\233]<H\024\"\222u(\012"
  99      34AD88A0 
  99      9B5D3C48 
  99      14229275 
  99      280A
 100 0039 85BA651E 		.ascii	"\205\272e\036BBm\346\345\251\037\013\273\303\316|\367"
 100      42426DE6 
 100      E5A91F0B 
 100      BBC3CE7C 
 100      F7
 101 004a F3DDD955 		.ascii	"\363\335\331U\360{L\360\\G\200^\216\350\001\244\265"
 101      F07B4CF0 
 101      5C47805E 
 101      8EE801A4 
 101      B5
 102 005b 6B00DB24 		.ascii	"k\000\333$R\371\000\350\036\243\020\006\355W\210\222"
 102      52F900E8 
 102      1EA31006 
 102      ED578892 
 103 006b 06A31B11 		.ascii	"\006\243\033\021b\244\014\214\341+\325\011\257.\332"
 103      62A40C8C 
 103      E12BD509 
 103      AF2EDA
 104 007a 250CEE6A 		.ascii	"%\014\356j\035\177{N\345}KCM\002h\020\340\230\205#\226"
 104      1D7F7B4E 
 104      E57D4B43 
 104      4D026810 
 104      E0988523 
 105 008f C8F73108 		.ascii	"\310\3671\010,\254;\255[\237\327\321Z\367K\235\013I"
 105      2CAC3BAD 
 105      5B9FD7D1 
 105      5AF74B9D 
 105      0B49
 106 00a1 F4B23764 		.ascii	"\364\2627d\007r\272\323id/+h\0204\011\225,\000U\026"
 106      0772BAD3 
 106      69642F2B 
 106      68103409 
 106      952C0055 
 107 00b6 89618D48 		.ascii	"\211a\215H\242\272\307\370\371\311\231%\307>H\254wJ"
 107      A2BAC7F8 
 107      F9C99925 
 107      C73E48AC 
 107      774A
 108 00c8 2B198A7E 		.ascii	"+\031\212~\352em6\211Z\302\344\354c\365\246h\276\020"
 108      EA656D36 
 108      895AC2E4 
 108      EC63F5A6 
 108      68BE10
 109 00db 67DC6DD2 		.ascii	"g\334m\322v\266p\0337m-*\205\007\030\305C\264\334Z;"
 109      76B6701B 
 109      376D2D2A 
 109      850718C5 
 109      43B4DC5A 
 110 00f0 BD7AEA0D 		.ascii	"\275z\352\015\215\362\2151\305\232w!\000\2461\004\342"
 110      8DF28D31 
 110      C59A7721 
 110      00A63104 
ARM GAS  C:\Users\ajink\AppData\Local\Temp\ccuiWj7E.s 			page 8


 110      E2
 111 0101 F534F86D 		.ascii	"\3654\370m\245\376\265\372\311>\372\233\235q\331\322"
 111      A5FEB5FA 
 111      C93EFA9B 
 111      9D71D9D2 
 112 0111 2A66995D 		.ascii	"*f\231]F\247\222\030\356\266\301x\367'j\034\363\001"
 112      46A79218 
 112      EEB6C178 
 112      F7276A1C 
 112      F301
 113 0123 F58076AE 		.ascii	"\365\200v\256<#5F\0247\366\022}\322\011?9\036\013\227"
 113      3C233546 
 113      1437F612 
 113      7DD2093F 
 113      391E0B97 
 114 0137 650614C2 		.ascii	"e\006\024\302\256\354\316#29[e6?\020_\312\27707?;9\265"
 114      AEECCE23 
 114      32395B65 
 114      363F105F 
 114      CABF3037 
 115 014f 18898C4F 		.ascii	"\030\211\214O\303\027^\321\217\367"
 115      C3175ED1 
 115      8FF7
 116              		.text
 117              		.section	.gnu.lto_makeUartBufferEmpty.a9f6a87d,"",%progbits
 118 0000 789C7D8F 		.ascii	"x\234}\217?K\003A\020\305\347\315\232\343 *b\231\306"
 118      3F4B0341 
 118      10C5E7CD 
 118      9AE3202A 
 118      6299C6
 119 0013 32D5F959 		.ascii	"2\325\371Y\354-\004\205\210\215\205`\031\262+WXi\260"
 119      EC2D0485 
 119      888D8560 
 119      19B22B57 
 119      5869B0
 120 0026 12FCD389 		.ascii	"\022\374\323\211\321\213I\260\261\2618?\200\021\261"
 120      D18B49B0 
 120      B1B1383F 
 120      8011B1
 121 0035 08A45094 		.ascii	"\010\244P\224\023\264Kr\325!1\316n\032Qqa\331\335\231"
 121      13B44B72 
 121      D52131CE 
 121      6E1A5171 
 121      61D9DD99 
 122 0049 B7EFF746 		.ascii	"\267\357\367F\321\357U\220\275\010\242i9\241\010\\m"
 122      D1EF5590 
 122      BD08A269 
 122      39A1085C 
 122      6D
 123 005a 13199F01 		.ascii	"\023\031\237\001{!P\205Q\301;\367\031\3258\332\317\027"
 123      7B215085 
 123      51C13BF7 
 123      19D538DA 
 123      CF17
 124 006c 4FB4D6BD 		.ascii	"O\264\326\275\227[\263\020#c\242\224\307>8E\221D\324"
 124      975BB310 
 124      2363A294 
ARM GAS  C:\Users\ajink\AppData\Local\Temp\ccuiWj7E.s 			page 9


 124      C73E3845 
 124      9144D4
 125 007f 0F879DBC 		.ascii	"\017\207\235\274\027\212hf\334C\015\236\370Ss6\326\243"
 125      178A6866 
 125      DC430D9E 
 125      F8537336 
 125      D6A3
 126 0091 517A7533 		.ascii	"Qzu3\300\004Q\"-\013xe\266\247\352b\253\327\272\016"
 126      C0045122 
 126      2D0B7865 
 126      B6A7EA62 
 126      ABD7BA0E 
 127 00a5 AC584C8E 		.ascii	"\254XL\216\037v\032\\\376\320\333\332\317\030Ck#\325"
 127      1F761A5C 
 127      FED0DBDA 
 127      CF18436B 
 127      23D5
 128 00b7 A7E4EEDE 		.ascii	"\247\344\356\336\177c\251\270g\315\204\2078\302\201"
 128      7F63A9B8 
 128      67CD8487 
 128      38C281
 129 00c6 D156C538 		.ascii	"\321V\3058C\031\347(\270\336g}\367\322\013\"I\021\317"
 129      4319E728 
 129      B8DE677D 
 129      F7D20B22 
 129      4911CF
 130 00d9 65AC1089 		.ascii	"e\254\020\211p\340\222\242\216\340\273\227\222\322\205"
 130      70E092A2 
 130      8EE0BB97 
 130      92D285
 131 00e8 FC92007B 		.ascii	"\374\222\000{\317S\377\362\177\002\033\177\003s\026"
 131      CF53FFF2 
 131      7F021B7F 
 131      037316
 132 00f7 D874403B 		.ascii	"\330t@;7Z\010\034\341\021&Ns\226`s$\322\224\301\305"
 132      375A081C 
 132      E111264E 
 132      73966073 
 132      24D294C1 
 133 010c 7A72636D 		.ascii	"zrcm}uiy\263T\232_\241/\326\374\200\251"
 133      7D756979 
 133      B3549A5F 
 133      A12FD6FC 
 133      80A9
 134              		.text
 135              		.section	.gnu.lto_.symbol_nodes.a9f6a87d,"",%progbits
 136 0000 789C55C8 		.ascii	"x\234U\310A\015\000 \020\304\300\262\007\011\026Q\263"
 136      410D0020 
 136      10C4C0B2 
 136      07091651 
 136      B3
 137 0011 16504050 		.ascii	"\026P@P\204&><\270\376\246\001\014^*\206y\300f\355N"
 137      84263E3C 
 137      B8FEA601 
 137      0C5E2A86 
 137      79C066ED 
 138 0026 832D87E4 		.ascii	"\203-\207\344\362o\205\225\\\035\311\315\3657\027\336"
ARM GAS  C:\Users\ajink\AppData\Local\Temp\ccuiWj7E.s 			page 10


 138      F26F8595 
 138      5C1DC9CD 
 138      F53717DE 
 139 0036 41164E   		.ascii	"A\026N"
 140              		.text
 141              		.section	.gnu.lto_.refs.a9f6a87d,"",%progbits
 142 0000 789C25C7 		.ascii	"x\234%\307\301\015\000 \014\304\260\344(\022L\301\376"
 142      C10D0020 
 142      0CC4B0E4 
 142      28124CC1 
 142      FE
 143 0011 5B52817F 		.ascii	"[R\201\177\036\300\341+P\234\272t\247\336\222~\013\027"
 143      1EC0E12B 
 143      509CBA74 
 143      A7DE927E 
 143      0B17
 144 0023 093A005D 		.ascii	"\011:\000]"
 145              		.text
 146              		.section	.gnu.lto_.decls.a9f6a87d,"",%progbits
 147 0000 789CAD55 		.ascii	"x\234\255U[P\023W\030\336?g\201\260F\2640E\207\247\014"
 147      5B501357 
 147      18DE3F67 
 147      81B046B4 
 147      304587A7 
 148 0015 CE30AD83 		.ascii	"\3160\255\203N\265\255\323\366\245N\355e\332\207\226"
 148      4EB5ADD3 
 148      F6A54EED 
 148      65DA8796 
 149 0025 3EF86466 		.ascii	">\370df2!Y$S\010\232l\036|i\017`\025\251\002\246R/u"
 149      32215924 
 149      53089A6C 
 149      1E7C690F 
 149      6015A902 
 150 003d 6CD4DA7A 		.ascii	"l\324\332zA\244\\TD\005\021\020\014^\360\202\"\032C"
 150      41A45C54 
 150      44051110 
 150      0C5EF082 
 150      221A43
 151 0050 18AD33B6 		.ascii	"\030\2553\266J\325\251\202\214\351\177\316n\310\306"
 151      4AD5A982 
 151      8CE97FCE 
 151      6EC8C6
 152 005f 019FBA33 		.ascii	"\001\237\2723?\331s\316\377\177\337w\276\363\357\201"
 152      3FD973CE 
 152      FF7FDF77 
 152      BEF3EF81 
 153 006f 08825000 		.ascii	"\010\202P\000\202\020\301\307\223$\010\337\342{\"\316"
 153      8210C1C7 
 153      932408DF 
 153      E27B22CE 
 154 007f E508B127 		.ascii	"\345\010\261'\001\243\011\243\035\243\013\243\007\243"
 154      01A309A3 
 154      1DA30BA3 
 154      07A3
 155 008d 17035385 		.ascii	"\027\003S\205\260\020\377\260\274$\255\276\016#\035"
 155      B010FFB0 
 155      BC24ADBE 
ARM GAS  C:\Users\ajink\AppData\Local\Temp\ccuiWj7E.s 			page 11


 155      0E231D
 156 009c E30B8C61 		.ascii	"\343\013\214a\214 F?\006\301\030\304\030\300\270\256"
 156      8C20463F 
 156      06C118C4 
 156      18C0B8AE 
 157 00ac E1344D81 		.ascii	"\3414M\201\327\256\345\247`\2300Z\265y\320\326^~\272"
 157      D7AEE5A7 
 157      6098305A 
 157      B579D0D6 
 157      5E7EBA
 158 00bf 5ECA3FAD 		.ascii	"^\312?\255\313\357\232$\237\355E\324i\215\3524\3504"
 158      CBEF9A24 
 158      9FED45D4 
 158      698DEA34 
 158      E834
 159 00d1 82963799 		.ascii	"\202\2267\231\276^\255>GW[\247\325\017h\030 L\355\327"
 159      BE5EAD3E 
 159      47575BA7 
 159      D50F6818 
 159      204CEDD7 
 160 00e5 3F0668AE 		.ascii	"?\006h\256}rn\332=\003\244Hf6<\346\353\336\222\210C"
 160      7D726EDA 
 160      3D03A448 
 160      66363CE6 
 160      EBDE9288 
 161 00fa 9324B2E1 		.ascii	"\223$\262\341\346\276\353GDb\000\366\276{\313\320\025"
 161      E6BEEB47 
 161      446200F6 
 161      BE7BCBD0 
 161      15
 162 010b 297B3FA5 		.ascii	"){?\245\264\214\266]\204\030D\371\340\276\336$\362\032"
 162      B48CB65D 
 162      841844F9 
 162      E0BEDE24 
 162      F21A
 163 011d 4F2AFEAD 		.ascii	"O*\376\255e}\022\326\247K|\251\"\260\355\024\341\303"
 163      657D12D6 
 163      A74B7CA9 
 163      22B0ED14 
 163      E1C3
 164 012f 085B36F8 		.ascii	"\010[6\370\206\237\354\001\220\262\312(-\241#>Jf\013"
 164      869FEC01 
 164      90B2CA28 
 164      2DA1233E 
 164      4A660B
 165 0142 909D016F 		.ascii	"\220\235\001of\010p\010\2620\015\366C\266\0005\220\001"
 165      66087008 
 165      B2300DF6 
 165      43B60035 
 165      9001
 166 0154 072143F8 		.ascii	"\007!C\370\025\311FZ\306B@\251\010\265 \301\001 <\003"
 166      15C9465A 
 166      C64240A9 
 166      08B520C1 
 166      01203C03 
 167 0168 B7C31854 		.ascii	"\267\303\030T\001\206\320\265=_O\016\372\307T\240\345"
 167      0186D0B5 
ARM GAS  C:\Users\ajink\AppData\Local\Temp\ccuiWj7E.s 			page 12


 167      3D5F4F0E 
 167      FAC754A0 
 167      E5
 168 0179 DF075E67 		.ascii	"\337\007^g\240u\010\272/\006\212\034\023\333\332\361"
 168      A07508BA 
 168      2F068A1C 
 168      13DBDAF1 
 169 0189 685B8551 		.ascii	"h[\205QD+y\3222\356Gp\347\275QiV5\"\320\252R:S\204\234"
 169      442B79D2 
 169      32EE4770 
 169      E7BD5169 
 169      563522D0 
 170 01a3 74F81D71 		.ascii	"t\370\035q\367\"\256\000\0150\013\377\326\203\250\002"
 170      F722AE00 
 170      0D300BFF 
 170      D683A802 
 171 01b3 5C0A0E57 		.ascii	"\\\012\016W\246\220 pc6U\336}*\231wP\177\335H\360\317"
 171      A6902070 
 171      633655DE 
 171      7D2A9977 
 171      507FDD48 
 172 01c9 0113EDA6 		.ascii	"\001\023\355\246m\221\310\207\274\006\032'\004\010\354"
 172      6D91C887 
 172      BC061A27 
 172      0408EC
 173 01d8 5D6D9926 		.ascii	"]m\231&0cY \374\354\261\211\037\317L\206\262\355\332"
 173      30635920 
 173      FCECB189 
 173      1FCF4C86 
 173      B2EDDA
 174 01eb 9D27841F 		.ascii	"\235'\204\037\217\201\015\253\317\376\\\231@\236\253"
 174      8F810DAB 
 174      CFFE5C99 
 174      409EAB
 175 01fa 0C5543BE 		.ascii	"\014UC\276\313\"Ym\210;\007\263z\016\233\357?k4\362"
 175      CB22596D 
 175      883B07B3 
 175      7A0E9BEF 
 175      3F6B34F2 
 176 020e 61244298 		.ascii	"a$B\230e\273n]\034J\206,Iu\370\360\035\356\360\011\334"
 176      65BB6E5D 
 176      1C4A862C 
 176      4975F8F0 
 176      1DEEF009 
 177 0223 6773CC0C 		.ascii	"gs\314\014\263\346\005\367\225\226\322\204\275)\002"
 177      B3E605F7 
 177      9596D284 
 177      BD2902
 178 0232 1CC6DD1E 		.ascii	"\034\306\335\036\301\335\302q\264\326\254Y{\014'[p\022"
 178      C1DDC271 
 178      B4D6AC59 
 178      7B0C275B 
 178      7012
 179 0244 811BC20F 		.ascii	"\201\033\302\017~\220\242\300\345\235\025\351\014\270"
 179      7E90A2C0 
 179      E59D15E9 
 179      0CB8
ARM GAS  C:\Users\ajink\AppData\Local\Temp\ccuiWj7E.s 			page 13


 180 0252 15818FC6 		.ascii	"\025\201\217\306\200O\300+\221ON\212\014\203\355\207"
 180      804FC02B 
 180      914F4E8A 
 180      0C83ED87 
 181 0262 DA93F5DE 		.ascii	"\332\223\365\3363\324\230\371m\334\374e\232\367\015"
 181      33D498F9 
 181      6DDCFC65 
 181      9AF70D
 182 0271 FF3EAA11 		.ascii	"\377>\252\021I\245j\306\335\247\033\253\215\350}\035"
 182      49A56AC6 
 182      DDA71BAB 
 182      8DE87D1D 
 183 0281 7A7FA67C 		.ascii	"z\177\246|\372V\352/\241/\"\330\221\254\010N\351\334"
 183      FA56EA2F 
 183      A12F22D8 
 183      91AC084E 
 183      E9DC
 184 0293 3F1575BF 		.ascii	"?\025u\277\235\273?xs\375&0\2253\225H\231\334\235\302"
 184      9DBB3F78 
 184      73FD2630 
 184      95339548 
 184      99DC9DC2 
 185 02a7 5B21C679 		.ascii	"[!\306y\032LZ\263\364m\350\270\012zq\270\244K\354\210"
 185      1A4C5AB3 
 185      F46DE8B8 
 185      0A7A71B8 
 185      A44BEC88 
 186 02bb 1377FF44 		.ascii	"\023w\377Dg\305t\262K\025W\275\276\271\336\300\305\371"
 186      67C574B2 
 186      4B1557BD 
 186      BEB9DEC0 
 186      C5F9
 187 02cd BBEBE9E2 		.ascii	"\273\353\351\342\325t\034\217\210\025@\247NXgTX\027"
 187      D5741C8F 
 187      881540A7 
 187      4E586754 
 187      5817
 188 02df 175672E3 		.ascii	"\027Vr\343\352\350t=]\274\2563qt\265c\2412 M*]\303\370"
 188      EAE8743D 
 188      5DBCAE33 
 188      7174B563 
 188      A132204D 
 189 02f7 E3750948 		.ascii	"\343u\011H\027:\032\012\326;\3328]i\031\005^\004\335"
 189      173A1A0A 
 189      D63BDA38 
 189      5D691905 
 189      5E04DD
 190 030a 3ACAEE28 		.ascii	":\312\356(e\017\247ly\036\276\"N\331\372g\343\030\373"
 190      650FA76C 
 190      791EBE22 
 190      4ED9FA67 
 190      E318FB
 191 031d 7B766E11 		.ascii	"{vn\021I\273\312\370\367\303{/\022y\347\207\036\324"
 191      49BBCAF8 
 191      F7C37B2F 
 191      1279E787 
 191      1ED4
ARM GAS  C:\Users\ajink\AppData\Local\Temp\ccuiWj7E.s 			page 14


 192 032f 24AA7DCF 		.ascii	"$\252}\317\362!\240#\013D\311z9\331\256=\353\266\212"
 192      F221A023 
 192      0B44C97A 
 192      39D9AE3D 
 192      EBB68A
 193 0342 BCEDAB8C 		.ascii	"\274\355\253\214\014ct\373`\205z-\225p\314\201\216\360"
 193      0C6374FB 
 193      60857A2D 
 193      9570CC81 
 193      8EF0
 194 0354 C369A45F 		.ascii	"\303i\244_%X}\362\307\233\"\031R\007\277\034\255;B\310"
 194      25587DF2 
 194      C79B2219 
 194      5207BF1C 
 194      AD3B42C8 
 195 0368 5D751008 		.ascii	"]u\020\010\324\314\346(\224\243T\037\337\356K\346(\224"
 195      D4CCE628 
 195      94A3541F 
 195      DFEE4BE6 
 195      2894
 196 037a 2F5F7E71 		.ascii	"/_~q\3764\360\361wl8\336\320z\311$\225i;d\247m\322\233"
 196      FE34F0F1 
 196      776C38DE 
 196      D07AC924 
 196      95693B64 
 197 0392 7A95752D 		.ascii	"z\225u-\274\221\001W\324~\\\373\323\206\277\014\251"
 197      BC910157 
 197      D47E5CFB 
 197      D386BF0C 
 197      A9
 198 03a3 553C9D52 		.ascii	"U<\235R3\3603\270\204\351\227yz?\244F\213X\266\257\241"
 198      33F033B8 
 198      84E99779 
 198      7A3FA446 
 198      8B58B6AF 
 199 03b8 B93381DC 		.ascii	"\2713\201\334\347\272\022ZG\233:\222!33-3\313\317\276"
 199      E7BA125A 
 199      479B3A92 
 199      2133332D 
 199      33CBCFBE 
 200 03cc 93DB072E 		.ascii	"\223\333\007.\244\024\323P\033\260*\270\206\276\334"
 200      A414D350 
 200      1BB02AB8 
 200      86BEDC
 201 03db 80B4092C 		.ascii	"\200\264\011,\344\024\370\347\201H\230^\342?^K\027\027"
 201      E414F8E7 
 201      8148985E 
 201      E23F5E4B 
 201      1717
 202 03ed 13CED7A7 		.ascii	"\023\316\327\247\345j\367\035\317\314f\211\0335]\213"
 202      E56AF71D 
 202      CFCC6689 
 202      1B355D8B 
 203 03fd 570A700E 		.ascii	"W\012p\016\201\316sQ,\025-\207\233\370\211\015B&\014"
 203      81CE7351 
 203      2C152D87 
 203      9BF8890D 
ARM GAS  C:\Users\ajink\AppData\Local\Temp\ccuiWj7E.s 			page 15


 203      42260C
 204 0410 605C874C 		.ascii	"`\\\207Ln=\207n\211A_\234\004z.\203f\237v\250y\241\221"
 204      6E3D876E 
 204      89415F9C 
 204      047A2E83 
 204      669F76A8 
 205 0427 AD0AD113 		.ascii	"\255\012\321\023\234\270\214{{\306J\023!+\215g\235\024"
 205      9CB88C7B 
 205      7BC64A13 
 205      212B8D67 
 205      9D14
 206 0439 01828871 		.ascii	"\001\202\210q!\366\361\263\"\376L\246\020n\241\260W"
 206      21F6F1B3 
 206      22FE4CA6 
 206      106EA1B0 
 206      57
 207 044a 894427EF 		.ascii	"\211D'\3574\265\3543\221q\365\204\327\254\331\335oZ"
 207      34B5EC33 
 207      9171F584 
 207      D7ACD9DD 
 207      6F5A
 208 045c D448CBFC 		.ascii	"\324H\313\374F\356\335\334\014v\317\263\225\326\360"
 208      46EEDDDC 
 208      0C76CFB3 
 208      95D6F0
 209 046b DEB533F8 		.ascii	"\336\2653\370\312l.\201!\261\177\001\003\332/\"B\010"
 209      CA6C2E81 
 209      21B17F01 
 209      03DA2F22 
 209      4208
 210 047d 16B1541A 		.ascii	"\026\261T\032\034\353%sv\3226\377Hp\355A(f\367\003e"
 210      1CEB2573 
 210      76D236FF 
 210      4870ED41 
 210      2866F703 
 211 0492 5DCA0B6F 		.ascii	"]\312\013o\253\332u.\336f\315\012CX\014a\230\203\000"
 211      ABDA752E 
 211      DE66CD0A 
 211      43580C61 
 211      988300
 212 04a5 677D7D7E 		.ascii	"g}}~c\334=\301\012c\2553\254\336\023\3747\311\353t)"
 212      63DC3DC1 
 212      0A63AD33 
 212      ACDE13FC 
 212      37C9EB74 
 213 04ba EF5995C4 		.ascii	"\357Y\225\304\317\276\\j^\"$[\255\332D\236\375\003\213"
 213      CFBE5C6A 
 213      5E22245B 
 213      ADDA449E 
 213      FD038B
 214 04cd 3DDF99EB 		.ascii	"=\337\231\353\364(^\207\263\310\242\024\025\025x,\313"
 214      F4285E87 
 214      B3C8A214 
 214      1515782C 
 214      CB
 215 04de 5D5E337F 		.ascii	"]^3\1773\333\334\205f\2710Wv8d\207\345\235\371\357\233"
 215      33DBDC85 
ARM GAS  C:\Users\ajink\AppData\Local\Temp\ccuiWj7E.s 			page 16


 215      66B93057 
 215      76386487 
 215      E59DF9EF 
 216 04f3 17BEB5E0 		.ascii	"\027\276\265\340\335\225o[p~\236\253\310%\317\223m\271"
 216      DD956F5B 
 216      707E9EAB 
 216      C825CF93 
 216      6DB9
 217 0505 4E8BD365 		.ascii	"N\213\323e/\360:dK\241\015\261\\\262\305\352\220\363"
 217      2FF03A64 
 217      4BA10DB1 
 217      5CB2C5EA 
 217      90F3
 218 0517 6CDE02C5 		.ascii	"l\336\002\305\252\254Z!{\346\347\013\313\376W\032\317"
 218      AAAC5A21 
 218      7BE6E70B 
 218      CBFE571A 
 218      CF
 219 0528 2A8FC5EA 		.ascii	"*\217\305\352Q\034\270\005\304\236\341Q\212\334\262"
 219      511CB805 
 219      C49EE151 
 219      8ADCB2
 220 0537 D5E9B2E6 		.ascii	"\325\351\262\346z\363\362d\267\311\355t-\347\357\363"
 220      7AF3F264 
 220      B7C9ED74 
 220      2DE7EFF3 
 221 0547 ED8291ED 		.ascii	"\355\202\221\355s\301\"\253\"\251[f\257\251n\331\346"
 221      73C122AB 
 221      22A95B66 
 221      AFA96ED9 
 221      E6
 222 0558 58926F73 		.ascii	"X\222os\177\352.*\374\210\327\244.\227\225\217m\212"
 222      7FEA2E2A 
 222      FC88D7A4 
 222      2E97958F 
 222      6D8A
 223 056a 2D47717F 		.ascii	"-Gq\177\225\247N\231>\367\260\027\253\\\270BY\225Vh"
 223      95A74E99 
 223      3EF7B017 
 223      AB5CB842 
 223      59955668 
 224 057e FB465E6A 		.ascii	"\373F^js+\352\332'lN\262{\335vFcU\304|D\024\025\233"
 224      732BEADA 
 224      276C4EB2 
 224      7BDD7646 
 224      6355C47C 
 225 0596 B380386C 		.ascii	"\263\2008l\212N@\276`\260\347\376\007\257k\344\304"
 225      8A4E40BE 
 225      60B0E7FE 
 225      07AF6BE4 
 225      C4
 226              		.text
 227              		.section	.gnu.lto_.symtab.a9f6a87d,"",%progbits
 228 0000 73746F72 		.ascii	"store_in_buffer\000\000\000\000\000\000\000\000\000"
 228      655F696E 
 228      5F627566 
 228      66657200 
ARM GAS  C:\Users\ajink\AppData\Local\Temp\ccuiWj7E.s 			page 17


 228      00000000 
 229 0018 000000B5 		.ascii	"\000\000\000\265\000\000\000readCharFromBuffer\000\000"
 229      00000072 
 229      65616443 
 229      68617246 
 229      726F6D42 
 230 0033 00000000 		.ascii	"\000\000\000\000\000\000\000\000\000\000\302\000\000"
 230      00000000 
 230      0000C200 
 230      00
 231 0040 00676574 		.ascii	"\000getDataPtrOfBuffer\000\000\000\000\000\000\000\000"
 231      44617461 
 231      5074724F 
 231      66427566 
 231      66657200 
 232 005b 00000000 		.ascii	"\000\000\000\000\306\000\000\000IsBuff_empty\000\000"
 232      C6000000 
 232      49734275 
 232      66665F65 
 232      6D707479 
 233 0071 00000000 		.ascii	"\000\000\000\000\000\000\000\000\000\000\311\000\000"
 233      00000000 
 233      0000C900 
 233      00
 234 007e 006D616B 		.ascii	"\000makeUartBufferEmpty\000\000\000\000\000\000\000"
 234      65556172 
 234      74427566 
 234      66657245 
 234      6D707479 
 235 0099 00000000 		.ascii	"\000\000\000\000\000\314\000\000\000"
 235      00CC0000 
 235      00
 236              		.text
 237              		.section	.gnu.lto_.opts,"",%progbits
 238 0000 272D666E 		.ascii	"'-fno-trapv' '-mcpu=cortex-m3' '-mno-thumb-interwor"
 238      6F2D7472 
 238      61707627 
 238      20272D6D 
 238      6370753D 
 239 0033 6B272027 		.ascii	"k' '-mthumb' '-ggdb' '-O2' '-fomit-frame-pointer' '"
 239      2D6D7468 
 239      756D6227 
 239      20272D67 
 239      67646227 
 240 0066 2D66616C 		.ascii	"-falign-functions=16' '-ffunction-sections' '-fdata"
 240      69676E2D 
 240      66756E63 
 240      74696F6E 
 240      733D3136 
 241 0099 2D736563 		.ascii	"-sections' '-fno-common' '-flto'\000"
 241      74696F6E 
 241      73272027 
 241      2D666E6F 
 241      2D636F6D 
 242              		.text
 243              		.comm	__gnu_lto_v1,1,1
 244              		.comm	__gnu_lto_slim,1,1
ARM GAS  C:\Users\ajink\AppData\Local\Temp\ccuiWj7E.s 			page 18


 245              		.ident	"GCC: (GNU Tools for ARM Embedded Processors) 4.9.3 20150529 (release) [ARM/embedded-4_9-br
ARM GAS  C:\Users\ajink\AppData\Local\Temp\ccuiWj7E.s 			page 19


DEFINED SYMBOLS
                            *ABS*:00000000 ring_buff.c
                            *COM*:00000001 __gnu_lto_v1
                            *COM*:00000001 __gnu_lto_slim

NO UNDEFINED SYMBOLS
