ARM GAS  C:\Users\ajink\AppData\Local\Temp\ccQFSQFs.s 			page 1


   1              		.syntax unified
   2              		.cpu cortex-m3
   3              		.fpu softvfp
   4              		.eabi_attribute 20, 1
   5              		.eabi_attribute 21, 1
   6              		.eabi_attribute 23, 3
   7              		.eabi_attribute 24, 1
   8              		.eabi_attribute 25, 1
   9              		.eabi_attribute 26, 1
  10              		.eabi_attribute 30, 2
  11              		.eabi_attribute 34, 1
  12              		.eabi_attribute 18, 4
  13              		.thumb
  14              		.file	"st.c"
  15              		.text
  16              	.Ltext0:
  17              		.section	.gnu.lto_.profile.ac999ed7,"",%progbits
  18 0000 789C6366 		.ascii	"x\234cf```a\200\000F\006)\036\000\000\264\000/"
  18      60606061 
  18      80004606 
  18      291E0000 
  18      B4002F
  19              		.text
  20              		.section	.gnu.lto_.jmpfuncs.ac999ed7,"",%progbits
  21 0000 789C6366 		.ascii	"x\234cf\300\016\304\2404+\210`\004\202z&\006\006f\020"
  21      C00EC4A0 
  21      342B8860 
  21      04827A26 
  21      06066610 
  22 0014 CD021400 		.ascii	"\315\002\024\000\000\015^\001-"
  22      000D5E01 
  22      2D
  23              		.text
  24              		.section	.gnu.lto_.inline.ac999ed7,"",%progbits
  25 0000 789C6366 		.ascii	"x\234cf\300\016r\2414+\003\003\013\017#\003\023\220"
  25      C00E72A1 
  25      342B0303 
  25      0B0F2303 
  25      1390
  26 0012 C9B6401E 		.ascii	"\311\266@\036D10r\201\010\0066VFF \305\300\304\366A"
  26      44313072 
  26      81080636 
  26      56464620 
  26      C5C0C4F6 
  27 0027 0F2EC7C4 		.ascii	"\017.\307\304\300\302\014T\315t\201\037.\304\014\022"
  27      C0C20C54 
  27      CD74811F 
  27      2EC40C12 
  28 0037 82A84416 		.ascii	"\202\250D\026f\301T\311\000\000\270\007\010x"
  28      66C154C9 
  28      0000B807 
  28      0878
  29              		.text
  30              		.section	.gnu.lto_.pureconst.ac999ed7,"",%progbits
  31 0000 789C6366 		.ascii	"x\234cf``\340f\200\000V\006\011F)&)f)\026)\000\004\004"
  31      6060E066 
  31      80005606 
ARM GAS  C:\Users\ajink\AppData\Local\Temp\ccQFSQFs.s 			page 2


  31      09462926 
  31      29662916 
  32 0018 009E     		.ascii	"\000\236"
  33              		.text
  34              		.section	.gnu.lto_stInit.ac999ed7,"",%progbits
  35 0000 789C6366 		.ascii	"x\234cf\300\004R@\274\020\210\025\201\230\221\231\201"
  35      C0045240 
  35      BC108815 
  35      81989199 
  35      81
  36 0011 9169C239 		.ascii	"\221i\3029\006\206F\016&FF\020\203\201\221\241\236\211"
  36      0686460E 
  36      26464610 
  36      838191A1 
  36      9E89
  37 0023 B19EF125 		.ascii	"\261\236\361%\323G&\306\011\007V\317\340V_\332\320\320"
  37      D34726C6 
  37      090756CF 
  37      E0565FDA 
  37      D0D0
  38 0035 F0E1D0F9 		.ascii	"\360\341\320\371\306\200\003\214?\231\030\030>3A\314"
  38      C680038C 
  38      3F991818 
  38      3E3341CC 
  39 0045 615CCEA8 		.ascii	"a\\\316\250\316\000T\364\261\345\357un\266\026\240\""
  39      CE0054F4 
  39      B1E5EF75 
  39      6EB616A0 
  39      22
  40 0056 01881CE3 		.ascii	"\001\210\034\343\012F6F \275^\350@\303\377\377\217\247"
  40      0A463646 
  40      20BD5EE8 
  40      40C3FFFF 
  40      8FA7
  41 0068 FED16766 		.ascii	"\376\321gf`x\002\224\001\231\377\224\211\011D3\337a"
  41      60780294 
  41      0199FF94 
  41      89094433 
  41      DF61
  42 007a 6C3EF097 		.ascii	"l>\360\227\027\244\024d\306\274\313}\353\230j\1777t"
  42      17A41464 
  42      C6BCCB7D 
  42      EB986A7F 
  42      3774
  43 008c 3470FC64 		.ascii	"4p\374db\374\314\004\324\316\270\222\261\226\341'P\365"
  43      62FCCC04 
  43      D4CEB892 
  43      B196E127 
  43      50F5
  44 009e 3DC6C603 		.ascii	"=\306\306\003\377Y\301*\031@\3460\202\364\003M\223\327"
  44      FF59C12A 
  44      1940E630 
  44      82F4034D 
  44      93D7
  45 00b0 D3D307A2 		.ascii	"\323\323\007\242\344\214\314\244\314\374bc\375\374b"
  45      E48CCCA4 
  45      CCFC6263 
ARM GAS  C:\Users\ajink\AppData\Local\Temp\ccQFSQFs.s 			page 3


  45      FDFC62
  46 00bf FD8CC41C 		.ascii	"\375\214\304\034\375\342\242d\375\342\022\275d\006\000"
  46      FDE2A264 
  46      FDE212BD 
  46      640600
  47 00ce DCCB449D 		.ascii	"\334\313D\235"
  48              		.text
  49              		.section	.gnu.lto_stStartAlarm.ac999ed7,"",%progbits
  50 0000 789C9D92 		.ascii	"x\234\235\222Kh\023A\030\307\347?\273\335,VJ\361\024"
  50      4B681341 
  50      18C7E73F 
  50      BBDD2C56 
  50      4AF114
  51 0013 7229184A 		.ascii	"r)\030JAL\026-\336=x\021\332\223\275K\232\012\011D\""
  51      414C162D 
  51      DE3D7811 
  51      DA93BD4B 
  51      9A0A0944 
  52 0028 DDE0B593 		.ascii	"\335\340\265\223\230((\332`\017\212\022Z-\241\3324&"
  52      982828DA 
  52      600F8A12 
  52      5A2DA1DA 
  52      3426
  53 003a 1AEB1321 		.ascii	"\032\353\023!ZE\241`\360\201\005\0175H\012\265\202$"
  53      5A45A160 
  53      F081050F 
  53      35480AB5 
  53      8224
  54 004c 4D4B5CA1 		.ascii	"MK\\\241\306o\266\021\254z\020\227\335\235\371^\377"
  54      C66FB611 
  54      AC7A1097 
  54      DD9DF95E 
  54      FF
  55 005d EF370F85 		.ascii	"\3577\017\205\375\371\270\350{\312\031\033\242\021\012"
  55      FDF9B8E8 
  55      7BCA191B 
  55      A2110A
  56 006c 034FBE64 		.ascii	"\003O\276d,\252s@N\030\330\010\307\010>\361\032G\262"
  56      2CAA7340 
  56      4E18D808 
  56      C7083EF1 
  56      1A47B2
  57 007f 98B9D8DE 		.ascii	"\230\271\330\336\223\026BT_\027\234\011\247Eeu\276)"
  57      93164254 
  57      5F179C09 
  57      A7456575 
  57      BE29
  58 0091 8329F450 		.ascii	"\203)\364P\312\350\271\304Y(;\301h>\377\361k}\3732\267"
  58      CAE8B9C4 
  58      59283BC1 
  58      683EFFF1 
  58      6B7DFB32 
  59 00a6 383AA579 		.ascii	"8:\245yiaiM\221&\347\322<q\246V\337\326=)D\254\370("
  59      6961694D 
  59      9126E7D2 
  59      3C71A656 
  59      DFD63D29 
ARM GAS  C:\Users\ajink\AppData\Local\Temp\ccQFSQFs.s 			page 4


  60 00be 2FF6935F 		.ascii	"/\366\223_\3015(\244\207\353pa\032.F.\206\014\272ez"
  60      C13528A4 
  60      87EB7061 
  60      1A2E462E 
  60      860CBA65 
  61 00d3 2DBEB1D0 		.ascii	"-\276\261\320\256\305\251w\347\306\317\266\230\201\006"
  61      AEC5A977 
  61      E7C6CFB6 
  61      988106
  62 00e2 1A733B8A 		.ascii	"\032s;\212\242\331\234\234\232\231U\035\304M\025*\325"
  62      A2D99C9C 
  62      9A99551D 
  62      C44D152A 
  62      D5
  63 00f3 AA8C5528 		.ascii	"\252\214U(K\256b\211Z\322\250\274C\314F)\244\277\235"
  63      4BAE6289 
  63      5AD2A8BC 
  63      43CC4629 
  63      A4BF9D
  64 0106 86B2CBA6 		.ascii	"\206\262\313\246\274:1\376\202\273\257\020G95\347+\306"
  64      BC3A31FE 
  64      82BBAF10 
  64      473935E7 
  64      2BC6
  65 0118 26C4F766 		.ascii	"&\304\367f\023\222&\273\225\246\265\316\033p7H\356="
  65      139226BB 
  65      95A6B5CE 
  65      1B703748 
  65      EE3D
  66 012a 628BA79A 		.ascii	"b\213\247\232\353o\226\261\005\256\234^q\312\024\233"
  66      EB6F96B1 
  66      05AE9C5E 
  66      71CA149B 
  67 013a ADCEF11B 		.ascii	"\255\316\361\033:C\016\032\211\344\2415\270\272\251"
  67      3A430E1A 
  67      89E4A135 
  67      B8BAA9
  68 0149 F3E4BC95 		.ascii	"\363\344\274\225\033OtH\037%\177\231\177~\262M\356R"
  68      1B4F7448 
  68      1F257F99 
  68      7F7EB24D 
  68      EE52
  69 015b 1BE50B55 		.ascii	"\033\345\013U\326\177\250\224^\351\266\213I\363B\351"
  69      D67FA894 
  69      5EE9B68B 
  69      49F342E9 
  70 016b F3344FE1 		.ascii	"\3634O\341r4)t\213k\270I|\267$\037\305\032c\225l\207"
  70      72342974 
  70      8B6BB849 
  70      7CB7241F 
  70      C51A6395 
  71 0181 2723E2D1 		.ascii	"'#\342\321b\227\305\035( \205U\332\004\273-\305\037"
  71      6297C51D 
  71      28208555 
  71      DA04BB2D 
  71      C51F
  72 0193 8FADA5B9 		.ascii	"\217\255\245\271\221\225\361\335\026\327q\033\036\270"
ARM GAS  C:\Users\ajink\AppData\Local\Temp\ccQFSQFs.s 			page 5


  72      9195F1DD 
  72      16D7711B 
  72      1EB8
  73 01a1 5DAD3866 		.ascii	"]\2558fa\020\225D\252\346\337\306\034-\242\177\357\247"
  73      61109544 
  73      AAE6DFC6 
  73      1C2DA27F 
  73      EFA7
  74 01b3 E38EDD0F 		.ascii	"\343\216\335\017-\275\273\360\374\212\257S\237{T(\365"
  74      2DBDBBF0 
  74      FC8AAF53 
  74      9F7B5428 
  74      F5
  75 01c4 ABFFA77F 		.ascii	"\253\377\247\177\337\326\347-\375\007\266~\251<7j_3"
  75      DFD6E72D 
  75      FD07B67E 
  75      A93C376A 
  75      5F33
  76 01d6 9DFC0FA9 		.ascii	"\235\374\017\251p\021\321\362\263\025]\236\200<\261"
  76      7011D1F2 
  76      B3155D9E 
  76      803CB1
  77 01e5 0AF1D0E1 		.ascii	"\012\361\320\341\323.ty\275\006\275\376@p0\0306{\215"
  77      D32E7479 
  77      BD06BDFE 
  77      40703018 
  77      367B8D
  78 01f8 B069047C 		.ascii	"\260i\004|!\303\034\366\033f\304\353g\016\337\240\031"
  78      21C31CF6 
  78      1B66C4EB 
  78      670EDFA0 
  78      19
  79 0209 091E3DA2 		.ascii	"\011\036=\242\312\337\276\277'\037\013\017GL\343\320"
  79      CADFBEBF 
  79      271F0B0F 
  79      474CE3D0 
  80 0219 407FEF5E 		.ascii	"@\177\357^\243\257\357\2001p\260\377\370\036*?\034\012"
  80      A3AFEF80 
  80      3170B0FF 
  80      F81E2A3F 
  80      1C0A
  81 022b 0D7903EC 		.ascii	"\015y\003\354\007\261\032\033|"
  81      07B11A1B 
  81      7C
  82              		.text
  83              		.section	.gnu.lto_stStopAlarm.ac999ed7,"",%progbits
  84 0000 789C6366 		.ascii	"x\234cf\300\004R@\254\313\310\300\020\016\244\031\231"
  84      C0045240 
  84      ACCBC8C0 
  84      100EA419 
  84      99
  85 0011 19189926 		.ascii	"\031\030\231&\234c`h\344`bd\0041\030\030\031\352\231"
  85      9C636068 
  85      E4606264 
  85      04311818 
  85      19EA99
  86 0024 18EB195F 		.ascii	"\030\353\031_2}db\234p`\365\014n\365\245\015\015\015"
ARM GAS  C:\Users\ajink\AppData\Local\Temp\ccQFSQFs.s 			page 6


  86      327D6462 
  86      9C7060F5 
  86      0C6EF5A5 
  86      0D0D0D
  87 0037 1F366D97 		.ascii	"\0376m\227h\225\370\311\304\300\360\231\011b\014\343"
  87      6895F8C9 
  87      C4C0F099 
  87      09620CE3 
  88 0047 72467506 		.ascii	"rFu\006\240\232\217-\177\257s\263\265\000\325\010@\344"
  88      A09A8F2D 
  88      7FAF73B3 
  88      B500D508 
  88      40E4
  89 0059 185730B2 		.ascii	"\030W0\262\001\215gX/t\240\341\377\377\305s\336lgaf"
  89      018D6758 
  89      2F74A0E1 
  89      FFFFC573 
  89      DE6C6761 
  90 006e 60780294 		.ascii	"`x\002\224\002\231\377\224\211\011D3\337b<\364a\307"
  90      0299FF94 
  90      89094433 
  90      DF623CF4 
  90      61C7
  91 0080 D2DD47B9 		.ascii	"\322\335G\271Q\214x\260\364\275\004\330\200\317L\214"
  91      518C78B0 
  91      F4BD04D8 
  91      80CF4C8C 
  92 0090 E88633AE 		.ascii	"\350\2063\256dd\003\232\276\212\221\015(\361\356\364"
  92      6464039A 
  92      BE8A910D 
  92      28F1EEF4 
  93 00a0 F136D617 		.ascii	"\3616\326\027L?\231\030\201r\015, \265\367\237\234\277"
  93      4C3F9918 
  93      81720D2C 
  93      20B5F79F 
  93      9CBF
  94 00b2 C8011662 		.ascii	"\310\001\026b\000q\247\237\177\275\212i.\343\354\306"
  94      0071A79F 
  94      7FBD8A69 
  94      2EE3ECC6 
  95 00c2 090D1C3F 		.ascii	"\011\015\034?\231\230\030W3J1\256a\224\002\313}\237"
  95      99981857 
  95      334A31AE 
  95      619402CB 
  95      7D9F
  96 00d4 FC642D9F 		.ascii	"\374d-\237\356\352\206\226\306\017\247\276\235\342\377"
  96      EEEA8696 
  96      C60FA7BE 
  96      9DE2FF
  97 00e3 C9C4CCB8 		.ascii	"\311\304\314\270\226q.\343'\240\033\301\2660\256c\324"
  97      96712EE3 
  97      27A01BC1 
  97      B630AE63 
  97      D4
  98 00f4 453611E8 		.ascii	"E6\021\350~\306\365@\275\367\030\033\037\034}\317\001"
  98      7EC6F540 
  98      BDF7181B 
ARM GAS  C:\Users\ajink\AppData\Local\Temp\ccQFSQFs.s 			page 7


  98      1F1C7DCF 
  98      01
  99 0105 72202808 		.ascii	"r (\010\236\000\255\002\372\005\250K^OO\037\210\222"
  99      9E00AD02 
  99      FA05A84B 
  99      5E4F4F1F 
  99      8892
 100 0117 33329332 		.ascii	"32\2232\363\213\215\365\363\213\3653\022s\364\213\213"
 100      F38B8DF5 
 100      F38BF533 
 100      1273F48B 
 100      8B
 101 0128 92F58B4B 		.ascii	"\222\365\213K\364\222\031L\261\313\027\344\027\225\024"
 101      F492194C 
 101      B1CB17E4 
 101      179514
 102 0137 EB0787F8 		.ascii	"\353\007\207\370\032\033\351\373\370\270\350\207x\372"
 102      1A1BE9FB 
 102      F8B8E887 
 102      78FA
 103 0145 96190275 		.ascii	"\226\031\002u\304\347\344\244\350e0\000\000[\331\213"
 103      C4E7E4A4 
 103      E8653000 
 103      005BD98B 
 104 0155 CC       		.ascii	"\314"
 105              		.text
 106              		.section	.gnu.lto_stSetAlarm.ac999ed7,"",%progbits
 107 0000 789C6D90 		.ascii	"x\234m\220Oh\023Q\020\306\3377\273\331.VJ\361\024r)"
 107      4F681351 
 107      10C6DF37 
 107      BBD92E56 
 107      4AF11472 
 108 0015 184A416C 		.ascii	"\030JAl\026-\336=x\021\332\223\275K\232\012\011D\"\335"
 108      162DDE3D 
 108      7811DA93 
 108      BD4B9A0A 
 108      094422DD 
 109 0029 E0B52F31 		.ascii	"\340\265/1QP\324\320\036\024\245X-\361OcL\265z\312e"
 109      5150D4D0 
 109      1E14A558 
 109      2DF14F63 
 109      4CB57ACA 
 110 003e 5544A160 		.ascii	"UD\241`\360b\251\207\032$\205\212\"\306T\326\025\352"
 110      F062A987 
 110      1A24858A 
 110      22C654D6 
 110      15EA
 111 0050 3A6F5B0F 		.ascii	":o[\017U\227\335}of\276\231\371\315h\342\337'\302\237"
 111      5597DD7D 
 111      6F66BE99 
 111      F9CD68E2 
 111      DF27C29F 
 112 0064 4E428CF3 		.ascii	"NB\214\363\011M\200J\257\205\310\231\004\250\213\200"
 112      094D804A 
 112      AF85C899 
 112      04A88B80 
 113 0074 98244CE2 		.ascii	"\230$L\342#\265\011%\247r\265{\240,\245\374:U\017\027"
ARM GAS  C:\Users\ajink\AppData\Local\Temp\ccQFSQFs.s 			page 8


 113      23B50925 
 113      A772B57B 
 113      A02CA5FC 
 113      3A550F17 
 114 0088 C31EA775 		.ascii	"\303\036\247uh\253\014\356`\200%\227/\025/B\333\013"
 114      68AB0CEE 
 114      60802597 
 114      2F152F42 
 114      DB0B
 115 009a C1F7A50F 		.ascii	"\301\367\245\017?:\273\327\311#\364*\363\332\362\332"
 115      3F3ABBD7 
 115      C923F42A 
 115      F3DAF2DA 
 116 00aa 86A64C22 		.ascii	"\206\246L\"e\236\271\320\356\354\352\237\2232\357\324"
 116      659EB9D0 
 116      EEECEA9F 
 116      9332EFD4 
 117 00ba 17E461F6 		.ascii	"\027\344a\366k\270\013\215\353\341\036\"\230GD\260K"
 117      6BB80B8D 
 117      EBE11E22 
 117      984744B0 
 117      4B
 118 00cb A0827E25 		.ascii	"\240\202~%o\0276\227\273\215\002\367\356\335\374\323"
 118      6F173697 
 118      BB8D02F7 
 118      EEDDFCD3 
 119 00db 16F76180 		.ascii	"\026\367a\200\317\332\036G\372\376\334\355\317u=\304"
 119      CFDA1E47 
 119      FAFEDCED 
 119      CF753DC4 
 120 00eb DC9CA173 		.ascii	"\334\234\241s\256.D\213Uj\2125n\311\247\366\026\371"
 120      AE2E448B 
 120      556A8A35 
 120      6EC9A7F6 
 120      16F9
 121 00fd 0065B1FC 		.ascii	"\000e\261\374\363<\264}\001\345\255\331\033\257(z\223"
 121      F33CB47D 
 121      01E5ADD9 
 121      1BAF287A 
 121      93
 122 010e 399A2BCF 		.ascii	"9\232+\317\343N~V\376\362}(\232\352N\232\3559\037 \352"
 122      E34E7E56 
 122      FEF27D28 
 122      9AEA4E9A 
 122      ED391F20 
 123 0123 72B977C8 		.ascii	"r\271w\310\257\236\363\277\257\254c\007\\\263\354\206"
 123      AF9EF3BF 
 123      AFAC6307 
 123      5CB3EC86 
 124 0133 952460EB 		.ascii	"\225$`\353\020\376B\027\250\301\340\"\0130\\\322\267"
 124      10FE4217 
 124      A8C1E022 
 124      0B305CD2 
 124      B7
 125 0144 EA3C9BF2 		.ascii	"\352<\233\362j\215b\217\362\261\370\313\322\313\263"
 125      6A8D628F 
 125      F2B1F8CB 
ARM GAS  C:\Users\ajink\AppData\Local\Temp\ccQFSQFs.s 			page 9


 125      D2CBB3
 126 0153 21B5A510 		.ascii	"!\265\245\020\353\245\256\362\337\267\032o\314\300%"
 126      EBA5AEF2 
 126      DFB71A6F 
 126      CCC025
 127 0162 9479A5F1 		.ascii	"\224y\245\361i\236fp=W\222\246G\006\0362\337#\305\307"
 127      699E6670 
 127      3D5792A6 
 127      47061E32 
 127      DF23C5C7 
 128 0176 3177BA55 		.ascii	"1w\272U\355\031\254\310B\316\351\363\250\013\213\230"
 128      ED19ACC8 
 128      42CEE9F3 
 128      A80B8B98 
 129 0186 C1375E42 		.ascii	"\3017^B\320\226\343O\2477\312dUU|\277G&\036c\020\321"
 129      D096E34F 
 129      A737CA64 
 129      55557CBF 
 129      47261E63 
 130 019c C8761C4F 		.ascii	"\310v\034O`1\225XE\256\371\3025\325\004j\342\026O\301"
 130      60319558 
 130      45AEF9C2 
 130      35D5046A 
 130      E2164FC1 
 131 01b0 CBE32A7D 		.ascii	"\313\343*}\261\230\305o\"\231\032Ke\354!+c[\311x\332"
 131      B198C56F 
 131      22991A4B 
 131      65EC212B 
 131      635BC978 
 132 01c5 B2271296 		.ascii	"\262'\022\226\235\215%DW|\314\316\246N\236\320\325\357"
 132      9D8D2544 
 132      577CCCCE 
 132      A64E9ED0 
 132      D5EF
 133 01d7 D0FFC5A7 		.ascii	"\320\377\305\2472\023Y\333:6:2t\320\032\036>b\215\036"
 133      321359DB 
 133      3A363A32 
 133      74D01A1E 
 133      3E628D1E 
 134 01eb 1D397D80 		.ascii	"\0359}\200\323\217\247\323\343\261\244\370\015\234\230"
 134      D38FA7D3 
 134      E3B1A4F8 
 134      0D9C98
 135 01fa D72A     		.ascii	"\327*"
 136              		.text
 137              		.section	.gnu.lto_stGetAlarm.ac999ed7,"",%progbits
 138 0000 789C6D4F 		.ascii	"x\234mOMK[A\024\275\347\276\344\031\250\210\264\033"
 138      4D4B5B41 
 138      14BDE7BE 
 138      E419A888 
 138      B41B
 139 0012 09820B0B 		.ascii	"\011\202\013\013\256\314\240\241\377\300MA\335(\270"
 139      AECCA0A1 
 139      FFC04D41 
 139      DD28B8
 140 0021 144D1711 		.ascii	"\024M\027\021\002\021\237\270\315$\204\272\025\025\024"
 140      02119FB8 
ARM GAS  C:\Users\ajink\AppData\Local\Temp\ccQFSQFs.s 			page 10


 140      CD2484BA 
 140      151514
 141 0030 451134F8 		.ascii	"E\0214\370\031?\226m\027\332\202\010\006\0247\025\262"
 141      193F966D 
 141      17DA8208 
 141      06143715 
 141      B2
 142 0041 B0221114 		.ascii	"\260\"\021\024EL\023\320\267\220x'\272\361c\230\341"
 142      454C13D0 
 142      B7907827 
 142      BAF16398 
 142      E1
 143 0052 CE9973E6 		.ascii	"\316\231s\346\336s,z\273\374r\022 \352\222\012\213\300"
 143      DE732C7A 
 143      BBFC7212 
 143      20EA920A 
 143      8BC0
 144 0064 23074471 		.ascii	"#\007Dq\037\003\346B\240\030#\206K\31632g\367\205\312"
 144      1F03E642 
 144      A0182386 
 144      4BCE3332 
 144      67F785CA 
 145 0078 0B7699AA 		.ascii	"\013v\231\252I\340\324\361y\3212\020l\340\257\302\301"
 145      49E0D4F1 
 145      79D13210 
 145      6CE0AFC2 
 145      C1
 146 0089 99DD90D2 		.ascii	"\231\335\220\322:q;\272\035\231\034\237\203\313L\005"
 146      3A713BBA 
 146      1D991C9F 
 146      83CB4C05 
 147 0099 262CC28F 		.ascii	"&,\302\217%\230AXF\203\321\346\223\017\307\037\354\244"
 147      25984158 
 147      4683D1E6 
 147      930FC71F 
 147      ECA4
 148 00ab D6BAFA81 		.ascii	"\326\272\372\201\311\210\204[\201->h\343\343\216.\225"
 148      C988845B 
 148      812D3E68 
 148      E3E38E2E 
 148      95
 149 00bc E667AFB7 		.ascii	"\346g\257\267=\036&\227-\213L#\312\3111\226\316\005"
 149      3D1E2697 
 149      2D8B4C23 
 149      CAC93196 
 149      CE05
 150 00ce 48B5B2F8 		.ascii	"H\265\262\370\363\363G\352j\367\323\213~\247\251RM\271"
 150      F3F347EA 
 150      6AF7D38B 
 150      7EA7A952 
 150      4DB9
 151 00e0 5581F16A 		.ascii	"U\201\361j\022a\025\266\314Y\203}\307&\317Mf\357\273"
 151      126115B6 
 151      CC59837D 
 151      C726CF4D 
 151      66EFBB
 152 00f3 D704F008 		.ascii	"\327\004\360\010\255=F\376/wx\344+?\221\201\023\207"
ARM GAS  C:\Users\ajink\AppData\Local\Temp\ccQFSQFs.s 			page 11


 152      AD3D46FE 
 152      2F7778E4 
 152      2B3F9181 
 152      1387
 153 0105 572B3C83 		.ascii	"W+<\203\351\370\210\366\271\354EZ\222\254\233$\302\335"
 153      E9F888F6 
 153      B9EC455A 
 153      92AC9B24 
 153      C2DD
 154 0117 8DE5D255 		.ascii	"\215\345\322U\215\253:\031\277\335\377\233\371\354\262"
 154      8DAB3A19 
 154      BFDDFF9B 
 154      F9ECB2
 155 0126 8D0DCCE0 		.ascii	"\215\015\314\340\277\330,\017\022\311\357\261b\212U"
 155      BFD82C0F 
 155      12C9EFB1 
 155      628A55
 156 0135 5A243BED 		.ascii	"Z$;\355.W`\023\215\250\367?\363\330\202\242,\022'\303"
 156      2E576013 
 156      8DA8F73F 
 156      F3D882A2 
 156      2C1227C3 
 157 0149 B54F962C 		.ascii	"\265O\226,qE'\210\237.\304L\000y \223\032&\2554\255"
 157      71452788 
 157      9F2EC44C 
 157      00792093 
 157      1A26AD34 
 158 015e 0B0494EC 		.ascii	"\013\004\224\354P\270\257\267/\352\004U\324Q\341\236"
 158      50B8AFB7 
 158      2FEA0455 
 158      D451E19E 
 159 016e 88720642 		.ascii	"\210r\006B\312\031\014\204\350\313\373|\177t`\320Q\035"
 159      CA190C84 
 159      E8CBFB7C 
 159      7F7460D0 
 159      511D
 160 0180 9D6DC166 		.ascii	"\235m\301f\325\332\332\242:\277\266\0155\311\217\356"
 160      D5DADAA2 
 160      3ABFB60D 
 160      35C98FEE 
 161 0190 48E45B20 		.ascii	"H\344[ L\217I\355\251\305"
 161      4C8F49ED 
 161      A9C5
 162              		.text
 163              		.section	.gnu.lto_.symbol_nodes.ac999ed7,"",%progbits
 164 0000 789C55C8 		.ascii	"x\234U\310\261\015\200 \000D\321\177 \011\333:\3021"
 164      B10D8020 
 164      0044D17F 
 164      2009DB3A 
 164      C231
 165 0012 8213180B 		.ascii	"\202\023\030\013\307\021\324\015\234\304Xh!\257|\021"
 165      C711D40D 
 165      9CC45868 
 165      21AF7C11 
 166 0022 18F9844D 		.ascii	"\030\371\204M\206\251\201\315\274dB\225\325E\223C\027"
 166      86A981CD 
 166      BC644295 
ARM GAS  C:\Users\ajink\AppData\Local\Temp\ccQFSQFs.s 			page 12


 166      D5459343 
 166      17
 167 0033 BB1CBB38 		.ascii	"\273\034\2738\344\341\037:\345\364\006\245d\"\211\365"
 167      E4E11F3A 
 167      E5F406A5 
 167      642289F5 
 168 0043 BAC50322 		.ascii	"\272\305\003\"H\037\376"
 168      481FFE
 169              		.text
 170              		.section	.gnu.lto_.refs.ac999ed7,"",%progbits
 171 0000 789C6366 		.ascii	"x\234cf```d\200\002\000\000=\000\005"
 171      60606064 
 171      80020000 
 171      3D0005
 172              		.text
 173              		.section	.gnu.lto_.decls.ac999ed7,"",%progbits
 174 0000 789CB557 		.ascii	"x\234\265WkPTG\026\276}{x\215\003\243X1)j\253\202d\213"
 174      6B505447 
 174      16BE7D7B 
 174      788D03A3 
 174      5831296A 
 175 0018 7253CACB 		.ascii	"rS\312\313$\306\374\211.Z\306\252\230X\203[\225*\251"
 175      24C6FC89 
 175      2E5AC6AA 
 175      9858835B 
 175      952AA9
 176 002b 9A208C91 		.ascii	"\232 \214\221*\036.3lm\376]\004\"\212\012\"\032\036"
 176      2A1E2E33 
 176      6C6DFE5D 
 176      04228A0A 
 176      221A1E
 177 003e 3E460179 		.ascii	">F\001y?}\020\036\002\242\362P\020PPQ\221\001#>\000"
 177      3F7D101E 
 177      02A2F250 
 177      10505051 
 177      9101233E 
 178 0053 1D7C011A 		.ascii	"\035|\001\032\231=\335}\357\3140\031\335\244j\367\026"
 178      993DDD7D 
 178      EFCC3019 
 178      DDA46AF7 
 178      16
 179 0064 87DBA7FB 		.ascii	"\207\333\247\373;_\237>\347\364\355\036\314q\\\011\342"
 179      3B5F9F3E 
 179      E7F4ED1E 
 179      CC715C09 
 179      E2
 180 0075 38133CFE 		.ascii	"8\023<\376\3638\356\016\317q\216\320\267\236\263<D/"
 180      F338EE0E 
 180      CF718ED0 
 180      B79EB33C 
 180      442F
 181 0087 013903D2 		.ascii	"\0019\003\322\010r\026\344<H\013\367\373\207\340\260"
 181      087216E4 
 181      3C480BF7 
 181      FB87E0B0 
 182 0097 68DF0A52 		.ascii	"h\337\012R(\366\363\342\230=\033\302\353\"\332\270\201"
 182      28F6F3E2 
ARM GAS  C:\Users\ajink\AppData\Local\Temp\ccQFSQFs.s 			page 13


 182      983D1BC2 
 182      EB22DAB8 
 182      81
 183 00a8 28406A40 		.ascii	"(@j@\026\202\314\007\337\346\201\214B\373\252\310\255"
 183      1682CC07 
 183      DFE6818C 
 183      42FBAAC8 
 183      AD
 184 00b9 007D06DE 		.ascii	"\000}\006\336\016\210\361\022\373\367\240\015\177\334"
 184      0E88F112 
 184      FBF7A00D 
 184      7FDC
 185 00c7 5FD16C6E 		.ascii	"_\321ln\342\257L\344\226\270\010\017\262\262'\030o\033"
 185      E2AF4CE4 
 185      96B8080F 
 185      B2B22718 
 185      6F1B
 186 00d9 3B4E5CE7 		.ascii	";N\\\347\037\365\013\211~\361\242\335\"\321\037?\033"
 186      1FF50B89 
 186      7EF1A2DD 
 186      22D11F3F 
 186      1B
 187 00ea 5E1237E7 		.ascii	"^\0227\347?\311Gl\002D\276Ol\370&xTS\366\274s\316\003"
 187      3FC9476C 
 187      0244BE4F 
 187      6CF82678 
 187      5453F6BC 
 188 0101 1EB9C93D 		.ascii	"\036\271\311=\211Z\233\326\226\341\010\252B.#j\335\353"
 188      895A9BD6 
 188      96E108AA 
 188      422E236A 
 188      DDEB
 189 0113 E15ED9FB 		.ascii	"\341^\331\373\373\005xR\343\205\2712\264~\001\312G\036"
 189      FB057852 
 189      E385B932 
 189      B47E01CA 
 189      471E
 190 0125 A8007900 		.ascii	"\250\000y\000c!z\037\376o\2241&}u\302S\031\346\021i"
 190      63217A1F 
 190      FE6F9431 
 190      267D75C2 
 190      5319E611 
 191 013a E7640CF5 		.ascii	"\347d\014\365\312\027\027\201Y\222\320\324\206,\323"
 191      CA171781 
 191      5992D0D4 
 191      862CD3
 192 0149 8D94DDCB 		.ascii	"\215\224\335\313\342=\017\013\372\012c\301T\277Bh\023"
 192      E23D0F0B 
 192      FA0A63C1 
 192      54BF4268 
 192      13
 193 015a 9A4CA62F 		.ascii	"\232L\246/)\025*B\030\025\243\305\004I\332\324\004\225"
 193      29152A42 
 193      1815A3C5 
 193      0449DAD4 
 193      0495
 194 016c 204F30BB 		.ascii	" O0\2734<\365LA\275\234KX\262\256\337{\216\251\227<"
ARM GAS  C:\Users\ajink\AppData\Local\Temp\ccQFSQFs.s 			page 14


 194      343CF54C 
 194      41BD9C4B 
 194      58B2AEDF 
 194      7B8EA997 
 195 0181 512F1FD6 		.ascii	"Q/\037\326\237Tb?:\363\376\213\331)\016\370\013\332"
 195      9F54623F 
 195      3AF3FE8B 
 195      D9290EF8 
 195      0BDA
 196 0193 4E1D4ABB 		.ascii	"N\035J\273*\303\201\264\035w\274n\227\023\230x\312\251"
 196      2AC381B4 
 196      1D77BC6E 
 196      97139878 
 196      CAA9
 197 01a5 1F3F8F4E 		.ascii	"\037?\217N\235t\246\252\311\204\241\203?6\320=\344\202"
 197      9D74A6AA 
 197      C984A183 
 197      3F36D03D 
 197      E482
 198 01b7 BCE5B9E0 		.ascii	"\274\345\271\340\263\361\360\335k\177\021\004\031:\205"
 198      B3F1F0DD 
 198      6B7F1104 
 198      193A85
 199 01c6 E4A8D2EC 		.ascii	"\344\250\322\354\025\265%O\222 l\023\204x\301\241\300"
 199      15B5254F 
 199      92206C13 
 199      8478C1A1 
 199      C0
 200 01d7 8D43A510 		.ascii	"\215C\245\020\2162\010\007:\211\274\001A\261\250\012"
 200      8E320807 
 200      3A89BC01 
 200      41B1A80A 
 201 01e7 3A4F4027 		.ascii	":O@'\020\237\030~\234,\227\210\307/\354Y@\210\253\201"
 201      109F187E 
 201      9C2C9788 
 201      C72FEC59 
 201      4088AB81 
 202 01fb B8C2420C 		.ascii	"\270\302B\014\363\274\213\371\264}\346\263\225\275Y"
 202      F3BC8BF9 
 202      B47DE6B3 
 202      95BD59
 203 020a 58622E2C 		.ascii	"Xb.,\314~\2170\327\000s\271\205\271\372\335\314\277"
 203      CC7E8F30 
 203      D70073B9 
 203      85B9FADD 
 203      CCBF
 204 021c D86546E7 		.ascii	"\330eF\347\262\206\022]eP=\224n#-\205\234\316\272\""
 204      B286125D 
 204      65503D94 
 204      6E232D85 
 204      9CCEBA22 
 205 0230 F95B4BA1 		.ascii	"\371[K\241\216\226B-\022k\341Tm\367\230\034\327\263"
 205      8E96422D 
 205      126BE154 
 205      6DF7981C 
 205      D7B3
 206 0242 6230D48C 		.ascii	"b0\324\214?q\201\234\033 \347\265?\341LA\277M\2301\231"
ARM GAS  C:\Users\ajink\AppData\Local\Temp\ccQFSQFs.s 			page 15


 206      3F71819C 
 206      1B20E7B5 
 206      3FE14C41 
 206      BF4D9831 
 207 0257 10B542F5 		.ascii	"\020\265B\365VY\257\227\262~\206f=%\371Q\"\217\333\031"
 207      5659AF97 
 207      B27E8666 
 207      3D25F951 
 207      228FDB19 
 208 026b CBA5B873 		.ascii	"\313\245\270sq\216\224E_\227\343\310\352\206\226M\203"
 208      718E9445 
 208      5F97E3C8 
 208      EA86964D 
 208      83
 209 027c 15418344 		.ascii	"\025A\203D\320H\011*\012\214\015\256\270\217\021\\\311"
 209      D048092A 
 209      0A8C0DAE 
 209      B88F115C 
 209      C9
 210 028d CCDBA760 		.ascii	"\314\333\247`\004\375f\002\342A\223\025A\223Dp\226\022"
 210      04FD6602 
 210      E2419315 
 210      41934470 
 210      9612
 211 029f B4D4F775 		.ascii	"\264\324\367u\271Y/\232\304\303\262\352\346Y\033\240"
 211      B9592F9A 
 211      C4C3B2EA 
 211      E6591BA0 
 212 02af D43035AA 		.ascii	"\32405\252\300\0066[\361\320D\226\234\316f\230\276\333"
 212      C006365B 
 212      F1D04496 
 212      9CCE6698 
 212      BEDB
 213 02c1 62297430 		.ascii	"b)t0A\347\254&<'Mx\236Nx5+\355$\302\243\214\243:{:\035"
 213      41E7AC26 
 213      3C274D78 
 213      9E4E7835 
 213      2BED24C2 
 214 02dc 130EC1F8 		.ascii	"\023\016\301\370dtr\305\336\370\324\\\301`2}\310\266"
 214      647472C5 
 214      DEF8D45C 
 214      C160327D 
 214      C8B6
 215 02ee CB052B96 		.ascii	"\313\005+\226\013\022K\013e\271\223\321\264S\246\330"
 215      0B124B0B 
 215      65B993D1 
 215      B453A6D8 
 216 02fe 49520E6E 		.ascii	"IR\016n\273\264\271Q\003\213\337\255HA\321\360&\213"
 216      BBB4B951 
 216      038BDFAD 
 216      4841D1F0 
 216      268B
 217 0310 7CD8B087 		.ascii	"|\330\260\207m.\301\221L[\321X\274\303\205\356\256\357"
 217      6D2EC191 
 217      4C5BD158 
 217      BCC385EE 
 217      AEEF
ARM GAS  C:\Users\ajink\AppData\Local\Temp\ccQFSQFs.s 			page 16


 218 0322 89DA5CB3 		.ascii	"\211\332\\\263\375\220\014\227\342Y\333h!\333F\203\331"
 218      FD900C97 
 218      E259DB68 
 218      21DB4683 
 218      D9
 219 0333 D3B92E54 		.ascii	"\323\271.T%G\200\222t56L\265\310q\015\203\357J2\264"
 219      25478092 
 219      7435364C 
 219      B5C8710D 
 219      83EF4A32 
 220 0348 CB713355 		.ascii	"\313q3U\370\266\021!\307\315\274\305r\206\277\212\027"
 220      F8B61121 
 220      C7CDBCC5 
 220      7286BF8A 
 220      17
 221 0359 56A06E08 		.ascii	"V\240n\010\350eK\275.\264.W\346;gv\034uA\271.\024\313"
 221      E8654BBD 
 221      2EB42E57 
 221      E63B6776 
 221      1C7541B9 
 222 0370 F5127476 		.ascii	"\365\022tv\260\215p\341\267\206\004\007$\367\266ot\305"
 222      B08D70E1 
 222      B7860407 
 222      24F7B66F 
 222      74C5
 223 0382 8E11DB8C 		.ascii	"\216\021\333\214\211it3\366\200\013\235\026\027\272"
 223      89697433 
 223      F6800B9D 
 223      1617BA
 224 0391 A52D03FE 		.ascii	"\245-\003\376\2177\347\376[\236D\366\315\037\242\005"
 224      8F37E7FE 
 224      5B9E44F6 
 224      CD1FA205 
 225 03a1 8B844CD3 		.ascii	"\213\204L\323\013\214;\331\362\263\246\313\013\347\340"
 225      0B8C3BD9 
 225      F2B3A6CB 
 225      0BE7E0
 226 03b0 1E51C96C 		.ascii	"\036Q\311l\275%\303}L\311\335\177\240\304\201\306\330"
 226      BD25C37D 
 226      4CC9DD7F 
 226      A0C481C6 
 226      D8
 227 03c1 99C6A9AB 		.ascii	"\231\306\251\2537\305\005\337dc\307\323'w(\361 S\244"
 227      37C505DF 
 227      6463C7D3 
 227      277728F1 
 227      2053A4
 228 03d4 2F9F827D 		.ascii	"/\237\202}\371\246_\367\366\363x\230\215]\2746t\314"
 228      F9A65FF7 
 228      F6F37898 
 228      8D5DBC36 
 228      74CC
 229 03e6 018F3025 		.ascii	"\001\2170%s\262\243EI\201\037\020u2;>^\211\307\330\230"
 229      73B2A345 
 229      49811F10 
 229      75323B3E 
 229      5E89C7D8 
ARM GAS  C:\Users\ajink\AppData\Local\Temp\ccQFSQFs.s 			page 17


 230 03fb 3EFF8DC9 		.ascii	">\377\215\311\015?e\212\364\305W\260/\376\301\263\217"
 230      0D3F658A 
 230      F4C557B0 
 230      2FFEC1B3 
 230      8F
 231 040c 7A5CF124 		.ascii	"z\\\361$\033{6\274m\006\341\327L)\030\276\234\346J\201"
 231      1B7B36BC 
 231      6D06E1D7 
 231      4C2918BE 
 231      9CE64A81 
 232 0420 8B887A24 		.ascii	"\213\210z$}:\020\233\330P\355D\362sg\034/\243\312\340"
 232      7D3A109B 
 232      D850ED44 
 232      F273671C 
 232      2FA3CAE0 
 233 0434 E460B313 		.ascii	"\344`\263\023\305\371\321/p\375\3014\027VNtxOY\3563"
 233      C5F9D12F 
 233      70FDC134 
 233      17564E74 
 233      784F59EE 
 234 0449 E618A6AC 		.ascii	"\346\030\246\254Gow`\022SA\252M\205\365\226zH\242\217"
 234      476F7760 
 234      125341AA 
 234      4D85F596 
 234      7A48A28F 
 235 045d 1679A007 		.ascii	"\026y\240\007,\236\207F\273\213\224\356\251\024.\010"
 235      2C9E8746 
 235      BB8B94EE 
 235      A9142E08 
 236 046d 9E3A9AAD 		.ascii	"\236:\232\255\373\000\277I\341\217\220\273dD?\353}\005"
 236      FB00BF49 
 236      E18F90BB 
 236      64443FEB 
 236      7D05
 237 047f 46276BF4 		.ascii	"F'k\364\325w\241w\036HoAx;[E_\334\3105\036'3\245*'\357"
 237      D577A177 
 237      1E486F41 
 237      783B5B45 
 237      5FDCC835 
 238 049a 34DB022B 		.ascii	"4\333\002+\350\022\256\367\3649\341T6VS\231:\355F\307"
 238      E812AEF7 
 238      F439E154 
 238      36565399 
 238      3AED46C7 
 239 04ae BE226AFB 		.ascii	"\276\"j\373\251\335Mr\234\316\306\336\024\377:\305\343"
 239      A9DD4D72 
 239      9CCEC6DE 
 239      14FF3AC5 
 239      E3
 240 04bf 4CA6DC6F 		.ascii	"L\246\334o\030\023x\012\\O\324;\343\273\007\235\361"
 240      1813780A 
 240      5C4FD43B 
 240      E3BB079D 
 240      F1
 241 04d0 C1D913B8 		.ascii	"\301\331\023\270\261\011v&W\232\234\336\036\224\227"
 241      B1097626 
 241      579A9CDE 
ARM GAS  C:\Users\ajink\AppData\Local\Temp\ccQFSQFs.s 			page 18


 241      1E9497
 242 04df 5250FE46 		.ascii	"RP\376Fc\022w(\317\200\305U\352\245\230\274\000\364"
 242      63127728 
 242      CF80C555 
 242      EAA598BC 
 242      00F4
 243 04f1 758A9EA4 		.ascii	"u\212\236\244\253|)\255r\342FB\327\034k\364\325w\241"
 243      AB7C29AD 
 243      72E24642 
 243      D71C6BF4 
 243      D577A1
 244 0504 3B5F161C 		.ascii	";_\026\034r\304\307\230\227I\365\351\307Y\030\276\003"
 244      72C4C798 
 244      9749F5E9 
 244      C75918BE 
 244      03
 245 0515 75C1ADAE 		.ascii	"u\301\255\256\355\345\256\310\213=\363\275\254\036o"
 245      EDE5AEC8 
 245      8B3DF3BD 
 245      AC1E6F
 246 0524 2FBD9010 		.ascii	"/\275\220\020o\354\252\324/\253\251\022\232\0220\235"
 246      6FECAAD4 
 246      2FABA912 
 246      9A12309D 
 247 0534 E4296CAA 		.ascii	"\344)l\252m\374|\313\236yFg\374\030\376q\004\257\037"
 247      6DFC7CCB 
 247      9E794667 
 247      FC18FE71 
 247      04AF1F
 248 0547 2C756CF3 		.ascii	",ul\363\243\320\011[\250\221B\363\221\031\333e\306\016"
 248      A3D0095B 
 248      A89142F3 
 248      9119DB65 
 248      C60E
 249 0559 DA620D36 		.ascii	"\332b\0156\264\227\314\320~[\350M\033\350M3\364W[\350"
 249      B497CCD0 
 249      7E5BE84D 
 249      1BE84D33 
 249      F4575BE8 
 250 056d 5D5B0F2E 		.ascii	"][\017.\233\261wl\261\003\266\330N3\366\266},ua\257"
 250      9BB1776C 
 250      B103B6D8 
 250      4E33F6B6 
 250      7D2C7561 
 251 0582 58A82B74 		.ascii	"X\250+t\034j\203\361v:D\320\360YA)\2747J\340\275P<\310"
 251      1C6A83F1 
 251      763A44D0 
 251      F0594129 
 251      BC374AE0 
 252 059a 4E904490 		.ascii	"N\220D\220\031\344\205\222\341\035\007\"\200\274\001"
 252      19E48592 
 252      E11D0722 
 252      80BC01
 253 05a9 7D3BBCF7 		.ascii	"};\274\367\200\230\240\235\004\357] \273A~\002\371\015"
 253      8098A09D 
 253      04EF5D20 
 253      BB417E02 
ARM GAS  C:\Users\ajink\AppData\Local\Temp\ccQFSQFs.s 			page 19


 253      F90D
 254 05bb FA5E83A4 		.ascii	"\372^\203\244B{\007\357E\277k\324\3016\263\203}\266"
 254      427B07EF 
 254      45BF6BD4 
 254      C136B383 
 254      7DB6
 255 05cd 0E2EB259 		.ascii	"\016.\262YK\243\031\332k\027j\211\346E3\362\206-\362"
 255      4BA319DA 
 255      6B176A89 
 255      E64533F2 
 255      862DF2
 256 05e0 BA6D84EE 		.ascii	"\272m\204\356\230\261O\354\347\336B{\303\014\035\262"
 256      98B14FEC 
 256      E7DE427B 
 256      C30C1DB2 
 257 05f0 9F7A2BDA 		.ascii	"\237z+\332[f\354=[\354\310,\3328\375\243%\200\234B\356"
 257      5B66EC3D 
 257      5BECC82C 
 257      DA38FDA3 
 257      25809C42 
 258 0605 685A444A 		.ascii	"hZDJ\233\002\275\262q\240\335Lz\315\376\272,\320\016"
 258      9B02BDB2 
 258      71A0DD4C 
 258      7ACDFEBA 
 258      2CD00E
 259 0618 33F496FD 		.ascii	"3\364\226\375\3323\373\032\247\277M\034\030\005\007"
 259      DA33FB1A 
 259      A7BF4D1C 
 259      180507
 260 0627 C644A8F4 		.ascii	"\306D\250\364\245\022]\265Z\326\200\231v\334\226\366"
 260      A5125DB5 
 260      5AD68099 
 260      76DC96F6 
 261 0637 B12DB6DF 		.ascii	"\261-\266\337\214\035\266_\323\324[r\004\032\032J\035"
 261      8C1DB65F 
 261      D3D45B72 
 261      041A1A4A 
 261      1D
 262 0648 0544209C 		.ascii	"\005D \234t\225\340\314%bxXz\031\356-\214\351\271\375"
 262      7495E0CC 
 262      25627858 
 262      7A19EE2D 
 262      8CE9B9FD 
 263 065c ADCC6685 		.ascii	"\255\314f\205#\270\325X3\203\321|o{\025\215\322\240"
 263      23B8D558 
 263      3383D17C 
 263      6F7B158D 
 263      D2A0
 264 066e 90FFDF45 		.ascii	"\220\377\337EM\2273\032\351\214\366\302D\027-\2479Y"
 264      4D97331A 
 264      E98CF6C2 
 264      44172DA7 
 264      3959
 265 0680 9B749A9F 		.ascii	"\233t\232\2379\3222\3414\353Z\264\327jI\034\332\307"
 265      39D232E1 
 265      34EB5AB4 
 265      D76A491C 
ARM GAS  C:\Users\ajink\AppData\Local\Temp\ccQFSQFs.s 			page 20


 265      DAC7
 266 0692 B36B11BC 		.ascii	"\263k\021\274\001}\340\324\375 l`\037\302\204'\223\017"
 266      017DE0D4 
 266      FD206C60 
 266      1FC28427 
 266      930F
 267 06a4 DCE026D6 		.ascii	"\334\340&\326Ta|R\234\037\222\026/\260\233\230\336\231"
 267      54617C52 
 267      9C1F9216 
 267      2FB09B98 
 267      DE99
 268 06b6 DE20D379 		.ascii	"\336 \323y\313U\014\332\354*\266\237'W\261\266\342C"
 268      CB550CDA 
 268      EC2AB69F 
 268      2757B1B6 
 268      E243
 269 06c8 DFE36794 		.ascii	"\337\343g\224Ev\367`\305i%\362\366\360\240W\240$\270"
 269      4576F760 
 269      C56925F2 
 269      F6F0A057 
 269      A024B8
 270 06db FD64F172 		.ascii	"\375d\361rt@4`O\006\364O}I\006\240\351L\337\364ZcL\023"
 270      74403460 
 270      4F06F44F 
 270      7D4906A0 
 270      E94CDFF4 
 271 06f3 F0071C5A 		.ascii	"\360\007\034ZL\317\000\3643D\221\014q(\223\367@\031"
 271      4CCF00F4 
 271      3344910C 
 271      712893F7 
 271      4019
 272 0705 3C3D1686 		.ascii	"<=\026\206\367M\354p\220\213\350\244\377\206\316N\275"
 272      F74DEC70 
 272      908BE8A4 
 272      FF86CE4E 
 272      BD
 273 0716 92C96E7D 		.ascii	"\222\311n}[\210:V\245oq\246\237zWz}H4\356\220SUA\325"
 273      5B883A56 
 273      A56F71A6 
 273      9F7A577A 
 273      7D4834EE 
 274 072f A7C5AF65 		.ascii	"\247\305\257eo?\237\216\360\342\371t\230qw\244\\\270"
 274      6F3F9F8E 
 274      F0E2F974 
 274      987177A4 
 274      5CB8
 275 0741 A1B01CC3 		.ascii	"\241\260\034\303\210\256\363 \314}\210'p=\357.\031\321"
 275      88AEF320 
 275      CC7D8827 
 275      703DEF2E 
 275      19D1
 276 0753 ABF28353 		.ascii	"\253\362\203S\345\2745:\373]\350{i\373\215\030O\261"
 276      E5BC353A 
 276      FB5DE87B 
 276      69FB8D18 
 276      4FB1
 277 0765 BC6C9B4A 		.ascii	"\274l\233JLW\3428\007\252L5\017<r\370\350\250\320\255"
ARM GAS  C:\Users\ajink\AppData\Local\Temp\ccQFSQFs.s 			page 21


 277      4C57E238 
 277      07AA4C35 
 277      0F3C72F8 
 277      E8A8D0AD 
 278 0779 371634B4 		.ascii	"7\0264\264\240\270T\003\360\221K>:\312\273\243c\220"
 278      A0B85403 
 278      F0914B3E 
 278      3ACABBA3 
 278      6390
 279 078b 23F85961 		.ascii	"#\370YaE\234C\002\217\216#\236C\271\374G\344'\316\213"
 279      459C4302 
 279      8F8E239E 
 279      43B9FC47 
 279      E427CE8B 
 280 079f EA6A079C 		.ascii	"\352j\007\234\302\330j\262\216lWJ)/\233\225rr\231\316"
 280      C2D86AB2 
 280      8E6C574A 
 280      292F9B95 
 280      727299CE 
 281 07b3 B34A799E 		.ascii	"\263Jy\236\224\362\3434\345\003=EEn\370(\243y\234\224"
 281      94F2E334 
 281      E5033D45 
 281      456EF828 
 281      A3799C94 
 282 07c7 57C7531A 		.ascii	"W\307S\032}g\036\373\325"
 282      7D671EFB 
 282      D5
 283 07d0 D1282CA4 		.ascii	"\321(,\244U\223oE\221/Q\024P\012\351\340u\243\007/\272"
 283      55936F45 
 283      912F5114 
 283      500AE9E0 
 283      75A3072F 
 284 07e5 9F5A50CE 		.ascii	"\237ZP\316.\201s\210\272\373\325D'\273\201\310\211\372"
 284      2E817388 
 284      BAFBD544 
 284      27BB81C8 
 284      89FA
 285 07f7 6ABA35CE 		.ascii	"j\2725\316\361\355\311)\221\222S\314\222\323\226P\324"
 285      F1EDC929 
 285      919253CC 
 285      92D39650 
 285      D4
 286 0808 E56A9B9C 		.ascii	"\345j\233\234B\210J\021\215J)\015w\211\024\356\2311"
 286      42884A11 
 286      8D4A290D 
 286      778914EE 
 286      9931
 287 081a 53BBD236 		.ascii	"S\273\32269oE\327e\364\357U\342*\266\364\221\351\216"
 287      396F45D7 
 287      65F4EF55 
 287      E22AB6F4 
 287      91E98E
 288 082d D358CCC7 		.ascii	"\323X\314\307\351V\353|\224\211\371\200\037YV\\\345"
 288      E956EB7C 
 288      9489F980 
 288      1F59565C 
 288      E5
ARM GAS  C:\Users\ajink\AppData\Local\Temp\ccQFSQFs.s 			page 22


 289 083e 967C54D0 		.ascii	"\226|T\320|\264\351'\007\224\270\211\261\345\015%\345"
 289      7CB4E927 
 289      0794B889 
 289      B1E50D25 
 289      E5
 290 084f 3B48F9A8 		.ascii	";H\371\250]\273\317*\037\3447U\245U0+\245`V\321`>N\356"
 290      5DBBCF2A 
 290      1FE43755 
 290      A555302B 
 290      A56056D1 
 291 0867 FB45817B 		.ascii	"\373E\201{\030\315\344\360x\256\223\350\324K\273N\235"
 291      18CDE4F0 
 291      78AE93E8 
 291      D44BBB4E 
 291      9D
 292 0878 9FE5D409 		.ascii	"\237\345\324\011\213S'\371\2178G\255nmT\270\316q\315"
 292      8B5327F9 
 292      8F3847AD 
 292      6E6D54B8 
 292      CE71CD
 293 088b 37FFF00C 		.ascii	"7\377\360\014\344>\364\361\361\205\277\320-\341\233"
 293      E43EF4F1 
 293      F185BFD0 
 293      2DE19B
 294 089a C2A3B54B 		.ascii	"\302\243\265K}\243\265\276[B\"|\2651\241\276Z\235O("
 294      7DA3B5BE 
 294      5B42227C 
 294      B531A1BE 
 294      5A9D4F28 
 295 08ae E7A2FD51 		.ascii	"\347\242\375Q\253\013\217\324\250u\316\261\341Q:\377"
 295      AB0B8FD4 
 295      A875CEB1 
 295      E1513AFF 
 296 08be CFD43AB9 		.ascii	"\317\324:\271Z-57\207~\021LM\265\272\330\260\360\350"
 296      5A2D3537 
 296      877E114C 
 296      4DB5BAD8 
 296      B0F0E8
 297 08d1 605D7474 		.ascii	"`]tt\2046\370\207\250XO\332\362\014\211\211\364\324"
 297      8436F887 
 297      A8584FDA 
 297      F20C8989 
 297      F4D4
 298 08e3 446ED284 		.ascii	"Dn\322\204\205i\302\202?\361Y\356\031\340\347\377\351"
 298      8569C282 
 298      3FF159EE 
 298      19E0E7FF 
 298      E9
 299 08f4 3F970643 		.ascii	"?\227\006C\377\222\250\350(\315\022M\310\246\360\340"
 299      FF92A8E8 
 299      28CD124D 
 299      C8A6F0E0 
 300 0904 F0A8D088 		.ascii	"\360\250\320\210\3300Mpd\010pEi\202\325a\232\315!\261"
 300      D8304D70 
 300      64087045 
 300      6982D561 
 300      9ACD21B1 
ARM GAS  C:\Users\ajink\AppData\Local\Temp\ccQFSQFs.s 			page 23


 301 0918 113AB5EE 		.ascii	"\021:\265\356\307\255\032\255\317\026n\343\377t\032"
 301      C7AD1AAD 
 301      CF166EE3 
 301      FF741A
 302 0927 5851B05A 		.ascii	"XQ\260Z\253\013\2035\000\367\307\277\017@\214\316W\304"
 302      AB0B8335 
 302      00F7C7BF 
 302      0F408CCE 
 302      57C4
 303 0939 423759BF 		.ascii	"B7Y\277\350\206B\253\013\322\205\304\350VF\000\361\034"
 303      E88642AB 
 303      0BD285C4 
 303      E8564600 
 303      F11C
 304 094b A2446FA5 		.ascii	"\242Do\245m9\2645:\251\271FcF\250#\"\302\324\341\020"
 304      6D39B435 
 304      3AA9B946 
 304      6346A823 
 304      22C2D4E1 
 305 0960 ED4FED87 		.ascii	"\355O\355\207ykt\214N\353\033\264a\335\322\000\337\257"
 305      796B748C 
 305      4EEB1BB4 
 305      61DDD200 
 305      DFAF
 306 0972 BF5EE5BB 		.ascii	"\277^\345\273a\355\272\177\371\3732;\230\020\030\"\227"
 306      61EDBA7F 
 306      F9FB323B 
 306      98101822 
 306      97
 307 0983 06A821FE 		.ascii	"\006\250!\376b\370\211\"\206\2374q\240\312\037$@\026"
 307      62F88922 
 307      869F3471 
 307      A0CA1F24 
 307      4016
 308 0995 B42E5025 		.ascii	"\264.P%[\265v\265\212\017R\341\325kT\016\201\201\353"
 308      5BB576B5 
 308      8A0F52E1 
 308      D56B540E 
 308      8181EB
 309 09a8 54FEF47F 		.ascii	"T\376\364\177\200,0p\265\012\007~\263\001\257\017\012"
 309      802C3070 
 309      B50A077E 
 309      B301AF0F 
 309      0A
 310 09b9 C42B552A 		.ascii	"\304+U*\254\012\004\035\014\376\276j\203\012\257\"\226"
 310      AC0A041D 
 310      0CFEBE6A 
 310      830AAF22 
 310      96
 311 09ca EB56AAF8 		.ascii	"\353V\252\370o\231\325R\300\177\247\372\374\317\371"
 311      6F99D552 
 311      C07FA7FA 
 311      FCCFF9
 312 09d9 2B7A092E 		.ascii	"+z\011.\273\213\213\326\222@\251CH\034d\241[Bb\234\325"
 312      BB8B8BD6 
 312      9240A943 
 312      481C64A1 
ARM GAS  C:\Users\ajink\AppData\Local\Temp\ccQFSQFs.s 			page 24


 312      5B42629C 
 313 09ee EACDB151 		.ascii	"\352\315\261Q\241j\265\253\324\360Y\346\277l\371<3<"
 313      A16AB5AB 
 313      D4F059E6 
 313      BF6CF93C 
 313      333C
 314 0a00 7A2B43CF 		.ascii	"z+C\317\225z4\242\271\265\301\347\237I\303?\330\033"
 314      957A34A2 
 314      B9B5C1E7 
 314      9F49C33F 
 314      D81B
 315 0a12 5EEEF71F 		.ascii	"^\356\367\037%~\034w"
 315      257E1C77 
 316              		.text
 317              		.section	.gnu.lto_.symtab.ac999ed7,"",%progbits
 318 0000 7374496E 		.ascii	"stInit\000\000\000\000\000\000\000\000\000\000\000\000"
 318      69740000 
 318      00000000 
 318      00000000 
 318      0000
 319 0012 AC000000 		.ascii	"\254\000\000\000stStartAlarm\000\000\000\000\000\000"
 319      73745374 
 319      61727441 
 319      6C61726D 
 319      00000000 
 320 0028 00000000 		.ascii	"\000\000\000\000\000\000\275\000\000\000stStopAlarm"
 320      0000BD00 
 320      00007374 
 320      53746F70 
 320      416C6172 
 321 003d 00000000 		.ascii	"\000\000\000\000\000\000\000\000\000\000\000\000\277"
 321      00000000 
 321      00000000 
 321      BF
 322 004a 00000073 		.ascii	"\000\000\000stSetAlarm\000\000\000\000\000\000\000\000"
 322      74536574 
 322      416C6172 
 322      6D000000 
 322      00000000 
 323 005f 00000000 		.ascii	"\000\000\000\000\301\000\000\000stGetAlarm\000\000\000"
 323      C1000000 
 323      73744765 
 323      74416C61 
 323      726D0000 
 324 0074 00000000 		.ascii	"\000\000\000\000\000\000\000\000\000\304\000\000\000"
 324      00000000 
 324      00C40000 
 324      00
 325 0081 73745F6C 		.ascii	"st_lld_init\000\000\002\000\000\000\000\000\000\000"
 325      6C645F69 
 325      6E697400 
 325      00020000 
 325      00000000 
 326 0096 0000C600 		.ascii	"\000\000\306\000\000\000"
 326      0000
 327              		.text
 328              		.section	.gnu.lto_.opts,"",%progbits
ARM GAS  C:\Users\ajink\AppData\Local\Temp\ccQFSQFs.s 			page 25


 329 0000 272D666E 		.ascii	"'-fno-trapv' '-mcpu=cortex-m3' '-mno-thumb-interwor"
 329      6F2D7472 
 329      61707627 
 329      20272D6D 
 329      6370753D 
 330 0033 6B272027 		.ascii	"k' '-mthumb' '-ggdb' '-O2' '-fomit-frame-pointer' '"
 330      2D6D7468 
 330      756D6227 
 330      20272D67 
 330      67646227 
 331 0066 2D66616C 		.ascii	"-falign-functions=16' '-ffunction-sections' '-fdata"
 331      69676E2D 
 331      66756E63 
 331      74696F6E 
 331      733D3136 
 332 0099 2D736563 		.ascii	"-sections' '-fno-common' '-flto'\000"
 332      74696F6E 
 332      73272027 
 332      2D666E6F 
 332      2D636F6D 
 333              		.text
 334              		.comm	__gnu_lto_v1,1,1
 335              		.comm	__gnu_lto_slim,1,1
 336              		.ident	"GCC: (GNU Tools for ARM Embedded Processors) 4.9.3 20150529 (release) [ARM/embedded-4_9-br
ARM GAS  C:\Users\ajink\AppData\Local\Temp\ccQFSQFs.s 			page 26


DEFINED SYMBOLS
                            *ABS*:00000000 st.c
                            *COM*:00000001 __gnu_lto_v1
                            *COM*:00000001 __gnu_lto_slim

NO UNDEFINED SYMBOLS
