ARM GAS  C:\Users\ajink\AppData\Local\Temp\cco9ex9Y.s 			page 1


   1              		.syntax unified
   2              		.cpu cortex-m3
   3              		.fpu softvfp
   4              		.eabi_attribute 20, 1
   5              		.eabi_attribute 21, 1
   6              		.eabi_attribute 23, 3
   7              		.eabi_attribute 24, 1
   8              		.eabi_attribute 25, 1
   9              		.eabi_attribute 26, 1
  10              		.eabi_attribute 30, 2
  11              		.eabi_attribute 34, 1
  12              		.eabi_attribute 18, 4
  13              		.thumb
  14              		.file	"uartif.c"
  15              		.text
  16              	.Ltext0:
  17              		.section	.gnu.lto_.profile.ac9062ee,"",%progbits
  18 0000 789C6366 		.ascii	"x\234cf```a\200\000F\006[a\000\001\001\000Y"
  18      60606061 
  18      80004606 
  18      5B610001 
  18      010059
  19              		.text
  20              		.section	.gnu.lto_.jmpfuncs.ac9062ee,"",%progbits
  21 0000 789C6366 		.ascii	"x\234cf\300\016\256\0011?\020\2631022\0001\220`b\002"
  21      C00EAE01 
  21      313F10B3 
  21      31303232 
  21      00319060 
  22 0016 910CCC20 		.ascii	"\221\014\314 \222\005\310fb\250\007\211\002\321G&\306"
  22      9205C866 
  22      62A80789 
  22      02D14726 
  22      C6
  23 0027 E3735F6C 		.ascii	"\343s_lby\301\364\223\211\201\221\201q9\243\024P#\003"
  23      6279C1F4 
  23      93898191 
  23      817139A3 
  23      14502303 
  24 003b 334862DE 		.ascii	"3Hb\336\345\276uL\265\277\033:\0328~21\376\005*g`\\"
  24      E5BE754C 
  24      B5BF1B3A 
  24      1A387E32 
  24      31FE052A 
  25 0052 C1580BD6 		.ascii	"\301X\013\326tn\367\206\307\334 ML\274\014\214+\201"
  25      746EF786 
  25      C7DC204D 
  25      4CBC0C8C 
  25      2B81
  26 0064 9A408217 		.ascii	"\232@\202\027_,6\220g\234\3330C\341'\0233\003P\340\347"
  26      5F2C3690 
  26      679CDB30 
  26      43E12713 
  26      330350E0 
  27 0079 FAEB9B39 		.ascii	"\372\353\2339\200&\314\000\231\300\302\270\212Q\036"
  27      8026CC00 
  27      99C0C2B8 
ARM GAS  C:\Users\ajink\AppData\Local\Temp\cco9ex9Y.s 			page 2


  27      8A511E
  28 0088 68C46A90 		.ascii	"h\304j\220\021\270\314_\0035\037E\216\365/\023\310'"
  28      11B8CC5F 
  28      03351F45 
  28      8EF52F13 
  28      C827
  29 009a 6B81720C 		.ascii	"k\201r\014|\301%\211E%\231y\351zzz\274\\\014\000\350"
  29      7CC12589 
  29      45259979 
  29      E97A7A7A 
  29      BC5C0C00 
  30 00af 2F4132   		.ascii	"/A2"
  31              		.text
  32              		.section	.gnu.lto_.inline.ac9062ee,"",%progbits
  33 0000 789C6366 		.ascii	"x\234cf\300\016&Bi6\006\006f&F\006&\020s\201<\210b`"
  33      C00E2642 
  33      69360606 
  33      66264606 
  33      26107381 
  34 0018 C41061C2 		.ascii	"\304\020a\302\020a\306\020aa\340\224b\004\002\240j\246"
  34      1061C610 
  34      6161E094 
  34      620402A0 
  34      6AA6
  35 002a 0BFC08AD 		.ascii	"\013\374\010\255\334@\003'\3701\363\000\231\023\374"
  35      DC400327 
  35      F831F300 
  35      9913FC
  36 0039 80D67149 		.ascii	"\200\326qI\243\351\343\005\231\006\304 \025@\032\000"
  36      A3E9E305 
  36      9906C420 
  36      15401A00 
  37 0049 86DE08A7 		.ascii	"\206\336\010\247"
  38              		.text
  39              		.section	.gnu.lto_.pureconst.ac9062ee,"",%progbits
  40 0000 789C6366 		.ascii	"x\234cf``\340e\200\0006\006\006F\006&\006f\006\026\011"
  40      6060E065 
  40      80003606 
  40      06460626 
  40      06660616 
  41 0015 36090002 		.ascii	"6\011\000\002k\000W"
  41      6B0057
  42              		.text
  43              		.section	.gnu.lto_txend1.ac9062ee,"",%progbits
  44 0000 789C6366 		.ascii	"x\234cf\300\004R@|\012\210\005\201\230\221\231\201\221"
  44      C0045240 
  44      7C0A8805 
  44      81989199 
  44      8191
  45 0012 69C23906 		.ascii	"i\3029\006\206F\016&FF\020\203\201\221\241\236\211\261"
  45      86460E26 
  45      46461083 
  45      8191A19E 
  45      89B1
  46 0024 9EF125D3 		.ascii	"\236\361%\323G&\306\011\007V\317\340V_\332\320\320\360"
  46      4726C609 
  46      0756CFE0 
ARM GAS  C:\Users\ajink\AppData\Local\Temp\cco9ex9Y.s 			page 3


  46      565FDAD0 
  46      D0F0
  47 0036 E1D26AF6 		.ascii	"\341\322j\366V\211\237L\014\014\237\231 \3060.gT\007"
  47      56899F4C 
  47      0C0C9F99 
  47      20C6302E 
  47      675407
  48 0049 2AB936EF 		.ascii	"*\2716\357`&3\017#\003\220\271s\335\227\263\334/\230"
  48      6026330F 
  48      230390B9 
  48      73DD97B3 
  48      DC2F98
  49 005c 7E32312A 		.ascii	"~21*\200\270\273&\235\230\301\006\3422\261\200\270?"
  49      80B8BB26 
  49      9D98C106 
  49      E232B180 
  49      B83F
  50 006e DECE5ECB 		.ascii	"\336\316^\313\244\272\270\241\241\351\300\211M\015\016"
  50      A4BAB8A1 
  50      A1E9C089 
  50      4D0D0E
  51 007d 2C3F9998 		.ascii	",?\231\230\031W02\003\215c\\\311(\305\270\212Q\212\001"
  51      19573032 
  51      038D635C 
  51      C928C5B8 
  51      8A518A01 
  52 0091 28C4C0B8 		.ascii	"(\304\300\270\232Q\025\244\374c\313\337\353\334l-@\253"
  52      9A5115A4 
  52      FC63CBDF 
  52      EBDC6C2D 
  52      40AB
  53 00a3 05205632 		.ascii	"\005 V2\256adc\004\322\353\205\0164\374\377\377x\371"
  53      AE616463 
  53      04D2EB85 
  53      0E34FCFF 
  53      FF78F9
  54 00b6 1A5DA0E8 		.ascii	"\032]\240\350\023 \006\271\372)\023\023\210f\276\307"
  54      132006B9 
  54      FA291313 
  54      8866BEC7 
  55 00c6 C8085207 		.ascii	"\310\010R\007r\337\023&F\220\020P\001gibQIf\232^2\003"
  55      72DF1326 
  55      46901050 
  55      01676962 
  55      5149669A 
  56 00dd 2B885500 		.ascii	"+\210U\000\000\351\355L\333"
  56      00E9ED4C 
  56      DB
  57              		.text
  58              		.section	.gnu.lto_txend2.ac9062ee,"",%progbits
  59 0000 789C6366 		.ascii	"x\234cf\300\004R@|\032\210\005\201\230\221\231\201\221"
  59      C0045240 
  59      7C1A8805 
  59      81989199 
  59      8191
  60 0012 69C23906 		.ascii	"i\3029\006\206F\016&FF\020\203\201\221\241\236\211\261"
  60      86460E26 
ARM GAS  C:\Users\ajink\AppData\Local\Temp\cco9ex9Y.s 			page 4


  60      46461083 
  60      8191A19E 
  60      89B1
  61 0024 9EF125D3 		.ascii	"\236\361%\323G&\306\011\007V\317\340V_\332\320\320\360"
  61      4726C609 
  61      0756CFE0 
  61      565FDAD0 
  61      D0F0
  62 0036 E1D35AF6 		.ascii	"\341\323Z\366V\211\237L\014\014\237\231 \3060.gT\007"
  62      56899F4C 
  62      0C0C9F99 
  62      20C6302E 
  62      675407
  63 0049 2AB936EF 		.ascii	"*\2716\357`&3\017#\003\220\271s\335\227\263\334/\230"
  63      6026330F 
  63      230390B9 
  63      73DD97B3 
  63      DC2F98
  64 005c 7E32312A 		.ascii	"~21*\200\270\273&\235\230\301\006\3422\261\200\270?"
  64      80B8BB26 
  64      9D98C106 
  64      E232B180 
  64      B83F
  65 006e DECE5ECB 		.ascii	"\336\316^\313\244\272\270\241\241\351\300\211M\015\016"
  65      A4BAB8A1 
  65      A1E9C089 
  65      4D0D0E
  66 007d 2C3F9998 		.ascii	",?\231\230\031W02\003\215c\\\311(\305\270\212Q\212\001"
  66      19573032 
  66      038D635C 
  66      C928C5B8 
  66      8A518A01 
  67 0091 28C4C0B8 		.ascii	"(\304\300\270\232Q\025\244\374c\313\337\353\334l-@\253"
  67      9A5115A4 
  67      FC63CBDF 
  67      EBDC6C2D 
  67      40AB
  68 00a3 05205632 		.ascii	"\005 V2\256adc\004\322\353\205\0164\374\377\377xy\317"
  68      AE616463 
  68      04D2EB85 
  68      0E34FCFF 
  68      FF7879CF 
  69 00b7 4616A0F0 		.ascii	"F\026\240\360\023 \0069\373)\023\023\210f\276\307\310"
  69      13200639 
  69      FB291313 
  69      8866BEC7 
  69      C8
  70 00c8 08520872 		.ascii	"\010R\010r\340\023&F\220\020P\001gibQIf\232^2\003+\210"
  70      E0132646 
  70      90105001 
  70      67696251 
  70      49669A5E 
  71 00e0 5500005C 		.ascii	"U\000\000\\\226Mf"
  71      964D66
  72              		.text
  73              		.section	.gnu.lto_rxerr.ac9062ee,"",%progbits
  74 0000 789C654F 		.ascii	"x\234eO=K\003Q\020\334\331\367<\324\263\220\330]\225"
ARM GAS  C:\Users\ajink\AppData\Local\Temp\cco9ex9Y.s 			page 5


  74      3D4B0351 
  74      10DCD9F7 
  74      3CD4B390 
  74      D85D95
  75 0013 E648E76F 		.ascii	"\346H\347o\360\247(\242\220N$\326y\206\374\200C,\016"
  75      F0A728A2 
  75      904E24D6 
  75      7986FC80 
  75      432C0E
  76 0026 041B9168 		.ascii	"\004\033\221h\276D\005AA<!E\232Xj#\026\032A\005\301"
  76      BE440541 
  76      413C2145 
  76      9A586A23 
  76      161A4105 
  77 003b 23165E21 		.ascii	"#\026^!q\327\353ta\331\231af\3315\364\277\002i\017D"
  77      71D7EB74 
  77      61D99961 
  77      66D935F4 
  77      BF02690F 
  78 0050 73326108 		.ascii	"s2a\010\034\335\020mN2\240\200@UF\025\257\2342\242\244"
  78      1CDD106D 
  78      4E32A080 
  78      40554615 
  78      AF9C32A2 
  79 0065 15FBA57D 		.ascii	"\025\373\245}\347\334\307\343q\305m/fL4\342|\017\032"
  79      E7DCC7E3 
  79      71C56D2F 
  79      664C34E2 
  79      7C0F1A
  80 0078 2889E776 		.ascii	"(\211\347v\367\272lf@\002\317\273\237\003\377\2053F"
  80      F7BA6C66 
  80      4002CFBB 
  80      9F03FF85 
  80      3346
  81 008a 51E9C556 		.ascii	"Q\351\305V?\366\224\262U\372\365\276\323\341p\317\271"
  81      3FF694B2 
  81      55FAF5BE 
  81      D3E170CF 
  81      B9
  82 009b 5A7275E2 		.ascii	"Zru\342\026l\306\006\0070\262\016\207\010\320D@\"\021"
  82      166CC606 
  82      0730B20E 
  82      8708D044 
  82      402211
  83 00ae 5A08C57D 		.ascii	"Z\010\305}\177\231\366\246M\341wo\0265b\223'\337\362"
  83      7F99F6A6 
  83      4DE1776F 
  83      16356293 
  83      27DFF2
  84 00c1 A445FB6F 		.ascii	"\244E\373o\322\022:\010\325\236\326\277\357|\257.W\317"
  84      D2123A08 
  84      D59ED6BF 
  84      EF7CAF2E 
  84      57CF
  85 00d3 E6C7A20B 		.ascii	"\346\307\242\013}\230\216\012\211\033\217\237\316\332"
  85      7D988E0A 
  85      891B8F9F 
ARM GAS  C:\Users\ajink\AppData\Local\Temp\cco9ex9Y.s 			page 6


  85      CEDA
  86 00e1 A756E4A1 		.ascii	"\247V\344\241\264~\374\314\254\323<\000j\324\327\206"
  86      B47EFCCC 
  86      ACD33C00 
  86      6AD4D786 
  87 00f1 0C95C430 		.ascii	"\014\225\3040\265\261\264^)\257\316/\323\204\2425\254"
  87      B5B1B45E 
  87      29AFCE2F 
  87      D384A235 
  87      AC
  88 0102 FC0088FD 		.ascii	"\374\000\210\375a\374"
  88      61FC
  89              		.text
  90              		.section	.gnu.lto_rxend.ac9062ee,"",%progbits
  91 0000 789C654E 		.ascii	"x\234eN\275j\002a\020\334\331\357<\014g\241)\257J#v"
  91      BD6A0261 
  91      10DCD9EF 
  91      3C0C67A1 
  91      29AF4A23 
  92 0015 79061F45 		.ascii	"y\006\037E\021\002v\"\246\3663\370\000\"\026B \215\210"
  92      11027622 
  92      A6F633F8 
  92      00221642 
  92      208D88
  93 0028 7F8982DD 		.ascii	"\177\211\202\335\331x\351R\230\224\332\245R\320BPb\341"
  93      D978E952 
  93      9894DAA5 
  93      52D04250 
  93      62E1
  94 003a 15C1EC62 		.ascii	"\025\301\354b\231\205ag\206av\015\375\037_\260\020\244"
  94      99856167 
  94      8661760D 
  94      FD1F5FB0 
  94      10A4
  95 004c 0430046E 		.ascii	"\0040\004n|\021\325\342\014(!P\225Q\305\216\217\214"
  95      7C11D5E2 
  95      0C282150 
  95      9551C58E 
  95      8F8C
  96 005e 46386A7B 		.ascii	"F8j{\231\256\265\366\320\014*\266\225\213\230\350\207"
  96      99AEB5F6 
  96      D00C2AB6 
  96      958B98E8 
  96      87
  97 006f AF3DE821 		.ascii	"\257=\350!#\231\345\313{\321$@B\203\361\351\323\333"
  97      2399E5CB 
  97      7BD12440 
  97      4283F1E9 
  97      D3DB
  98 0081 72C4B853 		.ascii	"r\304\270S9k~\264]\225\354\250<\357\237\3378\335\261"
  98      396B7EB4 
  98      5D95ECA8 
  98      3CEF9FDF 
  98      38DDB1
  99 0094 F6299C4F 		.ascii	"\366)\234Om\326\211\330\240\017#u\030\300\307\020>\211"
  99      6DD689D8 
  99      A00F2375 
ARM GAS  C:\Users\ajink\AppData\Local\Temp\cco9ex9Y.s 			page 7


  99      18C0C710 
  99      3E89
 100 00a6 451821AD 		.ascii	"E\030!\255\361c\375w\345\271u\271\235\274\236\304+\\"
 100      F163FD77 
 100      E5B975B9 
 100      9DBC9EC4 
 100      2B5C
 101 00b8 C89EDC86 		.ascii	"\310\236\334\206\366r\351\364\026\201#\366Z\240\177"
 101      F672E9F4 
 101      168123F6 
 101      5AA07F
 102 00c7 6F98759B 		.ascii	"o\230u\233o@\203\372\340\232\241\226\004n\036\363\345"
 102      6F4083FA 
 102      E09AA196 
 102      046E1EF3 
 102      E5
 103 00d8 4AF1E1BE 		.ascii	"J\361\341\276@1e\245?%FNV"
 103      403165A5 
 103      3F25464E 
 103      56
 104              		.text
 105              		.section	.gnu.lto_rxchar.ac9062ee,"",%progbits
 106 0000 789C6D90 		.ascii	"x\234m\220OK[Q\020\305\347\314\373\223h\002\212\356"
 106      4F4B5B51 
 106      10C5E7CC 
 106      FB936802 
 106      8AEE
 107 0012 DEAA9BE0 		.ascii	"\336\252\233\340N\360\033d\325\317\321\"\010\356\212"
 107      4EF01B64 
 107      D5CFD122 
 107      08EE8A
 108 0021 A4CBE07D 		.ascii	"\244\313\340}1\240+\011\342\"4\306M)\265Z\243I\215\242"
 108      31A02B09 
 108      E22234C6 
 108      4D29B55A 
 108      A3498DA2 
 109 0035 ABB8AAD0 		.ascii	"\253\270\252\320\332R\012\211\250X\250\012i\241`\210"
 109      DA520A89 
 109      A858A80A 
 109      69A16088 
 110 0045 601E25A4 		.ascii	"`\036%\2443\357\355\332>x\3349\303\231\337\235s-\372"
 110      33EFEDDA 
 110      3E78DC39 
 110      C399DF9D 
 110      732DFA
 111 0058 F7F3E477 		.ascii	"\367\363\344w\230h\\NX\004.|\"\362\343\014hA\240y\306"
 111      98685C4E 
 111      58042E7C 
 111      22F2E30C 
 111      6841A079 
 112 006d 3C7E7087 		.ascii	"<~p\207Qhl\025\023\023\257\2141w\271z\306\254>\011d"
 112      51686C15 
 112      1313AF8C 
 112      3177B97A 
 112      C6AC3E09 
 113 0082 AECB1107 		.ascii	"\256\313\021\007\2571!\236\346\372\361\254\225\004I"
 113      AF31219E 
ARM GAS  C:\Users\ajink\AppData\Local\Temp\cco9ex9Y.s 			page 8


 113      E6FAF1AC 
 113      950449
 114 0091 7958B93F 		.ascii	"yX\271?M\2649`<Ry\264rRtU\262\255\262\367\253\264\315"
 114      4DB43960 
 114      3C5279B4 
 114      72527455 
 114      B2ADB2F7 
 115 00a8 A997C6E4 		.ascii	"\251\227\306\344\032'5\223\266\003\266\260\001Kpx\003"
 115      1A273593 
 115      B603B6B0 
 115      014B7078 
 115      03
 116 00b9 0F9BF048 		.ascii	"\017\233\360HZ\204-\244\304\355\027\3666G\254\261\220"
 116      5A842DA4 
 116      C4ED17F6 
 116      3647ACB1 
 116      90
 117 00ca FBE17BAF 		.ascii	"\373\341{\257\233\014\271\243*_\264n\357\255\220\313"
 117      9B0CB9A3 
 117      2A5FB46E 
 117      EFAD90CB 
 118 00da 2A2F16CE 		.ascii	"*/\026\316\316\335\210\333\3365i\351\333x\033q\267\205"
 118      CEDD88DB 
 118      DE3569E9 
 118      DB781B71 
 118      B785
 119 00ec 5B09B936 		.ascii	"[\011\2716a\007)\265w\362\375V\302\315K\246\321(\012"
 119      610729B5 
 119      77F2FD56 
 119      C2CD4BA6 
 119      D1280A
 120 00ff 76E142CE 		.ascii	"v\341B\316\235\261\206\031\014\256\353\037\017\354\030"
 120      9DB18619 
 120      0CAEEB1F 
 120      0FEC18
 121 010e CB886343 		.ascii	"\313\210cCg\034)]\242\033\261\352\373\334\312\245rZ"
 121      671C295D 
 121      A21BB1EA 
 121      FBDCCAA5 
 121      725A
 122 0120 E7C8AD54 		.ascii	"\347\310\255T\233S:\374\300\372V\353_\227+\234\375m"
 122      9B533AFC 
 122      C0FA56EB 
 122      5F972B9C 
 122      FD6D
 123 0132 964C3CE0 		.ascii	"\226L<\340X_\311\322\375v\363\371K\\w\215\205r\303\317"
 123      585FC9D2 
 123      FD76F3F9 
 123      4B5C778D 
 123      8572C3CF 
 124 0146 AFA18C92 		.ascii	"\257\241\214\222o\324\345\240\212,j\262 \341\235\264"
 124      6FD4E5A0 
 124      8A2C6AB2 
 124      20E19DB4 
 125 0156 E9128E02 		.ascii	"\351\022\216\002\351o\\\274\313\262!\366\220\245\350"
 125      E96F5CBC 
 125      CBB221F6 
ARM GAS  C:\Users\ajink\AppData\Local\Temp\cco9ex9Y.s 			page 9


 125      90A5E8
 126 0165 B2F7E576 		.ascii	"\262\367\345v\315V\354\020\010ux\001\017\223lt\266\370"
 126      CD56EC10 
 126      08757801 
 126      0F936C74 
 126      B6F8
 127 0177 D38B3672 		.ascii	"\323\2136r\036$\362%\354\377\342\022]\011A\330\017q"
 127      1E24F225 
 127      ECFFE212 
 127      5D0941D8 
 127      0F71
 128 0189 4EC049BA 		.ascii	"N\300I\272\202\337\010\036\207f\322\254\320\214\342"
 128      82DF081E 
 128      8766D2AC 
 128      D08CE2
 129 0198 197AFE74 		.ascii	"\031z\376t.3;39M\216V\3170\375\007#\303\272\031"
 129      2E333B33 
 129      394D8E56 
 129      CF30FD07 
 129      23C3BA19 
 130              		.text
 131              		.section	.gnu.lto_InitUART.ac9062ee,"",%progbits
 132 0000 789C7D91 		.ascii	"x\234}\221\275K#a\020\306\347\231\254\353j\022\221+"
 132      BD4B2361 
 132      10C6E799 
 132      ACEB6A12 
 132      912B
 133 0012 D36867B7 		.ascii	"\323hg\267\370\027\034vgoa-\202r\315\025\242\345\342"
 133      F8171C76 
 133      676F612D 
 133      8272CD15 
 133      A2E5E2
 134 0025 9B238A95 		.ascii	"\233#\212\225\034\026\0228\265\0211\347G\242\347\267"
 134      1C161238 
 134      B51131E7 
 134      47A2E7B7 
 135 0035 166EA78D 		.ascii	"\026n\247\215\036\242`\223;\013#h\227\020-\326\020t"
 135      1EA26093 
 135      3B0B2368 
 135      97102DD6 
 135      1074
 136 0047 6605F1E3 		.ascii	"f\005\361\343\342\302\313\2743\363\314of\366\215\320"
 136      E2C2CBBC 
 136      33F3CC6F 
 136      66F68DD0 
 137 0057 FB2F21A7 		.ascii	"\373/!\247\203\237,\"\004\376qL\224t\030\320\013\201"
 137      839F2C22 
 137      04FE714C 
 137      947418D0 
 137      0B81
 138 0069 8619C3B8 		.ascii	"\206\031\303\270\341\022c'{{\024\275\346\200\251\225"
 138      E1126327 
 138      7B7B14BD 
 138      E680A995 
 139 0079 C4DD9D38 		.ascii	"\304\335\2358L\333\352\302R\2672W\274\261\333\346\214"
 139      4CDBEAC2 
 139      52B73257 
ARM GAS  C:\Users\ajink\AppData\Local\Temp\cco9ex9Y.s 			page 10


 139      BCB1DBE6 
 139      8C
 140 008a 31C5EFFB 		.ascii	"1\305\357\373g\261\221\316\200\231\312L\230G\002\031"
 140      67B191CE 
 140      8099CA4C 
 140      98470219 
 141 009a 84FC5F68 		.ascii	"\204\374_hSi)U=\217\332)\2216\253B\022\013\260!6\367"
 141      53692955 
 141      3D8FDA29 
 141      9136AB42 
 141      120BB021 
 142 00b0 C9370F0F 		.ascii	"\3117\017\017\263\223\371}\313\"*HJ\207\270\022\220"
 142      B393F97D 
 142      CB222A48 
 142      4A87B812 
 142      90
 143 00c1 D8481E23 		.ascii	"\330H\036#\376\335\001T\254\224\231\323\361,{\0253f"
 143      FEDD0154 
 143      AC9499D3 
 143      F12C7B15 
 143      3366
 144 00d3 9C802365 		.ascii	"\234\200#e\026\000\026\341\275KYUm!\321\213\302\237"
 144      160016E1 
 144      BD4B5955 
 144      6D21D18B 
 144      C29F
 145 00e5 134707B6 		.ascii	"\023G\007\266B7\223LMa\032?\223FUuX\202\207e\235Sr\177"
 145      4237934C 
 145      4D611A3F 
 145      93465575 
 145      58828765 
 146 00fd 0BF7DD52 		.ascii	"\013\367\335R\257\325\310\212(\354\211\034\274\267p"
 146      AFD5C88A 
 146      28EC891C 
 146      BCB770
 147 010c BBAA7D5F 		.ascii	"\273\252}_\302\355\377\300\353\261\"\360\325\327\360"
 147      C2EDFFC0 
 147      EBB122F0 
 147      D5D7F0
 148 011b 31E3BB22 		.ascii	"1\343\273\"\307\357g\376\032\274\200\035\312c\324\017"
 148      C7EF67FE 
 148      1ABC801D 
 148      CA63D40F 
 149 012b 6AECD950 		.ascii	"j\354\331P\226\237AX\377h\317\267\213m\324Xl\363\271"
 149      969F4158 
 149      FF68CFB7 
 149      8B6DD458 
 149      6CF3B9
 150 013e F156B8D8 		.ascii	"\361V\270\330\361\336\312e\370\276\215q\3026\022\022"
 150      F1DECA65 
 150      F8BE8D71 
 150      C2361212 
 151 014e 3AB99E6D 		.ascii	":\271\236mo\211M\233tk\300Q\255\017r\347k\216\000\322"
 151      6F894D9B 
 151      746BC051 
 151      AD0F72E7 
 151      6B8E00D2 
ARM GAS  C:\Users\ajink\AppData\Local\Temp\cco9ex9Y.s 			page 11


 152 0162 C6FF1C70 		.ascii	"\306\377\034p\014;hyB\354\352\354q\372\207\244_\371"
 152      0C3B6879 
 152      42ECEAEC 
 152      71FA87A4 
 152      5FF9
 153 0174 1286485F 		.ascii	"\022\206H_\020\372r2W\303P\317\300\340\327>\267\227"
 153      10FA7232 
 153      57C350CF 
 153      C0E0D73E 
 153      B797
 154 0186 9ABA06F5 		.ascii	"\232\272\006\365\372\255\337u\335x#=\002\000\356\333"
 154      FAADDF75 
 154      DD78233D 
 154      0200EEDB 
 155 0196 B7       		.ascii	"\267"
 156              		.text
 157              		.section	.gnu.lto_.symbol_nodes.ac9062ee,"",%progbits
 158 0000 789C55C9 		.ascii	"x\234U\3119\016\3020\024\204\341\231g;8\220\202\033"
 158      390EC230 
 158      1484E199 
 158      673B3890 
 158      821B
 159 0012 4F0A0A4A 		.ascii	"O\012\012J\016\200P\012\012\016B\215\330\367\002\304"
 159      0E80500A 
 159      0A0E428D 
 159      D8F702C4 
 160 0022 3D106193 		.ascii	"=\020a\223\354\327<\375\3378\000\017\374\316\226\024"
 160      ECD73CFD 
 160      DF38000F 
 160      FCCE9614 
 161 0032 305A0012 		.ascii	"0Z\000\022\306\263a\005[Q\314eMY.[\312\345\262\241|"
 161      C6B36105 
 161      5B51CC65 
 161      4D592E5B 
 161      CAE5B2A1 
 162 0047 26E14CEB 		.ascii	"&\341L\353\013\266\247\302\177\2304\021\341H\264\036"
 162      0BB6A7C2 
 162      7F983411 
 162      E148B41E 
 163 0057 76646372 		.ascii	"vdcr\274R\305wG]G\360Bu\322>Q1\355\003U&\355|\027\363"
 163      BC52C577 
 163      475D47F0 
 163      4275D23E 
 163      5131ED03 
 164 0071 DB93CE97 		.ascii	"\333\223\316\227\030\334\333_T\230\276\273\350}\034"
 164      18DCDB5F 
 164      5498BEBB 
 164      E87D1C
 165 0080 2F0C9942 		.ascii	"/\014\231B\012"
 165      0A
 166              		.text
 167              		.section	.gnu.lto_.refs.ac9062ee,"",%progbits
 168 0000 789C25C1 		.ascii	"x\234%\301\301\001\000 \010\003\261\366\012\302\022"
 168      C1010020 
 168      0803B1F6 
 168      0AC212
 169 000f EEBFA60F 		.ascii	"\356\277\246\017\223H\272\372\\j\3470f\315\320\2130"
ARM GAS  C:\Users\ajink\AppData\Local\Temp\cco9ex9Y.s 			page 12


 169      9348BAFA 
 169      5C6AE730 
 169      66CDD08B 
 169      30
 170 0020 A1400F0A 		.ascii	"\241@\017\012#\000v"
 170      230076
 171              		.text
 172              		.section	.gnu.lto_.decls.ac9062ee,"",%progbits
 173 0000 789CB53B 		.ascii	"x\234\265;\013PTW\226}\373\276\376\3204\220\012\331"
 173      0B505457 
 173      967DFBBE 
 173      FED03490 
 173      0AD9
 174 0012 64CACAD4 		.ascii	"d\312\312\3248N\206\315d\223\030u&\311Lm\325$\213N>"
 174      384E86CD 
 174      64931875 
 174      26C94C6D 
 174      D5248B4E 
 175 0027 93DFAA99 		.ascii	"\223\337\252\231\335\251\270\325\203\320*\031~\323\264"
 175      DDA9B8D5 
 175      83D02A19 
 175      7ED3B4
 176 0036 91ECD6D4 		.ascii	"\221\354\326\324>\001\021P>\342\207\217\"\215 \202\242"
 176      3E011150 
 176      3EE2878F 
 176      228D2082 
 176      A2
 177 0047 7C455040 		.ascii	"|EP@\004E\020EE>*\002\315G\005?\210\212\202\"\262\347"
 177      04451045 
 177      453E2A02 
 177      CD47053F 
 177      888A8222 
 178 005d DEFBBADF 		.ascii	"\336\373\272\337\353\346\241\331\331\331.\017\357\235"
 178      EBE6A1D9 
 178      D9D92E0F 
 178      EF9D
 179 006b 7BCF3DFF 		.ascii	"{\317=\377{\356}\367=\261B\241xI\251PL\301\357\350{"
 179      7BEE7DF7 
 179      3DB142A1 
 179      7849A950 
 179      4CC1EFE8 
 180 0080 0AC5975A 		.ascii	"\012\305\227Z\205B\003m_\001\250\001~\012\340\203\024"
 180      8542036D 
 180      5F01A801 
 180      7E0AE083 
 180      14
 181 0091 0A1E6003 		.ascii	"\012\036`\003\300F\2008\000\362\323\001$\300\375&\200"
 181      C0468038 
 181      00F2D301 
 181      24C0FD26 
 181      80
 182 00a2 CD005B01 		.ascii	"\315\000[\001\222\001\322\000v\002|\001|\227\002\374"
 182      9201D200 
 182      76027C01 
 182      7C9702FC 
 183 00b2 110003ED 		.ascii	"\021\000\003\3557p5\002\254T*\034~\204\007'\310t\007"
 183      37703502 
ARM GAS  C:\Users\ajink\AppData\Local\Temp\cco9ex9Y.s 			page 13


 183      AC542A1C 
 183      7E840727 
 183      C87407
 184 00c5 D00B32C9 		.ascii	"\320\0132\311\017\011\375\316\277M\317\031\263If\014"
 184      0F09FDCE 
 184      BF4DCF19 
 184      B349660C 
 185 00d5 D1512533 		.ascii	"\321Q%3\346\256B\034\267Yf\334\326\347\310\332*3\206"
 185      E6AE421C 
 185      B75966DC 
 185      D6E7C8DA 
 185      2A3386
 186 00e8 F8C14D66 		.ascii	"\370\301Mf\314\000\\\275\300\376\227\341\272\012\256"
 186      CC005CBD 
 186      C0FE97E1 
 186      BA0AAE
 187 00f7 FE4AE6E3 		.ascii	"\376J\346\343\317\340\372-\300\016\201\027\026x\020"
 187      CFE0FA2D 
 187      C00E8117 
 187      167810
 188 0106 1F125F92 		.ascii	"\037\022_\222fg\277\021?\273K\370\177\012\360g%\223"
 188      6667BF11 
 188      3FBB4BF8 
 188      7F0AF067 
 188      2593
 189 0118 F39F429C 		.ascii	"\363\237B\234\374\000\376\015\332\002\224\2161\\\254"
 189      FC00FE0D 
 189      DA02948E 
 189      315CAC
 190 0127 14E5103E 		.ascii	"\024\345\020>\177\024bE\232mq\222\376\356*\321\221\361"
 190      7F146245 
 190      9A6D7192 
 190      FEEE2AD1 
 190      91F1
 191 0139 B23DEE83 		.ascii	"\262=\356\203J\344\256\263\"\202\027W\016>\360\000\\"
 191      4AE4AEB3 
 191      22821757 
 191      0E3EF000 
 191      5C
 192 014a AF7B95A0 		.ascii	"\257{\225\240\265\331\351\345:\254\244]Y)\275\255\272"
 192      B5D9E9E5 
 192      3AACA45D 
 192      5929BDAD 
 192      BA
 193 015b 37F7F23C 		.ascii	"7\367\362<\037\315\327\014\"\221G\014_\235\245\305/"
 193      1FCDD70C 
 193      2291470C 
 193      5F9DA5C5 
 193      2F
 194 016c 51A29EDB 		.ascii	"Q\242\236\3335\011\030\317\246\367\215\223\327\352\325"
 194      350918CF 
 194      A6F78D93 
 194      D7EAD5
 195 017b F84D7A5F 		.ascii	"\370Mz_\237\326iq\305\357\322\373\264\216\253\243\030"
 195      9FD66971 
 195      C5EFD2FB 
 195      B48EABA3 
ARM GAS  C:\Users\ajink\AppData\Local\Temp\cco9ex9Y.s 			page 14


 195      18
 196 018c 647CAA53 		.ascii	"d|\252S\022\364~lN\275;\247T\240\003\010\243\0024\213"
 196      12F47E6C 
 196      4EBD3BA7 
 196      54A00308 
 196      A302348B 
 197 01a0 F23CD153 		.ascii	"\362<\321S\262\303\2254\356\207\306\327f\241B\304\221"
 197      B2C39534 
 197      EE87C6D7 
 197      66A142C4 
 197      91
 198 01b1 E6C19AED 		.ascii	"\346\301\232\355\005\036\2449\037\232\1776\013\025\261"
 198      051EA439 
 198      1F9A7F36 
 198      0B15B1
 199 01c0 E6B53947 		.ascii	"\346\2659G6j\200\343\313::8\276)\355\030\246\350\024"
 199      366A80E3 
 199      CB3A3A38 
 199      BE29ED18 
 199      A6E814
 200 01d3 11A83C66 		.ascii	"\021\250<f9\263V\207\264^Q<\037\316\217\204\257\305"
 200      39B35687 
 200      B45E513C 
 200      1FCE8F84 
 200      AFC5
 201 01e5 29EE0AF4 		.ascii	")\356\012\364\346,\364\013\220\205\016\"-\332\213\336"
 201      E62CF40B 
 201      90850E22 
 201      2DDA8BDE 
 202 01f5 4465C80B 		.ascii	"De\310\013\025#\016\225\240Y\250\024\264\310\006CGb"
 202      15230E95 
 202      A059A814 
 202      B4C80643 
 202      4762
 203 0207 B2323C78 		.ascii	"\2622<x\236#D\012B%\365\235\262;6o\310U\236-*\007n\317"
 203      9E23440A 
 203      4225F59D 
 203      B23B366F 
 203      C8559E2D 
 204 021f E26C8DF1 		.ascii	"\342l\215\361\325\242C@\260\017\014a\214\251\020\233"
 204      D5A24340 
 204      B00F0C61 
 204      8CA9109B 
 205 022f 4F23B31F 		.ascii	"O#\263\037Nrx%\365\327\332\215\255\271\0368\220\336"
 205      4E727825 
 205      F5D7DA8D 
 205      ADB91E38 
 205      90DE
 206 0241 471CDE33 		.ascii	"G\034\3363\344\212\377\213\336\307\3245\365)q4\242H"
 206      E48AFF8B 
 206      DEC7D435 
 206      F5297134 
 206      A248
 207 0253 C1FACA53 		.ascii	"\301\372\312S.8\231!\267b'\332\021qS\225\304\245\221"
 207      2E389921 
 207      B76227DA 
 207      11715395 
ARM GAS  C:\Users\ajink\AppData\Local\Temp\cco9ex9Y.s 			page 15


 207      C4A591
 208 0266 7726135C 		.ascii	"w&\023\\Hc%si5\363]n\364\316\010L\232\2170\227\036\245"
 208      48632573 
 208      6935F35D 
 208      6EF4CE08 
 208      4C9A8F30 
 209 027d CD4A6BCB 		.ascii	"\315Jk\313X\247\373L>;&XV\013\226\3258[\026_\247\341"
 209      58A7FB4C 
 209      3E3B2658 
 209      560B96D5 
 209      385B165F 
 210 0293 112199EE 		.ascii	"\021!\231\356\261\256\370\264\2133\004\002\035\007^"
 210      B1AEF8B4 
 210      8B330402 
 210      1D075E
 211 02a2 CFE49B06 		.ascii	"\317\344\233\006\036\253\003\202\303\242\307\216I<\326"
 211      1EAB0382 
 211      C3A2C78E 
 211      493CD6
 212 02b1 66EDCE71 		.ascii	"f\355\316q\307\271\314\001u\205{\373\264\270\220!\233"
 212      C7B9CC01 
 212      75857BFB 
 212      B4B89021 
 212      9B
 213 02c2 6AAE9CD6 		.ascii	"j\256\234\326\341j\206\264\216ge\252p\023C\266\225\264"
 213      E16A86B4 
 213      8E6765AA 
 213      701343B6 
 213      95B4
 214 02d4 6DD0E2CB 		.ascii	"m\320\342\313\014i\330\024\325\254!\216h\2248\255\257"
 214      0C69D814 
 214      D5AC218E 
 214      689438AD 
 214      AF
 215 02e5 6E688026 		.ascii	"nh\200&\\\003s\332)\346\264\330\312\250a\232\236'\231"
 215      5C0373DA 
 215      29E6B4D8 
 215      CAA8619A 
 215      9E2799
 216 02f8 D39A98D3 		.ascii	"\323\232\230\323\272o_/uC^Z\252o\006\365C\3634?\310"
 216      BA6F5F2F 
 216      75435E5A 
 216      AA6F06F5 
 216      43F3343F 
 217 030d 7AB459B0 		.ascii	"z\264Y\260\374\014X~Zb90}\\R\237\3561\203\323\316\001"
 217      FC0C587E 
 217      5A623930 
 217      7D5C529F 
 217      EE3183D3 
 218 0323 F94C43A9 		.ascii	"\371LC\251\022\373\300ig\201\240^tZ\263\304i\027\272"
 218      12FBC069 
 218      6781A05E 
 218      745AB3C4 
 218      6917BA
 219 0336 3B4AD5F8 		.ascii	";J\325\370&s@S\337\370}=\255\005/\320\322p:\257@IQ\236"
 219      26734053 
 219      DFF87D3D 
ARM GAS  C:\Users\ajink\AppData\Local\Temp\cco9ex9Y.s 			page 16


 219      AD052FD0 
 219      D2703AAF 
 220 034e CED38A03 		.ascii	"\316\323\212\003\243g\\ii\230-E\335\031z8\251!EM{\251"
 220      A3675C69 
 220      69982D45 
 220      DD197A38 
 220      A921454D 
 221 0364 839A7BEB 		.ascii	"\203\232{\353\222\265\370>c\234\226s\360\230\022?aH"
 221      92B5F83E 
 221      639C9673 
 221      F098123F 
 221      6148
 222 0376 6DEC0D6F 		.ascii	"m\354\015o\034\305JJ\327\343\344<\035NdH\366\326m\371"
 222      1CC54A4A 
 222      D7E3E43C 
 222      1D4E6448 
 222      F6D66DF9 
 223 038a 2ACA412B 		.ascii	"*\312A+\255\022zV%\266\236\332\236\240\302\251\2144"
 223      AD127A56 
 223      25B69EDA 
 223      9EA0C2A9 
 223      8C34
 224 039c B137E902 		.ascii	"\2617\351\002\207w1\3046\371g\263\311\237|s\274TK\321"
 224      877731C4 
 224      36F967B3 
 224      C99F7C73 
 224      BC544BD1 
 225 03b0 A9294CFC 		.ascii	"\251)L\374\267\253\353\\\257\013\362\322\321\011\335"
 225      B7ABEB5C 
 225      AF0BF2D2 
 225      D109DD
 226 03bf 35D4FE2A 		.ascii	"5\324\376*\231\320}H\207\272E\237\220\261\344\027M|"
 226      99D07D48 
 226      87BA459F 
 226      90B1E417 
 226      4D7C
 227 03d1 CC47F0AA 		.ascii	"\314G\360\252\\\360q\0138\362\0128\022\365\202gg\353"
 227      5CF0710B 
 227      38F20A38 
 227      12F58267 
 227      67EB
 228 03e3 282DEA81 		.ascii	"(-\352\201F+\013LI\337\360\006\235\215q\376\231\370"
 228      462B0B4C 
 228      49DFF006 
 228      9D8D71FE 
 228      99F8
 229 03f5 9709E301 		.ascii	"\227\011\343\001`\334%2\0069\317\342\334/\313\031\035"
 229      60DC2532 
 229      0639CFE2 
 229      DC2FCB19 
 229      1D
 230 0406 B833794B 		.ascii	"\2703yK\013\351\245\240\354\276\241\036\015\277?xY\211"
 230      0BE9A5A0 
 230      ECBEA11E 
 230      0DBF3F78 
 230      5989
 231 0418 4730B5F9 		.ascii	"G0\265\371^cI\231\022?f\310\225\247\351OU8\222\243\310"
ARM GAS  C:\Users\ajink\AppData\Local\Temp\cco9ex9Y.s 			page 17


 231      5E634999 
 231      123F66C8 
 231      95A7E94F 
 231      553892A3 
 232 042d D1EAF17A 		.ascii	"\321\352\361zp)C6F[\033u8\225s\360\323O\231\237z\266"
 232      70294336 
 232      465B1B75 
 232      389573F0 
 232      D34F999F 
 233 0443 3FCA76A1 		.ascii	"?\312v\241(\331&x\020\203\032\256\361Y\356vO\345\365"
 233      28D92678 
 233      10831AAE 
 233      F159EE76 
 233      4FE5F5
 234 0456 7D1CC17F 		.ascii	"}\034\301\177\200\206A\203\033\242A?\225\332\223\030"
 234      80864183 
 234      1BA2413F 
 234      95DA9318 
 235 0466 C1BB3480 		.ascii	"\301\2734\200=m\240z;\261\3476\330\363S\301\236\233"
 235      3D6DA07A 
 235      3BB1E736 
 235      D8F353C1 
 235      9E9B
 236 0478 D0788B79 		.ascii	"\320x\213y\352\304\223\352H\025\322y\311\017\032\221"
 236      EAC493EA 
 236      4815D279 
 236      C90F1A91 
 237 0488 19C47C1A 		.ascii	"\031\304|\032\227D}z\007T\030\022U\030\266\371\0248"
 237      97447D7A 
 237      07541812 
 237      5518B6F9 
 237      1438
 238 049a B757B6DD 		.ascii	"\267W\266\335\326\314\310\371\336L\234O\027e\277\007"
 238      D6CCC8F9 
 238      DE4C9C4F 
 238      1765BF07 
 239 04aa 2B9916DD 		.ascii	"+\231\026\335\005\326\203\"\353;\"k4\231<~\222\243A"
 239      05D68322 
 239      EB3B226B 
 239      34993C7E 
 239      92A341
 240 04bd B86B0FC2 		.ascii	"\270k\017\302\325\232\244\026W\334\315\034:\364\250"
 240      D59AA416 
 240      57DCCD1C 
 240      3AF4A8
 241 04cc 1DE341CE 		.ascii	"\035\343A\316a\356\350\331\334\211\250\351;\252\305"
 241      61EEE8D9 
 241      DC89A8E9 
 241      3BAAC5
 242 04db 77595FFD 		.ascii	"wY_\375\203\332\215J<\306\220\324\261\323\365l\201\375"
 242      83DA8D4A 
 242      3CC690D4 
 242      B1D3F56C 
 242      81FD
 243 04ed 1141CF17 		.ascii	"\021A\317\027\336\216P\342\011\326W\310W\267j\360\024"
 243      DE8E50E2 
 243      09D657C8 
ARM GAS  C:\Users\ajink\AppData\Local\Temp\cco9ex9Y.s 			page 18


 243      57B76AF0 
 243      14
 244 04fe 43CE9D88 		.ascii	"C\316\235\210\276\247\303\021*\212D\345w\235\344p<C"
 244      BEA7C311 
 244      2A8A44E5 
 244      779DE470 
 244      3C43
 245 0510 EE1E3C5F 		.ascii	"\356\036<_\252\303[\031R\374 +W\247\213&\251\365C\263"
 245      AAC35B19 
 245      52FC202B 
 245      57A78B26 
 245      A9F543B3 
 246 0524 2B67CB58 		.ascii	"+g\313X\214\007\316b\343\263/&\354\3008\207!\273\256"
 246      8C07CE62 
 246      E3B32F26 
 246      ECC03887 
 246      21BBAE
 247 0537 4F8DEB71 		.ascii	"O\215\353q!C\232\371\224Dw\\\302\220\236\261\236Z\015"
 247      21439AF9 
 247      9444775C 
 247      C2909EB1 
 247      9E5A0D
 248 054a 9DEDEF10 		.ascii	"\235\355\357\020\264\244:z\263\016W\261\276k\373\353"
 248      B4A43A7A 
 248      B30E57B1 
 248      BE6BFBEB 
 249 055a B3DCF131 		.ascii	"\263\334\3611\206D\246N=\300\270\211!Se)\215n\370,C"
 249      8644A64E 
 249      3DC0B889 
 249      21536529 
 249      8D6EF82C 
 250 056f D21E15E4 		.ascii	"\322\036\025\344\271\342K\014\231x\232w\307\015w1d\177"
 250      B9E24B0C 
 250      99789A77 
 250      C70D7731 
 250      647F
 251 0581 C1DD6A1D 		.ascii	"\301\335j\035\276\316\220\366\023\227\257\270\341\233"
 251      BECE90F6 
 251      1397AFB8 
 251      E19B
 252 058f 0CD971A7 		.ascii	"\014\331q\247eX\215\0370\344\361\306\222zHz\212\274"
 252      65588D1F 
 252      30E4F1C6 
 252      927A487A 
 252      8ABC
 253 05a1 50B0BE7E 		.ascii	"P\260\276~\302\025\315!?\3179\266\237\227\205\217\214"
 253      C215CD21 
 253      3FCF39B6 
 253      9F97858F 
 253      8C
 254 05b2 18D95861 		.ascii	"\030\331Xa\375\217\244uQ|\356;h\012\"\027\256\304h\213"
 254      FD8FA475 
 254      517CEE3B 
 254      680A2217 
 254      AEC4688B 
 255 05c6 D25374CB 		.ascii	"\322St\313\353\244\340\266\221\002\257 \364\226S\035"
 255      EBA4E0B6 
ARM GAS  C:\Users\ajink\AppData\Local\Temp\cco9ex9Y.s 			page 19


 255      9102AF20 
 255      F496531D 
 256 05d6 7FAA09C7 		.ascii	"\177\252\011\307\2246\316\231\366\021!Co\330i\017\213"
 256      9436CE99 
 256      F6112143 
 256      6FD8690F 
 256      8B
 257 05e7 B4EB9C69 		.ascii	"\264\353\234i;\245\264|\270\265\242\303\234\302[\216"
 257      3BA5B47C 
 257      B8B5A2C3 
 257      9CC25B8E 
 258 05f7 213A8923 		.ascii	"!:\211#d\265\210T\332\250-G\030gB\033%\317\271\205\252"
 258      64B58854 
 258      DAA82D47 
 258      1867421B 
 258      25CFB985 
 259 060c BC09F297 		.ascii	"\274\011\362\227O\344\371\017L\012\264\007\010ri\037"
 259      4FE4F90F 
 259      4C0AB407 
 259      0872691F 
 260 061c 21278BC0 		.ascii	"!'\213\300N\245\027JV\316Ai\000\011\000I\000\233\000"
 260      4EA5174A 
 260      56CE4169 
 260      00090049 
 260      009B00
 261 062f 3603EC00 		.ascii	"6\003\354\000H\001\330\016\260\025`\033@*@\"@\272r\016"
 261      4801D80E 
 261      B015601B 
 261      402A4022 
 261      40BA720E 
 262 0643 CD7BAACA 		.ascii	"\315{\252\312QQ\225XgU\036JT!\036\2616td#f&q\312\006"
 262      51519558 
 262      67551E4A 
 262      54211EB1 
 262      36746423 
 263 065c 797A89B7 		.ascii	"yz\211\267\017\210\036\344e}\":\260J\352\300hy\247H"
 263      0F881EE4 
 263      657D223A 
 263      B04AEAC0 
 263      6879A748 
 264 0670 3CD828AA 		.ascii	"<\330(\252\275Q^\015\011q\201H\274VV\015\211\211\325"
 264      BD515E0D 
 264      09718148 
 264      BC56560D 
 264      8989D5
 265 0683 0E26C6C8 		.ascii	"\016&\306\310\363\026s\244R\264p\275\274\3226w\200\215"
 265      F31673A4 
 265      52B470BD 
 265      BCD23677 
 265      808D
 266 0695 4D521BE3 		.ascii	"MR\033\343\345\323\217\251B\327\363\374\016?R\021\201"
 266      E5D38FA9 
 266      42D7F3FC 
 266      0E3F5211 
 266      81
 267 06a6 68FAEE2A 		.ascii	"h\372\356*z\375\365q\015\362\364\222\313\020d\201\304"
 267      7AFDF571 
ARM GAS  C:\Users\ajink\AppData\Local\Temp\cco9ex9Y.s 			page 20


 267      0DF2F492 
 267      CB106481 
 267      C4
 268 06b7 F87B2509 		.ascii	"\370{%\011\325\344t\207\036\2667\031\300\362\251X?\211"
 268      D5E47487 
 268      1EB63719 
 268      C0F2A958 
 268      3F89
 269 06c9 5EB6FA59 		.ascii	"^\266\372YVx~X\253\217\025\0133%\266\325f\005\312T\352"
 269      56787E58 
 269      AB8F150B 
 269      3325B6D5 
 269      6605CA54 
 270 06de 05CA88F5 		.ascii	"\005\312\210\365Yg5\270P\315\312Dx{\252+.cH\341\321"
 270      596735B8 
 270      50CDCA44 
 270      787BAA2B 
 270      2E6348E1 
 271 06f3 7D312EB4 		.ascii	"}1.\264\354\374\211\240c\353Fbt\264x\352\351\236\240"
 271      ECFC89A0 
 271      63EB4662 
 271      74B478EA 
 271      E99EA0
 272 0706 724712EB 		.ascii	"rG\022\353\345\331v.\377\352\244\036W\263\241\267k\263"
 272      E5D9762E 
 272      FFEAA41E 
 272      57B3A1B7 
 272      6BB3
 273 0718 C3585DFC 		.ascii	"\303X]\374A\013\016\331\324m\333\002\333\244\0266\274"
 273      410B0ED9 
 273      D46DDB02 
 273      DBA41636 
 273      BC
 274 0729 A5743242 		.ascii	"\245t2B\213\333\031\222\021\235\324\251\305W\030R\362"
 274      8BDB1992 
 274      119DD4A9 
 274      C5571852 
 274      F2
 275 073a 70A45687 		.ascii	"p\244V\207{)\242\216y\230q\022!Z\203h\361\261\236\251"
 275      7B29A28E 
 275      79987112 
 275      215A8368 
 275      F1B19EA9 
 276 074e C846A9BC 		.ascii	"\310F\251\274\245\026\241\\\245\016\345C@\013$V;\305"
 276      A516A15C 
 276      A50EE543 
 276      400B2456 
 276      3BC5
 277 0760 1F92E574 		.ascii	"\037\222\345t\205_M$\246\304\373\344\211\337p\230\365"
 277      855F4D24 
 277      A6C4FBE4 
 277      89DF7098 
 277      F5
 278 0771 6605CA51 		.ascii	"f\005\312Q\316\022r\256@\010h1\004\264\010\002T\010"
 278      CE1272AE 
 278      40086831 
 278      04B40802 
ARM GAS  C:\Users\ajink\AppData\Local\Temp\cco9ex9Y.s 			page 21


 278      5408
 279 0783 700060BF 		.ascii	"p\000`\277}6\203\204&Q\302^g\011\323J\241H\233'K\373"
 279      7D368384 
 279      2651C25E 
 279      6709D34A 
 279      A1489B27 
 280 0799 863D131B 		.ascii	"\206=\023\033*h&\026\310ebTAA\274Z\232\211\022\255Q"
 280      2A682616 
 280      C8656254 
 280      4141BC5A 
 280      9A8912AD 
 281 07ae 2928FB3C 		.ascii	")(\373<\305\251\204\346\012\222a%@\272Gi\317\260\002"
 281      C5A984E6 
 281      0A926125 
 281      40BA4769 
 281      CFB002
 282 07c1 49860D25 		.ascii	"I\206\015%\016\235qs\310\260\022\207\014;h"
 282      0E9D7173 
 282      C8B01287 
 282      0C3B68
 283 07d0 CFB0FBB7 		.ascii	"\317\260\373\267\016\032\3615\026\277\213\326C;]\034"
 283      0E1AF135 
 283      16BF8BD6 
 283      433B5D1C 
 284 07e0 461173C5 		.ascii	"F\021s\305Q\207\354\243\006\303\307c\020\036f\303\222"
 284      5187ECA3 
 284      06C3C763 
 284      101E66C3 
 284      92
 285 07f1 CF5F3CC4 		.ascii	"\317_<\304\341\373\014\211\355\314;\255\301\023\024"
 285      E1FB0C89 
 285      EDCC3BAD 
 285      C11314
 286 0800 5126F58F 		.ascii	"Q&\365\217\356F\266=\310H\022\217\177d\337\237W\202"
 286      EE46B63D 
 286      C848128F 
 286      7F64DF9F 
 286      5782
 287 0812 7D2F0B99 		.ascii	"}/\013\231\346\360`\331\225\227@\367\241G@\364a\321"
 287      E6F060D9 
 287      959740F7 
 287      A14740F4 
 287      61D1
 288 0824 BA97C59D 		.ascii	"\272\227\305\235\215\265c\367\277\3123\255\236\211i"
 288      8DB563F7 
 288      BFCA33AD 
 288      9E8969
 289 0833 7E5CD33F 		.ascii	"~\\\323?\020\246U\300\264Bd\0122\354.K\311\316,v\303"
 289      10A655C0 
 289      B442640A 
 289      32EC2E4B 
 289      C9CE2C76 
 290 0848 EB34EC01 		.ascii	"\3534\354\0012~\260L\21372\304\3724}B\203\267QD\323"
 290      327EB04C 
 290      8B3732C4 
 290      FA347D42 
 290      83B75144 
ARM GAS  C:\Users\ajink\AppData\Local\Temp\cco9ex9Y.s 			page 22


 291 085d 65D9F5D8 		.ascii	"e\331\365\330\005\261\205\325!\212\331\020\305\335\244"
 291      05B185D5 
 291      218AD910 
 291      C5DDA4
 292 086c 8AA25A21 		.ascii	"\212\242Z!\204\015\240M=\204\356\004\300I\200\343\000"
 292      840DA04D 
 292      3D84EE04 
 292      C04980E3 
 292      00
 293 087d 7592D564 		.ascii	"u\222\325d\244\252\252\362\325\212\003|\315ZL\025\203"
 293      A4AAAAF2 
 293      D58A037C 
 293      CD5A4C15 
 293      83
 294 088e 27013A56 		.ascii	"'\001:V0F\272\264\321\302\034\177]\225\362\016\245\254"
 294      3046BAB4 
 294      D1C21C7F 
 294      5D95F20E 
 294      A5AC
 295 08a0 91A37CD3 		.ascii	"\221\243|\323^97\234l\326\363\015\357\220x\241r\201"
 295      5E39379C 
 295      6CD6F30D 
 295      EF9078A1 
 295      7281
 296 08b2 543EB181 		.ascii	"T>\261\201k\354\0365\220BB\2402YRq\321\331\270\247\331"
 296      6BEC1E35 
 296      904242A0 
 296      32595271 
 296      D1D9B8A7 
 297 08c7 95173438 		.ascii	"\225\02748*\247\2018\005b\366\250!Akef\000\272R\372"
 297      2AA78138 
 297      0562F6A8 
 297      21416B65 
 297      6600BA52 
 298 08dc A04589DB 		.ascii	"\240E\211\333\2517\225\226\350-M\360\004\342I\007\245"
 298      A9379596 
 298      E82D4DF0 
 298      04E24907 
 298      A5
 299 08ed ACD4A226 		.ascii	"\254\324\242&\340\331(\006\250\326\226\323r\236F\247"
 299      E0D92806 
 299      A8D696D3 
 299      729E46A7 
 300 08fd C0C13FC4 		.ascii	"\300\301?\304\331\244h\015Fg\272y\012\\,3qQ<\213\305"
 300      D9A4680D 
 300      4667BA79 
 300      0A5C2C33 
 300      71513C8B 
 301 0912 C3C3E1A7 		.ascii	"\303\303\341\2479\207\331q\332aN\235\261\317\016\276"
 301      3987D971 
 301      DA614E9D 
 301      B1CF0EBE 
 302 0922 E454B40B 		.ascii	"\344T\264\013\036b\331\023;\2323\346\202\3570\244(z"
 302      1E62D913 
 302      3B9A33E6 
 302      82EF30A4 
 302      287A
ARM GAS  C:\Users\ajink\AppData\Local\Temp\cco9ex9Y.s 			page 23


 303 0934 CF790D7E 		.ascii	"\317y\015~@\2217\357\025\335<\251As\274\274\346\314"
 303      409137EF 
 303      15DD3CA9 
 303      4173BCBC 
 303      E6CC
 304 0946 D1CFE120 		.ascii	"\321\317\341 \2358\270\363\324{z\222\354z\345\225W\274"
 304      9D38B8F3 
 304      D47B7A92 
 304      EC7AE595 
 304      57BC
 305 0958 A04D4F7F 		.ascii	"\240MO\177l3\347\3056q\247\213\312\177w~\275}\023w\016"
 305      6C33E7C5 
 305      3671A78B 
 305      CA7F777E 
 305      BD7D1377 
 306 096d BC659D61 		.ascii	"\274e\235acF\335\032\227\000\213\000\032\201\000_\223"
 306      6346DD1A 
 306      97008B00 
 306      1A81005F 
 306      93
 307 097e 6CE799B2 		.ascii	"l\347\231\262\002\311\243`-\032\000\036OD\202~\233\347"
 307      02C9A360 
 307      2D1A001E 
 307      4F44827E 
 307      9BE7
 308 0990 69E8070B 		.ascii	"i\350\007\013\022\364D Y\212\307\201\250\177\306\235"
 308      12F44420 
 308      598AC781 
 308      A87FC69D 
 309 09a0 2010EF2C 		.ascii	" \020\357,\032\027\012};\010\235DL?\271\004\224:\263"
 309      1A170A7D 
 309      3B089D44 
 309      4C3FB904 
 309      943AB3
 310 09b3 CFC199ED 		.ascii	"\317\301\231\355L?\232\241\247\212h\351\005\377\242"
 310      4C3F9AA1 
 310      A78A68E9 
 310      05FFA2
 311 09c2 B34A2766 		.ascii	"\263J'f\322M\024y \351\005\"x \241z\034-8K\247\301("
 311      D24D1479 
 311      20E90522 
 311      7820A17A 
 311      1C2D384B 
 312 09d9 B45D1694 		.ascii	"\264]\026\224\226[A\250\220\361\004\265`\337\204\274"
 312      965B41A8 
 312      90F104B5 
 312      60DF84BC 
 313 09e9 7D6DE256 		.ascii	"}m\342Vc2\216x\224\260\355\020\035v\337\346Q\233\032"
 313      63328E78 
 313      94B0ED10 
 313      1D76DFE6 
 313      519B1A
 314 09fc 571147C9 		.ascii	"W\021G\311-\351\036\010\335\205\206Q\221\370\236\215"
 314      2DE91E08 
 314      DD858651 
 314      91F89E8D 
 315 0a0c 982A7A4B 		.ascii	"\230*zK\342\335\307\362\322%e\240\251\200LX\022\317"
ARM GAS  C:\Users\ajink\AppData\Local\Temp\cco9ex9Y.s 			page 24


 315      E2DDC7F2 
 315      D22565A0 
 315      A9804C58 
 315      12CF
 316 0a1e EBF246B5 		.ascii	"\353\362F\2659\356\206\315\222\275N\236\020\0142c\236"
 316      39EE86CD 
 316      92BD4E9E 
 316      100C3263 
 316      9E
 317 0a2f 40DE3F80 		.ascii	"@\336?\200\024\177\010p\015\240\015\340:\300\030\300"
 317      147F0870 
 317      0DA00DE0 
 317      3AC018C0 
 318 0a3f 55800E80 		.ascii	"U\200\016\200\363B\372K\003\365\330!P\275\314\022\351"
 318      F342FA4B 
 318      03F5D821 
 318      50BDCC12 
 318      E9
 319 0a50 CCBA009D 		.ascii	"\314\272\000\235\255D\332\005\220\320o\233Y\303\300"
 319      AD44DA05 
 319      90D06F9B 
 319      59C3C0
 320 0a5f EE36C025 		.ascii	"\3566\300%\200\036\200q\200G\000\255\000\335\000\227"
 320      801E8071 
 320      804700AD 
 320      00DD0097 
 321 0a6f 055152BD 		.ascii	"\005QR\275m\234\02466h\002X\376_8Iu\372_1\243\201\252"
 321      6D9C1436 
 321      36680258 
 321      FE5F3849 
 321      75FA5F31 
 322 0a86 B6673649 		.ascii	"\266g6I\306f\371d\024'BZ\321(J\346\2555\210\0364\235"
 322      C666F964 
 322      1427425A 
 322      D1284AE6 
 322      AD35881E 
 323 0a9c 177C2F94 		.ascii	"\027|/\224\314\327\035\303j=`\347\015\333?\264\313\231"
 323      CCD71DC3 
 323      6A3D60E7 
 323      0DDB3FB4 
 323      CB99
 324 0aae B7245FB7 		.ascii	"\267$_\267R\273\"\370\0278\364\325\313\222P\014*_\201"
 324      52BB22F8 
 324      1738F4D5 
 324      CB92500C 
 324      2A5F81
 325 0ac1 BF1795DC 		.ascii	"\277\027\225\3343h\206(\315\255g\322\334\2404W(\015"
 325      33688628 
 325      CDAD67D2 
 325      DCA03457 
 325      280D
 326 0ad3 CDF7E1DB 		.ascii	"\315\367\341\333\356\220\357$\356yb\012[m\005\302\226"
 326      EE90EF24 
 326      EE79620A 
 326      5B6D05C2 
 326      96
 327 0ae4 EFF79130 		.ascii	"\357\367\2210\357\216H\346\335%\347\024u^~\012h6\023"
ARM GAS  C:\Users\ajink\AppData\Local\Temp\cco9ex9Y.s 			page 25


 327      EF8E48E6 
 327      DD25E714 
 327      755E7E0A 
 327      683613
 328 0af7 D28BB2A4 		.ascii	"\322\213\262\244o8\327\011\320N\242+\3241A\241\231h"
 328      6F38D709 
 328      D04EA22B 
 328      D43141A1 
 328      9968
 329 0b09 500B4459 		.ascii	"P\013DY\236lHJ\326\005d\367\236K\246\230\201f\320\201"
 329      9E6C484A 
 329      D60564F7 
 329      9E4BA698 
 329      8166D081 
 330 0b1d E6FE7369 		.ascii	"\346\376siP'\210\023\311\330J\\\264\214l\005\310\331"
 330      50278813 
 330      C9D84A5C 
 330      B48C6C05 
 330      C8D9
 331 0b2f 77854CAE 		.ascii	"w\205L\256\210\265*\236\021\222#\337\0232\204\366\215"
 331      88B52A9E 
 331      119223DF 
 331      133284F6 
 331      8D
 332 0b40 80E530AB 		.ascii	"\200\3450\253\234\344\224(K>\241$\2218K#A\012\325\003"
 332      9CE49428 
 332      4B3EA124 
 332      91384B23 
 332      410AD503 
 333 0b54 E7483825 		.ascii	"\347H8%\266\345\012%%l\307\344I\237Q\202n\202\341\177"
 333      B6E50A25 
 333      256CC7E4 
 333      499F5182 
 333      6E82E17F 
 334 0b68 4B096287 		.ascii	"K\011b\207\266\005d_\321?m_A;\237&\220N\353\264N\222"
 334      B605645F 
 334      D13F6D5F 
 334      413B9F26 
 334      904EEBB4 
 335 0b7e 9DB0F656 		.ascii	"\235\260\366V\346\024\251\360\204\306\341\304\357c\307"
 335      E614A9F0 
 335      84C6E1C4 
 335      EF63C7
 336 0b8d 13BF8FC5 		.ascii	"\023\277\217\305\023\277\263\373Jz\3653\036\237\255"
 336      13BFB3FB 
 336      4A7AF533 
 336      1E9FAD
 337 0b9c C55E40CC 		.ascii	"\305^@\314\012\333S\330HL)\205\215f\354\371\302\037"
 337      0ADB53D8 
 337      484C2985 
 337      8D66ECF9 
 337      C21F
 338 0bae 1790E333 		.ascii	"\027\220\3433\036\353\320\244\270\221\371X\330h\222"
 338      1EEBD0A4 
 338      B891F958 
 338      D86892
 339 0bbd 7672A2BE 		.ascii	"vr\242\276/\375O\370\272\226\350\302\365\357(,\363@"
ARM GAS  C:\Users\ajink\AppData\Local\Temp\cco9ex9Y.s 			page 26


 339      2FFD4FF8 
 339      BA96E8C2 
 339      F5EF282C 
 339      F340
 340 0bcf 5EB366D1 		.ascii	"^\263f\321\323\305h\376\003\024\005c\3031\026-P\244"
 340      D3C568FE 
 340      03140563 
 340      C331162D 
 340      50A4
 341 0be1 40FBF86F 		.ascii	"@\373\370oI\007\334j\351Uf\373\033\001Z\221.\005Z\207"
 341      4907DC6A 
 341      E95566FB 
 341      1B015A91 
 341      2E055A87 
 342 0bf5 67A1484C 		.ascii	"g\241HL\237\3352\342\213\037\251\351\243`\010\335\201"
 342      9FDD32E2 
 342      8B1FA9E9 
 342      A36008DD 
 342      81
 343 0c06 64768EB1 		.ascii	"dv\216\261\303cw\372>\244\330R\257\245\250\033=Z[\367"
 343      C36377FA 
 343      3EA4D852 
 343      AFA5A81B 
 343      3D5A5BF7 
 344 0c1a 544B1E0D 		.ascii	"TK\036\015y[\316\352\245\373\377X\312\373\365Y(\206"
 344      795BCEEA 
 344      A5FBFF58 
 344      CAFBF559 
 344      2886
 345 0c2c B1DE9DBF 		.ascii	"\261\336\235\277c\334\365\305D!\312\263\021U|=\210\216"
 345      63DCF5C5 
 345      4421CAB3 
 345      11557C3D 
 345      888E
 346 0c3e C6847C03 		.ascii	"\306\204|\003~\3216\210\"\344L.'\325\361\261\004\232"
 346      7ED13688 
 346      22E44C2E 
 346      27D5F1B1 
 346      049A
 347 0c50 25023662 		.ascii	"%\0026b\272\230\220+\020\337(\337\325\346\341@=\340"
 347      BA98902B 
 347      10DF28DF 
 347      D5E6E140 
 347      3DE0
 348 0c62 B0F4C409 		.ascii	"\260\364\304\011\324q\224z\274\365Z\270\033\276E}\212"
 348      D471947A 
 348      BCF55AB8 
 348      1BBE457D 
 348      8A
 349 0c73 0E8C47A4 		.ascii	"\016\214G\244if\357\344\317\025\216\334\2740\372\355"
 349      6966EFE4 
 349      CF158EDC 
 349      BC30FAED 
 350 0c83 A6083E9B 		.ascii	"\246\010>\233\267NM\375\204\026I\024\217mqQ\220{\026"
 350      B74E4DFD 
 350      84164914 
 350      8F6D7151 
ARM GAS  C:\Users\ajink\AppData\Local\Temp\cco9ex9Y.s 			page 27


 350      907B16
 351 0c96 98043C1B 		.ascii	"\230\004<\033\006v\267\327\306i\361$\3432\\w\371\270"
 351      0676B7D7 
 351      C669F124 
 351      E3325C77 
 351      F9B8
 352 0ca8 8A72B1DC 		.ascii	"\212r\261\334)\346?\210\344\237LMa\312!Q\302!\321\306"
 352      29E63F88 
 352      E49F4C4D 
 352      61CA2151 
 352      C221D1C6 
 353 0cbc 6113E570 		.ascii	"a\023\345p%\245o\234\303\221.\354\314\2573sD\3118\304"
 353      25A56F9C 
 353      C3912EEC 
 353      CCAF3373 
 353      44C938C4 
 354 0cd0 67A91BF8 		.ascii	"g\251\033\370\232\251\251\337\322z\222$a\220dc\260\231"
 354      9AA9A9DF 
 354      D27A9224 
 354      61906463 
 354      B099
 355 0ce2 3288BAB0 		.ascii	"2\210\272\2606O\203c\031\203\341\232\253\325:\306\240"
 355      364F8363 
 355      1983E19A 
 355      ABD53AC6 
 355      A0
 356 0cf3 D1CE8068 		.ascii	"\321\316\200h\260E\302`\213\215\301V\312\240\377\361"
 356      B045C260 
 356      8B8DC156 
 356      CAA0FFF1 
 357 0d03 D1488C13 		.ascii	"\321H\214\023\031\203\266\226'\351\204AM\241%\327\316"
 357      1983B696 
 357      27E98441 
 357      4DA125D7 
 357      CE
 358 0d14 80D4C76D 		.ascii	"\200\324\307m\022\006\333l\014\222)\203#\023}\255\334"
 358      1206DB6C 
 358      0C922983 
 358      23137DAD 
 358      DC
 359 0d25 2B92E5E1 		.ascii	"+\222\345\341Si\026\244`\262<|CV\007\240=\376\360\301"
 359      536916A4 
 359      60B23C7C 
 359      435607A0 
 359      3DFEF0C1 
 360 0d39 5E0D4E66 		.ascii	"^\015Nf\302N\224\224\376\025dY\312\255\343Y\306\032"
 360      C24E9494 
 360      FE156459 
 360      CAADE359 
 360      C61A
 361 0d4b E62F3A00 		.ascii	"\346/:\000\245J\244\245\332\244\245Qi;\357\245\305\263"
 361      A54AA4A5 
 361      DAA4A551 
 361      693BEFA5 
 361      C5B3
 362 0d5d 237DF260 		.ascii	"#}\362`\301N\223\2733\007\037\351^\231i\201\332A5\330"
 362      C14E93BB 
ARM GAS  C:\Users\ajink\AppData\Local\Temp\cco9ex9Y.s 			page 28


 362      33071FE9 
 362      5E996981 
 362      DA4135D8 
 363 0d71 8E05155A 		.ascii	"\216\005\025Z\272\373\023\334\261\205\251\020\233z\245"
 363      BAFB13DC 
 363      B185A910 
 363      9B7AA5
 364 0d80 550F3A58 		.ascii	"U\017:X\371\221\301\266\374y\251|f8\377tj\012\321Q("
 364      F991C1B6 
 364      FC79A97C 
 364      6638FF74 
 364      6A0AD151 
 365 0d95 5DA246BA 		.ascii	"]\242F\272M\215\235T\215\3355c\033\330K\035\013Uaoy"
 365      4D8D9D54 
 365      8DDD3563 
 365      1BD84B1D 
 365      0B55616F 
 366 0daa EC049B19 		.ascii	"\354\004\233\031\013\011\232W\274\177X\211\253\230\220"
 366      0B099A57 
 366      BC7F5889 
 366      AB9890
 367 0db9 FE8CA66B 		.ascii	"\376\214\246k\036\270\236![\257\357\277\347\202\317"
 367      1EB89E21 
 367      5BAFEFBF 
 367      E782CF
 368 0dc8 31E452FC 		.ascii	"1\344R\374\375D-\356`H{\302\315V=\356\246\2102{(|\237"
 368      FD442DEE 
 368      60487BC2 
 368      CD563DEE 
 368      A688327B 
 369 0ddf CAF60AA1 		.ascii	"\312\366\012\241\271cD_E\312\304\036\2301\273\361\364"
 369      B963445F 
 369      45CAC41E 
 369      9831BBF1 
 369      F4
 370 0df0 5376F9B2 		.ascii	"Sv\371\262\223\203e\217g2\216?\310t\305\231:*\364\302"
 370      9383658F 
 370      67328E3F 
 370      C874C599 
 370      3A2AF4C2 
 371 0e04 C0C82D2D 		.ascii	"\300\310--\316eH\375\231\363\003\210\031E\337\025e\366"
 371      CE6548FD 
 371      99F30388 
 371      1945DF15 
 371      65F6
 372 0e16 9F6A626F 		.ascii	"\237jbo\252^\243o\213\366\324\324\273\342BF\333r\257"
 372      AA5EA36F 
 372      8BF6D4D4 
 372      BBE24246 
 372      DB72AF
 373 0e29 82D7E04A 		.ascii	"\202\327\340J\212(\343\316\367<\345\220\227\236j\033"
 373      8A28E3CE 
 373      F73CE590 
 373      979E6A1B 
 374 0e39 D759EA9E 		.ascii	"\327Y\352\236A\264-\300z\264_\324\366Ka\023+\235\242"
 374      41B42DC0 
 374      7AB45FD4 
ARM GAS  C:\Users\ajink\AppData\Local\Temp\cco9ex9Y.s 			page 29


 374      F64B6113 
 374      2B9DA2
 375 0e4c 9240A103 		.ascii	"\222@\241\003\240\356\227\266%\216<A\361\365\261\036"
 375      A0EE97B6 
 375      258E3C41 
 375      F1F5B11E 
 376 0e5c F82E1317 		.ascii	"\370.\023\027{?\362\230\036\2172\344NUc\272\007\036"
 376      7B3FF298 
 376      1E8F32E4 
 376      4E5563BA 
 376      071E
 377 0e6e 63C8E0DD 		.ascii	"c\310\340\335\301vw\374\230!\233o\324\364\271\343I\206"
 377      C17677FC 
 377      98219B6F 
 377      D4F4B9E3 
 377      4986
 378 0e80 EC3ADA1F 		.ascii	"\354:\332\037\241\307\274+E:\023\243r]p\004C\3623S\313"
 378      A1C7BC2B 
 378      453A13A3 
 378      725D7004 
 378      43F23353 
 379 0e95 5CF07A86 		.ascii	"\\\360z\206\0147\346\367)\361\006\212\270\216\346\035"
 379      0C37E6F7 
 379      29F1068A 
 379      B88EE61D 
 380 0ea5 C9D423E1 		.ascii	"\311\324#\341\030\334s\216\327\034\372\350\275\263\313"
 380      18DC738E 
 380      D71CFAE8 
 380      BDB3CB
 381 0eb4 FA5A5E31 		.ascii	"\372Z^1OVGbT\021\030U\203\237\261M\331\221GV<Bz\320"
 381      4F564762 
 381      54111855 
 381      839FB14D 
 381      D9914756 
 382 0ecc 99F4A1F3 		.ascii	"\231\364\241\363B\232n\247-s\246uzT\262\244\331IK\234"
 382      429A6EA7 
 382      2D73A675 
 382      7A54B2A4 
 382      D9494B9C 
 383 0ee0 49A7ADCF 		.ascii	"I\247\255\317\251v\332byZ\221m\206\235\264\334\231\264"
 383      A976DA62 
 383      795A916D 
 383      869DB4DC 
 383      99B4
 384 0ef2 D58934C1 		.ascii	"\325\2114\301NZ(\353\203igl{\241\276\357\203\372\216"
 384      4E5A28EB 
 384      8369676C 
 384      7BA1BEEF 
 384      83FA8E
 385 0f05 F2057AFA 		.ascii	"\362\005z\372Z\032\"}\024\317A\025\000U\000\225\000"
 385      5A1A227D 
 385      14CF4115 
 385      00550095 
 385      00
 386 0f16 75008701 		.ascii	"u\000\207\001\216\000\034\003\250\306\222\203\364\235"
 386      8E001C03 
 386      A8C69283 
ARM GAS  C:\Users\ajink\AppData\Local\Temp\cco9ex9Y.s 			page 30


 386      F49D
 387 0f24 76B187E4 		.ascii	"v\261\207\344}$y\334\272\265\236\254\353@\343\264\256"
 387      7D2479DC 
 387      BAB59EAC 
 387      EB40E3B4 
 387      AE
 388 0f35 D3CDE6F6 		.ascii	"\323\315\346\366\274St\263IX\225\312\207\206\232\000"
 388      BC5374B3 
 388      495895CA 
 388      87869A00 
 389 0f45 69717D5D 		.ascii	"iq}]t\266\312a=\221\022+\320ql{\200\037Z\277\356S\\"
 389      74B6CA61 
 389      3D91122B 
 389      D0716C7B 
 389      801F5ABF 
 390 0f5c 4DF3071F 		.ascii	"M\363\007\037\333\260i\015\362\264\235\365DP\037\330"
 390      DBB0690D 
 390      F2B49DF5 
 390      44501FD8 
 391 0f6c 05E481C4 		.ascii	"\005\344\201\304z\301\007\015\340\203\223\022\033a\332"
 391      7AC1070D 
 391      E0839312 
 391      1B61DA
 392 0f7b 0CBE54C0 		.ascii	"\014\276T\300r\014X\243\023\002\355L\307\206\251\353"
 392      720C58A3 
 392      1302ED4C 
 392      C786A9EB 
 393 0f8b 8899F5D3 		.ascii	"\210\231\365\323\314\004}\236l\355\217\322\342Z\226"
 393      CC047D9E 
 393      6CED8FD2 
 393      E25A96
 394 0f9a DD3D6527 		.ascii	"\335=e'\356\273"
 394      EEBB
 395 0fa0 E00686A4 		.ascii	"\340\006\206\244\025\216\217\351\3609\206\364m\276\033"
 395      158E8FE9 
 395      F03986F4 
 395      6DBE1B
 396 0faf A3D2091B 		.ascii	"\243\322\011\033\203\350\347m\014RbS\242\365\216\347"
 396      83E8E76D 
 396      0C526253 
 396      A2F58EE7 
 397 0fbf 19585AE7 		.ascii	"\031XZ\347\317\330\335\321\326\277\351\030\302\027\231"
 397      CFD8DDD1 
 397      D6BFE918 
 397      C21799
 398 0fce 90279391 		.ascii	"\220'\223\221\311\036\270\207\"Jk\346\330J\371\243\270"
 398      C91EB887 
 398      224A6BE6 
 398      D84AF9A3 
 398      B8
 399 0fdf F37886A3 		.ascii	"\363x\206\243\270\346\216\001V\372\316\201\264\263b"
 399      B8E68E01 
 399      56FACE81 
 399      B4B362
 400 0fee 31A9929C 		.ascii	"1\251\222\234\305]\316\3578\216\361 \023x\246-e\235"
 400      C55DCEEF 
 400      388EF120 
ARM GAS  C:\Users\ajink\AppData\Local\Temp\cco9ex9Y.s 			page 31


 400      1378A62D 
 400      659D
 401 1000 1B1E6102 		.ascii	"\033\036a\002\333&\243<\345\005\266\315 \320\222\202"
 401      DB26A33C 
 401      E505B6CD 
 401      20D09282 
 402 1010 116A0559 		.ascii	"\021j\005Y\027\344e\365\337\273\234\253\307\343LVn_"
 402      17E465F5 
 402      DFBB9CAB 
 402      C7E34C56 
 402      6E5F
 403 1022 73921BAD 		.ascii	"s\222\033\255\227\257\323\227l\353G\037s\230\327S\321"
 403      97AFD397 
 403      6CEB471F 
 403      7398D753 
 403      D1
 404 1033 A5713DEB 		.ascii	"\245q=\353\260\274\354\3133\311N\003\331\227@\366Ey"
 404      B0BCECCB 
 404      33C94E03 
 404      D99740F6 
 404      4579
 405 1045 D9BD37AA 		.ascii	"\331\2757\252s8\034M\371\243\322\372\2363n8\201!G\256"
 405      73381C4D 
 405      F9A3D2FA 
 405      9E336E38 
 405      812147AE 
 406 1059 875FD2E0 		.ascii	"\207_\322\340\255\014\031\277q\375\026\302\351\0149"
 406      AD0C19BF 
 406      71FD16C2 
 406      E90C39
 407 1068 D055B706 		.ascii	"\320U\267\0064T\353H>\216\223\375*\372ohn\274p\366\234"
 407      3454EB48 
 407      3E8E93FD 
 407      2AFA6F68 
 407      6EBC70F6 
 408 107d 8AB69326 		.ascii	"\212\266\223&\015Q\370\321\361\362\0025S\230\237\276"
 408      0D51F8D1 
 408      F1F20235 
 408      53989FBE 
 409 108d 96F481CE 		.ascii	"\226\364\201\316j\333+P\310\012+\266\035\300\016e\320"
 409      6ADB2B50 
 409      C80A2BB6 
 409      1DC00E65 
 409      D0
 410 109e 03D85ED0 		.ascii	"\003\330^\320\273[\324[-\036\300^:\230y\330\3766<\377"
 410      BB5BD45B 
 410      2D1EC05E 
 410      3A9879D8 
 410      FE363CFF 
 411 10b2 F6597AB4 		.ascii	"\366Yz\264:\000\344]\"y/\026W2\031\351\3752\322\311"
 411      3A00E45D 
 411      22792F16 
 411      573219E9 
 411      FD32D2C9 
 412 10c6 17092DFD 		.ascii	"\027\011-\375\261H\\$GY\246\\\003\326WD\326\003\317"
 412      B1485C24 
 412      4759A65C 
ARM GAS  C:\Users\ajink\AppData\Local\Temp\cco9ex9Y.s 			page 32


 412      03D65744 
 412      D603CF
 413 10d9 667D5596 		.ascii	"f}U\2265J\354\270\364T\213\3670'\266\346\235\263x\340"
 413      354AECB8 
 413      F4548BF7 
 413      3027B6E6 
 413      9DB378E0 
 414 10ed 030CB978 		.ascii	"\003\014\271x\351x\272\006\037bH\305\226\334\023z\\"
 414      E978BA06 
 414      1F6248C5 
 414      96DC137A 
 414      5C
 415 10fe CD90BA92 		.ascii	"\315\220\272\222#\213\360yv\337\324x\243[\203;\030R"
 415      238BF079 
 415      76DFD478 
 415      A35B833B 
 415      1852
 416 1110 9CB5BB8C 		.ascii	"\234\265\273\214\275_\371\200.8\353\223\333\224x\200"
 416      BD5FF980 
 416      2E38EB93 
 416      DB947880 
 417 1120 F5A53576 		.ascii	"\365\2455vz\340Qv\177rCV\213\032\257s\243\310\241\333"
 417      7AE05176 
 417      7F724356 
 417      8B1AAF73 
 417      A3C8A1DB 
 418 1134 BBB7A970 		.ascii	"\273\267\251p\034E\224\305\351'Rm\337^X\362 M\356\203"
 418      1C4594C5 
 418      E927526D 
 418      DF5E58F2 
 418      204DEE83 
 419 1148 91777FB0 		.ascii	"\221w\177\260\221\367\344\215\\w\255\034\366r\233\231"
 419      91F7E48D 
 419      5C77AD1C 
 419      F6729B99 
 420 1158 BCF1E601 		.ascii	"\274\361\346\001\330\232\2452d\244;\361\261\033\266"
 420      D89AA532 
 420      64A43BF1 
 420      B11BB6
 421 1167 3024FC46 		.ascii	"0$\374F\252\005\341<\206\\\215*N\347p\021C\266\355K"
 421      AA05E13C 
 421      865C8D2A 
 421      4EE77011 
 421      43B6ED4B 
 422 117b 7FACC615 		.ascii	"\177\254\306\025\014\331\034\337}P\217\2171\344\300"
 422      0CD91CDF 
 422      7D508F8F 
 422      31E4C0
 423 118a 8DBB5B54 		.ascii	"\215\273[T\270\201!EC\227\337\302g\231%\251\243WO\241"
 423      B8812145 
 423      4397DFC2 
 423      679925A9 
 423      A3574FA1 
 424 119e 199F949E 		.ascii	"\031\237\224\236\312lY\250\315\031`\363$\330\374Df\367"
 424      CA6C59A8 
 424      CD1960F3 
 424      24D8FC44 
ARM GAS  C:\Users\ajink\AppData\Local\Temp\cco9ex9Y.s 			page 33


 424      66F7
 425 11b0 0312D2AF 		.ascii	"\003\022\322\257\344d\350q'\023\267sm\307f\025\356c"
 425      E464E871 
 425      2713B773 
 425      6DC76615 
 425      EE63
 426 11c2 C8D3AC8D 		.ascii	"\310\323\254\215G\020\276\306\220\336\202\353CJ\374"
 426      4710BEC6 
 426      90DE82EB 
 426      434AFC
 427 11d1 802129CD 		.ascii	"\200!)\315q\027\364x\235;E\342j\255-*\234\340\3560\257"
 427      7117F478 
 427      9D3B45E2 
 427      6AAD2D2A 
 427      9CE0EE30 
 428 11e6 F56C5EE7 		.ascii	"\365l^\347]j?\251\301i\356\016/\360\365\354\005~\272"
 428      5D6A3FA9 
 428      C169EE0E 
 428      2FF0F5EC 
 428      057EBA
 429 11f9 75B4D705 		.ascii	"u\264\327\005[X_\367\361\360v\016\357c\310\332\232\375"
 429      5B585FF7 
 429      F1F0760E 
 429      EF63C8DA 
 429      9AFD
 430 120b 1718E1FB 		.ascii	"\027\030\341\373\004M=\261u\324\025\037d}\021\021\325"
 430      044D3DB1 
 430      75D4151F 
 430      647D1111 
 430      D5
 431 121c F52A5CE3 		.ascii	"\365*\\\343\356\220\035z\232\035\377\334\335\233\025"
 431      EE901D7A 
 431      9A1DFFDC 
 431      DD9B15
 432 122b 69DB8178 		.ascii	"i\333\201x\351\347xz\221\253'\335\215xz\352\365\344"
 432      E9E7787A 
 432      91AB27DD 
 432      8D787AEA 
 432      F5E4
 433 123d CE8B1DF0 		.ascii	"\316\213\035\360\302\255\376%\266Q\241g\276z/\372#["
 433      C2ADFE25 
 433      B651A167 
 433      BE7A2FFA 
 433      235B
 434 124f 167E2465 		.ascii	"\026~$e\302\372Z\005[N\310\204\030\004\277\225q/\315"
 434      C2FA5A05 
 434      5B4EC884 
 434      1804BF95 
 434      712FCD
 435 1262 745A6F89 		.ascii	"tZo\211\337GVX\342\341h\016\243bN\262\360\254\347\034"
 435      DF475658 
 435      E2E1680E 
 435      A3624EB2 
 435      F0ACE71C 
 436 1276 B716233D 		.ascii	"\267\026#=\023#K6\3033\322\217P\016\247G\343\3009\233"
 436      13234B36 
 436      C333D28F 
ARM GAS  C:\Users\ajink\AppData\Local\Temp\cco9ex9Y.s 			page 34


 436      500EA747 
 436      E3C0399B 
 437 128a 9B797B51 		.ascii	"\233y{Q\2302Q\376svT\265\025\310o>S\021\336\032\223"
 437      983251FE 
 437      737654B5 
 437      15C86F3E 
 437      5311DE1A 
 438 129f C7DE4610 		.ascii	"\307\336F\020\245\257?G\351F\372\212\203T\353v\314\224"
 438      A5AF3F47 
 438      E946FA8A 
 438      8354EB76 
 438      CC94
 439 12b1 162A2CDB 		.ascii	"\026*,\333\024t`\333j9\262\177\322\342\326Hw\320@4,"
 439      147460DB 
 439      6A39B27F 
 439      D2E2D648 
 439      77D04034 
 440 12c6 E65026E7 		.ascii	"\346P&\3479}S\272\033\324\024\0276P\332\276F\247LTz"
 440      397D53BA 
 440      1BD41417 
 440      3650DABE 
 440      46A74C54 
 441 12db 1D664EAD 		.ascii	"\035fN\255\002\242\211\231\365\223\356\2012`\306Y\310"
 441      02A28999 
 441      F593EE81 
 441      3260C659 
 441      C8
 442 12ec 1E2885F3 		.ascii	"\036(\205\363\242Z\322\365\037\356\323\2709h/@\001@"
 442      A25AD2F5 
 442      1FEED3B8 
 442      39682F40 
 442      0140
 443 12fe 2EC07E80 		.ascii	".\300~\200\303\000\371\000\345\000\233\001\252\001,"
 443      C300F900 
 443      E5009B01 
 443      AA012C
 444 130d 003B012A 		.ascii	"\000;\001*\000j\000\022\000\016\000\034\003(\341\304"
 444      006A0012 
 444      000E001C 
 444      0328E1C4 
 445 131d 038FC2FD 		.ascii	"\003\217\302\375\223O0\251\256\311 $S\264\262\230\223"
 445      934F30A9 
 445      AEC92024 
 445      53B4B298 
 445      93
 446 132e 9CCE433C 		.ascii	"\234\316C<\262_a\361 \341\313\002\262Jn\306\3278\226"
 446      B25F61F1 
 446      20E1CB02 
 446      B24A6EC6 
 446      D73896
 447 1341 0DF4858F 		.ascii	"\015\364\205\217\215\262\370\031\224\343\273\245\224"
 447      8DB2F819 
 447      94E3BBA5 
 447      94
 448 134e 99F29434 		.ascii	"\231\362\2244\032=\023\205\277'\237D\025\002\315#Q\315"
 448      1A3D1385 
 448      BF279F44 
ARM GAS  C:\Users\ajink\AppData\Local\Temp\cco9ex9Y.s 			page 35


 448      1502CD23 
 448      51CD
 449 1360 6CCEE1F5 		.ascii	"l\316\341\365\215\323\346i\0378\254Rp^\035\334\247r"
 449      8DD3E669 
 449      1F38AC52 
 449      705E1DDC 
 449      A772
 450 1372 F6CD134F 		.ascii	"\366\315\023Or\354\037\231M\351@\022\341\234\302\255"
 450      72EC1F99 
 450      4DE94012 
 450      E19CC2AD 
 451 1382 8EBB63BE 		.ascii	"\216\273c\2760z\252\024\257\245\364$!F@\207,\270\336"
 451      307AAA14 
 451      AFA5F424 
 451      21464087 
 451      2CB8DE
 452 1395 8640754E 		.ascii	"\206@uN\317I\3421\201;\2116/\317]\022v\013\325\334\316"
 452      CF49E231 
 452      813B8936 
 452      2FCF5D12 
 452      760BD5DC 
 453 13aa ED8EE00E 		.ascii	"\355\216\340\016\242\371q\320|;\204-\217\223l\375z&"
 453      A2F971D0 
 453      7C3B842D 
 453      8F936CFD 
 453      7A26
 454 13bc C6850975 		.ascii	"\306\205\011u\020\274\367X~BM?$\263\277\223\272%\350"
 454      10BCF758 
 454      7E424D3F 
 454      24B3BF93 
 454      BA25E8
 455 13cf 4F049C00 		.ascii	"O\004\234\000\001\031 \240\221\233~\254m\177u\374P\020"
 455      011920A0 
 455      919B7EAC 
 455      6D7F75FC 
 455      5010
 456 13e1 41069C84 		.ascii	"A\006\234\204\001Ga@\"\300.n\372\001~\262T\225\" &\021"
 456      01476140 
 456      22C02E6E 
 456      FA017EB2 
 456      54952220 
 457 13f7 9E7E5C29 		.ascii	"\236~\\)%SHh\244\362\355\036\331\002l\236\341\021Z\275"
 457      25534868 
 457      A4F2ED1E 
 457      D9026C9E 
 457      E1115ABD 
 458 140b 5E15AA17 		.ascii	"^\025\252\027\331\0047:\247\336\264\317?\036\235`e\203"
 458      D904373A 
 458      A7DEB4CF 
 458      3F1E9D60 
 458      6583
 459 141d 08CE964D 		.ascii	"\010\316\226M?\311\263Q\234=\247\263esZ|\232\200\302"
 459      3FC9B351 
 459      9C3DA7B3 
 459      65735A7C 
 459      9A80C2
 460 1430 31A06F20 		.ascii	"1\240o \205\203\344\325Z\316\236\253\225\322)\005\352"
ARM GAS  C:\Users\ajink\AppData\Local\Temp\cco9ex9Y.s 			page 36


 460      8583E4D5 
 460      5ACE9EAB 
 460      95D22905 
 460      EA
 461 1441 E6FE58A8 		.ascii	"\346\376X\250\013\260\017F\315\316\\\247=\310\331\025"
 461      0BB00F46 
 461      CDCE5CA7 
 461      3DC8D915 
 462 1451 38E54CEA 		.ascii	"8\345L\352|x\232N\0133\25161\316y\027\3139\276@H\330"
 462      7C789A4E 
 462      0B33A936 
 462      31CE7917 
 462      CB39BE40 
 463 1467 C37C404E 		.ascii	"\303|@N\011r\345=6\3437\020h\007\204\341Y)!x\243P\237"
 463      0972E53D 
 463      36E33710 
 463      680784E1 
 463      59292178 
 464 147e 4FBC414A 		.ascii	"O\274AJ\344\015q\346\346pz\305\264l\263\227\275]\202"
 464      E40D71E6 
 464      E6707AC5 
 464      B46CB397 
 464      BD5D82
 465 1491 2EFF1F65 		.ascii	".\377\037eOp\277\365-\301\375_\352\321Fg?\3059\372\311"
 465      4F70BFF5 
 465      2DC1FD5F 
 465      EAD14667 
 465      3FC539FA 
 466 14a6 524D9F26 		.ascii	"RM\237&k\301\204\0073\027pin\027:\344\366Afl\222L\221"
 466      6BC18407 
 466      33177069 
 466      6E173AE4 
 466      F641666C 
 467 14bd 52506EC4 		.ascii	"RPn\304\316z\2603\011\364\214\0078\002\260\011\240\024"
 467      CE7AB033 
 467      09F48C07 
 467      3802B009 
 467      A014
 468 14cf 601BC021 		.ascii	"`\033\300!\211\356\326\036a\275#K\357\324s\326\273*"
 468      89EED61E 
 468      61BD234B 
 468      EFD473D6 
 468      BB2A
 469 14e1 BADE9127 		.ascii	"\272\336\221'\241\026\271\365N\254o\226'\277 y\000\004"
 469      A116B9F5 
 469      4EAC6F96 
 469      27BF2079 
 469      0004
 470 14f3 918233EC 		.ascii	"\221\2023\354So\235S\322l?)N\234&\371d\224\314\034v"
 470      536F9D53 
 470      D26C3F29 
 470      4E9C26F9 
 470      6494CC1C 
 471 1508 54004E1E 		.ascii	"T\000N\036z\336\322\347T\275\3039,[\275\245n\316vps"
 471      7ADED2E7 
 471      54BDC339 
 471      2C5BBDA5 
ARM GAS  C:\Users\ajink\AppData\Local\Temp\cco9ex9Y.s 			page 37


 471      6ECE7670 
 472 151d 95B8EE5A 		.ascii	"\225\270\356Z\233\205o\011\310\303Q\247\234\351\366"
 472      9B856F09 
 472      C8C351A7 
 472      9CE9F6
 473 152c 0FD2F8C2 		.ascii	"\017\322\370\302\236\211AIi\037\023*\335\314\245\335"
 473      9E894149 
 473      691F132A 
 473      DDCCA5DD 
 474 153c F2262BED 		.ascii	"\362&+\355d\303\021%\277\367\021#\220Gg#\231`\033\344"
 474      64C31125 
 474      BFF71123 
 474      90476723 
 474      99601BE4 
 475 1550 67E3F437 		.ascii	"g\343\3647\325Y\016V\3252\253\350#\374 }\204'\225d\372"
 475      D5590E56 
 475      D532ABE8 
 475      23FC207D 
 475      84279564 
 476 1565 EB09CB1D 		.ascii	"\353\011\313\035\025\242\273\223\351]#\321S\205\336"
 476      15A2BB93 
 476      E95D23D1 
 476      5385DE
 477 1574 E1B07C66 		.ascii	"\341\260|f\311w\247L\014\376\204\254\256\020\036\271"
 477      C977A74C 
 477      0CFE84AC 
 477      AE101EB9 
 478 1584 EE9E8901 		.ascii	"\356\236\211\001\357\265\320\235-;\032\034\222K\237"
 478      EFB5D09D 
 478      2D3B1A1C 
 478      924B9F
 479 1593 E78AA775 		.ascii	"\347\212\247u[\230\354\312\337\263\245\212<\201\214"
 479      5B98ECCA 
 479      DFB3A58A 
 479      3C818C
 480 15a2 0A0B8F5C 		.ascii	"\012\013\217\\\225\201\235m\364\301\316o\351Q-InvT["
 480      95819D6D 
 480      F4C1CE6F 
 480      E9512D49 
 480      6E76545B 
 481 15b6 B1AFB35C 		.ascii	"\261\257\263\\G\333h\365\343hc\335\203\341$<\343\371"
 481      47DB68F5 
 481      E36863DD 
 481      83E1243C 
 481      E3F9
 482 15c8 ED698E9C 		.ascii	"\355i\216\234\3376q\302\371moa\001,\250\327<\330#WV"
 482      DF3671C2 
 482      F96D6F61 
 482      012CA8D7 
 482      3CD82357 
 483 15dd 7DBE2B3B 		.ascii	"}\276+;\277\2751U\370RJ1_K\317\221\021\"\303\320\031"
 483      BFBD3155 
 483      F8524A31 
 483      5F4BCF91 
 483      1122C3D0 
 484 15f2 4E3CC085 		.ascii	"N<\300\205{j\006j\346\310\001n\355\331\362m\210*\362"
 484      7B6A066A 
ARM GAS  C:\Users\ajink\AppData\Local\Temp\cco9ex9Y.s 			page 38


 484      E6C8016E 
 484      EDD9F26D 
 484      882AF2
 485 1605 3BBDA05B 		.ascii	";\275\240[uQ\332\220\2326\221\3271g\005\335\312\016"
 485      7551DA90 
 485      9A3691D7 
 485      316705DD 
 485      CA0E
 486 1617 8D60CEF6 		.ascii	"\215`\316\366\326\362\034k\314iL\252S\316\250p\013U"
 486      D6F21C6B 
 486      CC694CAA 
 486      53CEA870 
 486      0B55
 487 1629 F8BC4DE1 		.ascii	"\370\274M\341c\255\226a5\336\376\002;l,\032\250\323"
 487      63AD9661 
 487      35DEFE02 
 487      3B6C2C1A 
 487      A8D3
 488 163b 51850B63 		.ascii	"Q\205\013c\352B%\347\3150\010]\220\250{\301\246n+U\267"
 488      EA4225E7 
 488      CD30085D 
 488      90A87BC1 
 488      A66E2B55 
 489 1650 78EC78A9 		.ascii	"x\354x\251+U\243]i\323w$\377\346Q7\273jmL\265\350'\367"
 489      2B55A35D 
 489      69D37724 
 489      FFE65137 
 489      BB6A6D4C 
 490 1668 4FCFECCB 		.ascii	"O\317\354\313\016\252Z\273M\265\360\366Nx|\315c\252"
 490      0EAA5ABB 
 490      4DB5F0F6 
 490      4E787CCD 
 490      63AA
 491 167a 55EFAAE6 		.ascii	"U\357\252\3465T5\313\351\254\250\331\302\341?\214@\027"
 491      355435CB 
 491      E9ACA8D9 
 491      C2E13F8C 
 491      4017
 492 168c 257A5DB4 		.ascii	"%z]\264\351u\211\3525ttO\225\013.a\0342\252\217\377"
 492      E97589EA 
 492      3574744F 
 492      950B2E61 
 492      1C32AA8F 
 493 16a1 E2679924 		.ascii	"\342g\231$\030\247\213\312?*\332\315[`\351\264\376\026"
 493      18A78BCA 
 493      3F2ADACD 
 493      5B60E9B4 
 493      FE16
 494 16b3 B890B7C1 		.ascii	"\270\220\267\301\227\031\027\311\307\266\227\031/\324"
 494      971917C9 
 494      C7B69719 
 494      2FD4
 495 16c1 C9FD0C46 		.ascii	"\311\375\014Fol\213\214\365\300\207\031\253\362\315"
 495      6F6C8B8C 
 495      F5C08719 
 495      ABF2CD
 496 16d0 95B7747F 		.ascii	"\225\267t\177\235\340\243\371\221\233\027\006\3351}"
ARM GAS  C:\Users\ajink\AppData\Local\Temp\cco9ex9Y.s 			page 39


 496      9DE0A3F9 
 496      919B1706 
 496      DD317D
 497 16df FB998067 		.ascii	"\373\231\200g\263\377\324\3640\245^E;-\235\254g\223"
 497      B3FFD4F4 
 497      30A55E45 
 497      3B2D9DAC 
 497      6793
 498 16f1 D0933091 		.ascii	"\320\2230\221z\320\205\365\\a=[\205\036>\266\365\251"
 498      7AD085F5 
 498      5C613D5B 
 498      851E3EB6 
 498      F5A9
 499 1703 30A60BD3 		.ascii	"0\246\013\3237\274\311B\317\021\353`\221\007\353\351"
 499      37BCC942 
 499      CF11EB60 
 499      9107EBE9 
 500 1713 C6F485ED 		.ascii	"\306\364\205\355f\241\247\365\361\360\031L?\355\347"
 500      66A1A7F5 
 500      F1F0194C 
 500      3FEDE7
 501 1722 F3E981F8 		.ascii	"\363\351\201\370\203\252\251{:\372\177\"x\366\245dc"
 501      83AAA97B 
 501      3AFA7F22 
 501      78F6A564 
 501      63
 502 1733 C99D38DD 		.ascii	"\311\2358\335\273\245|\264\245\001\321\367M\344\003"
 502      BBA57CB4 
 502      A501D1F7 
 502      4DE403
 503 1742 812EEEAF 		.ascii	"\201.\356\257\364#\201n\270\322\017\005\340J>\026\260"
 503      F423816E 
 503      B8D20F05 
 503      E04A3E16 
 503      B0
 504 1753 C2957C30 		.ascii	"\302\225|0\320\013W\362\321@\0377\213~8@>)'\037\017"
 504      D00B57F2 
 504      D1401F37 
 504      8B7E3840 
 504      3E29271F 
 505 1768 F4037E99 		.ascii	"\364\003~\231\341\204\367\341\307\271I\030\334Yc\261"
 505      E184F7E1 
 505      C7B94918 
 505      DC5963B1 
 506 1778 5EEAFF94 		.ascii	"^\352\377\224'\256\234\232\372\011\225rEp\245\370\305"
 506      27AE9C9A 
 506      FA099572 
 506      4570A5F8 
 506      C5
 507 1789 C315E24A 		.ascii	"\303\025\342J4\300\275\253@W\2517\323\253j\356k\361"
 507      34C0BDAB 
 507      4057A937 
 507      D3AB6AEE 
 507      6BF1
 508 179b 09E6CDA2 		.ascii	"\011\346\315\242\313\347\343\334\200\225%\334Z\320\352"
 508      CBE7E3DC 
 508      809525DC 
ARM GAS  C:\Users\ajink\AppData\Local\Temp\cco9ex9Y.s 			page 40


 508      5AD0EA
 509 17aa 07538426 		.ascii	"\007S\204&\035\235\202\327\004Vb\216\\\023\242r\235"
 509      1D9D82D7 
 509      0456628E 
 509      5C13A272 
 509      9D
 510 17bb F2291F79 		.ascii	"\362)\037y\224\204\035\316\375r\034\036\217\006YA#W"
 510      94841DCE 
 510      FD721C1E 
 510      8F065941 
 510      2357
 511 17cd A02EC9   		.ascii	"\240.\311"
 512 17d0 AB6E74FC 		.ascii	"\253nt\374V\225LC\311\007\005\002\365\020\245^[\026"
 512      56954C43 
 512      C9070502 
 512      F510A55E 
 512      5B16
 513 17e2 BBD7F14C 		.ascii	"\273\327\361L\221\274u\221|Z P\337\240\324\233F\222"
 513      91BC7591 
 513      7C5A2050 
 513      DFA0D49B 
 513      4692
 514 17f4 0B1C5F07 		.ascii	"\013\034_\007v8\360\276)P\337\244\324\015\003\233\272"
 514      7638F0BE 
 514      2950DFA4 
 514      D40D039B 
 514      BA
 515 1805 740ED42D 		.ascii	"t\016\324-\016\324\267\004jr\325}\375\341\342\245\013"
 515      0ED4B704 
 515      6A72D57D 
 515      FDE1E2A5 
 515      0B
 516 1816 4DFEDF19 		.ascii	"M\376\337\031M\352\217\276\370z\266\267\302u\265\217"
 516      4DEA8FBE 
 516      F87AB6B7 
 516      C275B58F 
 517 1826 C91C6AF6 		.ascii	"\311\034j\3661\033\015fW\322k\370\372\213O\276\370d"
 517      311B0D66 
 517      57D26BF8 
 517      FA8B4FBE 
 517      F864
 518 1838 A90BBD5F 		.ascii	"\251\013\275_\262\364\313\257\350\030\303\342E\037."
 518      B2F4CBAF 
 518      E818C3E2 
 518      451F2E
 519 1847 FCE3CFDF 		.ascii	"\374\343\317\337~{.\374\363]\345\277\334?8t\301\334"
 519      7E7B2EFC 
 519      F35DE5BF 
 519      DC3F3874 
 519      C1DC
 520 1859 E0D0B9AB 		.ascii	"\340\320\271\253|\002\346\372\007\371\006\254\3663\316"
 520      7C02E6FA 
 520      07F906AC 
 520      F633CE
 521 1868 25ACDE5E 		.ascii	"%\254\336^\245PQvn\0043\207\011\254\365\224\311\322"
 521      A5505176 
 521      6E043387 
ARM GAS  C:\Users\ajink\AppData\Local\Temp\cco9ex9Y.s 			page 41


 521      09ACF594 
 521      C9D2
 522 187a 7F377CB2 		.ascii	"\1777|\262\360\263E\3566\344C\357\245\237\374a\321\013"
 522      F0B345EE 
 522      36E443EF 
 522      A59FFC61 
 522      D10B
 523 188c 36D4FBCB 		.ascii	"6\324\373\313\317\277\372l\321\322E\032a\030eard\261"
 523      CFBFFA6C 
 523      D1D2451A 
 523      61186561 
 523      7264B1
 524 189f 58CA62B1 		.ascii	"X\312b\261#\213\305\022\026\3020-a\341\273\334`v1\207"
 524      238BC512 
 524      16C2302D 
 524      61E1BBDC 
 524      60763187 
 525 18b3 1983FCE6 		.ascii	"\031\203\374\346\031|\227\263\273\371p\2475\221;r\263"
 525      197C97B3 
 525      BBF970A7 
 525      35913B72 
 525      B3
 526 18c4 DA3FC83C 		.ascii	"\332?\310<\357]\203Yg0\330nW\370\376f\03154\324\274"
 526      EF5D8359 
 526      6730D86E 
 526      57F8FE66 
 526      193534D4 
 527 18d9 DACF3F78 		.ascii	"\332\317?x\231988 t\331\312\240\325\263\351\335l\037"
 527      99393838 
 527      2074D9CA 
 527      A0D5B3E9 
 527      DD6C1F
 528 18ec 53E06C63 		.ascii	"S\340lc\340r\243\237\237\321o\331/\337\376\365\354\371"
 528      E072A39F 
 528      9FD16FD9 
 528      2FDFFEF5 
 528      ECF9
 529 18fe EFCCFBD5 		.ascii	"\357\314\373\325_\026,\203\366\267\202\202\203\214o"
 529      5F162C83 
 529      F6B78282 
 529      838C6F
 530 190d 197D96FB 		.ascii	"\031}\226\373/\023\\\263,\320\007x\005\031\227\031\374"
 530      2F135CB3 
 530      2CD00778 
 530      05199719 
 530      FC
 531 191e 8C2B7C56 		.ascii	"\214+|V\007\230\015\346\357C\214\241\340\254o\376\256"
 531      07980DE6 
 531      EF438CA1 
 531      E0AC6FFE 
 531      AE
 532 192f 6242BF0F 		.ascii	"bB\277\017]f\0105\373\201\015\300\333\205\032O\2557"
 532      5D660835 
 532      FB810DC0 
 532      DB851A4F 
 532      AD37
 533 1941 85F9AEF2 		.ascii	"\205\371\256\3621\201\2514\336+\002|V\206\032\314\324"
ARM GAS  C:\Users\ajink\AppData\Local\Temp\cco9ex9Y.s 			page 42


 533      3181A934 
 533      DE2B027C 
 533      56861ACC 
 533      D4
 534 1952 EC05F3ED 		.ascii	"\354\005\363\355f\223\333_\313\2078$\030\262d\356\222"
 534      6693DB5F 
 534      CB873824 
 534      18B264EE 
 534      92
 535 1963 A59F2F98 		.ascii	"\245\237/\230?\367\263\317\026\316\375z\0118\374\273"
 535      3FF7B3CF 
 535      16CEFD7A 
 535      0938FCBB 
 536 1973 7934E486 		.ascii	"y4\344\206\200\000?\2334#\221F\374j\"\302T\241!F\243"
 536      80003F9B 
 536      34239146 
 536      FC6A22C2 
 536      54A12146 
 537 1988 1FF635CD 		.ascii	"\037\3665\315\003\230\017\260\200&\223wp\320\012\377"
 537      03980FB0 
 537      80269377 
 537      70D00AFF 
 538 1998 956A5F7A 		.ascii	"\225j_zq\243\254\014K\301\037\013\215+\224K\026\273"
 538      71A3AC0C 
 538      4BC11F0B 
 538      8D2B944B 
 538      16BB
 539 19aa 2C5EB464 		.ascii	",^\264d\321\342?,Z\370\216r\241\210\314\303\377\262"
 539      D1E23F2C 
 539      5AF88E72 
 539      A188CCC3 
 539      FFB2
 540 19bc 58C4E663 		.ascii	"X\304\346c\357\305\363\354\330\002\300\346\333\261_"
 540      EFC5F3EC 
 540      D802C0E6 
 540      DBB15F
 541 19cb 02B6C08E 		.ascii	"\002\266\300\216\375\212\373h\351W\342\300w\377i\272"
 541      FD8AFB68 
 541      E957E2C0 
 541      77FF69BA 
 542 19db 7DC630F3 		.ascii	"}\3060\363\\\357\317\227|\262\004\354\233\033j\016\\"
 542      5CEFCF97 
 542      7CB204EC 
 542      9B1B6A0E 
 542      5C
 543 19ec 307FC5BC 		.ascii	"0\177\305\274w\302H\"\257\016\005\2234~\201>\201\301"
 543      77C24822 
 543      AF0E0593 
 543      347E813E 
 543      81C1
 544 19fe 7E46CF85 		.ascii	"~F\317\205\237\177h\360^\345\023\024d\014\260\251\213"
 544      9F7F68F0 
 544      5EE51314 
 544      640CB0A9 
 544      8B
 545 1a0f BDBD17AB 		.ascii	"\275\275\027\253\274\277X\270t1\347\375\325\207\360"
 545      BCBF58B8 
ARM GAS  C:\Users\ajink\AppData\Local\Temp\cco9ex9Y.s 			page 43


 545      7431E7FD 
 545      D587F0
 546 1a1e E7F30F17 		.ascii	"\347\363\017\027k|\031\015\347\277\302\327\244!~}\037"
 546      6B7C190D 
 546      E7BFC2D7 
 546      A4217E7D 
 546      1F
 547 1a2f 02C03C0C 		.ascii	"\002\300<\014wj\377\320U\376+\314.\241\306\200\025\376"
 547      776AFFD0 
 547      55FE2BCC 
 547      2EA1C680 
 547      15FE
 548 1a41 417EC630 		.ascii	"A~\3060\365wF_s\260\351\375\347;\236\376\375\335\274"
 548      F577465F 
 548      73B0E9FD 
 548      E73B9EFE 
 548      FDDDBC
 549 1a54 B030A6A5 		.ascii	"\2600\246\245\001\024\003-_\264#\020y\223\321'\320`"
 549      0114032D 
 549      5FB42310 
 549      7993D127 
 549      D060
 550 1a66 5601620A 		.ascii	"V\001b\012#\177\315a*S\330\362\325+\324\241\376\377"
 550      237FCD61 
 550      2A53D8F2 
 550      D52BD4A1 
 550      FEFF
 551 1a78 0973C8EF 		.ascii	"\011s\310\357o\314\266\000\377\345\313V\372\372:e\035"
 551      6FCCB600 
 551      FFE5CB56 
 551      FAFA3A65 
 551      1D
 552 1a89 10BCBD40 		.ascii	"\020\274\275@\314=3\214Z\001\012q$\325\324l\276\321"
 552      CC3D338C 
 552      5A010A71 
 552      24D5D46C 
 552      BED1
 553 1a9b A4F05FF1 		.ascii	"\244\360_\361\266\257\2025\314W\321\334P\321\231\247"
 553      B6AF8235 
 553      CC57D1DC 
 553      50D199A7 
 554 1aab 6659A9FD 		.ascii	"fY\251\375$\310\337L\362\302#\024\374`4\370\007\031"
 554      24C8DF4C 
 554      F2C22314 
 554      FC6034F8 
 554      0719
 555 1abd 40E31546 		.ascii	"@\343\025F\223\336\344\037\264\222\336\003W\255y\025"
 555      93DEE41F 
 555      B492DE03 
 555      57AD7915 
 556 1acd 18E707AE 		.ascii	"\030\347\007\256\364]e`\367\352\020C\020\004\017.!&"
 556      F45D6560 
 556      F7EA1043 
 556      10040F2E 
 556      2126
 557 1adf E3771A73 		.ascii	"\343w\032s\210\311?\330`\376\315tG\232\314\202\037?"
 557      88C93FD8 
ARM GAS  C:\Users\ajink\AppData\Local\Temp\cco9ex9Y.s 			page 44


 557      60FECD74 
 557      479ACC82 
 557      1F3F
 558 1af1 5CFCB9F7 		.ascii	"\\\374\271\367\347as}\203\003C\374\003\214\246\320\271"
 558      E761737D 
 558      830343FC 
 558      038CA6D0 
 558      B9
 559 1b02 1F797B03 		.ascii	"\037y{\003\245m2RN\376\301\032\310L30v%\203@\035\263"
 559      A56D3252 
 559      4EFEC11A 
 559      C84C3330 
 559      76258340 
 560 1b18 AF394C6B 		.ascii	"\2579Lk2\256\004\353\015f\231\004\232\306~\225/\330"
 560      32AE04EB 
 560      0D669904 
 560      9AC67E95 
 560      2FD8
 561 1b2a 01FC94A6 		.ascii	"\001\374\224\246_*M\277R\232\336U\232\336S\232\336W"
 561      5F2A4DBF 
 561      529ADE55 
 561      9ADE539A 
 561      DE57
 562 1b3c 9A7E8D4D 		.ascii	"\232~\215M\363\336\001\230\247\0140\315\375\241\214"
 562      F3DE0198 
 562      A70C30CD 
 562      FDA18C
 563 1b4b 0CDFBD17 		.ascii	"\014\337\275\027\010\314`\330\002U\210\001t\321\020"
 563      08CC60D8 
 563      02558801 
 563      74D110
 564 1b5a BBD7184D 		.ascii	"\273\327\030Mp\015\016\360\203R\016\270O\240Qk\253\343"
 564      700D0EF0 
 564      83520EB8 
 564      4FA0516B 
 564      ABE3
 565 1b6c D04EEF34 		.ascii	"\320N\3574f\222\267\024\2473^\003\351\261\002\346=\320"
 565      6692B714 
 565      A7335E03 
 565      E9B102E6 
 565      3DD0
 566 1b7e 931B5560 		.ascii	"\223\033U`\350J\350\024&>d\250p\2476\371}\017]Zc\230"
 566      E84AE814 
 566      263E64A8 
 566      70A736F9 
 566      7D0F5D5A 
 567 1b94 BFD91718 		.ascii	"\277\331\027\030\250\327\230\203\227\177\033\362\242"
 567      A8D79883 
 567      977F1BF2 
 567      A2
 568 1ba1 1000186A 		.ascii	"\020\000\030j4\031\203|\201\261j\215\331l\012\321C@"
 568      3419837C 
 568      81B16A8D 
 568      D96C0AD1 
 568      4340
 569 1bb3 428D813E 		.ascii	"B\215\201>!\253@Y\017F\025j\370\313j\343j y\301\036"
 569      21AB4059 
ARM GAS  C:\Users\ajink\AppData\Local\Temp\cco9ex9Y.s 			page 45


 569      0F46156A 
 569      F8CB6AE3 
 569      6A2079C1 
 570 1bc8 2DA14923 		.ascii	"-\241I#\\U\276AP\005U\241\006\270\202\004`\020\242\005"
 570      5C55BE41 
 570      500555A1 
 570      06B88204 
 570      6010A205 
 571 1bdc DAC0D5E0 		.ascii	"\332\300\325\340yM\240@\033h\010^\023\004\206\322V\320"
 571      794DA040 
 571      1B68085E 
 571      130486D2 
 571      56D0
 572 1bee 2C90057C 		.ascii	",\220\005|\2159\320\034\026\342j\374\316\030d\016\364"
 572      8D39D01C 
 572      16E26AFC 
 572      CE18640E 
 572      F4
 573 1bff 09FD33F4 		.ascii	"\011\3753\364\030\327\220\033\034bX\355n\023\027\000"
 573      18D7901B 
 573      1C6258ED 
 573      6E131700 
 574 1c0f 596E307B 		.ascii	"Yn0{H\024 -.!\2065>\376f\310,]\210\001\314d\312\320"
 574      4814202D 
 574      2E218635 
 574      3EFE66C8 
 574      2C5D8801 
 575 1c27 5B683086 		.ascii	"[h0\206@^B\037P\201\010B\257#\316\362\011\240y\001\215"
 575      405E421F 
 575      50810842 
 575      AF23CEF2 
 575      09A07901 
 576 1c3c 21304FBC 		.ascii	"!0O\274d#g[\005}W\205\372\256\"\005Qf\265t \003\001"
 576      6423675B 
 576      057D5785 
 576      FAAE2205 
 576      5166B574 
 577 1c53 40F5C6F3 		.ascii	"@\365\306\363\230}\037jK\317\3471\004\037\002\225\253"
 577      987D1F6A 
 577      4BCFE731 
 577      041F0295 
 577      AB
 578 1c64 EFAA45DF 		.ascii	"\357\252E\337\231\227\370\257\014\362\011x\3759#\250"
 578      9997F8AF 
 578      0CF20978 
 578      FD3923A8 
 579 1c74 07096BBA 		.ascii	"\007\011k\272\324.1\223?\340\000\027;\246\246\033\206"
 579      D42E3193 
 579      3FE00017 
 579      3BA6A61B 
 579      86
 580 1c85 F93A5AE7 		.ascii	"\371:Z\347}W\2544\314\323\205\230\202}\215\241\220F"
 580      7D57AC34 
 580      CCD38598 
 580      827D8DA1 
 580      9046
 581 1c97 21FF0355 		.ascii	"!\377\003U\226\325d"
ARM GAS  C:\Users\ajink\AppData\Local\Temp\cco9ex9Y.s 			page 46


 581      96D564
 582              		.text
 583              		.section	.gnu.lto_.symtab.ac9062ee,"",%progbits
 584 0000 496E6974 		.ascii	"InitUART\000\000\000\000\000\000\000\000\000\000\000"
 584      55415254 
 584      00000000 
 584      00000000 
 584      000000
 585 0013 009A0100 		.ascii	"\000\232\001\000\000process_tp\000\000\002\000\000\000"
 585      0070726F 
 585      63657373 
 585      5F747000 
 585      00020000 
 586 0028 00000000 		.ascii	"\000\000\000\000\000\000g\002\000\000UARTD2\000\000"
 586      00006702 
 586      00005541 
 586      52544432 
 586      0000
 587 003a 02000000 		.ascii	"\002\000\000\000\000\000\000\000\000\000[\002\000\000"
 587      00000000 
 587      00005B02 
 587      0000
 588 0048 73746F72 		.ascii	"store_in_buffer\000\000\002\000\000\000\000\000\000"
 588      655F696E 
 588      5F627566 
 588      66657200 
 588      00020000 
 589 0060 0000009E 		.ascii	"\000\000\000\236\001\000\000chEvtSignal\000\000\002"
 589      01000063 
 589      68457674 
 589      5369676E 
 589      616C0000 
 590 0075 00000000 		.ascii	"\000\000\000\000\000\000\000\000\000N\002\000\000ua"
 590      00000000 
 590      004E0200 
 590      007561
 591 0084 72745374 		.ascii	"rtStartSend\000\000\002\000\000\000\000\000\000\000"
 591      61727453 
 591      656E6400 
 591      00020000 
 591      00000000 
 592 0099 00005402 		.ascii	"\000\000T\002\000\000uartStart\000\000\002\000\000\000"
 592      00007561 
 592      72745374 
 592      61727400 
 592      00020000 
 593 00ae 00000000 		.ascii	"\000\000\000\000\000\000Y\002\000\000"
 593      00005902 
 593      0000
 594              		.text
 595              		.section	.gnu.lto_.opts,"",%progbits
 596 0000 272D666E 		.ascii	"'-fno-trapv' '-mcpu=cortex-m3' '-mno-thumb-interwor"
 596      6F2D7472 
 596      61707627 
 596      20272D6D 
 596      6370753D 
 597 0033 6B272027 		.ascii	"k' '-mthumb' '-ggdb' '-O2' '-fomit-frame-pointer' '"
ARM GAS  C:\Users\ajink\AppData\Local\Temp\cco9ex9Y.s 			page 47


 597      2D6D7468 
 597      756D6227 
 597      20272D67 
 597      67646227 
 598 0066 2D66616C 		.ascii	"-falign-functions=16' '-ffunction-sections' '-fdata"
 598      69676E2D 
 598      66756E63 
 598      74696F6E 
 598      733D3136 
 599 0099 2D736563 		.ascii	"-sections' '-fno-common' '-flto'\000"
 599      74696F6E 
 599      73272027 
 599      2D666E6F 
 599      2D636F6D 
 600              		.text
 601              		.comm	__gnu_lto_v1,1,1
 602              		.comm	__gnu_lto_slim,1,1
 603              		.ident	"GCC: (GNU Tools for ARM Embedded Processors) 4.9.3 20150529 (release) [ARM/embedded-4_9-br
ARM GAS  C:\Users\ajink\AppData\Local\Temp\cco9ex9Y.s 			page 48


DEFINED SYMBOLS
                            *ABS*:00000000 uartif.c
                            *COM*:00000001 __gnu_lto_v1
                            *COM*:00000001 __gnu_lto_slim

NO UNDEFINED SYMBOLS
